{"C:\\Users\\muaaz\\Desktop\\Wits\\3rd\\COMS\\COMS3009A - Software Design\\Project\\website\\src\\index.js": {"path":"C:\\Users\\muaaz\\Desktop\\Wits\\3rd\\COMS\\COMS3009A - Software Design\\Project\\website\\src\\index.js","statementMap":{"0":{"start":{"line":27,"column":12},"end":{"line":66,"column":1}},"1":{"start":{"line":28,"column":2},"end":{"line":65,"column":4}},"2":{"start":{"line":68,"column":0},"end":{"line":68,"column":57}}},"fnMap":{"0":{"name":"(anonymous_0)","decl":{"start":{"line":27,"column":12},"end":{"line":27,"column":13}},"loc":{"start":{"line":27,"column":18},"end":{"line":66,"column":1}},"line":27}},"branchMap":{},"s":{"0":0,"1":0,"2":0},"f":{"0":0},"b":{}}
,"C:\\Users\\muaaz\\Desktop\\Wits\\3rd\\COMS\\COMS3009A - Software Design\\Project\\website\\src\\components\\JoinTeam.js": {"path":"C:\\Users\\muaaz\\Desktop\\Wits\\3rd\\COMS\\COMS3009A - Software Design\\Project\\website\\src\\components\\JoinTeam.js","statementMap":{"0":{"start":{"line":17,"column":6},"end":{"line":17,"column":11}},"1":{"start":{"line":18,"column":38},"end":{"line":18,"column":50}},"2":{"start":{"line":21,"column":28},"end":{"line":23,"column":3}},"3":{"start":{"line":22,"column":4},"end":{"line":22,"column":38}},"4":{"start":{"line":25,"column":2},"end":{"line":53,"column":4}},"5":{"start":{"line":45,"column":27},"end":{"line":45,"column":56}}},"fnMap":{"0":{"name":"JoinTeam","decl":{"start":{"line":7,"column":24},"end":{"line":7,"column":32}},"loc":{"start":{"line":7,"column":40},"end":{"line":54,"column":1}},"line":7},"1":{"name":"(anonymous_1)","decl":{"start":{"line":21,"column":28},"end":{"line":21,"column":29}},"loc":{"start":{"line":21,"column":39},"end":{"line":23,"column":3}},"line":21},"2":{"name":"(anonymous_2)","decl":{"start":{"line":45,"column":21},"end":{"line":45,"column":22}},"loc":{"start":{"line":45,"column":27},"end":{"line":45,"column":56}},"line":45}},"branchMap":{},"s":{"0":5,"1":5,"2":5,"3":0,"4":5,"5":1},"f":{"0":5,"1":0,"2":1},"b":{},"_coverageSchema":"1a1c01bbd47fc00a2c39e90264f33305004495a9","hash":"f2d889ea8777d366734c1e04eb25bbf72b53364b"}
,"C:\\Users\\muaaz\\Desktop\\Wits\\3rd\\COMS\\COMS3009A - Software Design\\Project\\website\\src\\components\\NewCalenderComp.js": {"path":"C:\\Users\\muaaz\\Desktop\\Wits\\3rd\\COMS\\COMS3009A - Software Design\\Project\\website\\src\\components\\NewCalenderComp.js","statementMap":{"0":{"start":{"line":8,"column":136},"end":{"line":8,"column":141}},"1":{"start":{"line":10,"column":32},"end":{"line":16,"column":3}},"2":{"start":{"line":11,"column":20},"end":{"line":11,"column":34}},"3":{"start":{"line":12,"column":4},"end":{"line":12,"column":43}},"4":{"start":{"line":13,"column":26},"end":{"line":13,"column":60}},"5":{"start":{"line":14,"column":4},"end":{"line":14,"column":37}},"6":{"start":{"line":18,"column":30},"end":{"line":24,"column":3}},"7":{"start":{"line":19,"column":20},"end":{"line":19,"column":34}},"8":{"start":{"line":20,"column":4},"end":{"line":20,"column":43}},"9":{"start":{"line":21,"column":26},"end":{"line":21,"column":60}},"10":{"start":{"line":22,"column":4},"end":{"line":22,"column":35}},"11":{"start":{"line":26,"column":32},"end":{"line":34,"column":3}},"12":{"start":{"line":27,"column":20},"end":{"line":27,"column":34}},"13":{"start":{"line":28,"column":4},"end":{"line":28,"column":43}},"14":{"start":{"line":29,"column":18},"end":{"line":29,"column":64}},"15":{"start":{"line":30,"column":20},"end":{"line":30,"column":68}},"16":{"start":{"line":31,"column":26},"end":{"line":31,"column":50}},"17":{"start":{"line":32,"column":4},"end":{"line":32,"column":37}},"18":{"start":{"line":36,"column":30},"end":{"line":44,"column":3}},"19":{"start":{"line":37,"column":20},"end":{"line":37,"column":34}},"20":{"start":{"line":38,"column":4},"end":{"line":38,"column":43}},"21":{"start":{"line":39,"column":18},"end":{"line":39,"column":64}},"22":{"start":{"line":40,"column":20},"end":{"line":40,"column":68}},"23":{"start":{"line":41,"column":26},"end":{"line":41,"column":50}},"24":{"start":{"line":42,"column":4},"end":{"line":42,"column":35}},"25":{"start":{"line":46,"column":2},"end":{"line":70,"column":4}}},"fnMap":{"0":{"name":"CommonlyUsedComponents","decl":{"start":{"line":7,"column":9},"end":{"line":7,"column":31}},"loc":{"start":{"line":7,"column":39},"end":{"line":71,"column":1}},"line":7},"1":{"name":"(anonymous_1)","decl":{"start":{"line":10,"column":32},"end":{"line":10,"column":33}},"loc":{"start":{"line":10,"column":42},"end":{"line":16,"column":3}},"line":10},"2":{"name":"(anonymous_2)","decl":{"start":{"line":18,"column":30},"end":{"line":18,"column":31}},"loc":{"start":{"line":18,"column":40},"end":{"line":24,"column":3}},"line":18},"3":{"name":"(anonymous_3)","decl":{"start":{"line":26,"column":32},"end":{"line":26,"column":33}},"loc":{"start":{"line":26,"column":42},"end":{"line":34,"column":3}},"line":26},"4":{"name":"(anonymous_4)","decl":{"start":{"line":36,"column":30},"end":{"line":36,"column":31}},"loc":{"start":{"line":36,"column":40},"end":{"line":44,"column":3}},"line":36}},"branchMap":{},"s":{"0":4,"1":4,"2":1,"3":1,"4":1,"5":1,"6":4,"7":1,"8":1,"9":1,"10":1,"11":4,"12":1,"13":1,"14":1,"15":1,"16":1,"17":1,"18":4,"19":1,"20":1,"21":1,"22":1,"23":1,"24":1,"25":4},"f":{"0":4,"1":1,"2":1,"3":1,"4":1},"b":{},"_coverageSchema":"1a1c01bbd47fc00a2c39e90264f33305004495a9","hash":"67b8b1a52f59d03c41d56df997f08ec26395e100"}
,"C:\\Users\\muaaz\\Desktop\\Wits\\3rd\\COMS\\COMS3009A - Software Design\\Project\\website\\src\\components\\OverflowCard.js": {"path":"C:\\Users\\muaaz\\Desktop\\Wits\\3rd\\COMS\\COMS3009A - Software Design\\Project\\website\\src\\components\\OverflowCard.js","statementMap":{"0":{"start":{"line":10,"column":89},"end":{"line":10,"column":94}},"1":{"start":{"line":11,"column":36},"end":{"line":11,"column":54}},"2":{"start":{"line":12,"column":32},"end":{"line":12,"column":53}},"3":{"start":{"line":14,"column":26},"end":{"line":22,"column":3}},"4":{"start":{"line":15,"column":17},"end":{"line":15,"column":36}},"5":{"start":{"line":16,"column":25},"end":{"line":16,"column":53}},"6":{"start":{"line":17,"column":20},"end":{"line":17,"column":78}},"7":{"start":{"line":18,"column":20},"end":{"line":18,"column":78}},"8":{"start":{"line":19,"column":22},"end":{"line":20,"column":40}},"9":{"start":{"line":21,"column":4},"end":{"line":21,"column":28}},"10":{"start":{"line":24,"column":27},"end":{"line":26,"column":3}},"11":{"start":{"line":25,"column":4},"end":{"line":25,"column":21}},"12":{"start":{"line":28,"column":22},"end":{"line":31,"column":3}},"13":{"start":{"line":29,"column":4},"end":{"line":29,"column":25}},"14":{"start":{"line":30,"column":4},"end":{"line":30,"column":14}},"15":{"start":{"line":33,"column":22},"end":{"line":40,"column":3}},"16":{"start":{"line":42,"column":21},"end":{"line":56,"column":3}},"17":{"start":{"line":58,"column":2},"end":{"line":127,"column":4}}},"fnMap":{"0":{"name":"OverflowCard","decl":{"start":{"line":9,"column":24},"end":{"line":9,"column":36}},"loc":{"start":{"line":9,"column":44},"end":{"line":128,"column":1}},"line":9},"1":{"name":"(anonymous_1)","decl":{"start":{"line":14,"column":26},"end":{"line":14,"column":27}},"loc":{"start":{"line":14,"column":37},"end":{"line":22,"column":3}},"line":14},"2":{"name":"(anonymous_2)","decl":{"start":{"line":24,"column":27},"end":{"line":24,"column":28}},"loc":{"start":{"line":24,"column":33},"end":{"line":26,"column":3}},"line":24},"3":{"name":"(anonymous_3)","decl":{"start":{"line":28,"column":22},"end":{"line":28,"column":23}},"loc":{"start":{"line":28,"column":28},"end":{"line":31,"column":3}},"line":28}},"branchMap":{"0":{"loc":{"start":{"line":39,"column":15},"end":{"line":39,"column":61}},"type":"cond-expr","locations":[{"start":{"line":39,"column":25},"end":{"line":39,"column":43}},{"start":{"line":39,"column":46},"end":{"line":39,"column":61}}],"line":39},"1":{"loc":{"start":{"line":48,"column":15},"end":{"line":48,"column":60}},"type":"cond-expr","locations":[{"start":{"line":48,"column":25},"end":{"line":48,"column":40}},{"start":{"line":48,"column":43},"end":{"line":48,"column":60}}],"line":48}},"s":{"0":24,"1":23,"2":23,"3":23,"4":2,"5":2,"6":2,"7":2,"8":2,"9":2,"10":23,"11":1,"12":23,"13":7,"14":7,"15":23,"16":23,"17":23},"f":{"0":24,"1":2,"2":1,"3":7},"b":{"0":[5,18],"1":[5,18]},"_coverageSchema":"1a1c01bbd47fc00a2c39e90264f33305004495a9","hash":"fad757ca945f27308efcdda9570346d746d28acd"}
,"C:\\Users\\muaaz\\Desktop\\Wits\\3rd\\COMS\\COMS3009A - Software Design\\Project\\website\\src\\components\\OverflowCardPP.js": {"path":"C:\\Users\\muaaz\\Desktop\\Wits\\3rd\\COMS\\COMS3009A - Software Design\\Project\\website\\src\\components\\OverflowCardPP.js","statementMap":{"0":{"start":{"line":24,"column":6},"end":{"line":24,"column":11}},"1":{"start":{"line":25,"column":36},"end":{"line":25,"column":54}},"2":{"start":{"line":26,"column":32},"end":{"line":26,"column":53}},"3":{"start":{"line":28,"column":26},"end":{"line":37,"column":3}},"4":{"start":{"line":29,"column":17},"end":{"line":29,"column":36}},"5":{"start":{"line":30,"column":25},"end":{"line":30,"column":53}},"6":{"start":{"line":31,"column":20},"end":{"line":31,"column":78}},"7":{"start":{"line":32,"column":20},"end":{"line":32,"column":78}},"8":{"start":{"line":33,"column":22},"end":{"line":35,"column":38}},"9":{"start":{"line":36,"column":4},"end":{"line":36,"column":28}},"10":{"start":{"line":39,"column":27},"end":{"line":41,"column":3}},"11":{"start":{"line":40,"column":4},"end":{"line":40,"column":21}},"12":{"start":{"line":43,"column":22},"end":{"line":46,"column":3}},"13":{"start":{"line":44,"column":4},"end":{"line":44,"column":25}},"14":{"start":{"line":45,"column":4},"end":{"line":45,"column":14}},"15":{"start":{"line":48,"column":26},"end":{"line":51,"column":3}},"16":{"start":{"line":49,"column":4},"end":{"line":49,"column":28}},"17":{"start":{"line":50,"column":4},"end":{"line":50,"column":21}},"18":{"start":{"line":53,"column":26},"end":{"line":56,"column":3}},"19":{"start":{"line":54,"column":4},"end":{"line":54,"column":28}},"20":{"start":{"line":55,"column":4},"end":{"line":55,"column":21}},"21":{"start":{"line":58,"column":26},"end":{"line":61,"column":3}},"22":{"start":{"line":59,"column":4},"end":{"line":59,"column":28}},"23":{"start":{"line":60,"column":4},"end":{"line":60,"column":21}},"24":{"start":{"line":63,"column":22},"end":{"line":70,"column":3}},"25":{"start":{"line":72,"column":21},"end":{"line":86,"column":3}},"26":{"start":{"line":89,"column":30},"end":{"line":89,"column":62}},"27":{"start":{"line":91,"column":16},"end":{"line":95,"column":1}},"28":{"start":{"line":97,"column":22},"end":{"line":97,"column":80}},"29":{"start":{"line":98,"column":22},"end":{"line":98,"column":64}},"30":{"start":{"line":100,"column":2},"end":{"line":199,"column":4}}},"fnMap":{"0":{"name":"OverflowCardPP","decl":{"start":{"line":9,"column":24},"end":{"line":9,"column":38}},"loc":{"start":{"line":9,"column":46},"end":{"line":200,"column":1}},"line":9},"1":{"name":"(anonymous_1)","decl":{"start":{"line":28,"column":26},"end":{"line":28,"column":27}},"loc":{"start":{"line":28,"column":37},"end":{"line":37,"column":3}},"line":28},"2":{"name":"(anonymous_2)","decl":{"start":{"line":39,"column":27},"end":{"line":39,"column":28}},"loc":{"start":{"line":39,"column":33},"end":{"line":41,"column":3}},"line":39},"3":{"name":"(anonymous_3)","decl":{"start":{"line":43,"column":22},"end":{"line":43,"column":23}},"loc":{"start":{"line":43,"column":28},"end":{"line":46,"column":3}},"line":43},"4":{"name":"(anonymous_4)","decl":{"start":{"line":48,"column":26},"end":{"line":48,"column":27}},"loc":{"start":{"line":48,"column":37},"end":{"line":51,"column":3}},"line":48},"5":{"name":"(anonymous_5)","decl":{"start":{"line":53,"column":26},"end":{"line":53,"column":27}},"loc":{"start":{"line":53,"column":37},"end":{"line":56,"column":3}},"line":53},"6":{"name":"(anonymous_6)","decl":{"start":{"line":58,"column":26},"end":{"line":58,"column":27}},"loc":{"start":{"line":58,"column":37},"end":{"line":61,"column":3}},"line":58}},"branchMap":{"0":{"loc":{"start":{"line":69,"column":15},"end":{"line":69,"column":61}},"type":"cond-expr","locations":[{"start":{"line":69,"column":25},"end":{"line":69,"column":43}},{"start":{"line":69,"column":46},"end":{"line":69,"column":61}}],"line":69},"1":{"loc":{"start":{"line":78,"column":15},"end":{"line":78,"column":60}},"type":"cond-expr","locations":[{"start":{"line":78,"column":25},"end":{"line":78,"column":40}},{"start":{"line":78,"column":43},"end":{"line":78,"column":60}}],"line":78},"2":{"loc":{"start":{"line":164,"column":15},"end":{"line":168,"column":44}},"type":"cond-expr","locations":[{"start":{"line":165,"column":18},"end":{"line":167,"column":31}},{"start":{"line":168,"column":18},"end":{"line":168,"column":44}}],"line":164},"3":{"loc":{"start":{"line":165,"column":18},"end":{"line":167,"column":31}},"type":"cond-expr","locations":[{"start":{"line":166,"column":20},"end":{"line":166,"column":57}},{"start":{"line":167,"column":20},"end":{"line":167,"column":31}}],"line":165},"4":{"loc":{"start":{"line":172,"column":11},"end":{"line":177,"column":11}},"type":"binary-expr","locations":[{"start":{"line":172,"column":12},"end":{"line":172,"column":24}},{"start":{"line":172,"column":28},"end":{"line":172,"column":39}},{"start":{"line":173,"column":12},"end":{"line":176,"column":14}}],"line":172},"5":{"loc":{"start":{"line":182,"column":11},"end":{"line":188,"column":11}},"type":"binary-expr","locations":[{"start":{"line":182,"column":12},"end":{"line":182,"column":25}},{"start":{"line":182,"column":29},"end":{"line":182,"column":40}},{"start":{"line":183,"column":12},"end":{"line":187,"column":14}}],"line":182}},"s":{"0":19,"1":17,"2":17,"3":17,"4":0,"5":0,"6":0,"7":0,"8":0,"9":0,"10":17,"11":0,"12":17,"13":0,"14":0,"15":17,"16":0,"17":0,"18":17,"19":0,"20":0,"21":17,"22":0,"23":0,"24":17,"25":17,"26":17,"27":17,"28":17,"29":17,"30":17},"f":{"0":19,"1":0,"2":0,"3":0,"4":0,"5":0,"6":0},"b":{"0":[0,17],"1":[0,17],"2":[12,5],"3":[0,12],"4":[17,10,2],"5":[17,7,7]},"_coverageSchema":"1a1c01bbd47fc00a2c39e90264f33305004495a9","hash":"940e05a159e2248fcef701b9c2aee324127733c6"}
,"C:\\Users\\muaaz\\Desktop\\Wits\\3rd\\COMS\\COMS3009A - Software Design\\Project\\website\\src\\components\\ParticleComponent.js": {"path":"C:\\Users\\muaaz\\Desktop\\Wits\\3rd\\COMS\\COMS3009A - Software Design\\Project\\website\\src\\components\\ParticleComponent.js","statementMap":{"0":{"start":{"line":9,"column":26},"end":{"line":49,"column":1}},"1":{"start":{"line":11,"column":26},"end":{"line":28,"column":3}},"2":{"start":{"line":14,"column":20},"end":{"line":14,"column":35}},"3":{"start":{"line":16,"column":6},"end":{"line":16,"column":43}},"4":{"start":{"line":18,"column":32},"end":{"line":18,"column":39}},"5":{"start":{"line":19,"column":18},"end":{"line":19,"column":43}},"6":{"start":{"line":20,"column":16},"end":{"line":20,"column":18}},"7":{"start":{"line":21,"column":20},"end":{"line":21,"column":24}},"8":{"start":{"line":23,"column":6},"end":{"line":26,"column":8}},"9":{"start":{"line":30,"column":22},"end":{"line":32,"column":3}},"10":{"start":{"line":31,"column":4},"end":{"line":31,"column":40}},"11":{"start":{"line":34,"column":2},"end":{"line":48,"column":4}}},"fnMap":{"0":{"name":"(anonymous_0)","decl":{"start":{"line":9,"column":26},"end":{"line":9,"column":27}},"loc":{"start":{"line":9,"column":49},"end":{"line":49,"column":1}},"line":9},"1":{"name":"(anonymous_1)","decl":{"start":{"line":12,"column":12},"end":{"line":12,"column":13}},"loc":{"start":{"line":12,"column":33},"end":{"line":17,"column":5}},"line":12},"2":{"name":"(anonymous_2)","decl":{"start":{"line":18,"column":11},"end":{"line":18,"column":12}},"loc":{"start":{"line":18,"column":32},"end":{"line":18,"column":39}},"line":18},"3":{"name":"(anonymous_3)","decl":{"start":{"line":19,"column":12},"end":{"line":19,"column":13}},"loc":{"start":{"line":19,"column":18},"end":{"line":19,"column":43}},"line":19},"4":{"name":"(anonymous_4)","decl":{"start":{"line":20,"column":10},"end":{"line":20,"column":11}},"loc":{"start":{"line":20,"column":16},"end":{"line":20,"column":18}},"line":20},"5":{"name":"(anonymous_5)","decl":{"start":{"line":21,"column":14},"end":{"line":21,"column":15}},"loc":{"start":{"line":21,"column":20},"end":{"line":21,"column":24}},"line":21},"6":{"name":"(anonymous_6)","decl":{"start":{"line":22,"column":21},"end":{"line":22,"column":22}},"loc":{"start":{"line":22,"column":47},"end":{"line":27,"column":5}},"line":22},"7":{"name":"(anonymous_7)","decl":{"start":{"line":30,"column":22},"end":{"line":30,"column":23}},"loc":{"start":{"line":30,"column":32},"end":{"line":32,"column":3}},"line":30}},"branchMap":{"0":{"loc":{"start":{"line":16,"column":13},"end":{"line":16,"column":42}},"type":"binary-expr","locations":[{"start":{"line":16,"column":13},"end":{"line":16,"column":25}},{"start":{"line":16,"column":29},"end":{"line":16,"column":42}}],"line":16}},"s":{"0":1,"1":11,"2":0,"3":0,"4":0,"5":0,"6":0,"7":0,"8":0,"9":11,"10":0,"11":11},"f":{"0":11,"1":0,"2":0,"3":0,"4":0,"5":0,"6":0,"7":0},"b":{"0":[0,0]},"_coverageSchema":"1a1c01bbd47fc00a2c39e90264f33305004495a9","hash":"de907ab5138d04f69646e11964c9c6a1410b4625"}
,"C:\\Users\\muaaz\\Desktop\\Wits\\3rd\\COMS\\COMS3009A - Software Design\\Project\\website\\src\\components\\TeamInputBox.js": {"path":"C:\\Users\\muaaz\\Desktop\\Wits\\3rd\\COMS\\COMS3009A - Software Design\\Project\\website\\src\\components\\TeamInputBox.js","statementMap":{"0":{"start":{"line":12,"column":15},"end":{"line":12,"column":17}},"1":{"start":{"line":15,"column":84},"end":{"line":15,"column":89}},"2":{"start":{"line":16,"column":38},"end":{"line":16,"column":50}},"3":{"start":{"line":17,"column":44},"end":{"line":17,"column":56}},"4":{"start":{"line":19,"column":28},"end":{"line":21,"column":3}},"5":{"start":{"line":20,"column":4},"end":{"line":20,"column":38}},"6":{"start":{"line":23,"column":31},"end":{"line":27,"column":3}},"7":{"start":{"line":25,"column":4},"end":{"line":25,"column":41}},"8":{"start":{"line":26,"column":4},"end":{"line":26,"column":34}},"9":{"start":{"line":29,"column":2},"end":{"line":88,"column":4}},"10":{"start":{"line":80,"column":27},"end":{"line":80,"column":55}}},"fnMap":{"0":{"name":"TeamInputBox","decl":{"start":{"line":14,"column":9},"end":{"line":14,"column":21}},"loc":{"start":{"line":14,"column":29},"end":{"line":89,"column":1}},"line":14},"1":{"name":"(anonymous_1)","decl":{"start":{"line":19,"column":28},"end":{"line":19,"column":29}},"loc":{"start":{"line":19,"column":39},"end":{"line":21,"column":3}},"line":19},"2":{"name":"(anonymous_2)","decl":{"start":{"line":23,"column":31},"end":{"line":23,"column":32}},"loc":{"start":{"line":23,"column":42},"end":{"line":27,"column":3}},"line":23},"3":{"name":"(anonymous_3)","decl":{"start":{"line":80,"column":21},"end":{"line":80,"column":22}},"loc":{"start":{"line":80,"column":27},"end":{"line":80,"column":55}},"line":80}},"branchMap":{},"s":{"0":2,"1":11,"2":11,"3":11,"4":11,"5":1,"6":11,"7":1,"8":1,"9":11,"10":1},"f":{"0":11,"1":1,"2":1,"3":1},"b":{},"_coverageSchema":"1a1c01bbd47fc00a2c39e90264f33305004495a9","hash":"0f401c3a0143514472ad2b518798950daf1f57cf"}
,"C:\\Users\\muaaz\\Desktop\\Wits\\3rd\\COMS\\COMS3009A - Software Design\\Project\\website\\src\\components\\TeamSizeSelector.js": {"path":"C:\\Users\\muaaz\\Desktop\\Wits\\3rd\\COMS\\COMS3009A - Software Design\\Project\\website\\src\\components\\TeamSizeSelector.js","statementMap":{"0":{"start":{"line":5,"column":10},"end":{"line":5,"column":11}},"1":{"start":{"line":6,"column":10},"end":{"line":6,"column":12}},"2":{"start":{"line":7,"column":15},"end":{"line":7,"column":17}},"3":{"start":{"line":10,"column":32},"end":{"line":10,"column":43}},"4":{"start":{"line":11,"column":32},"end":{"line":11,"column":44}},"5":{"start":{"line":12,"column":34},"end":{"line":12,"column":46}},"6":{"start":{"line":13,"column":40},"end":{"line":13,"column":52}},"7":{"start":{"line":16,"column":4},"end":{"line":16,"column":39}},"8":{"start":{"line":17,"column":4},"end":{"line":17,"column":20}},"9":{"start":{"line":22,"column":4},"end":{"line":22,"column":38}},"10":{"start":{"line":23,"column":4},"end":{"line":23,"column":20}},"11":{"start":{"line":28,"column":4},"end":{"line":28,"column":44}},"12":{"start":{"line":29,"column":4},"end":{"line":29,"column":26}},"13":{"start":{"line":33,"column":2},"end":{"line":76,"column":4}},"14":{"start":{"line":71,"column":8},"end":{"line":73,"column":14}}},"fnMap":{"0":{"name":"TeamSizeSelector","decl":{"start":{"line":9,"column":9},"end":{"line":9,"column":25}},"loc":{"start":{"line":9,"column":28},"end":{"line":77,"column":1}},"line":9},"1":{"name":"handleMinSizeChange","decl":{"start":{"line":15,"column":11},"end":{"line":15,"column":30}},"loc":{"start":{"line":15,"column":38},"end":{"line":19,"column":3}},"line":15},"2":{"name":"handleMaxSizeChange","decl":{"start":{"line":21,"column":11},"end":{"line":21,"column":30}},"loc":{"start":{"line":21,"column":38},"end":{"line":25,"column":3}},"line":21},"3":{"name":"handleNumTeamsChange","decl":{"start":{"line":27,"column":11},"end":{"line":27,"column":31}},"loc":{"start":{"line":27,"column":39},"end":{"line":31,"column":3}},"line":27},"4":{"name":"(anonymous_4)","decl":{"start":{"line":70,"column":23},"end":{"line":70,"column":24}},"loc":{"start":{"line":71,"column":8},"end":{"line":73,"column":14}},"line":71}},"branchMap":{},"s":{"0":1,"1":1,"2":1,"3":6,"4":6,"5":6,"6":6,"7":1,"8":1,"9":1,"10":1,"11":1,"12":1,"13":6,"14":0},"f":{"0":6,"1":1,"2":1,"3":1,"4":0},"b":{},"_coverageSchema":"1a1c01bbd47fc00a2c39e90264f33305004495a9","hash":"455ed26fa87a5904fee65e0e569a901c9332ddce"}
,"C:\\Users\\muaaz\\Desktop\\Wits\\3rd\\COMS\\COMS3009A - Software Design\\Project\\website\\src\\components\\aboutPerson.js": {"path":"C:\\Users\\muaaz\\Desktop\\Wits\\3rd\\COMS\\COMS3009A - Software Design\\Project\\website\\src\\components\\aboutPerson.js","statementMap":{"0":{"start":{"line":6,"column":60},"end":{"line":6,"column":65}},"1":{"start":{"line":7,"column":2},"end":{"line":57,"column":3}}},"fnMap":{"0":{"name":"AboutPerson","decl":{"start":{"line":5,"column":24},"end":{"line":5,"column":35}},"loc":{"start":{"line":5,"column":43},"end":{"line":58,"column":1}},"line":5}},"branchMap":{},"s":{"0":0,"1":0},"f":{"0":0},"b":{}}
,"C:\\Users\\muaaz\\Desktop\\Wits\\3rd\\COMS\\COMS3009A - Software Design\\Project\\website\\src\\components\\button.js": {"path":"C:\\Users\\muaaz\\Desktop\\Wits\\3rd\\COMS\\COMS3009A - Software Design\\Project\\website\\src\\components\\button.js","statementMap":{"0":{"start":{"line":6,"column":2},"end":{"line":19,"column":4}}},"fnMap":{"0":{"name":"ButtonIcons","decl":{"start":{"line":5,"column":24},"end":{"line":5,"column":35}},"loc":{"start":{"line":5,"column":81},"end":{"line":20,"column":1}},"line":5}},"branchMap":{},"s":{"0":174},"f":{"0":174},"b":{},"_coverageSchema":"1a1c01bbd47fc00a2c39e90264f33305004495a9","hash":"c3cfea02b38b4f915e4815be09d432c86e253a69"}
,"C:\\Users\\muaaz\\Desktop\\Wits\\3rd\\COMS\\COMS3009A - Software Design\\Project\\website\\src\\components\\collapse.js": {"path":"C:\\Users\\muaaz\\Desktop\\Wits\\3rd\\COMS\\COMS3009A - Software Design\\Project\\website\\src\\components\\collapse.js","statementMap":{"0":{"start":{"line":12,"column":2},"end":{"line":29,"column":4}}},"fnMap":{"0":{"name":"AccordionContent","decl":{"start":{"line":11,"column":24},"end":{"line":11,"column":40}},"loc":{"start":{"line":11,"column":60},"end":{"line":30,"column":1}},"line":11}},"branchMap":{},"s":{"0":47},"f":{"0":47},"b":{},"_coverageSchema":"1a1c01bbd47fc00a2c39e90264f33305004495a9","hash":"f548870b67bcaf1ae66904e1375fb972ff319ca7"}
,"C:\\Users\\muaaz\\Desktop\\Wits\\3rd\\COMS\\COMS3009A - Software Design\\Project\\website\\src\\components\\dataGridSubmissions.js": {"path":"C:\\Users\\muaaz\\Desktop\\Wits\\3rd\\COMS\\COMS3009A - Software Design\\Project\\website\\src\\components\\dataGridSubmissions.js","statementMap":{"0":{"start":{"line":6,"column":42},"end":{"line":6,"column":47}},"1":{"start":{"line":7,"column":32},"end":{"line":7,"column":52}},"2":{"start":{"line":9,"column":18},"end":{"line":22,"column":3}},"3":{"start":{"line":14,"column":31},"end":{"line":14,"column":44}},"4":{"start":{"line":16,"column":53},"end":{"line":21,"column":5}},"5":{"start":{"line":24,"column":15},"end":{"line":31,"column":4}},"6":{"start":{"line":25,"column":16},"end":{"line":25,"column":33}},"7":{"start":{"line":26,"column":4},"end":{"line":29,"column":5}},"8":{"start":{"line":26,"column":17},"end":{"line":26,"column":18}},"9":{"start":{"line":27,"column":18},"end":{"line":27,"column":36}},"10":{"start":{"line":28,"column":6},"end":{"line":28,"column":33}},"11":{"start":{"line":30,"column":4},"end":{"line":30,"column":15}},"12":{"start":{"line":33,"column":2},"end":{"line":38,"column":9}},"13":{"start":{"line":35,"column":4},"end":{"line":37,"column":13}},"14":{"start":{"line":36,"column":6},"end":{"line":36,"column":24}},"15":{"start":{"line":40,"column":2},"end":{"line":42,"column":3}},"16":{"start":{"line":41,"column":4},"end":{"line":41,"column":33}},"17":{"start":{"line":44,"column":2},"end":{"line":60,"column":4}}},"fnMap":{"0":{"name":"CustomDataGrid","decl":{"start":{"line":5,"column":24},"end":{"line":5,"column":38}},"loc":{"start":{"line":5,"column":46},"end":{"line":61,"column":1}},"line":5},"1":{"name":"(anonymous_1)","decl":{"start":{"line":14,"column":19},"end":{"line":14,"column":20}},"loc":{"start":{"line":14,"column":31},"end":{"line":14,"column":44}},"line":14},"2":{"name":"(anonymous_2)","decl":{"start":{"line":16,"column":42},"end":{"line":16,"column":43}},"loc":{"start":{"line":16,"column":53},"end":{"line":21,"column":5}},"line":16},"3":{"name":"(anonymous_3)","decl":{"start":{"line":24,"column":24},"end":{"line":24,"column":25}},"loc":{"start":{"line":24,"column":41},"end":{"line":31,"column":3}},"line":24},"4":{"name":"(anonymous_4)","decl":{"start":{"line":33,"column":18},"end":{"line":33,"column":19}},"loc":{"start":{"line":33,"column":24},"end":{"line":38,"column":3}},"line":33},"5":{"name":"(anonymous_5)","decl":{"start":{"line":35,"column":15},"end":{"line":35,"column":16}},"loc":{"start":{"line":35,"column":21},"end":{"line":37,"column":5}},"line":35}},"branchMap":{"0":{"loc":{"start":{"line":28,"column":17},"end":{"line":28,"column":32}},"type":"binary-expr","locations":[{"start":{"line":28,"column":17},"end":{"line":28,"column":24}},{"start":{"line":28,"column":28},"end":{"line":28,"column":32}}],"line":28},"1":{"loc":{"start":{"line":40,"column":2},"end":{"line":42,"column":3}},"type":"if","locations":[{"start":{"line":40,"column":2},"end":{"line":42,"column":3}},{"start":{},"end":{}}],"line":40}},"s":{"0":5,"1":5,"2":5,"3":0,"4":15,"5":5,"6":9,"7":9,"8":9,"9":27,"10":27,"11":9,"12":5,"13":5,"14":0,"15":5,"16":5,"17":0},"f":{"0":5,"1":0,"2":15,"3":9,"4":5,"5":0},"b":{"0":[27,0],"1":[5,0]},"_coverageSchema":"1a1c01bbd47fc00a2c39e90264f33305004495a9","hash":"48e2d3a0625c5eb9dfe312713c00497e3426ba80"}
,"C:\\Users\\muaaz\\Desktop\\Wits\\3rd\\COMS\\COMS3009A - Software Design\\Project\\website\\src\\components\\datagrid.js": {"path":"C:\\Users\\muaaz\\Desktop\\Wits\\3rd\\COMS\\COMS3009A - Software Design\\Project\\website\\src\\components\\datagrid.js","statementMap":{"0":{"start":{"line":6,"column":2},"end":{"line":23,"column":4}}},"fnMap":{"0":{"name":"CustomDataGrid","decl":{"start":{"line":5,"column":24},"end":{"line":5,"column":38}},"loc":{"start":{"line":5,"column":58},"end":{"line":24,"column":1}},"line":5}},"branchMap":{},"s":{"0":4},"f":{"0":4},"b":{},"_coverageSchema":"1a1c01bbd47fc00a2c39e90264f33305004495a9","hash":"efaf49021795bae39947933475526a7743c7ceed"}
,"C:\\Users\\muaaz\\Desktop\\Wits\\3rd\\COMS\\COMS3009A - Software Design\\Project\\website\\src\\components\\datagridAdminCompetitions.js": {"path":"C:\\Users\\muaaz\\Desktop\\Wits\\3rd\\COMS\\COMS3009A - Software Design\\Project\\website\\src\\components\\datagridAdminCompetitions.js","statementMap":{"0":{"start":{"line":14,"column":16},"end":{"line":14,"column":21}},"1":{"start":{"line":17,"column":2},"end":{"line":30,"column":7}},"2":{"start":{"line":20,"column":27},"end":{"line":20,"column":40}},"3":{"start":{"line":22,"column":6},"end":{"line":29,"column":7}},"4":{"start":{"line":23,"column":8},"end":{"line":23,"column":23}},"5":{"start":{"line":24,"column":8},"end":{"line":24,"column":34}},"6":{"start":{"line":27,"column":8},"end":{"line":27,"column":36}},"7":{"start":{"line":28,"column":8},"end":{"line":28,"column":30}},"8":{"start":{"line":34,"column":50},"end":{"line":34,"column":60}},"9":{"start":{"line":35,"column":46},"end":{"line":35,"column":56}},"10":{"start":{"line":36,"column":32},"end":{"line":36,"column":47}},"11":{"start":{"line":38,"column":28},"end":{"line":38,"column":42}},"12":{"start":{"line":39,"column":30},"end":{"line":39,"column":42}},"13":{"start":{"line":40,"column":34},"end":{"line":40,"column":46}},"14":{"start":{"line":41,"column":34},"end":{"line":41,"column":46}},"15":{"start":{"line":42,"column":30},"end":{"line":42,"column":42}},"16":{"start":{"line":43,"column":42},"end":{"line":43,"column":56}},"17":{"start":{"line":44,"column":38},"end":{"line":44,"column":52}},"18":{"start":{"line":45,"column":36},"end":{"line":45,"column":48}},"19":{"start":{"line":46,"column":32},"end":{"line":46,"column":44}},"20":{"start":{"line":47,"column":44},"end":{"line":47,"column":58}},"21":{"start":{"line":48,"column":40},"end":{"line":48,"column":54}},"22":{"start":{"line":49,"column":36},"end":{"line":49,"column":48}},"23":{"start":{"line":50,"column":40},"end":{"line":50,"column":52}},"24":{"start":{"line":51,"column":38},"end":{"line":51,"column":50}},"25":{"start":{"line":52,"column":32},"end":{"line":52,"column":44}},"26":{"start":{"line":53,"column":32},"end":{"line":53,"column":44}},"27":{"start":{"line":54,"column":26},"end":{"line":54,"column":38}},"28":{"start":{"line":55,"column":24},"end":{"line":55,"column":36}},"29":{"start":{"line":56,"column":24},"end":{"line":56,"column":36}},"30":{"start":{"line":57,"column":30},"end":{"line":57,"column":42}},"31":{"start":{"line":58,"column":24},"end":{"line":58,"column":36}},"32":{"start":{"line":59,"column":32},"end":{"line":59,"column":44}},"33":{"start":{"line":60,"column":32},"end":{"line":60,"column":44}},"34":{"start":{"line":61,"column":32},"end":{"line":61,"column":44}},"35":{"start":{"line":62,"column":38},"end":{"line":62,"column":50}},"36":{"start":{"line":63,"column":25},"end":{"line":63,"column":54}},"37":{"start":{"line":64,"column":23},"end":{"line":64,"column":48}},"38":{"start":{"line":65,"column":26},"end":{"line":65,"column":57}},"39":{"start":{"line":66,"column":24},"end":{"line":66,"column":51}},"40":{"start":{"line":68,"column":44},"end":{"line":68,"column":59}},"41":{"start":{"line":70,"column":27},"end":{"line":93,"column":5}},"42":{"start":{"line":74,"column":4},"end":{"line":79,"column":5}},"43":{"start":{"line":77,"column":6},"end":{"line":77,"column":39}},"44":{"start":{"line":78,"column":6},"end":{"line":78,"column":71}},"45":{"start":{"line":80,"column":4},"end":{"line":83,"column":5}},"46":{"start":{"line":81,"column":6},"end":{"line":81,"column":39}},"47":{"start":{"line":82,"column":6},"end":{"line":82,"column":67}},"48":{"start":{"line":84,"column":4},"end":{"line":87,"column":5}},"49":{"start":{"line":85,"column":6},"end":{"line":85,"column":42}},"50":{"start":{"line":86,"column":6},"end":{"line":86,"column":73}},"51":{"start":{"line":88,"column":4},"end":{"line":92,"column":5}},"52":{"start":{"line":90,"column":6},"end":{"line":90,"column":39}},"53":{"start":{"line":91,"column":6},"end":{"line":91,"column":67}},"54":{"start":{"line":95,"column":25},"end":{"line":117,"column":5}},"55":{"start":{"line":96,"column":6},"end":{"line":96,"column":26}},"56":{"start":{"line":97,"column":6},"end":{"line":97,"column":29}},"57":{"start":{"line":99,"column":6},"end":{"line":99,"column":23}},"58":{"start":{"line":100,"column":6},"end":{"line":100,"column":36}},"59":{"start":{"line":101,"column":6},"end":{"line":101,"column":42}},"60":{"start":{"line":102,"column":6},"end":{"line":102,"column":40}},"61":{"start":{"line":103,"column":6},"end":{"line":103,"column":46}},"62":{"start":{"line":104,"column":6},"end":{"line":104,"column":42}},"63":{"start":{"line":105,"column":6},"end":{"line":105,"column":46}},"64":{"start":{"line":106,"column":6},"end":{"line":106,"column":42}},"65":{"start":{"line":107,"column":6},"end":{"line":107,"column":51}},"66":{"start":{"line":108,"column":6},"end":{"line":108,"column":35}},"67":{"start":{"line":109,"column":6},"end":{"line":109,"column":35}},"68":{"start":{"line":110,"column":6},"end":{"line":110,"column":35}},"69":{"start":{"line":111,"column":6},"end":{"line":111,"column":65}},"70":{"start":{"line":112,"column":6},"end":{"line":112,"column":57}},"71":{"start":{"line":113,"column":6},"end":{"line":113,"column":66}},"72":{"start":{"line":114,"column":6},"end":{"line":114,"column":57}},"73":{"start":{"line":116,"column":6},"end":{"line":116,"column":23}},"74":{"start":{"line":121,"column":28},"end":{"line":121,"column":30}},"75":{"start":{"line":124,"column":6},"end":{"line":124,"column":56}},"76":{"start":{"line":124,"column":21},"end":{"line":124,"column":56}},"77":{"start":{"line":125,"column":6},"end":{"line":125,"column":46}},"78":{"start":{"line":125,"column":16},"end":{"line":125,"column":46}},"79":{"start":{"line":126,"column":6},"end":{"line":126,"column":79}},"80":{"start":{"line":126,"column":30},"end":{"line":126,"column":79}},"81":{"start":{"line":127,"column":6},"end":{"line":127,"column":75}},"82":{"start":{"line":127,"column":28},"end":{"line":127,"column":75}},"83":{"start":{"line":128,"column":6},"end":{"line":128,"column":51}},"84":{"start":{"line":128,"column":17},"end":{"line":128,"column":51}},"85":{"start":{"line":129,"column":6},"end":{"line":129,"column":42}},"86":{"start":{"line":129,"column":16},"end":{"line":129,"column":42}},"87":{"start":{"line":130,"column":6},"end":{"line":130,"column":55}},"88":{"start":{"line":130,"column":22},"end":{"line":130,"column":55}},"89":{"start":{"line":131,"column":6},"end":{"line":131,"column":48}},"90":{"start":{"line":131,"column":19},"end":{"line":131,"column":48}},"91":{"start":{"line":132,"column":6},"end":{"line":132,"column":79}},"92":{"start":{"line":132,"column":29},"end":{"line":132,"column":79}},"93":{"start":{"line":133,"column":6},"end":{"line":133,"column":75}},"94":{"start":{"line":133,"column":27},"end":{"line":133,"column":75}},"95":{"start":{"line":134,"column":6},"end":{"line":134,"column":53}},"96":{"start":{"line":134,"column":21},"end":{"line":134,"column":53}},"97":{"start":{"line":135,"column":6},"end":{"line":135,"column":42}},"98":{"start":{"line":135,"column":16},"end":{"line":135,"column":42}},"99":{"start":{"line":136,"column":6},"end":{"line":136,"column":42}},"100":{"start":{"line":136,"column":16},"end":{"line":136,"column":42}},"101":{"start":{"line":137,"column":6},"end":{"line":137,"column":23}},"102":{"start":{"line":138,"column":6},"end":{"line":138,"column":42}},"103":{"start":{"line":138,"column":16},"end":{"line":138,"column":42}},"104":{"start":{"line":141,"column":6},"end":{"line":145,"column":7}},"105":{"start":{"line":142,"column":36},"end":{"line":142,"column":60}},"106":{"start":{"line":143,"column":8},"end":{"line":143,"column":87}},"107":{"start":{"line":144,"column":8},"end":{"line":144,"column":21}},"108":{"start":{"line":148,"column":27},"end":{"line":148,"column":53}},"109":{"start":{"line":149,"column":25},"end":{"line":149,"column":49}},"110":{"start":{"line":150,"column":28},"end":{"line":150,"column":55}},"111":{"start":{"line":151,"column":26},"end":{"line":151,"column":51}},"112":{"start":{"line":153,"column":6},"end":{"line":156,"column":7}},"113":{"start":{"line":154,"column":8},"end":{"line":154,"column":78}},"114":{"start":{"line":155,"column":8},"end":{"line":155,"column":21}},"115":{"start":{"line":158,"column":6},"end":{"line":161,"column":7}},"116":{"start":{"line":159,"column":8},"end":{"line":159,"column":79}},"117":{"start":{"line":160,"column":8},"end":{"line":160,"column":21}},"118":{"start":{"line":163,"column":6},"end":{"line":166,"column":7}},"119":{"start":{"line":164,"column":8},"end":{"line":164,"column":77}},"120":{"start":{"line":165,"column":8},"end":{"line":165,"column":21}},"121":{"start":{"line":168,"column":6},"end":{"line":168,"column":18}},"122":{"start":{"line":171,"column":29},"end":{"line":202,"column":3}},"123":{"start":{"line":173,"column":4},"end":{"line":201,"column":5}},"124":{"start":{"line":174,"column":23},"end":{"line":193,"column":7}},"125":{"start":{"line":194,"column":6},"end":{"line":194,"column":33}},"126":{"start":{"line":196,"column":6},"end":{"line":196,"column":36}},"127":{"start":{"line":198,"column":6},"end":{"line":198,"column":24}},"128":{"start":{"line":200,"column":6},"end":{"line":200,"column":27}},"129":{"start":{"line":204,"column":25},"end":{"line":229,"column":3}},"130":{"start":{"line":205,"column":4},"end":{"line":205,"column":24}},"131":{"start":{"line":206,"column":4},"end":{"line":206,"column":29}},"132":{"start":{"line":209,"column":4},"end":{"line":228,"column":7}},"133":{"start":{"line":218,"column":6},"end":{"line":227,"column":7}},"134":{"start":{"line":220,"column":8},"end":{"line":222,"column":11}},"135":{"start":{"line":224,"column":8},"end":{"line":226,"column":11}},"136":{"start":{"line":225,"column":10},"end":{"line":225,"column":40}},"137":{"start":{"line":231,"column":18},"end":{"line":268,"column":3}},"138":{"start":{"line":247,"column":8},"end":{"line":265,"column":10}},"139":{"start":{"line":251,"column":30},"end":{"line":251,"column":57}},"140":{"start":{"line":258,"column":30},"end":{"line":258,"column":59}},"141":{"start":{"line":270,"column":28},"end":{"line":272,"column":3}},"142":{"start":{"line":271,"column":4},"end":{"line":271,"column":28}},"143":{"start":{"line":274,"column":2},"end":{"line":525,"column":4}},"144":{"start":{"line":306,"column":10},"end":{"line":306,"column":38}},"145":{"start":{"line":324,"column":29},"end":{"line":324,"column":57}},"146":{"start":{"line":337,"column":16},"end":{"line":337,"column":39}},"147":{"start":{"line":348,"column":16},"end":{"line":348,"column":39}},"148":{"start":{"line":359,"column":16},"end":{"line":359,"column":39}},"149":{"start":{"line":369,"column":16},"end":{"line":369,"column":39}},"150":{"start":{"line":384,"column":18},"end":{"line":384,"column":40}},"151":{"start":{"line":388,"column":20},"end":{"line":388,"column":40}},"152":{"start":{"line":403,"column":44},"end":{"line":403,"column":61}},"153":{"start":{"line":404,"column":42},"end":{"line":404,"column":57}},"154":{"start":{"line":405,"column":44},"end":{"line":405,"column":65}},"155":{"start":{"line":406,"column":42},"end":{"line":406,"column":61}},"156":{"start":{"line":419,"column":44},"end":{"line":419,"column":62}},"157":{"start":{"line":420,"column":42},"end":{"line":420,"column":58}},"158":{"start":{"line":421,"column":44},"end":{"line":421,"column":66}},"159":{"start":{"line":422,"column":42},"end":{"line":422,"column":62}},"160":{"start":{"line":432,"column":10},"end":{"line":432,"column":34}},"161":{"start":{"line":444,"column":14},"end":{"line":473,"column":15}},"162":{"start":{"line":445,"column":14},"end":{"line":445,"column":21}},"163":{"start":{"line":448,"column":16},"end":{"line":448,"column":45}},"164":{"start":{"line":449,"column":16},"end":{"line":472,"column":17}},"165":{"start":{"line":450,"column":18},"end":{"line":450,"column":33}},"166":{"start":{"line":451,"column":18},"end":{"line":451,"column":36}},"167":{"start":{"line":452,"column":18},"end":{"line":452,"column":42}},"168":{"start":{"line":453,"column":18},"end":{"line":453,"column":39}},"169":{"start":{"line":471,"column":18},"end":{"line":471,"column":48}},"170":{"start":{"line":501,"column":16},"end":{"line":501,"column":34}},"171":{"start":{"line":502,"column":16},"end":{"line":502,"column":40}}},"fnMap":{"0":{"name":"validationCompName","decl":{"start":{"line":16,"column":9},"end":{"line":16,"column":27}},"loc":{"start":{"line":16,"column":37},"end":{"line":31,"column":1}},"line":16},"1":{"name":"(anonymous_1)","decl":{"start":{"line":19,"column":10},"end":{"line":19,"column":11}},"loc":{"start":{"line":19,"column":30},"end":{"line":30,"column":5}},"line":19},"2":{"name":"CustomDataGrid","decl":{"start":{"line":33,"column":24},"end":{"line":33,"column":38}},"loc":{"start":{"line":33,"column":49},"end":{"line":526,"column":1}},"line":33},"3":{"name":"(anonymous_3)","decl":{"start":{"line":70,"column":27},"end":{"line":70,"column":28}},"loc":{"start":{"line":70,"column":36},"end":{"line":93,"column":5}},"line":70},"4":{"name":"(anonymous_4)","decl":{"start":{"line":95,"column":25},"end":{"line":95,"column":26}},"loc":{"start":{"line":95,"column":37},"end":{"line":117,"column":5}},"line":95},"5":{"name":"validateInputs","decl":{"start":{"line":119,"column":13},"end":{"line":119,"column":27}},"loc":{"start":{"line":119,"column":168},"end":{"line":169,"column":5}},"line":119},"6":{"name":"(anonymous_6)","decl":{"start":{"line":171,"column":29},"end":{"line":171,"column":30}},"loc":{"start":{"line":171,"column":42},"end":{"line":202,"column":3}},"line":171},"7":{"name":"(anonymous_7)","decl":{"start":{"line":204,"column":25},"end":{"line":204,"column":26}},"loc":{"start":{"line":204,"column":43},"end":{"line":229,"column":3}},"line":204},"8":{"name":"(anonymous_8)","decl":{"start":{"line":217,"column":12},"end":{"line":217,"column":13}},"loc":{"start":{"line":217,"column":24},"end":{"line":228,"column":5}},"line":217},"9":{"name":"(anonymous_9)","decl":{"start":{"line":224,"column":71},"end":{"line":224,"column":72}},"loc":{"start":{"line":224,"column":77},"end":{"line":226,"column":9}},"line":224},"10":{"name":"(anonymous_10)","decl":{"start":{"line":246,"column":18},"end":{"line":246,"column":19}},"loc":{"start":{"line":246,"column":30},"end":{"line":266,"column":7}},"line":246},"11":{"name":"(anonymous_11)","decl":{"start":{"line":251,"column":23},"end":{"line":251,"column":24}},"loc":{"start":{"line":251,"column":30},"end":{"line":251,"column":57}},"line":251},"12":{"name":"(anonymous_12)","decl":{"start":{"line":258,"column":23},"end":{"line":258,"column":24}},"loc":{"start":{"line":258,"column":30},"end":{"line":258,"column":59}},"line":258},"13":{"name":"(anonymous_13)","decl":{"start":{"line":270,"column":28},"end":{"line":270,"column":29}},"loc":{"start":{"line":270,"column":34},"end":{"line":272,"column":3}},"line":270},"14":{"name":"(anonymous_14)","decl":{"start":{"line":305,"column":20},"end":{"line":305,"column":21}},"loc":{"start":{"line":305,"column":27},"end":{"line":308,"column":11}},"line":305},"15":{"name":"(anonymous_15)","decl":{"start":{"line":324,"column":22},"end":{"line":324,"column":23}},"loc":{"start":{"line":324,"column":29},"end":{"line":324,"column":57}},"line":324},"16":{"name":"(anonymous_16)","decl":{"start":{"line":336,"column":23},"end":{"line":336,"column":24}},"loc":{"start":{"line":336,"column":29},"end":{"line":338,"column":15}},"line":336},"17":{"name":"(anonymous_17)","decl":{"start":{"line":347,"column":23},"end":{"line":347,"column":24}},"loc":{"start":{"line":347,"column":29},"end":{"line":349,"column":15}},"line":347},"18":{"name":"(anonymous_18)","decl":{"start":{"line":358,"column":23},"end":{"line":358,"column":24}},"loc":{"start":{"line":358,"column":29},"end":{"line":360,"column":15}},"line":358},"19":{"name":"(anonymous_19)","decl":{"start":{"line":368,"column":23},"end":{"line":368,"column":24}},"loc":{"start":{"line":368,"column":29},"end":{"line":370,"column":15}},"line":368},"20":{"name":"(anonymous_20)","decl":{"start":{"line":383,"column":30},"end":{"line":383,"column":31}},"loc":{"start":{"line":383,"column":39},"end":{"line":385,"column":17}},"line":383},"21":{"name":"(anonymous_21)","decl":{"start":{"line":387,"column":27},"end":{"line":387,"column":28}},"loc":{"start":{"line":387,"column":33},"end":{"line":389,"column":19}},"line":387},"22":{"name":"(anonymous_22)","decl":{"start":{"line":403,"column":33},"end":{"line":403,"column":34}},"loc":{"start":{"line":403,"column":43},"end":{"line":403,"column":62}},"line":403},"23":{"name":"(anonymous_23)","decl":{"start":{"line":404,"column":31},"end":{"line":404,"column":32}},"loc":{"start":{"line":404,"column":41},"end":{"line":404,"column":58}},"line":404},"24":{"name":"(anonymous_24)","decl":{"start":{"line":405,"column":33},"end":{"line":405,"column":34}},"loc":{"start":{"line":405,"column":43},"end":{"line":405,"column":66}},"line":405},"25":{"name":"(anonymous_25)","decl":{"start":{"line":406,"column":31},"end":{"line":406,"column":32}},"loc":{"start":{"line":406,"column":41},"end":{"line":406,"column":62}},"line":406},"26":{"name":"(anonymous_26)","decl":{"start":{"line":419,"column":33},"end":{"line":419,"column":34}},"loc":{"start":{"line":419,"column":43},"end":{"line":419,"column":63}},"line":419},"27":{"name":"(anonymous_27)","decl":{"start":{"line":420,"column":31},"end":{"line":420,"column":32}},"loc":{"start":{"line":420,"column":41},"end":{"line":420,"column":59}},"line":420},"28":{"name":"(anonymous_28)","decl":{"start":{"line":421,"column":33},"end":{"line":421,"column":34}},"loc":{"start":{"line":421,"column":43},"end":{"line":421,"column":67}},"line":421},"29":{"name":"(anonymous_29)","decl":{"start":{"line":422,"column":31},"end":{"line":422,"column":32}},"loc":{"start":{"line":422,"column":41},"end":{"line":422,"column":63}},"line":422},"30":{"name":"(anonymous_30)","decl":{"start":{"line":431,"column":20},"end":{"line":431,"column":21}},"loc":{"start":{"line":431,"column":27},"end":{"line":433,"column":11}},"line":431},"31":{"name":"(anonymous_31)","decl":{"start":{"line":442,"column":23},"end":{"line":442,"column":24}},"loc":{"start":{"line":442,"column":29},"end":{"line":493,"column":15}},"line":442},"32":{"name":"(anonymous_32)","decl":{"start":{"line":500,"column":23},"end":{"line":500,"column":24}},"loc":{"start":{"line":500,"column":29},"end":{"line":504,"column":15}},"line":500}},"branchMap":{"0":{"loc":{"start":{"line":22,"column":6},"end":{"line":29,"column":7}},"type":"if","locations":[{"start":{"line":22,"column":6},"end":{"line":29,"column":7}},{"start":{"line":26,"column":13},"end":{"line":29,"column":7}}],"line":22},"1":{"loc":{"start":{"line":74,"column":4},"end":{"line":79,"column":5}},"type":"if","locations":[{"start":{"line":74,"column":4},"end":{"line":79,"column":5}},{"start":{},"end":{}}],"line":74},"2":{"loc":{"start":{"line":74,"column":8},"end":{"line":76,"column":51}},"type":"binary-expr","locations":[{"start":{"line":74,"column":8},"end":{"line":74,"column":53}},{"start":{"line":75,"column":6},"end":{"line":75,"column":52}},{"start":{"line":76,"column":6},"end":{"line":76,"column":51}}],"line":74},"3":{"loc":{"start":{"line":80,"column":4},"end":{"line":83,"column":5}},"type":"if","locations":[{"start":{"line":80,"column":4},"end":{"line":83,"column":5}},{"start":{},"end":{}}],"line":80},"4":{"loc":{"start":{"line":84,"column":4},"end":{"line":87,"column":5}},"type":"if","locations":[{"start":{"line":84,"column":4},"end":{"line":87,"column":5}},{"start":{},"end":{}}],"line":84},"5":{"loc":{"start":{"line":88,"column":4},"end":{"line":92,"column":5}},"type":"if","locations":[{"start":{"line":88,"column":4},"end":{"line":92,"column":5}},{"start":{},"end":{}}],"line":88},"6":{"loc":{"start":{"line":88,"column":8},"end":{"line":89,"column":71}},"type":"binary-expr","locations":[{"start":{"line":88,"column":8},"end":{"line":88,"column":59}},{"start":{"line":89,"column":6},"end":{"line":89,"column":71}}],"line":88},"7":{"loc":{"start":{"line":124,"column":6},"end":{"line":124,"column":56}},"type":"if","locations":[{"start":{"line":124,"column":6},"end":{"line":124,"column":56}},{"start":{},"end":{}}],"line":124},"8":{"loc":{"start":{"line":125,"column":6},"end":{"line":125,"column":46}},"type":"if","locations":[{"start":{"line":125,"column":6},"end":{"line":125,"column":46}},{"start":{},"end":{}}],"line":125},"9":{"loc":{"start":{"line":126,"column":6},"end":{"line":126,"column":79}},"type":"if","locations":[{"start":{"line":126,"column":6},"end":{"line":126,"column":79}},{"start":{},"end":{}}],"line":126},"10":{"loc":{"start":{"line":127,"column":6},"end":{"line":127,"column":75}},"type":"if","locations":[{"start":{"line":127,"column":6},"end":{"line":127,"column":75}},{"start":{},"end":{}}],"line":127},"11":{"loc":{"start":{"line":128,"column":6},"end":{"line":128,"column":51}},"type":"if","locations":[{"start":{"line":128,"column":6},"end":{"line":128,"column":51}},{"start":{},"end":{}}],"line":128},"12":{"loc":{"start":{"line":129,"column":6},"end":{"line":129,"column":42}},"type":"if","locations":[{"start":{"line":129,"column":6},"end":{"line":129,"column":42}},{"start":{},"end":{}}],"line":129},"13":{"loc":{"start":{"line":130,"column":6},"end":{"line":130,"column":55}},"type":"if","locations":[{"start":{"line":130,"column":6},"end":{"line":130,"column":55}},{"start":{},"end":{}}],"line":130},"14":{"loc":{"start":{"line":131,"column":6},"end":{"line":131,"column":48}},"type":"if","locations":[{"start":{"line":131,"column":6},"end":{"line":131,"column":48}},{"start":{},"end":{}}],"line":131},"15":{"loc":{"start":{"line":132,"column":6},"end":{"line":132,"column":79}},"type":"if","locations":[{"start":{"line":132,"column":6},"end":{"line":132,"column":79}},{"start":{},"end":{}}],"line":132},"16":{"loc":{"start":{"line":133,"column":6},"end":{"line":133,"column":75}},"type":"if","locations":[{"start":{"line":133,"column":6},"end":{"line":133,"column":75}},{"start":{},"end":{}}],"line":133},"17":{"loc":{"start":{"line":134,"column":6},"end":{"line":134,"column":53}},"type":"if","locations":[{"start":{"line":134,"column":6},"end":{"line":134,"column":53}},{"start":{},"end":{}}],"line":134},"18":{"loc":{"start":{"line":135,"column":6},"end":{"line":135,"column":42}},"type":"if","locations":[{"start":{"line":135,"column":6},"end":{"line":135,"column":42}},{"start":{},"end":{}}],"line":135},"19":{"loc":{"start":{"line":136,"column":6},"end":{"line":136,"column":42}},"type":"if","locations":[{"start":{"line":136,"column":6},"end":{"line":136,"column":42}},{"start":{},"end":{}}],"line":136},"20":{"loc":{"start":{"line":138,"column":6},"end":{"line":138,"column":42}},"type":"if","locations":[{"start":{"line":138,"column":6},"end":{"line":138,"column":42}},{"start":{},"end":{}}],"line":138},"21":{"loc":{"start":{"line":141,"column":6},"end":{"line":145,"column":7}},"type":"if","locations":[{"start":{"line":141,"column":6},"end":{"line":145,"column":7}},{"start":{},"end":{}}],"line":141},"22":{"loc":{"start":{"line":153,"column":6},"end":{"line":156,"column":7}},"type":"if","locations":[{"start":{"line":153,"column":6},"end":{"line":156,"column":7}},{"start":{},"end":{}}],"line":153},"23":{"loc":{"start":{"line":158,"column":6},"end":{"line":161,"column":7}},"type":"if","locations":[{"start":{"line":158,"column":6},"end":{"line":161,"column":7}},{"start":{},"end":{}}],"line":158},"24":{"loc":{"start":{"line":163,"column":6},"end":{"line":166,"column":7}},"type":"if","locations":[{"start":{"line":163,"column":6},"end":{"line":166,"column":7}},{"start":{},"end":{}}],"line":163},"25":{"loc":{"start":{"line":218,"column":6},"end":{"line":227,"column":7}},"type":"if","locations":[{"start":{"line":218,"column":6},"end":{"line":227,"column":7}},{"start":{},"end":{}}],"line":218},"26":{"loc":{"start":{"line":375,"column":11},"end":{"line":393,"column":11}},"type":"binary-expr","locations":[{"start":{"line":375,"column":11},"end":{"line":375,"column":24}},{"start":{"line":376,"column":12},"end":{"line":392,"column":18}}],"line":375},"27":{"loc":{"start":{"line":444,"column":14},"end":{"line":473,"column":15}},"type":"if","locations":[{"start":{"line":444,"column":14},"end":{"line":473,"column":15}},{"start":{"line":447,"column":18},"end":{"line":473,"column":15}}],"line":444},"28":{"loc":{"start":{"line":449,"column":16},"end":{"line":472,"column":17}},"type":"if","locations":[{"start":{"line":449,"column":16},"end":{"line":472,"column":17}},{"start":{},"end":{}}],"line":449}},"s":{"0":0,"1":0,"2":0,"3":0,"4":0,"5":0,"6":0,"7":0,"8":0,"9":0,"10":0,"11":0,"12":0,"13":0,"14":0,"15":0,"16":0,"17":0,"18":0,"19":0,"20":0,"21":0,"22":0,"23":0,"24":0,"25":0,"26":0,"27":0,"28":0,"29":0,"30":0,"31":0,"32":0,"33":0,"34":0,"35":0,"36":0,"37":0,"38":0,"39":0,"40":0,"41":0,"42":0,"43":0,"44":0,"45":0,"46":0,"47":0,"48":0,"49":0,"50":0,"51":0,"52":0,"53":0,"54":0,"55":0,"56":0,"57":0,"58":0,"59":0,"60":0,"61":0,"62":0,"63":0,"64":0,"65":0,"66":0,"67":0,"68":0,"69":0,"70":0,"71":0,"72":0,"73":0,"74":0,"75":0,"76":0,"77":0,"78":0,"79":0,"80":0,"81":0,"82":0,"83":0,"84":0,"85":0,"86":0,"87":0,"88":0,"89":0,"90":0,"91":0,"92":0,"93":0,"94":0,"95":0,"96":0,"97":0,"98":0,"99":0,"100":0,"101":0,"102":0,"103":0,"104":0,"105":0,"106":0,"107":0,"108":0,"109":0,"110":0,"111":0,"112":0,"113":0,"114":0,"115":0,"116":0,"117":0,"118":0,"119":0,"120":0,"121":0,"122":0,"123":0,"124":0,"125":0,"126":0,"127":0,"128":0,"129":0,"130":0,"131":0,"132":0,"133":0,"134":0,"135":0,"136":0,"137":0,"138":0,"139":0,"140":0,"141":0,"142":0,"143":0,"144":0,"145":0,"146":0,"147":0,"148":0,"149":0,"150":0,"151":0,"152":0,"153":0,"154":0,"155":0,"156":0,"157":0,"158":0,"159":0,"160":0,"161":0,"162":0,"163":0,"164":0,"165":0,"166":0,"167":0,"168":0,"169":0,"170":0,"171":0},"f":{"0":0,"1":0,"2":0,"3":0,"4":0,"5":0,"6":0,"7":0,"8":0,"9":0,"10":0,"11":0,"12":0,"13":0,"14":0,"15":0,"16":0,"17":0,"18":0,"19":0,"20":0,"21":0,"22":0,"23":0,"24":0,"25":0,"26":0,"27":0,"28":0,"29":0,"30":0,"31":0,"32":0},"b":{"0":[0,0],"1":[0,0],"2":[0,0,0],"3":[0,0],"4":[0,0],"5":[0,0],"6":[0,0],"7":[0,0],"8":[0,0],"9":[0,0],"10":[0,0],"11":[0,0],"12":[0,0],"13":[0,0],"14":[0,0],"15":[0,0],"16":[0,0],"17":[0,0],"18":[0,0],"19":[0,0],"20":[0,0],"21":[0,0],"22":[0,0],"23":[0,0],"24":[0,0],"25":[0,0],"26":[0,0],"27":[0,0],"28":[0,0]}}
,"C:\\Users\\muaaz\\Desktop\\Wits\\3rd\\COMS\\COMS3009A - Software Design\\Project\\website\\src\\components\\datagridAdminTeams.js": {"path":"C:\\Users\\muaaz\\Desktop\\Wits\\3rd\\COMS\\COMS3009A - Software Design\\Project\\website\\src\\components\\datagridAdminTeams.js","statementMap":{"0":{"start":{"line":21,"column":50},"end":{"line":21,"column":66}},"1":{"start":{"line":22,"column":46},"end":{"line":22,"column":62}},"2":{"start":{"line":23,"column":32},"end":{"line":23,"column":53}},"3":{"start":{"line":24,"column":46},"end":{"line":24,"column":67}},"4":{"start":{"line":25,"column":47},"end":{"line":25,"column":67}},"5":{"start":{"line":27,"column":28},"end":{"line":27,"column":48}},"6":{"start":{"line":28,"column":34},"end":{"line":28,"column":52}},"7":{"start":{"line":29,"column":30},"end":{"line":29,"column":48}},"8":{"start":{"line":30,"column":34},"end":{"line":30,"column":52}},"9":{"start":{"line":31,"column":36},"end":{"line":31,"column":54}},"10":{"start":{"line":32,"column":48},"end":{"line":32,"column":66}},"11":{"start":{"line":35,"column":15},"end":{"line":35,"column":16}},"12":{"start":{"line":39,"column":4},"end":{"line":41,"column":5}},"13":{"start":{"line":40,"column":6},"end":{"line":40,"column":57}},"14":{"start":{"line":43,"column":16},"end":{"line":43,"column":19}},"15":{"start":{"line":45,"column":4},"end":{"line":48,"column":5}},"16":{"start":{"line":46,"column":20},"end":{"line":46,"column":44}},"17":{"start":{"line":47,"column":6},"end":{"line":47,"column":51}},"18":{"start":{"line":51,"column":4},"end":{"line":51,"column":17}},"19":{"start":{"line":55,"column":4},"end":{"line":60,"column":6}},"20":{"start":{"line":63,"column":23},"end":{"line":75,"column":3}},"21":{"start":{"line":64,"column":4},"end":{"line":64,"column":24}},"22":{"start":{"line":65,"column":4},"end":{"line":65,"column":27}},"23":{"start":{"line":67,"column":4},"end":{"line":67,"column":21}},"24":{"start":{"line":68,"column":4},"end":{"line":68,"column":31}},"25":{"start":{"line":69,"column":4},"end":{"line":69,"column":27}},"26":{"start":{"line":70,"column":4},"end":{"line":70,"column":31}},"27":{"start":{"line":71,"column":4},"end":{"line":71,"column":33}},"28":{"start":{"line":72,"column":4},"end":{"line":72,"column":45}},"29":{"start":{"line":74,"column":4},"end":{"line":74,"column":21}},"30":{"start":{"line":77,"column":29},"end":{"line":103,"column":3}},"31":{"start":{"line":85,"column":4},"end":{"line":102,"column":5}},"32":{"start":{"line":86,"column":23},"end":{"line":94,"column":7}},"33":{"start":{"line":97,"column":6},"end":{"line":97,"column":36}},"34":{"start":{"line":99,"column":6},"end":{"line":99,"column":24}},"35":{"start":{"line":101,"column":6},"end":{"line":101,"column":27}},"36":{"start":{"line":105,"column":28},"end":{"line":105,"column":46}},"37":{"start":{"line":107,"column":23},"end":{"line":112,"column":3}},"38":{"start":{"line":108,"column":26},"end":{"line":108,"column":44}},"39":{"start":{"line":109,"column":4},"end":{"line":109,"column":28}},"40":{"start":{"line":110,"column":4},"end":{"line":110,"column":30}},"41":{"start":{"line":116,"column":29},"end":{"line":176,"column":3}},"42":{"start":{"line":117,"column":22},"end":{"line":173,"column":5}},"43":{"start":{"line":118,"column":6},"end":{"line":172,"column":7}},"44":{"start":{"line":119,"column":25},"end":{"line":119,"column":64}},"45":{"start":{"line":120,"column":8},"end":{"line":120,"column":35}},"46":{"start":{"line":122,"column":21},"end":{"line":122,"column":52}},"47":{"start":{"line":123,"column":8},"end":{"line":123,"column":26}},"48":{"start":{"line":124,"column":26},"end":{"line":124,"column":42}},"49":{"start":{"line":125,"column":30},"end":{"line":125,"column":32}},"50":{"start":{"line":127,"column":20},"end":{"line":127,"column":21}},"51":{"start":{"line":128,"column":25},"end":{"line":128,"column":27}},"52":{"start":{"line":129,"column":20},"end":{"line":129,"column":31}},"53":{"start":{"line":131,"column":8},"end":{"line":169,"column":9}},"54":{"start":{"line":132,"column":10},"end":{"line":150,"column":11}},"55":{"start":{"line":133,"column":12},"end":{"line":149,"column":13}},"56":{"start":{"line":134,"column":14},"end":{"line":148,"column":16}},"57":{"start":{"line":138,"column":38},"end":{"line":140,"column":21}},"58":{"start":{"line":141,"column":40},"end":{"line":141,"column":68}},"59":{"start":{"line":142,"column":20},"end":{"line":142,"column":57}},"60":{"start":{"line":143,"column":20},"end":{"line":143,"column":28}},"61":{"start":{"line":146,"column":20},"end":{"line":146,"column":68}},"62":{"start":{"line":152,"column":10},"end":{"line":152,"column":38}},"63":{"start":{"line":154,"column":26},"end":{"line":154,"column":67}},"64":{"start":{"line":155,"column":10},"end":{"line":155,"column":39}},"65":{"start":{"line":157,"column":10},"end":{"line":157,"column":47}},"66":{"start":{"line":158,"column":10},"end":{"line":164,"column":13}},"67":{"start":{"line":166,"column":10},"end":{"line":168,"column":19}},"68":{"start":{"line":171,"column":8},"end":{"line":171,"column":63}},"69":{"start":{"line":175,"column":4},"end":{"line":175,"column":16}},"70":{"start":{"line":180,"column":29},"end":{"line":189,"column":3}},"71":{"start":{"line":181,"column":4},"end":{"line":188,"column":5}},"72":{"start":{"line":182,"column":23},"end":{"line":184,"column":7}},"73":{"start":{"line":185,"column":6},"end":{"line":185,"column":22}},"74":{"start":{"line":187,"column":6},"end":{"line":187,"column":18}},"75":{"start":{"line":192,"column":22},"end":{"line":192,"column":50}},"76":{"start":{"line":193,"column":4},"end":{"line":193,"column":35}},"77":{"start":{"line":198,"column":30},"end":{"line":212,"column":3}},"78":{"start":{"line":199,"column":4},"end":{"line":199,"column":24}},"79":{"start":{"line":200,"column":4},"end":{"line":200,"column":27}},"80":{"start":{"line":202,"column":4},"end":{"line":202,"column":21}},"81":{"start":{"line":203,"column":4},"end":{"line":203,"column":31}},"82":{"start":{"line":204,"column":4},"end":{"line":204,"column":27}},"83":{"start":{"line":205,"column":4},"end":{"line":205,"column":31}},"84":{"start":{"line":206,"column":4},"end":{"line":206,"column":33}},"85":{"start":{"line":207,"column":4},"end":{"line":207,"column":45}},"86":{"start":{"line":209,"column":4},"end":{"line":209,"column":27}},"87":{"start":{"line":211,"column":4},"end":{"line":211,"column":28}},"88":{"start":{"line":214,"column":25},"end":{"line":237,"column":3}},"89":{"start":{"line":215,"column":4},"end":{"line":215,"column":24}},"90":{"start":{"line":216,"column":4},"end":{"line":216,"column":29}},"91":{"start":{"line":218,"column":4},"end":{"line":236,"column":7}},"92":{"start":{"line":227,"column":6},"end":{"line":235,"column":7}},"93":{"start":{"line":228,"column":8},"end":{"line":230,"column":11}},"94":{"start":{"line":232,"column":8},"end":{"line":234,"column":11}},"95":{"start":{"line":233,"column":10},"end":{"line":233,"column":40}},"96":{"start":{"line":239,"column":18},"end":{"line":287,"column":3}},"97":{"start":{"line":252,"column":8},"end":{"line":284,"column":10}},"98":{"start":{"line":256,"column":30},"end":{"line":256,"column":57}},"99":{"start":{"line":264,"column":30},"end":{"line":264,"column":64}},"100":{"start":{"line":270,"column":30},"end":{"line":270,"column":63}},"101":{"start":{"line":278,"column":30},"end":{"line":278,"column":59}},"102":{"start":{"line":290,"column":46},"end":{"line":290,"column":64}},"103":{"start":{"line":293,"column":25},"end":{"line":319,"column":3}},"104":{"start":{"line":294,"column":4},"end":{"line":318,"column":5}},"105":{"start":{"line":295,"column":23},"end":{"line":301,"column":7}},"106":{"start":{"line":305,"column":32},"end":{"line":305,"column":34}},"107":{"start":{"line":306,"column":6},"end":{"line":314,"column":7}},"108":{"start":{"line":306,"column":19},"end":{"line":306,"column":20}},"109":{"start":{"line":307,"column":27},"end":{"line":307,"column":43}},"110":{"start":{"line":308,"column":8},"end":{"line":313,"column":11}},"111":{"start":{"line":315,"column":6},"end":{"line":315,"column":43}},"112":{"start":{"line":317,"column":6},"end":{"line":317,"column":27}},"113":{"start":{"line":321,"column":25},"end":{"line":373,"column":3}},"114":{"start":{"line":322,"column":4},"end":{"line":372,"column":7}},"115":{"start":{"line":331,"column":6},"end":{"line":371,"column":7}},"116":{"start":{"line":333,"column":22},"end":{"line":333,"column":78}},"117":{"start":{"line":333,"column":57},"end":{"line":333,"column":77}},"118":{"start":{"line":334,"column":27},"end":{"line":334,"column":56}},"119":{"start":{"line":336,"column":25},"end":{"line":342,"column":9}},"120":{"start":{"line":346,"column":25},"end":{"line":348,"column":9}},"121":{"start":{"line":347,"column":20},"end":{"line":347,"column":47}},"122":{"start":{"line":351,"column":8},"end":{"line":370,"column":9}},"123":{"start":{"line":352,"column":10},"end":{"line":354,"column":13}},"124":{"start":{"line":358,"column":27},"end":{"line":364,"column":11}},"125":{"start":{"line":367,"column":10},"end":{"line":369,"column":13}},"126":{"start":{"line":368,"column":12},"end":{"line":368,"column":42}},"127":{"start":{"line":375,"column":26},"end":{"line":400,"column":3}},"128":{"start":{"line":376,"column":4},"end":{"line":399,"column":7}},"129":{"start":{"line":385,"column":6},"end":{"line":398,"column":7}},"130":{"start":{"line":387,"column":22},"end":{"line":387,"column":78}},"131":{"start":{"line":387,"column":57},"end":{"line":387,"column":77}},"132":{"start":{"line":388,"column":27},"end":{"line":388,"column":56}},"133":{"start":{"line":390,"column":8},"end":{"line":393,"column":11}},"134":{"start":{"line":395,"column":8},"end":{"line":397,"column":11}},"135":{"start":{"line":396,"column":10},"end":{"line":396,"column":40}},"136":{"start":{"line":402,"column":2},"end":{"line":589,"column":4}},"137":{"start":{"line":431,"column":29},"end":{"line":431,"column":56}},"138":{"start":{"line":437,"column":29},"end":{"line":437,"column":54}},"139":{"start":{"line":443,"column":29},"end":{"line":443,"column":56}},"140":{"start":{"line":451,"column":29},"end":{"line":451,"column":57}},"141":{"start":{"line":459,"column":29},"end":{"line":459,"column":63}},"142":{"start":{"line":466,"column":16},"end":{"line":466,"column":51}},"143":{"start":{"line":476,"column":16},"end":{"line":476,"column":34}},"144":{"start":{"line":512,"column":16},"end":{"line":512,"column":75}},"145":{"start":{"line":529,"column":20},"end":{"line":531,"column":31}},"146":{"start":{"line":543,"column":16},"end":{"line":543,"column":47}},"147":{"start":{"line":555,"column":16},"end":{"line":555,"column":48}},"148":{"start":{"line":565,"column":16},"end":{"line":565,"column":41}},"149":{"start":{"line":566,"column":16},"end":{"line":566,"column":41}},"150":{"start":{"line":567,"column":16},"end":{"line":567,"column":29}}},"fnMap":{"0":{"name":"CustomDataGrid","decl":{"start":{"line":20,"column":24},"end":{"line":20,"column":38}},"loc":{"start":{"line":20,"column":49},"end":{"line":590,"column":1}},"line":20},"1":{"name":"stringToColor","decl":{"start":{"line":34,"column":11},"end":{"line":34,"column":24}},"loc":{"start":{"line":34,"column":33},"end":{"line":52,"column":3}},"line":34},"2":{"name":"stringAvatar","decl":{"start":{"line":54,"column":11},"end":{"line":54,"column":23}},"loc":{"start":{"line":54,"column":30},"end":{"line":61,"column":3}},"line":54},"3":{"name":"(anonymous_3)","decl":{"start":{"line":63,"column":23},"end":{"line":63,"column":24}},"loc":{"start":{"line":63,"column":35},"end":{"line":75,"column":3}},"line":63},"4":{"name":"(anonymous_4)","decl":{"start":{"line":77,"column":29},"end":{"line":77,"column":30}},"loc":{"start":{"line":77,"column":42},"end":{"line":103,"column":3}},"line":77},"5":{"name":"(anonymous_5)","decl":{"start":{"line":107,"column":23},"end":{"line":107,"column":24}},"loc":{"start":{"line":107,"column":34},"end":{"line":112,"column":3}},"line":107},"6":{"name":"(anonymous_6)","decl":{"start":{"line":116,"column":29},"end":{"line":116,"column":30}},"loc":{"start":{"line":116,"column":41},"end":{"line":176,"column":3}},"line":116},"7":{"name":"(anonymous_7)","decl":{"start":{"line":117,"column":22},"end":{"line":117,"column":23}},"loc":{"start":{"line":117,"column":34},"end":{"line":173,"column":5}},"line":117},"8":{"name":"(anonymous_8)","decl":{"start":{"line":137,"column":24},"end":{"line":137,"column":25}},"loc":{"start":{"line":137,"column":38},"end":{"line":144,"column":19}},"line":137},"9":{"name":"(anonymous_9)","decl":{"start":{"line":145,"column":25},"end":{"line":145,"column":26}},"loc":{"start":{"line":145,"column":36},"end":{"line":147,"column":19}},"line":145},"10":{"name":"(anonymous_10)","decl":{"start":{"line":166,"column":21},"end":{"line":166,"column":22}},"loc":{"start":{"line":166,"column":27},"end":{"line":168,"column":11}},"line":166},"11":{"name":"(anonymous_11)","decl":{"start":{"line":180,"column":29},"end":{"line":180,"column":30}},"loc":{"start":{"line":180,"column":49},"end":{"line":189,"column":3}},"line":180},"12":{"name":"getFileExtensionFromContentType","decl":{"start":{"line":191,"column":11},"end":{"line":191,"column":42}},"loc":{"start":{"line":191,"column":56},"end":{"line":194,"column":3}},"line":191},"13":{"name":"(anonymous_13)","decl":{"start":{"line":198,"column":30},"end":{"line":198,"column":31}},"loc":{"start":{"line":198,"column":42},"end":{"line":212,"column":3}},"line":198},"14":{"name":"(anonymous_14)","decl":{"start":{"line":214,"column":25},"end":{"line":214,"column":26}},"loc":{"start":{"line":214,"column":43},"end":{"line":237,"column":3}},"line":214},"15":{"name":"(anonymous_15)","decl":{"start":{"line":226,"column":12},"end":{"line":226,"column":13}},"loc":{"start":{"line":226,"column":24},"end":{"line":236,"column":5}},"line":226},"16":{"name":"(anonymous_16)","decl":{"start":{"line":232,"column":71},"end":{"line":232,"column":72}},"loc":{"start":{"line":232,"column":77},"end":{"line":234,"column":9}},"line":232},"17":{"name":"(anonymous_17)","decl":{"start":{"line":251,"column":18},"end":{"line":251,"column":19}},"loc":{"start":{"line":251,"column":30},"end":{"line":285,"column":7}},"line":251},"18":{"name":"(anonymous_18)","decl":{"start":{"line":256,"column":23},"end":{"line":256,"column":24}},"loc":{"start":{"line":256,"column":30},"end":{"line":256,"column":57}},"line":256},"19":{"name":"(anonymous_19)","decl":{"start":{"line":264,"column":23},"end":{"line":264,"column":24}},"loc":{"start":{"line":264,"column":30},"end":{"line":264,"column":64}},"line":264},"20":{"name":"(anonymous_20)","decl":{"start":{"line":270,"column":23},"end":{"line":270,"column":24}},"loc":{"start":{"line":270,"column":30},"end":{"line":270,"column":63}},"line":270},"21":{"name":"(anonymous_21)","decl":{"start":{"line":278,"column":23},"end":{"line":278,"column":24}},"loc":{"start":{"line":278,"column":30},"end":{"line":278,"column":59}},"line":278},"22":{"name":"(anonymous_22)","decl":{"start":{"line":293,"column":25},"end":{"line":293,"column":26}},"loc":{"start":{"line":293,"column":43},"end":{"line":319,"column":3}},"line":293},"23":{"name":"(anonymous_23)","decl":{"start":{"line":321,"column":25},"end":{"line":321,"column":26}},"loc":{"start":{"line":321,"column":38},"end":{"line":373,"column":3}},"line":321},"24":{"name":"(anonymous_24)","decl":{"start":{"line":330,"column":12},"end":{"line":330,"column":13}},"loc":{"start":{"line":330,"column":30},"end":{"line":372,"column":5}},"line":330},"25":{"name":"(anonymous_25)","decl":{"start":{"line":333,"column":47},"end":{"line":333,"column":48}},"loc":{"start":{"line":333,"column":57},"end":{"line":333,"column":77}},"line":333},"26":{"name":"(anonymous_26)","decl":{"start":{"line":347,"column":10},"end":{"line":347,"column":11}},"loc":{"start":{"line":347,"column":20},"end":{"line":347,"column":47}},"line":347},"27":{"name":"(anonymous_27)","decl":{"start":{"line":352,"column":69},"end":{"line":352,"column":70}},"loc":{"start":{"line":352,"column":75},"end":{"line":354,"column":11}},"line":352},"28":{"name":"(anonymous_28)","decl":{"start":{"line":367,"column":73},"end":{"line":367,"column":74}},"loc":{"start":{"line":367,"column":79},"end":{"line":369,"column":11}},"line":367},"29":{"name":"(anonymous_29)","decl":{"start":{"line":375,"column":26},"end":{"line":375,"column":27}},"loc":{"start":{"line":375,"column":39},"end":{"line":400,"column":3}},"line":375},"30":{"name":"(anonymous_30)","decl":{"start":{"line":384,"column":12},"end":{"line":384,"column":13}},"loc":{"start":{"line":384,"column":24},"end":{"line":399,"column":5}},"line":384},"31":{"name":"(anonymous_31)","decl":{"start":{"line":387,"column":47},"end":{"line":387,"column":48}},"loc":{"start":{"line":387,"column":57},"end":{"line":387,"column":77}},"line":387},"32":{"name":"(anonymous_32)","decl":{"start":{"line":395,"column":73},"end":{"line":395,"column":74}},"loc":{"start":{"line":395,"column":79},"end":{"line":397,"column":9}},"line":395},"33":{"name":"(anonymous_33)","decl":{"start":{"line":431,"column":22},"end":{"line":431,"column":23}},"loc":{"start":{"line":431,"column":29},"end":{"line":431,"column":56}},"line":431},"34":{"name":"(anonymous_34)","decl":{"start":{"line":437,"column":22},"end":{"line":437,"column":23}},"loc":{"start":{"line":437,"column":29},"end":{"line":437,"column":54}},"line":437},"35":{"name":"(anonymous_35)","decl":{"start":{"line":443,"column":22},"end":{"line":443,"column":23}},"loc":{"start":{"line":443,"column":29},"end":{"line":443,"column":56}},"line":443},"36":{"name":"(anonymous_36)","decl":{"start":{"line":451,"column":22},"end":{"line":451,"column":23}},"loc":{"start":{"line":451,"column":29},"end":{"line":451,"column":57}},"line":451},"37":{"name":"(anonymous_37)","decl":{"start":{"line":459,"column":22},"end":{"line":459,"column":23}},"loc":{"start":{"line":459,"column":29},"end":{"line":459,"column":63}},"line":459},"38":{"name":"(anonymous_38)","decl":{"start":{"line":465,"column":23},"end":{"line":465,"column":24}},"loc":{"start":{"line":465,"column":30},"end":{"line":468,"column":15}},"line":465},"39":{"name":"(anonymous_39)","decl":{"start":{"line":475,"column":23},"end":{"line":475,"column":24}},"loc":{"start":{"line":475,"column":29},"end":{"line":478,"column":15}},"line":475},"40":{"name":"(anonymous_40)","decl":{"start":{"line":511,"column":34},"end":{"line":511,"column":35}},"loc":{"start":{"line":512,"column":16},"end":{"line":512,"column":75}},"line":512},"41":{"name":"(anonymous_41)","decl":{"start":{"line":528,"column":38},"end":{"line":528,"column":39}},"loc":{"start":{"line":529,"column":20},"end":{"line":531,"column":31}},"line":529},"42":{"name":"(anonymous_42)","decl":{"start":{"line":541,"column":23},"end":{"line":541,"column":24}},"loc":{"start":{"line":541,"column":30},"end":{"line":544,"column":15}},"line":541},"43":{"name":"(anonymous_43)","decl":{"start":{"line":553,"column":23},"end":{"line":553,"column":24}},"loc":{"start":{"line":553,"column":30},"end":{"line":556,"column":15}},"line":553},"44":{"name":"(anonymous_44)","decl":{"start":{"line":564,"column":23},"end":{"line":564,"column":24}},"loc":{"start":{"line":564,"column":29},"end":{"line":569,"column":15}},"line":564}},"branchMap":{"0":{"loc":{"start":{"line":131,"column":8},"end":{"line":169,"column":9}},"type":"if","locations":[{"start":{"line":131,"column":8},"end":{"line":169,"column":9}},{"start":{"line":156,"column":15},"end":{"line":169,"column":9}}],"line":131},"1":{"loc":{"start":{"line":131,"column":12},"end":{"line":131,"column":54}},"type":"binary-expr","locations":[{"start":{"line":131,"column":12},"end":{"line":131,"column":21}},{"start":{"line":131,"column":25},"end":{"line":131,"column":54}}],"line":131},"2":{"loc":{"start":{"line":133,"column":12},"end":{"line":149,"column":13}},"type":"if","locations":[{"start":{"line":133,"column":12},"end":{"line":149,"column":13}},{"start":{},"end":{}}],"line":133},"3":{"loc":{"start":{"line":227,"column":6},"end":{"line":235,"column":7}},"type":"if","locations":[{"start":{"line":227,"column":6},"end":{"line":235,"column":7}},{"start":{},"end":{}}],"line":227},"4":{"loc":{"start":{"line":331,"column":6},"end":{"line":371,"column":7}},"type":"if","locations":[{"start":{"line":331,"column":6},"end":{"line":371,"column":7}},{"start":{},"end":{}}],"line":331},"5":{"loc":{"start":{"line":351,"column":8},"end":{"line":370,"column":9}},"type":"if","locations":[{"start":{"line":351,"column":8},"end":{"line":370,"column":9}},{"start":{"line":357,"column":13},"end":{"line":370,"column":9}}],"line":351},"6":{"loc":{"start":{"line":385,"column":6},"end":{"line":398,"column":7}},"type":"if","locations":[{"start":{"line":385,"column":6},"end":{"line":398,"column":7}},{"start":{},"end":{}}],"line":385},"7":{"loc":{"start":{"line":430,"column":26},"end":{"line":430,"column":79}},"type":"cond-expr","locations":[{"start":{"line":430,"column":43},"end":{"line":430,"column":72}},{"start":{"line":430,"column":75},"end":{"line":430,"column":79}}],"line":430},"8":{"loc":{"start":{"line":436,"column":26},"end":{"line":436,"column":77}},"type":"cond-expr","locations":[{"start":{"line":436,"column":43},"end":{"line":436,"column":70}},{"start":{"line":436,"column":73},"end":{"line":436,"column":77}}],"line":436},"9":{"loc":{"start":{"line":442,"column":26},"end":{"line":442,"column":79}},"type":"cond-expr","locations":[{"start":{"line":442,"column":43},"end":{"line":442,"column":72}},{"start":{"line":442,"column":75},"end":{"line":442,"column":79}}],"line":442},"10":{"loc":{"start":{"line":449,"column":14},"end":{"line":449,"column":68}},"type":"cond-expr","locations":[{"start":{"line":449,"column":31},"end":{"line":449,"column":61}},{"start":{"line":449,"column":64},"end":{"line":449,"column":68}}],"line":449},"11":{"loc":{"start":{"line":457,"column":14},"end":{"line":457,"column":74}},"type":"cond-expr","locations":[{"start":{"line":457,"column":31},"end":{"line":457,"column":67}},{"start":{"line":457,"column":70},"end":{"line":457,"column":74}}],"line":457}},"s":{"0":9,"1":9,"2":9,"3":9,"4":9,"5":9,"6":9,"7":9,"8":9,"9":9,"10":9,"11":0,"12":0,"13":0,"14":0,"15":0,"16":0,"17":0,"18":0,"19":0,"20":9,"21":0,"22":0,"23":0,"24":0,"25":0,"26":0,"27":0,"28":0,"29":0,"30":9,"31":0,"32":0,"33":0,"34":0,"35":0,"36":9,"37":9,"38":0,"39":0,"40":0,"41":9,"42":0,"43":0,"44":0,"45":0,"46":0,"47":0,"48":0,"49":0,"50":0,"51":0,"52":0,"53":0,"54":0,"55":0,"56":0,"57":0,"58":0,"59":0,"60":0,"61":0,"62":0,"63":0,"64":0,"65":0,"66":0,"67":0,"68":0,"69":0,"70":9,"71":0,"72":0,"73":0,"74":0,"75":0,"76":0,"77":9,"78":0,"79":0,"80":0,"81":0,"82":0,"83":0,"84":0,"85":0,"86":0,"87":0,"88":9,"89":0,"90":0,"91":0,"92":0,"93":0,"94":0,"95":0,"96":9,"97":0,"98":0,"99":0,"100":0,"101":0,"102":9,"103":9,"104":0,"105":0,"106":0,"107":0,"108":0,"109":0,"110":0,"111":0,"112":0,"113":9,"114":0,"115":0,"116":0,"117":0,"118":0,"119":0,"120":0,"121":0,"122":0,"123":0,"124":0,"125":0,"126":0,"127":9,"128":0,"129":0,"130":0,"131":0,"132":0,"133":0,"134":0,"135":0,"136":9,"137":0,"138":0,"139":0,"140":0,"141":0,"142":0,"143":0,"144":0,"145":0,"146":0,"147":0,"148":0,"149":0,"150":0},"f":{"0":9,"1":0,"2":0,"3":0,"4":0,"5":0,"6":0,"7":0,"8":0,"9":0,"10":0,"11":0,"12":0,"13":0,"14":0,"15":0,"16":0,"17":0,"18":0,"19":0,"20":0,"21":0,"22":0,"23":0,"24":0,"25":0,"26":0,"27":0,"28":0,"29":0,"30":0,"31":0,"32":0,"33":0,"34":0,"35":0,"36":0,"37":0,"38":0,"39":0,"40":0,"41":0,"42":0,"43":0,"44":0},"b":{"0":[0,0],"1":[0,0],"2":[0,0],"3":[0,0],"4":[0,0],"5":[0,0],"6":[0,0],"7":[0,9],"8":[0,9],"9":[0,9],"10":[0,9],"11":[0,9]},"_coverageSchema":"1a1c01bbd47fc00a2c39e90264f33305004495a9","hash":"2d1b52943485264535ff31dc36fee7b7c3327fa4"}
,"C:\\Users\\muaaz\\Desktop\\Wits\\3rd\\COMS\\COMS3009A - Software Design\\Project\\website\\src\\components\\datagridArenaLeaderboard.js": {"path":"C:\\Users\\muaaz\\Desktop\\Wits\\3rd\\COMS\\COMS3009A - Software Design\\Project\\website\\src\\components\\datagridArenaLeaderboard.js","statementMap":{"0":{"start":{"line":13,"column":23},"end":{"line":16,"column":14}},"1":{"start":{"line":14,"column":23},"end":{"line":14,"column":76}},"2":{"start":{"line":14,"column":48},"end":{"line":14,"column":75}},"3":{"start":{"line":15,"column":8},"end":{"line":15,"column":78}},"4":{"start":{"line":15,"column":43},"end":{"line":15,"column":75}},"5":{"start":{"line":18,"column":20},"end":{"line":49,"column":5}},"6":{"start":{"line":35,"column":27},"end":{"line":35,"column":47}},"7":{"start":{"line":36,"column":27},"end":{"line":38,"column":13}},"8":{"start":{"line":37,"column":42},"end":{"line":37,"column":63}},"9":{"start":{"line":40,"column":12},"end":{"line":40,"column":46}},"10":{"start":{"line":45,"column":54},"end":{"line":47,"column":11}},"11":{"start":{"line":52,"column":28},"end":{"line":54,"column":5}},"12":{"start":{"line":53,"column":8},"end":{"line":53,"column":72}},"13":{"start":{"line":55,"column":4},"end":{"line":71,"column":6}}},"fnMap":{"0":{"name":"CustomDataGrid","decl":{"start":{"line":10,"column":24},"end":{"line":10,"column":38}},"loc":{"start":{"line":10,"column":77},"end":{"line":72,"column":1}},"line":10},"1":{"name":"(anonymous_1)","decl":{"start":{"line":13,"column":37},"end":{"line":13,"column":38}},"loc":{"start":{"line":13,"column":43},"end":{"line":16,"column":5}},"line":13},"2":{"name":"(anonymous_2)","decl":{"start":{"line":14,"column":38},"end":{"line":14,"column":39}},"loc":{"start":{"line":14,"column":48},"end":{"line":14,"column":75}},"line":14},"3":{"name":"(anonymous_3)","decl":{"start":{"line":15,"column":26},"end":{"line":15,"column":27}},"loc":{"start":{"line":15,"column":43},"end":{"line":15,"column":75}},"line":15},"4":{"name":"(anonymous_4)"
[...]
},"35":{"start":{"line":125,"column":32},"end":{"line":125,"column":44}},"36":{"start":{"line":126,"column":28},"end":{"line":126,"column":40}},"37":{"start":{"line":127,"column":34},"end":{"line":127,"column":46}},"38":{"start":{"line":128,"column":34},"end":{"line":128,"column":46}},"39":{"start":{"line":130,"column":42},"end":{"line":130,"column":57}},"40":{"start":{"line":131,"column":40},"end":{"line":131,"column":52}},"41":{"start":{"line":132,"column":44},"end":{"line":132,"column":59}},"42":{"start":{"line":135,"column":2},"end":{"line":139,"column":28}},"43":{"start":{"line":136,"column":4},"end":{"line":138,"column":5}},"44":{"start":{"line":137,"column":6},"end":{"line":137,"column":23}},"45":{"start":{"line":141,"column":20},"end":{"line":143,"column":3}},"46":{"start":{"line":142,"column":4},"end":{"line":142,"column":26}},"47":{"start":{"line":145,"column":21},"end":{"line":147,"column":3}},"48":{"start":{"line":146,"column":4},"end":{"line":146,"column":27}},"49":{"start":{"line":150,"column":4},"end":{"line":150,"column":21}},"50":{"start":{"line":151,"column":4},"end":{"line":151,"column":26}},"51":{"start":{"line":155,"column":23},"end":{"line":166,"column":3}},"52":{"start":{"line":156,"column":4},"end":{"line":156,"column":27}},"53":{"start":{"line":157,"column":4},"end":{"line":165,"column":6}},"54":{"start":{"line":169,"column":33},"end":{"line":206,"column":3}},"55":{"start":{"line":170,"column":27},"end":{"line":170,"column":49}},"56":{"start":{"line":172,"column":4},"end":{"line":205,"column":5}},"57":{"start":{"line":174,"column":6},"end":{"line":174,"column":29}},"58":{"start":{"line":175,"column":6},"end":{"line":175,"column":29}},"59":{"start":{"line":177,"column":6},"end":{"line":183,"column":9}},"60":{"start":{"line":185,"column":6},"end":{"line":188,"column":15}},"61":{"start":{"line":187,"column":8},"end":{"line":187,"column":61}},"62":{"start":{"line":191,"column":6},"end":{"line":191,"column":24}},"63":{"start":{"line":192,"column":6},"end":{"line":192,"column":70}},"64":{"start":{"line":195,"column":6},"end":{"line":195,"column":30}},"65":{"start":{"line":196,"column":6},"end":{"line":196,"column":25}},"66":{"start":{"line":198,"column":6},"end":{"line":204,"column":9}},"67":{"start":{"line":208,"column":2},"end":{"line":362,"column":4}},"68":{"start":{"line":232,"column":29},"end":{"line":232,"column":52}},"69":{"start":{"line":239,"column":29},"end":{"line":239,"column":55}},"70":{"start":{"line":246,"column":29},"end":{"line":246,"column":53}},"71":{"start":{"line":253,"column":29},"end":{"line":253,"column":56}},"72":{"start":{"line":260,"column":29},"end":{"line":260,"column":56}},"73":{"start":{"line":273,"column":14},"end":{"line":281,"column":16}},"74":{"start":{"line":336,"column":39},"end":{"line":336,"column":73}},"75":{"start":{"line":347,"column":31},"end":{"line":347,"column":53}}},"fnMap":{"0":{"name":"sendEmail","decl":{"start":{"line":22,"column":9},"end":{"line":22,"column":18}},"loc":{"start":{"line":22,"column":26},"end":{"line":36,"column":1}},"line":22},"1":{"name":"(anonymous_1)","decl":{"start":{"line":30,"column":10},"end":{"line":30,"column":11}},"loc":{"start":{"line":30,"column":30},"end":{"line":32,"column":5}},"line":30},"2":{"name":"(anonymous_2)","decl":{"start":{"line":33,"column":11},"end":{"line":33,"column":12}},"loc":{"start":{"line":33,"column":28},"end":{"line":35,"column":5}},"line":33},"3":{"name":"hashPassword","decl":{"start":{"line":38,"column":9},"end":{"line":38,"column":21}},"loc":{"start":{"line":38,"column":32},"end":{"line":41,"column":1}},"line":38},"4":{"name":"postUserDetails","decl":{"start":{"line":43,"column":9},"end":{"line":43,"column":24}},"loc":{"start":{"line":43,"column":73},"end":{"line":51,"column":1}},"line":43},"5":{"name":"checkIfUserExists","decl":{"start":{"line":53,"column":15},"end":{"line":53,"column":32}},"loc":{"start":{"line":53,"column":60},"end":{"line":66,"column":1}},"line":53},"6":{"name":"validateInput","decl":{"start":{"line":68,"column":9},"end":{"line":68,"column":22}},"loc":{"start":{"line":75,"column":2},"end":{"line":97,"column":1}},"line":75},"7":{"name":"(anonymous_7)","decl":{"start":{"line":99,"column":19},"end":{"line":99,"column":20}},"loc":{"start":{"line":107,"column":5},"end":{"line":120,"column":1}},"line":107},"8":{"name":"(anonymous_8)","decl":{"start":{"line":122,"column":17},"end":{"line":122,"column":18}},"loc":{"start":{"line":122,"column":28},"end":{"line":363,"column":1}},"line":122},"9":{"name":"(anonymous_9)","decl":{"start":{"line":135,"column":12},"end":{"line":135,"column":13}},"loc":{"start":{"line":135,"column":18},"end":{"line":139,"column":3}},"line":135},"10":{"name":"(anonymous_10)","decl":{"start":{"line":141,"column":20},"end":{"line":141,"column":21}},"loc":{"start":{"line":141,"column":26},"end":{"line":143,"column":3}},"line":141},"11":{"name":"(anonymous_11)","decl":{"start":{"line":145,"column":21},"end":{"line":145,"column":22}},"loc":{"start":{"line":145,"column":27},"end":{"line":147,"column":3}},"line":145},"12":{"name":"handleClickToSendEmail","decl":{"start":{"line":149,"column":11},"end":{"line":149,"column":33}},"loc":{"start":{"line":149,"column":41},"end":{"line":152,"column":3}},"line":149},"13":{"name":"(anonymous_13)","decl":{"start":{"line":155,"column":23},"end":{"line":155,"column":24}},"loc":{"start":{"line":155,"column":34},"end":{"line":166,"column":3}},"line":155},"14":{"name":"(anonymous_14)","decl":{"start":{"line":169,"column":33},"end":{"line":169,"column":34}},"loc":{"start":{"line":169,"column":39},"end":{"line":206,"column":3}},"line":169},"15":{"name":"(anonymous_15)","decl":{"start":{"line":185,"column":17},"end":{"line":185,"column":18}},"loc":{"start":{"line":185,"column":23},"end":{"line":188,"column":7}},"line":185},"16":{"name":"(anonymous_16)","decl":{"start":{"line":232,"column":22},"end":{"line":232,"column":23}},"loc":{"start":{"line":232,"column":29},"end":{"line":232,"column":52}},"line":232},"17":{"name":"(anonymous_17)","decl":{"start":{"line":239,"column":22},"end":{"line":239,"column":23}},"loc":{"start":{"line":239,"column":29},"end":{"line":239,"column":55}},"line":239},"18":{"name":"(anonymous_18)","decl":{"start":{"line":246,"column":22},"end":{"line":246,"column":23}},"loc":{"start":{"line":246,"column":29},"end":{"line":246,"column":53}},"line":246},"19":{"name":"(anonymous_19)","decl":{"start":{"line":253,"column":22},"end":{"line":253,"column":23}},"loc":{"start":{"line":253,"column":29},"end":{"line":253,"column":56}},"line":253},"20":{"name":"(anonymous_20)","decl":{"start":{"line":260,"column":22},"end":{"line":260,"column":23}},"loc":{"start":{"line":260,"column":29},"end":{"line":260,"column":56}},"line":260},"21":{"name":"(anonymous_21)","decl":{"start":{"line":271,"column":21},"end":{"line":271,"column":22}},"loc":{"start":{"line":271,"column":27},"end":{"line":282,"column":13}},"line":271},"22":{"name":"(anonymous_22)","decl":{"start":{"line":336,"column":28},"end":{"line":336,"column":29}},"loc":{"start":{"line":336,"column":39},"end":{"line":336,"column":73}},"line":336},"23":{"name":"(anonymous_23)","decl":{"start":{"line":347,"column":25},"end":{"line":347,"column":26}},"loc":{"start":{"line":347,"column":31},"end":{"line":347,"column":53}},"line":347}},"branchMap":{"0":{"loc":{"start":{"line":59,"column":2},"end":{"line":65,"column":3}},"type":"if","locations":[{"start":{"line":59,"column":2},"end":{"line":65,"column":3}},{"start":{"line":62,"column":9},"end":{"line":65,"column":3}}],"line":59},"1":{"loc":{"start":{"line":79,"column":2},"end":{"line":96,"column":3}},"type":"if","locations":[{"start":{"line":79,"column":2},"end":{"line":96,"column":3}},{"start":{"line":88,"column":9},"end":{"line":96,"column":3}}],"line":79},"2":{"loc":{"start":{"line":80,"column":4},"end":{"line":84,"column":19}},"type":"binary-expr","locations":[{"start":{"line":80,"column":4},"end":{"line":80,"column":15}},{"start":{"line":81,"column":4},"end":{"line":81,"column":18}},{"start":{"line":82,"column":4},"end":{"line":82,"column":16}},{"start":{"line":83,"column":4},"end":{"line":83,"column":19}},{"start":{"line":84,"column":4},"end":{"line":84,"column":19}}],"line":80},"3":{"loc":{"start":{"line":88,"column":9},"end":{"line":96,"column":3}},"type":"if","locations":[{"start":{"line":88,"column":9},"end":{"line":96,"column":3}},{"start":{"line":91,"column":9},"end":{"line":96,"column":3}}],"line":88},"4":{"loc":{"start":{"line":91,"column":9},"end":{"line":96,"column":3}},"type":"if","locations":[{"start":{"line":91,"column":9},"end":{"line":96,"column":3}},{"start":{"line":94,"column":9},"end":{"line":96,"column":3}}],"line":91},"5":{"loc":{"start":{"line":117,"column":2},"end":{"line":119,"column":3}},"type":"if","locations":[{"start":{"line":117,"column":2},"end":{"line":119,"column":3}},{"start":{},"end":{}}],"line":117},"6":{"loc":{"start":{"line":136,"column":4},"end":{"line":138,"column":5}},"type":"if","locations":[{"start":{"line":136,"column":4},"end":{"line":138,"column":5}},{"start":{},"end":{}}],"line":136},"7":{"loc":{"start":{"line":172,"column":4},"end":{"line":205,"column":5}},"type":"if","locations":[{"start":{"line":172,"column":4},"end":{"line":205,"column":5}},{"start":{"line":193,"column":11},"end":{"line":205,"column":5}}],"line":172},"8":{"loc":{"start":{"line":354,"column":11},"end":{"line":354,"column":70}},"type":"binary-expr","locations":[{"start":{"line":354,"column":11},"end":{"line":354,"column":23}},{"start":{"line":354,"column":27},"end":{"line":354,"column":70}}],"line":354}},"s":{"0":1,"1":0,"2":0,"3":0,"4":0,"5":0,"6":1,"7":1,"8":2,"9":2,"10":2,"11":2,"12":1,"13":1,"14":1,"15":1,"16":5,"17":5,"18":5,"19":1,"20":1,"21":4,"22":1,"23":1,"24":3,"25":2,"26":2,"27":1,"28":1,"29":1,"30":1,"31":0,"32":1,"33":1,"34":1,"35":1,"36":1,"37":1,"38":1,"39":1,"40":1,"41":1,"42":1,"43":1,"44":0,"45":1,"46":0,"47":1,"48":0,"49":0,"50":0,"51":1,"52":0,"53":0,"54":1,"55":0,"56":0,"57":0,"58":0,"59":0,"60":0,"61":0,"62":0,"63":0,"64":0,"65":0,"66":0,"67":1,"68":0,"69":0,"70":0,"71":0,"72":0,"73":0,"74":0,"75":0},"f":{"0":0,"1":0,"2":0,"3":1,"4":2,"5":2,"6":5,"7":1,"8":1,"9":1,"10":0,"11":0,"12":0,"13":0,"14":0,"15":0,"16":0,"17":0,"18":0,"19":0,"20":0,"21":0,"22":0,"23":0},"b":{"0":[1,1],"1":[1,4],"2":[5,4,4,4,4],"3":[1,3],"4":[2,1],"5":[0,1],"6":[0,1],"7":[0,0],"8":[1,0]},"_coverageSchema":"1a1c01bbd47fc00a2c39e90264f33305004495a9","hash":"b50f5df898d0c2665e9b1f77b9d15a71b0dde31b"}
,"C:\\Users\\muaaz\\Desktop\\Wits\\3rd\\COMS\\COMS3009A - Software Design\\Project\\website\\src\\views\\teams.js": {"path":"C:\\Users\\muaaz\\Desktop\\Wits\\3rd\\COMS\\COMS3009A - Software Design\\Project\\website\\src\\views\\teams.js","statementMap":{"0":{"start":{"line":10,"column":23},"end":{"line":10,"column":55}},"1":{"start":{"line":11,"column":16},"end":{"line":11,"column":48}},"2":{"start":{"line":12,"column":18},"end":{"line":12,"column":52}},"3":{"start":{"line":13,"column":19},"end":{"line":13,"column":43}},"4":{"start":{"line":14,"column":17},"end":{"line":14,"column":19}},"5":{"start":{"line":15,"column":24},"end":{"line":15,"column":48}},"6":{"start":{"line":16,"column":18},"end":{"line":16,"column":25}},"7":{"start":{"line":17,"column":16},"end":{"line":17,"column":18}},"8":{"start":{"line":18,"column":16},"end":{"line":18,"column":18}},"9":{"start":{"line":21,"column":24},"end":{"line":28,"column":1}},"10":{"start":{"line":22,"column":19},"end":{"line":22,"column":53}},"11":{"start":{"line":23,"column":2},"end":{"line":23,"column":25}},"12":{"start":{"line":24,"column":2},"end":{"line":24,"column":38}},"13":{"start":{"line":25,"column":2},"end":{"line":25,"column":20}},"14":{"start":{"line":26,"column":2},"end":{"line":26,"column":31}},"15":{"start":{"line":27,"column":2},"end":{"line":27,"column":38}},"16":{"start":{"line":30,"column":14},"end":{"line":283,"column":1}},"17":{"start":{"line":31,"column":28},"end":{"line":31,"column":40}},"18":{"start":{"line":32,"column":34},"end":{"line":32,"column":46}},"19":{"start":{"line":33,"column":44},"end":{"line":33,"column":56}},"20":{"start":{"line":34,"column":34},"end":{"line":34,"column":46}},"21":{"start":{"line":35,"column":32},"end":{"line":35,"column":52}},"22":{"start":{"line":36,"column":45},"end":{"line":36,"column":57}},"23":{"start":{"line":40,"column":2},"end":{"line":109,"column":9}},"24":{"start":{"line":42,"column":22},"end":{"line":97,"column":5}},"25":{"start":{"line":43,"column":6},"end":{"line":96,"column":7}},"26":{"start":{"line":45,"column":36},"end":{"line":45,"column":109}},"27":{"start":{"line":46,"column":25},"end":{"line":46,"column":62}},"28":{"start":{"line":47,"column":8},"end":{"line":47,"column":65}},"29":{"start":{"line":48,"column":8},"end":{"line":48,"column":60}},"30":{"start":{"line":64,"column":36},"end":{"line":64,"column":114}},"31":{"start":{"line":65,"column":22},"end":{"line":65,"column":66}},"32":{"start":{"line":66,"column":8},"end":{"line":66,"column":70}},"33":{"start":{"line":69,"column":36},"end":{"line":74,"column":10}},"34":{"start":{"line":75,"column":21},"end":{"line":75,"column":45}},"35":{"start":{"line":77,"column":8},"end":{"line":83,"column":11}},"36":{"start":{"line":78,"column":25},"end":{"line":78,"column":45}},"37":{"start":{"line":79,"column":10},"end":{"line":81,"column":11}},"38":{"start":{"line":80,"column":12},"end":{"line":80,"column":37}},"39":{"start":{"line":82,"column":10},"end":{"line":82,"column":26}},"40":{"start":{"line":85,"column":8},"end":{"line":85,"column":36}},"41":{"start":{"line":91,"column":8},"end":{"line":91,"column":30}},"42":{"start":{"line":93,"column":8},"end":{"line":93,"column":24}},"43":{"start":{"line":95,"column":8},"end":{"line":95,"column":29}},"44":{"start":{"line":98,"column":4},"end":{"line":98,"column":16}},"45":{"start":{"line":101,"column":8},"end":{"line":103,"column":17}},"46":{"start":{"line":102,"column":10},"end":{"line":102,"column":28}},"47":{"start":{"line":105,"column":8},"end":{"line":107,"column":9}},"48":{"start":{"line":106,"column":10},"end":{"line":106,"column":39}},"49":{"start":{"line":111,"column":19},"end":{"line":137,"column":10}},"50":{"start":{"line":112,"column":23},"end":{"line":112,"column":42}},"51":{"start":{"line":113,"column":24},"end":{"line":113,"column":34}},"52":{"start":{"line":115,"column":27},"end":{"line":115,"column":71}},"53":{"start":{"line":118,"column":17},"end":{"line":118,"column":67}},"54":{"start":{"line":119,"column":18},"end":{"line":119,"column":89}},"55":{"start":{"line":120,"column":20},"end":{"line":120,"column":81}},"56":{"start":{"line":121,"column":20},"end":{"line":121,"column":69}},"57":{"start":{"line":123,"column":4},"end":{"line":123,"column":67}},"58":{"start":{"line":125,"column":4},"end":{"line":125,"column":90}},"59":{"start":{"line":131,"column":4},"end":{"line":135,"column":5}},"60":{"start":{"line":132,"column":6},"end":{"line":132,"column":49}},"61":{"start":{"line":134,"column":6},"end":{"line":134,"column":64}},"62":{"start":{"line":171,"column":2},"end":{"line":184,"column":3}},"63":{"start":{"line":172,"column":4},"end":{"line":172,"column":25}},"64":{"start":{"line":173,"column":4},"end":{"line":173,"column":39}},"65":{"start":{"line":175,"column":7},"end":{"line":184,"column":3}},"66":{"start":{"line":177,"column":4},"end":{"line":177,"column":23}},"67":{"start":{"line":178,"column":4},"end":{"line":178,"column":41}},"68":{"start":{"line":180,"column":7},"end":{"line":184,"column":3}},"69":{"start":{"line":182,"column":4},"end":{"line":182,"column":23}},"70":{"start":{"line":183,"column":4},"end":{"line":183,"column":41}},"71":{"start":{"line":186,"column":2},"end":{"line":282,"column":3}},"72":{"start":{"line":263,"column":10},"end":{"line":276,"column":12}},"73":{"start":{"line":272,"column":12},"end":{"line":275,"column":13}},"74":{"start":{"line":273,"column":14},"end":{"line":273,"column":41}}},"fnMap":{"0":{"name":"(anonymous_0)","decl":{"start":{"line":21,"column":24},"end":{"line":21,"column":25}},"loc":{"start":{"line":21,"column":35},"end":{"line":28,"column":1}},"line":21},"1":{"name":"(anonymous_1)","decl":{"start":{"line":30,"column":14},"end":{"line":30,"column":15}},"loc":{"start":{"line":30,"column":25},"end":{"line":283,"column":1}},"line":30},"2":{"name":"(anonymous_2)","decl":{"start":{"line":40,"column":12},"end":{"line":40,"column":13}},"loc":{"start":{"line":40,"column":18},"end":{"line":109,"column":3}},"line":40},"3":{"name":"(anonymous_3)","decl":{"start":{"line":42,"column":22},"end":{"line":42,"column":23}},"loc":{"start":{"line":42,"column":34},"end":{"line":97,"column":5}},"line":42},"4":{"name":"(anonymous_4)","decl":{"start":{"line":77,"column":29},"end":{"line":77,"column":30}},"loc":{"start":{"line":77,"column":41},"end":{"line":83,"column":9}},"line":77},"5":{"name":"(anonymous_5)","decl":{"start":{"line":101,"column":19},"end":{"line":101,"column":20}},"loc":{"start":{"line":101,"column":25},"end":{"line":103,"column":9}},"line":101},"6":{"name":"(anonymous_6)","decl":{"start":{"line":111,"column":31},"end":{"line":111,"column":32}},"loc":{"start":{"line":111,"column":37},"end":{"line":137,"column":3}},"line":111},"7":{"name":"(anonymous_7)","decl":{"start":{"line":262,"column":21},"end":{"line":262,"column":22}},"loc":{"start":{"line":262,"column":27},"end":{"line":277,"column":9}},"line":262},"8":{"name":"(anonymous_8)","decl":{"start":{"line":271,"column":20},"end":{"line":271,"column":21}},"loc":{"start":{"line":271,"column":32},"end":{"line":276,"column":11}},"line":271}},"branchMap":{"0":{"loc":{"start":{"line":79,"column":10},"end":{"line":81,"column":11}},"type":"if","locations":[{"start":{"line":79,"column":10},"end":{"line":81,"column":11}},{"start":{},"end":{}}],"line":79},"1":{"loc":{"start":{"line":105,"column":8},"end":{"line":107,"column":9}},"type":"if","locations":[{"start":{"line":105,"column":8},"end":{"line":107,"column":9}},{"start":{},"end":{}}],"line":105},"2":{"loc":{"start":{"line":131,"column":4},"end":{"line":135,"column":5}},"type":"if","locations":[{"start":{"line":131,"column":4},"end":{"line":135,"column":5}},{"start":{},"end":{}}],"line":131},"3":{"loc":{"start":{"line":131,"column":8},"end":{"line":131,"column":42}},"type":"binary-expr","locations":[{"start":{"line":131,"column":9},"end":{"line":131,"column":20}},{"start":{"line":131,"column":26},"end":{"line":131,"column":41}}],"line":131},"4":{"loc":{"start":{"line":171,"column":2},"end":{"line":184,"column":3}},"type":"if","locations":[{"start":{"line":171,"column":2},"end":{"line":184,"column":3}},{"start":{"line":175,"column":7},"end":{"line":184,"column":3}}],"line":171},"5":{"loc":{"start":{"line":175,"column":7},"end":{"line":184,"column":3}},"type":"if","locations":[{"start":{"line":175,"column":7},"end":{"line":184,"column":3}},{"start":{"line":180,"column":7},"end":{"line":184,"column":3}}],"line":175},"6":{"loc":{"start":{"line":180,"column":7},"end":{"line":184,"column":3}},"type":"if","locations":[{"start":{"line":180,"column":7},"end":{"line":184,"column":3}},{"start":{},"end":{}}],"line":180},"7":{"loc":{"start":{"line":272,"column":12},"end":{"line":275,"column":13}},"type":"if","locations":[{"start":{"line":272,"column":12},"end":{"line":275,"column":13}},{"start":{},"end":{}}],"line":272}},"s":{"0":0,"1":0,"2":0,"3":0,"4":0,"5":0,"6":0,"7":0,"8":0,"9":0,"10":0,"11":0,"12":0,"13":0,"14":0,"15":0,"16":0,"17":0,"18":0,"19":0,"20":0,"21":0,"22":0,"23":0,"24":0,"25":0,"26":0,"27":0,"28":0,"29":0,"30":0,"31":0,"32":0,"33":0,"34":0,"35":0,"36":0,"37":0,"38":0,"39":0,"40":0,"41":0,"42":0,"43":0,"44":0,"45":0,"46":0,"47":0,"48":0,"49":0,"50":0,"51":0,"52":0,"53":0,"54":0,"55":0,"56":0,"57":0,"58":0,"59":0,"60":0,"61":0,"62":0,"63":0,"64":0,"65":0,"66":0,"67":0,"68":0,"69":0,"70":0,"71":0,"72":0,"73":0,"74":0},"f":{"0":0,"1":0,"2":0,"3":0,"4":0,"5":0,"6":0,"7":0,"8":0},"b":{"0":[0,0],"1":[0,0],"2":[0,0],"3":[0,0],"4":[0,0],"5":[0,0],"6":[0,0],"7":[0,0]}}
}
