{"C:\\Users\\Abdullah Karolia\\Desktop\\Project ARENA\\website\\src\\index.js": {"path":"C:\\Users\\Abdullah Karolia\\Desktop\\Project ARENA\\website\\src\\index.js","statementMap":{"0":{"start":{"line":29,"column":12},"end":{"line":58,"column":1}},"1":{"start":{"line":30,"column":2},"end":{"line":57,"column":4}},"2":{"start":{"line":60,"column":0},"end":{"line":60,"column":57}}},"fnMap":{"0":{"name":"(anonymous_0)","decl":{"start":{"line":29,"column":12},"end":{"line":29,"column":13}},"loc":{"start":{"line":29,"column":18},"end":{"line":58,"column":1}},"line":29}},"branchMap":{},"s":{"0":0,"1":0,"2":0},"f":{"0":0},"b":{}}
,"C:\\Users\\Abdullah Karolia\\Desktop\\Project ARENA\\website\\src\\components\\CalenderComp.js": {"path":"C:\\Users\\Abdullah Karolia\\Desktop\\Project ARENA\\website\\src\\components\\CalenderComp.js","statementMap":{"0":{"start":{"line":12,"column":21},"end":{"line":121,"column":1}},"1":{"start":{"line":13,"column":34},"end":{"line":13,"column":46}},"2":{"start":{"line":15,"column":26},"end":{"line":15,"column":41}},"3":{"start":{"line":16,"column":17},"end":{"line":16,"column":29}},"4":{"start":{"line":18,"column":28},"end":{"line":24,"column":4}},"5":{"start":{"line":26,"column":2},"end":{"line":26,"column":55}},"6":{"start":{"line":27,"column":2},"end":{"line":27,"column":51}},"7":{"start":{"line":29,"column":2},"end":{"line":34,"column":9}},"8":{"start":{"line":31,"column":4},"end":{"line":31,"column":50}},"9":{"start":{"line":32,"column":4},"end":{"line":32,"column":61}},"10":{"start":{"line":33,"column":4},"end":{"line":33,"column":65}},"11":{"start":{"line":36,"column":23},"end":{"line":41,"column":3}},"12":{"start":{"line":37,"column":4},"end":{"line":37,"column":23}},"13":{"start":{"line":38,"column":4},"end":{"line":40,"column":5}},"14":{"start":{"line":39,"column":6},"end":{"line":39,"column":21}},"15":{"start":{"line":43,"column":29},"end":{"line":47,"column":3}},"16":{"start":{"line":44,"column":4},"end":{"line":46,"column":5}},"17":{"start":{"line":45,"column":6},"end":{"line":45,"column":21}},"18":{"start":{"line":50,"column":4},"end":{"line":55,"column":6}},"19":{"start":{"line":56,"column":4},"end":{"line":56,"column":44}},"20":{"start":{"line":59,"column":2},"end":{"line":120,"column":4}},"21":{"start":{"line":87,"column":23},"end":{"line":87,"column":47}},"22":{"start":{"line":87,"column":41},"end":{"line":87,"column":46}},"23":{"start":{"line":101,"column":14},"end":{"line":106,"column":16}},"24":{"start":{"line":107,"column":14},"end":{"line":107,"column":41}}},"fnMap":{"0":{"name":"(anonymous_0)","decl":{"start":{"line":12,"column":21},"end":{"line":12,"column":22}},"loc":{"start":{"line":12,"column":27},"end":{"line":121,"column":1}},"line":12},"1":{"name":"(anonymous_1)","decl":{"start":{"line":29,"column":12},"end":{"line":29,"column":13}},"loc":{"start":{"line":29,"column":18},"end":{"line":34,"column":3}},"line":29},"2":{"name":"(anonymous_2)","decl":{"start":{"line":36,"column":23},"end":{"line":36,"column":24}},"loc":{"start":{"line":36,"column":30},"end":{"line":41,"column":3}},"line":36},"3":{"name":"(anonymous_3)","decl":{"start":{"line":43,"column":29},"end":{"line":43,"column":30}},"loc":{"start":{"line":43,"column":36},"end":{"line":47,"column":3}},"line":43},"4":{"name":"handleSelect","decl":{"start":{"line":49,"column":11},"end":{"line":49,"column":23}},"loc":{"start":{"line":49,"column":30},"end":{"line":57,"column":3}},"line":49},"5":{"name":"(anonymous_5)","decl":{"start":{"line":87,"column":17},"end":{"line":87,"column":18}},"loc":{"start":{"line":87,"column":23},"end":{"line":87,"column":47}},"line":87},"6":{"name":"(anonymous_6)","decl":{"start":{"line":87,"column":31},"end":{"line":87,"column":32}},"loc":{"start":{"line":87,"column":41},"end":{"line":87,"column":46}},"line":87},"7":{"name":"(anonymous_7)","decl":{"start":{"line":100,"column":22},"end":{"line":100,"column":23}},"loc":{"start":{"line":100,"column":32},"end":{"line":108,"column":13}},"line":100}},"branchMap":{"0":{"loc":{"start":{"line":38,"column":4},"end":{"line":40,"column":5}},"type":"if","locations":[{"start":{"line":38,"column":4},"end":{"line":40,"column":5}},{"start":{},"end":{}}],"line":38},"1":{"loc":{"start":{"line":44,"column":4},"end":{"line":46,"column":5}},"type":"if","locations":[{"start":{"line":44,"column":4},"end":{"line":46,"column":5}},{"start":{},"end":{}}],"line":44},"2":{"loc":{"start":{"line":44,"column":8},"end":{"line":44,"column":60}},"type":"binary-expr","locations":[{"start":{"line":44,"column":8},"end":{"line":44,"column":22}},{"start":{"line":44,"column":26},"end":{"line":44,"column":60}}],"line":44},"3":{"loc":{"start":{"line":71,"column":10},"end":{"line":76,"column":16}},"type":"cond-expr","locations":[{"start":{"line":72,"column":14},"end":{"line":75,"column":17}},{"start":{"line":76,"column":14},"end":{"line":76,"column":16}}],"line":71},"4":{"loc":{"start":{"line":85,"column":21},"end":{"line":85,"column":58}},"type":"binary-expr","locations":[{"start":{"line":85,"column":21},"end":{"line":85,"column":30}},{"start":{"line":85,"column":34},"end":{"line":85,"column":58}}],"line":85},"5":{"loc":{"start":{"line":98,"column":9},"end":{"line":117,"column":9}},"type":"binary-expr","locations":[{"start":{"line":98,"column":9},"end":{"line":98,"column":13}},{"start":{"line":99,"column":10},"end":{"line":116,"column":12}}],"line":98}},"s":{"0":2,"1":3,"2":2,"3":2,"4":2,"5":2,"6":2,"7":2,"8":1,"9":1,"10":1,"11":2,"12":0,"13":0,"14":0,"15":2,"16":0,"17":0,"18":0,"19":0,"20":2,"21":0,"22":0,"23":0,"24":0},"f":{"0":3,"1":1,"2":0,"3":0,"4":0,"5":0,"6":0,"7":0},"b":{"0":[0,0],"1":[0,0],"2":[0,0],"3":[2,0],"4":[2,0],"5":[2,0]},"_coverageSchema":"1a1c01bbd47fc00a2c39e90264f33305004495a9","hash":"a66ed93af8f802d3467a86b3b3d5edccbdbe3bc4"}
,"C:\\Users\\Abdullah Karolia\\Desktop\\Project ARENA\\website\\src\\components\\JoinTeam.js": {"path":"C:\\Users\\Abdullah Karolia\\Desktop\\Project ARENA\\website\\src\\components\\JoinTeam.js","statementMap":{"0":{"start":{"line":17,"column":6},"end":{"line":17,"column":11}},"1":{"start":{"line":18,"column":38},"end":{"line":18,"column":50}},"2":{"start":{"line":21,"column":28},"end":{"line":23,"column":3}},"3":{"start":{"line":22,"column":4},"end":{"line":22,"column":38}},"4":{"start":{"line":25,"column":2},"end":{"line":53,"column":4}},"5":{"start":{"line":45,"column":27},"end":{"line":45,"column":56}}},"fnMap":{"0":{"name":"JoinTeam","decl":{"start":{"line":7,"column":24},"end":{"line":7,"column":32}},"loc":{"start":{"line":7,"column":40},"end":{"line":54,"column":1}},"line":7},"1":{"name":"(anonymous_1)","decl":{"start":{"line":21,"column":28},"end":{"line":21,"column":29}},"loc":{"start":{"line":21,"column":39},"end":{"line":23,"column":3}},"line":21},"2":{"name":"(anonymous_2)","decl":{"start":{"line":45,"column":21},"end":{"line":45,"column":22}},"loc":{"start":{"line":45,"column":27},"end":{"line":45,"column":56}},"line":45}},"branchMap":{},"s":{"0":5,"1":5,"2":5,"3":0,"4":5,"5":1},"f":{"0":5,"1":0,"2":1},"b":{},"_coverageSchema":"1a1c01bbd47fc00a2c39e90264f33305004495a9","hash":"a5ebbb4e56b725112d9114a4548d2a28f07b0e56"}
,"C:\\Users\\Abdullah Karolia\\Desktop\\Project ARENA\\website\\src\\components\\OverflowCard.js": {"path":"C:\\Users\\Abdullah Karolia\\Desktop\\Project ARENA\\website\\src\\components\\OverflowCard.js","statementMap":{"0":{"start":{"line":10,"column":65},"end":{"line":10,"column":70}},"1":{"start":{"line":11,"column":36},"end":{"line":11,"column":54}},"2":{"start":{"line":12,"column":32},"end":{"line":12,"column":53}},"3":{"start":{"line":14,"column":26},"end":{"line":23,"column":3}},"4":{"start":{"line":15,"column":17},"end":{"line":15,"column":36}},"5":{"start":{"line":16,"column":25},"end":{"line":16,"column":53}},"6":{"start":{"line":17,"column":20},"end":{"line":17,"column":78}},"7":{"start":{"line":18,"column":20},"end":{"line":18,"column":78}},"8":{"start":{"line":19,"column":22},"end":{"line":21,"column":38}},"9":{"start":{"line":22,"column":4},"end":{"line":22,"column":28}},"10":{"start":{"line":25,"column":27},"end":{"line":27,"column":3}},"11":{"start":{"line":26,"column":4},"end":{"line":26,"column":21}},"12":{"start":{"line":29,"column":22},"end":{"line":32,"column":3}},"13":{"start":{"line":30,"column":4},"end":{"line":30,"column":25}},"14":{"start":{"line":31,"column":4},"end":{"line":31,"column":14}},"15":{"start":{"line":34,"column":22},"end":{"line":41,"column":3}},"16":{"start":{"line":43,"column":21},"end":{"line":57,"column":3}},"17":{"start":{"line":59,"column":2},"end":{"line":123,"column":4}}},"fnMap":{"0":{"name":"OverflowCard","decl":{"start":{"line":9,"column":24},"end":{"line":9,"column":36}},"loc":{"start":{"line":9,"column":44},"end":{"line":124,"column":1}},"line":9},"1":{"name":"(anonymous_1)","decl":{"start":{"line":14,"column":26},"end":{"line":14,"column":27}},"loc":{"start":{"line":14,"column":37},"end":{"line":23,"column":3}},"line":14},"2":{"name":"(anonymous_2)","decl":{"start":{"line":25,"column":27},"end":{"line":25,"column":28}},"loc":{"start":{"line":25,"column":33},"end":{"line":27,"column":3}},"line":25},"3":{"name":"(anonymous_3)","decl":{"start":{"line":29,"column":22},"end":{"line":29,"column":23}},"loc":{"start":{"line":29,"column":28},"end":{"line":32,"column":3}},"line":29}},"branchMap":{"0":{"loc":{"start":{"line":40,"column":15},"end":{"line":40,"column":61}},"type":"cond-expr","locations":[{"start":{"line":40,"column":25},"end":{"line":40,"column":43}},{"start":{"line":40,"column":46},"end":{"line":40,"column":61}}],"line":40},"1":{"loc":{"start":{"line":49,"column":15},"end":{"line":49,"column":60}},"type":"cond-expr","locations":[{"start":{"line":49,"column":25},"end":{"line":49,"column":40}},{"start":{"line":49,"column":43},"end":{"line":49,"column":60}}],"line":49}},"s":{"0":28,"1":27,"2":27,"3":27,"4":2,"5":2,"6":2,"7":2,"8":2,"9":2,"10":27,"11":1,"12":27,"13":7,"14":7,"15":27,"16":27,"17":27},"f":{"0":28,"1":2,"2":1,"3":7},"b":{"0":[5,22],"1":[5,22]},"_coverageSchema":"1a1c01bbd47fc00a2c39e90264f33305004495a9","hash":"805264c8d4f7976f3be51ebf18ab0e53285c072a"}
,"C:\\Users\\Abdullah Karolia\\Desktop\\Project ARENA\\website\\src\\components\\OverflowCardPP.js": {"path":"C:\\Users\\Abdullah Karolia\\Desktop\\Project ARENA\\website\\src\\components\\OverflowCardPP.js","statementMap":{"0":{"start":{"line":20,"column":6},"end":{"line":20,"column":11}},"1":{"start":{"line":21,"column":36},"end":{"line":21,"column":54}},"2":{"start":{"line":22,"column":32},"end":{"line":22,"column":53}},"3":{"start":{"line":24,"column":26},"end":{"line":33,"column":3}},"4":{"start":{"line":25,"column":17},"end":{"line":25,"column":36}},"5":{"start":{"line":26,"column":25},"end":{"line":26,"column":53}},"6":{"start":{"line":27,"column":20},"end":{"line":27,"column":78}},"7":{"start":{"line":28,"column":20},"end":{"line":28,"column":78}},"8":{"start":{"line":29,"column":22},"end":{"line":31,"column":38}},"9":{"start":{"line":32,"column":4},"end":{"line":32,"column":28}},"10":{"start":{"line":35,"column":27},"end":{"line":37,"column":3}},"11":{"start":{"line":36,"column":4},"end":{"line":36,"column":21}},"12":{"start":{"line":39,"column":22},"end":{"line":42,"column":3}},"13":{"start":{"line":40,"column":4},"end":{"line":40,"column":25}},"14":{"start":{"line":41,"column":4},"end":{"line":41,"column":14}},"15":{"start":{"line":44,"column":26},"end":{"line":47,"column":3}},"16":{"start":{"line":45,"column":4},"end":{"line":45,"column":28}},"17":{"start":{"line":46,"column":4},"end":{"line":46,"column":21}},"18":{"start":{"line":49,"column":26},"end":{"line":52,"column":3}},"19":{"start":{"line":50,"column":4},"end":{"line":50,"column":28}},"20":{"start":{"line":51,"column":4},"end":{"line":51,"column":21}},"21":{"start":{"line":54,"column":22},"end":{"line":61,"column":3}},"22":{"start":{"line":63,"column":21},"end":{"line":77,"column":3}},"23":{"start":{"line":79,"column":2},"end":{"line":158,"column":4}}},"fnMap":{"0":{"name":"OverflowCardPP","decl":{"start":{"line":9,"column":24},"end":{"line":9,"column":38}},"loc":{"start":{"line":9,"column":46},"end":{"line":159,"column":1}},"line":9},"1":{"name":"(anonymous_1)","decl":{"start":{"line":24,"column":26},"end":{"line":24,"column":27}},"loc":{"start":{"line":24,"column":37},"end":{"line":33,"column":3}},"line":24},"2":{"name":"(anonymous_2)","decl":{"start":{"line":35,"column":27},"end":{"line":35,"column":28}},"loc":{"start":{"line":35,"column":33},"end":{"line":37,"column":3}},"line":35},"3":{"name":"(anonymous_3)","decl":{"start":{"line":39,"column":22},"end":{"line":39,"column":23}},"loc":{"start":{"line":39,"column":28},"end":{"line":42,"column":3}},"line":39},"4":{"name":"(anonymous_4)","decl":{"start":{"line":44,"column":26},"end":{"line":44,"column":27}},"loc":{"start":{"line":44,"column":37},"end":{"line":47,"column":3}},"line":44},"5":{"name":"(anonymous_5)","decl":{"start":{"line":49,"column":26},"end":{"line":49,"column":27}},"loc":{"start":{"line":49,"column":37},"end":{"line":52,"column":3}},"line":49}},"branchMap":{"0":{"loc":{"start":{"line":60,"column":15},"end":{"line":60,"column":61}},"type":"cond-expr","locations":[{"start":{"line":60,"column":25},"end":{"line":60,"column":43}},{"start":{"line":60,"column":46},"end":{"line":60,"column":61}}],"line":60},"1":{"loc":{"start":{"line":69,"column":15},"end":{"line":69,"column":60}},"type":"cond-expr","locations":[{"start":{"line":69,"column":25},"end":{"line":69,"column":40}},{"start":{"line":69,"column":43},"end":{"line":69,"column":60}}],"line":69},"2":{"loc":{"start":{"line":141,"column":11},"end":{"line":143,"column":11}},"type":"binary-expr","locations":[{"start":{"line":141,"column":11},"end":{"line":141,"column":23}},{"start":{"line":142,"column":12},"end":{"line":142,"column":67}}],"line":141},"3":{"loc":{"start":{"line":149,"column":18},"end":{"line":149,"column":57}},"type":"cond-expr","locations":[{"start":{"line":149,"column":33},"end":{"line":149,"column":40}},{"start":{"line":149,"column":43},"end":{"line":149,"column":57}}],"line":149},"4":{"loc":{"start":{"line":152,"column":14},"end":{"line":152,"column":92}},"type":"cond-expr","locations":[{"start":{"line":152,"column":29},"end":{"line":152,"column":87}},{"start":{"line":152,"column":90},"end":{"line":152,"column":92}}],"line":152}},"s":{"0":13,"1":13,"2":13,"3":13,"4":0,"5":0,"6":0,"7":0,"8":0,"9":0,"10":13,"11":0,"12":13,"13":0,"14":0,"15":13,"16":0,"17":0,"18":13,"19":0,"20":0,"21":13,"22":13,"23":13},"f":{"0":13,"1":0,"2":0,"3":0,"4":0,"5":0},"b":{"0":[0,13],"1":[0,13],"2":[13,2],"3":[2,11],"4":[2,11]},"_coverageSchema":"1a1c01bbd47fc00a2c39e90264f33305004495a9","hash":"db0f760085e3fcf89ab246b3e3c8f69add43a3ad"}
,"C:\\Users\\Abdullah Karolia\\Desktop\\Project ARENA\\website\\src\\components\\TeamInputBox.js": {"path":"C:\\Users\\Abdullah Karolia\\Desktop\\Project ARENA\\website\\src\\components\\TeamInputBox.js","statementMap":{"0":{"start":{"line":12,"column":15},"end":{"line":12,"column":17}},"1":{"start":{"line":15,"column":84},"end":{"line":15,"column":89}},"2":{"start":{"line":16,"column":38},"end":{"line":16,"column":50}},"3":{"start":{"line":17,"column":44},"end":{"line":17,"column":56}},"4":{"start":{"line":19,"column":28},"end":{"line":21,"column":3}},"5":{"start":{"line":20,"column":4},"end":{"line":20,"column":38}},"6":{"start":{"line":23,"column":31},"end":{"line":27,"column":3}},"7":{"start":{"line":24,"column":4},"end":{"line":24,"column":47}},"8":{"start":{"line":25,"column":4},"end":{"line":25,"column":41}},"9":{"start":{"line":26,"column":4},"end":{"line":26,"column":34}},"10":{"start":{"line":29,"column":2},"end":{"line":88,"column":4}},"11":{"start":{"line":80,"column":27},"end":{"line":80,"column":55}}},"fnMap":{"0":{"name":"TeamInputBox","decl":{"start":{"line":14,"column":9},"end":{"line":14,"column":21}},"loc":{"start":{"line":14,"column":29},"end":{"line":89,"column":1}},"line":14},"1":{"name":"(anonymous_1)","decl":{"start":{"line":19,"column":28},"end":{"line":19,"column":29}},"loc":{"start":{"line":19,"column":39},"end":{"line":21,"column":3}},"line":19},"2":{"name":"(anonymous_2)","decl":{"start":{"line":23,"column":31},"end":{"line":23,"column":32}},"loc":{"start":{"line":23,"column":42},"end":{"line":27,"column":3}},"line":23},"3":{"name":"(anonymous_3)","decl":{"start":{"line":80,"column":21},"end":{"line":80,"column":22}},"loc":{"start":{"line":80,"column":27},"end":{"line":80,"column":55}},"line":80}},"branchMap":{},"s":{"0":1,"1":7,"2":7,"3":7,"4":7,"5":0,"6":7,"7":0,"8":0,"9":0,"10":7,"11":1},"f":{"0":7,"1":0,"2":0,"3":1},"b":{},"_coverageSchema":"1a1c01bbd47fc00a2c39e90264f33305004495a9","hash":"18eae23a826c90242a2216b6975bbab9b59ae01e"}
,"C:\\Users\\Abdullah Karolia\\Desktop\\Project ARENA\\website\\src\\components\\button.js": {"path":"C:\\Users\\Abdullah Karolia\\Desktop\\Project ARENA\\website\\src\\components\\button.js","statementMap":{"0":{"start":{"line":6,"column":2},"end":{"line":19,"column":4}}},"fnMap":{"0":{"name":"ButtonIcons","decl":{"start":{"line":5,"column":24},"end":{"line":5,"column":35}},"loc":{"start":{"line":5,"column":70},"end":{"line":20,"column":1}},"line":5}},"branchMap":{},"s":{"0":78},"f":{"0":78},"b":{},"_coverageSchema":"1a1c01bbd47fc00a2c39e90264f33305004495a9","hash":"e0224e2b5b9a2767bac0539f3084f125c3f5fec5"}
,"C:\\Users\\Abdullah Karolia\\Desktop\\Project ARENA\\website\\src\\components\\collapse.js": {"path":"C:\\Users\\Abdullah Karolia\\Desktop\\Project ARENA\\website\\src\\components\\collapse.js","statementMap":{"0":{"start":{"line":12,"column":2},"end":{"line":29,"column":4}}},"fnMap":{"0":{"name":"AccordionContent","decl":{"start":{"line":11,"column":24},"end":{"line":11,"column":40}},"loc":{"start":{"line":11,"column":60},"end":{"line":30,"column":1}},"line":11}},"branchMap":{},"s":{"0":21},"f":{"0":21},"b":{},"_coverageSchema":"1a1c01bbd47fc00a2c39e90264f33305004495a9","hash":"1b0db2cd48caea410cf6d95061e7d5dc4c893d95"}
,"C:\\Users\\Abdullah Karolia\\Desktop\\Project ARENA\\website\\src\\components\\dataGridSubmissions.js": {"path":"C:\\Users\\Abdullah Karolia\\Desktop\\Project ARENA\\website\\src\\components\\dataGridSubmissions.js","statementMap":{"0":{"start":{"line":6,"column":31},"end":{"line":6,"column":36}},"1":{"start":{"line":8,"column":18},"end":{"line":21,"column":3}},"2":{"start":{"line":13,"column":31},"end":{"line":13,"column":44}},"3":{"start":{"line":15,"column":53},"end":{"line":20,"column":5}},"4":{"start":{"line":23,"column":15},"end":{"line":30,"column":4}},"5":{"start":{"line":24,"column":16},"end":{"line":24,"column":33}},"6":{"start":{"line":25,"column":4},"end":{"line":28,"column":5}},"7":{"start":{"line":25,"column":17},"end":{"line":25,"column":18}},"8":{"start":{"line":26,"column":18},"end":{"line":26,"column":36}},"9":{"start":{"line":27,"column":6},"end":{"line":27,"column":33}},"10":{"start":{"line":29,"column":4},"end":{"line":29,"column":15}},"11":{"start":{"line":32,"column":2},"end":{"line":48,"column":4}}},"fnMap":{"0":{"name":"CustomDataGrid","decl":{"start":{"line":5,"column":24},"end":{"line":5,"column":38}},"loc":{"start":{"line":5,"column":46},"end":{"line":49,"column":1}},"line":5},"1":{"name":"(anonymous_1)","decl":{"start":{"line":13,"column":19},"end":{"line":13,"column":20}},"loc":{"start":{"line":13,"column":31},"end":{"line":13,"column":44}},"line":13},"2":{"name":"(anonymous_2)","decl":{"start":{"line":15,"column":42},"end":{"line":15,"column":43}},"loc":{"start":{"line":15,"column":53},"end":{"line":20,"column":5}},"line":15},"3":{"name":"(anonymous_3)","decl":{"start":{"line":23,"column":24},"end":{"line":23,"column":25}},"loc":{"start":{"line":23,"column":41},"end":{"line":30,"column":3}},"line":23}},"branchMap":{"0":{"loc":{"start":{"line":27,"column":17},"end":{"line":27,"column":32}},"type":"binary-expr","locations":[{"start":{"line":27,"column":17},"end":{"line":27,"column":24}},{"start":{"line":27,"column":28},"end":{"line":27,"column":32}}],"line":27}},"s":{"0":0,"1":0,"2":0,"3":0,"4":0,"5":0,"6":0,"7":0,"8":0,"9":0,"10":0,"11":0},"f":{"0":0,"1":0,"2":0,"3":0},"b":{"0":[0,0]}}
,"C:\\Users\\Abdullah Karolia\\Desktop\\Project ARENA\\website\\src\\components\\datagrid.js": {"path":"C:\\Users\\Abdullah Karolia\\Desktop\\Project ARENA\\website\\src\\components\\datagrid.js","statementMap":{"0":{"start":{"line":6,"column":2},"end":{"line":23,"column":4}}},"fnMap":{"0":{"name":"CustomDataGrid","decl":{"start":{"line":5,"column":24},"end":{"line":5,"column":38}},"loc":{"start":{"line":5,"column":58},"end":{"line":24,"column":1}},"line":5}},"branchMap":{},"s":{"0":8},"f":{"0":8},"b":{},"_coverageSchema":"1a1c01bbd47fc00a2c39e90264f33305004495a9","hash":"341f291509b1b871f9112c913a6f2fb2fafb79fb"}
,"C:\\Users\\Abdullah Karolia\\Desktop\\Project ARENA\\website\\src\\components\\datagridAdminTeams.js": {"path":"C:\\Users\\Abdullah Karolia\\Desktop\\Project ARENA\\website\\src\\components\\datagridAdminTeams.js","statementMap":{"0":{"start":{"line":12,"column":52},"end":{"line":12,"column":68}},"1":{"start":{"line":13,"column":48},"end":{"line":13,"column":64}},"2":{"start":{"line":14,"column":34},"end":{"line":14,"column":55}},"3":{"start":{"line":16,"column":30},"end":{"line":16,"column":50}},"4":{"start":{"line":17,"column":36},"end":{"line":17,"column":54}},"5":{"start":{"line":18,"column":32},"end":{"line":18,"column":50}},"6":{"start":{"line":19,"column":36},"end":{"line":19,"column":54}},"7":{"start":{"line":20,"column":38},"end":{"line":20,"column":56}},"8":{"start":{"line":21,"column":50},"end":{"line":21,"column":68}},"9":{"start":{"line":24,"column":25},"end":{"line":36,"column":5}},"10":{"start":{"line":25,"column":8},"end":{"line":25,"column":28}},"11":{"start":{"line":26,"column":8},"end":{"line":26,"column":31}},"12":{"start":{"line":28,"column":8},"end":{"line":28,"column":25}},"13":{"start":{"line":29,"column":8},"end":{"line":29,"column":35}},"14":{"start":{"line":30,"column":8},"end":{"line":30,"column":31}},"15":{"start":{"line":31,"column":8},"end":{"line":31,"column":35}},"16":{"start":{"line":32,"column":8},"end":{"line":32,"column":37}},"17":{"start":{"line":33,"column":8},"end":{"line":33,"column":49}},"18":{"start":{"line":35,"column":8},"end":{"line":35,"column":25}},"19":{"start":{"line":38,"column":31},"end":{"line":61,"column":5}},"20":{"start":{"line":39,"column":8},"end":{"line":39,"column":27}},"21":{"start":{"line":40,"column":8},"end":{"line":40,"column":30}},"22":{"start":{"line":41,"column":8},"end":{"line":41,"column":28}},"23":{"start":{"line":42,"column":8},"end":{"line":42,"column":30}},"24":{"start":{"line":43,"column":8},"end":{"line":43,"column":31}},"25":{"start":{"line":44,"column":8},"end":{"line":44,"column":37}},"26":{"start":{"line":46,"column":8},"end":{"line":60,"column":9}},"27":{"start":{"line":47,"column":29},"end":{"line":52,"column":14}},"28":{"start":{"line":53,"column":12},"end":{"line":53,"column":39}},"29":{"start":{"line":55,"column":12},"end":{"line":55,"column":42}},"30":{"start":{"line":57,"column":12},"end":{"line":57,"column":30}},"31":{"start":{"line":59,"column":12},"end":{"line":59,"column":33}},"32":{"start":{"line":65,"column":27},"end":{"line":94,"column":5}},"33":{"start":{"line":66,"column":8},"end":{"line":66,"column":28}},"34":{"start":{"line":67,"column":8},"end":{"line":67,"column":33}},"35":{"start":{"line":69,"column":8},"end":{"line":93,"column":10}},"36":{"start":{"line":78,"column":12},"end":{"line":92,"column":13}},"37":{"start":{"line":80,"column":16},"end":{"line":83,"column":19}},"38":{"start":{"line":85,"column":16},"end":{"line":91,"column":19}},"39":{"start":{"line":90,"column":20},"end":{"line":90,"column":50}},"40":{"start":{"line":99,"column":20},"end":{"line":131,"column":5}},"41":{"start":{"line":112,"column":16},"end":{"line":128,"column":18}},"42":{"start":{"line":116,"column":44},"end":{"line":116,"column":71}},"43":{"start":{"line":123,"column":44},"end":{"line":123,"column":73}},"44":{"start":{"line":133,"column":4},"end":{"line":217,"column":6}},"45":{"start":{"line":152,"column":41},"end":{"line":152,"column":68}},"46":{"start":{"line":158,"column":41},"end":{"line":158,"column":66}},"47":{"start":{"line":164,"column":41},"end":{"line":164,"column":68}},"48":{"start":{"line":170,"column":41},"end":{"line":170,"column":69}},"49":{"start":{"line":176,"column":41},"end":{"line":176,"column":75}},"50":{"start":{"line":183,"column":32},"end":{"line":183,"column":67}},"51":{"start":{"line":184,"column":32},"end":{"line":184,"column":67}},"52":{"start":{"line":193,"column":32},"end":{"line":193,"column":49}},"53":{"start":{"line":194,"column":32},"end":{"line":194,"column":68}}},"fnMap":{"0":{"name":"CustomDataGrid","decl":{"start":{"line":10,"column":24},"end":{"line":10,"column":38}},"loc":{"start":{"line":10,"column":49},"end":{"line":218,"column":1}},"line":10},"1":{"name":"(anonymous_1)","decl":{"start":{"line":24,"column":25},"end":{"line":24,"column":26}},"loc":{"start":{"line":24,"column":37},"end":{"line":36,"column":5}},"line":24},"2":{"name":"(anonymous_2)","decl":{"start":{"line":38,"column":31},"end":{"line":38,"column":32}},"loc":{"start":{"line":38,"column":44},"end":{"line":61,"column":5}},"line":38},"3":{"name":"(anonymous_3)","decl":{"start":{"line":65,"column":27},"end":{"line":65,"column":28}},"loc":{"start":{"line":65,"column":45},"end":{"line":94,"column":5}},"line":65},"4":{"name":"(anonymous_4)","decl":{"start":{"line":77,"column":16},"end":{"line":77,"column":17}},"loc":{"start":{"line":77,"column":28},"end":{"line":93,"column":9}},"line":77},"5":{"name":"(anonymous_5)","decl":{"start":{"line":89,"column":23},"end":{"line":89,"column":24}},"loc":{"start":{"line":89,"column":29},"end":{"line":91,"column":17}},"line":89},"6":{"name":"(anonymous_6)","decl":{"start":{"line":111,"column":24},"end":{"line":111,"column":25}},"loc":{"start":{"line":111,"column":36},"end":{"line":129,"column":13}},"line":111},"7":{"name":"(anonymous_7)","decl":{"start":{"line":116,"column":37},"end":{"line":116,"column":38}},"loc":{"start":{"line":116,"column":44},"end":{"line":116,"column":71}},"line":116},"8":{"name":"(anonymous_8)","decl":{"start":{"line":123,"column":37},"end":{"line":123,"column":38}},"loc":{"start":{"line":123,"column":44},"end":{"line":123,"column":73}},"line":123},"9":{"name":"(anonymous_9)","decl":{"start":{"line":152,"column":34},"end":{"line":152,"column":35}},"loc":{"start":{"line":152,"column":41},"end":{"line":152,"column":68}},"line":152},"10":{"name":"(anonymous_10)","decl":{"start":{"line":158,"column":34},"end":{"line":158,"column":35}},"loc":{"start":{"line":158,"column":41},"end":{"line":158,"column":66}},"line":158},"11":{"name":"(anonymous_11)","decl":{"start":{"line":164,"column":34},"end":{"line":164,"column":35}},"loc":{"start":{"line":164,"column":41},"end":{"line":164,"column":68}},"line":164},"12":{"name":"(anonymous_12)","decl":{"start":{"line":170,"column":34},"end":{"line":170,"column":35}},"loc":{"start":{"line":170,"column":41},"end":{"line":170,"column":69}},"line":170},"13":{"name":"(anonymous_13)","decl":{"start":{"line":176,"column":34},"end":{"line":176,"column":35}},"loc":{"start":{"line":176,"column":41},"end":{"line":176,"column":75}},"line":176},"14":{"name":"(anonymous_14)","decl":{"start":{"line":182,"column":37},"end":{"line":182,"column":38}},"loc":{"start":{"line":182,"column":44},"end":{"line":185,"column":29}},"line":182},"15":{"name":"(anonymous_15)","decl":{"start":{"line":192,"column":37},"end":{"line":192,"column":38}},"loc":{"start":{"line":192,"column":43},"end":{"line":195,"column":29}},"line":192}},"branchMap":{"0":{"loc":{"start":{"line":78,"column":12},"end":{"line":92,"column":13}},"type":"if","locations":[{"start":{"line":78,"column":12},"end":{"line":92,"column":13}},{"start":{},"end":{}}],"line":78},"1":{"loc":{"start":{"line":151,"column":38},"end":{"line":151,"column":91}},"type":"cond-expr","locations":[{"start":{"line":151,"column":55},"end":{"line":151,"column":84}},{"start":{"line":151,"column":87},"end":{"line":151,"column":91}}],"line":151},"2":{"loc":{"start":{"line":157,"column":38},"end":{"line":157,"column":89}},"type":"cond-expr","locations":[{"start":{"line":157,"column":55},"end":{"line":157,"column":82}},{"start":{"line":157,"column":85},"end":{"line":157,"column":89}}],"line":157},"3":{"loc":{"start":{"line":163,"column":38},"end":{"line":163,"column":91}},"type":"cond-expr","locations":[{"start":{"line":163,"column":55},"end":{"line":163,"column":84}},{"start":{"line":163,"column":87},"end":{"line":163,"column":91}}],"line":163},"4":{"loc":{"start":{"line":169,"column":38},"end":{"line":169,"column":92}},"type":"cond-expr","locations":[{"start":{"line":169,"column":55},"end":{"line":169,"column":85}},{"start":{"line":169,"column":88},"end":{"line":169,"column":92}}],"line":169},"5":{"loc":{"start":{"line":175,"column":38},"end":{"line":175,"column":98}},"type":"cond-expr","locations":[{"start":{"line":175,"column":55},"end":{"line":175,"column":91}},{"start":{"line":175,"column":94},"end":{"line":175,"column":98}}],"line":175}},"s":{"0":4,"1":4,"2":4,"3":4,"4":4,"5":4,"6":4,"7":4,"8":4,"9":4,"10":0,"11":0,"12":0,"13":0,"14":0,"15":0,"16":0,"17":0,"18":0,"19":4,"20":0,"21":0,"22":0,"23":0,"24":0,"25":0,"26":0,"27":0,"28":0,"29":0,"30":0,"31":0,"32":4,"33":0,"34":0,"35":0,"36":0,"37":0,"38":0,"39":0,"40":4,"41":0,"42":0,"43":0,"44":4,"45":0,"46":0,"47":0,"48":0,"49":0,"50":0,"51":0,"52":0,"53":0},"f":{"0":4,"1":0,"2":0,"3":0,"4":0,"5":0,"6":0,"7":0,"8":0,"9":0,"10":0,"11":0,"12":0,"13":0,"14":0,"15":0},"b":{"0":[0,0],"1":[0,4],"2":[0,4],"3":[0,4],"4":[0,4],"5":[0,4]},"_coverageSchema":"1a1c01bbd47fc00a2c39e90264f33305004495a9","hash":"8144c140c81b000154643854ad7807ca18f62325"}
,"C:\\Users\\Abdullah Karolia\\Desktop\\Project ARENA\\website\\src\\components\\datagridArenaLeaderboard.js": {"path":"C:\\Users\\Abdullah Karolia\\Desktop\\Project ARENA\\website\\src\\components\\datagridArenaLeaderboard.js","statementMap":{"0":{"start":{"line":10,"column":23},"end":{"line":13,"column":14}},"1":{"start":{"line":11,"column":23},"end":{"line":11,"column":76}},"2":{"start":{"line":11,"column":48},"end":{"line":11,"column":75}},"3":{"start":{"line":12,"column":8},"end":{"line":12,"column":78}},"4":{"start":{"line":12,"column":43},"end":{"line":12,"column":75}},"5":{"start":{"line":15,"column":20},"end":{"line":46,"column":5}},"6":{"start":{"line":32,"column":27},"end":{"line":32,"column":47}},"7":{"start":{"line":33,"column":27},"end":{"line":35,"column":13}},"8":{"start":{"line":34,"column":42},"end":{"line":34,"column":63}},"9":{"start":{"line":37,"column":12},"end":{"line":37,"column":46}},"10":{"start":{"line":42,"column":54},"end":{"line":44,"column":11}},"11":{"start":{"line":49,"column":28},"end":{"line":51,"column":5}},"12":{"start":{"line":50,"column":8},"end":{"line":50,"column":72}},"13":{"start":{"line":53,"column":4},"end":{"line":69,"column":6}}},"fnMap":{"0":{"name":"CustomDataGrid","decl":{"start":{"line":7,"column":24},"end":{"line":7,"column":38}},"loc":{"start":{"line":7,"column":66},"end":{"line":70,"column":1}},"line":7},"1":{"name":"(anonymous_1)","decl":{"start":{"line":10,"column":37},"end":{"line":10,"column":38}},"loc":{"start":{"line":10,"column":43},"end":{"line":13,"column":5}},"line":10},"2":{"name":"(anonymous_2)","decl":{"start":{"line":11,"column":38},"end":{"line":11,"column":39}},"loc":{"start":{"line":11,"column":48},"end":{"line":11,"column":75}},"line":11},"3":{"name":"(anonymous_3)","decl":{"start":{"line":12,"column":26},"end":{"line":12,"column":27}},"loc":{"start":{"line":12,"column":43},"end":{"line":12,"column":75}},"line":12},"4":{"name":"(anonymous_4)","decl":{"start":{"line":31,"column":26},"end":{"line":31,"column":27}},"loc":{"start":{"line":31,"column":64},"end":{"line":38,"column":11}},"line":31},"5":{"name":"(anonymous_5)","decl":{"start":{"line":34,"column":14},"end":{"line":34,"column":15}},"loc":{"start":{"line":34,"column":42},"end":{"line":34,"column":63}},"line":34},"6":{"name":"(anonymous_6)","decl":{"start":{"line":42,"column":43},"end":{"line":42,"column":44}},"loc":{"start":{"line":42,"column":54},"end":{"line":44,"column":11}},"line":42},"7":{"name":"(anonymous_7)","decl":{"start":{"line":49,"column":28},"end":{"line":49,"column":29}},"loc":{"start":{"line":49,"column":40},"end":{"line":51,"column":5}},"line":49}},"branchMap":{"0":{"loc":{"start":{"line":37,"column":19},"end":{"line":37,"column":45}},"type":"cond-expr","locations":[{"start":{"line":37,"column":28},"end":{"line":37,"column":40}},{"start":{"line":37,"column":43},"end":{"line":37,"column":45}}],"line":37},"1":{"loc":{"start":{"line":50,"column":15},"end":{"line":50,"column":71}},"type":"cond-expr","locations":[{"start":{"line":50,"column":49},"end":{"line":50,"column":66}},{"start":{"line":50,"column":69},"end":{"line":50,"column":71}}],"line":50}},"s":{"0":0,"1":0,"2":0,"3":0,"4":0,"5":0,"6":0,"7":0,"8":0,"9":0,"10":0,"11":0,"12":0,"13":0},"f":{"0":0,"1":0,"2":0,"3":0,"4":0,"5":0,"6":0,"7":0},"b":{"0":[0,0],"1":[0,0]}}
,"C:\\Users\\Abdullah Karolia\\Desktop\\Project ARENA\\website\\src\\components\\email1.js": {"path":"C:\\Users\\Abdullah Karolia\\Desktop\\Project ARENA\\website\\src\\components\\email1.js","statementMap":{"0":{"start":{"line":7,"column":15},"end":{"line":23,"column":1}},"1":{"start":{"line":8,"column":2},"end":{"line":22,"column":3}},"2":{"start":{"line":25,"column":0},"end":{"line":28,"column":1}},"3":{"start":{"line":30,"column":0},"end":{"line":33,"column":1}}},"fnMap":{"0":{"name":"(anonymous_0)","decl":{"start":{"line":7,"column":15},"end":{"line":7,"column":16}},"loc":{"start":{"line":7,"column":26},"end":{"line":23,"column":1}},"line":7}},"branchMap":{},"s":{"0":1,"1":5,"2":1,"3":1},"f":{"0":5},"b":{},"_coverageSchema":"1a1c01bbd47fc00a2c39e90264f33305004495a9","hash":"4e5cdbe1c263d896a557e2ac90c064f1b5c91432"}
,"C:\\Users\\Abdullah Karolia\\Desktop\\Project ARENA\\website\\src\\components\\input-box-for-info.js": {"path":"C:\\Users\\Abdullah Karolia\\Desktop\\Project ARENA\\website\\src\\components\\input-box-for-info.js","statementMap":{"0":{"start":{"line":6,"column":60},"end":{"line":6,"column":65}},"1":{"start":{"line":8,"column":2},"end":{"line":29,"column":4}}},"fnMap":{"0":{"name":"BasicTextFields","decl":{"start":{"line":5,"column":24},"end":{"line":5,"column":39}},"loc":{"start":{"line":5,"column":47},"end":{"line":30,"column":1}},"line":5}},"branchMap":{"0":{"loc":{"start":{"line":25,"column":14},"end":{"line":25,"column":46}},"type":"cond-expr","locations":[{"start":{"line":25,"column":27},"end":{"line":25,"column":37}},{"start":{"line":25,"column":40},"end":{"line":25,"column":46}}],"line":25}},"s":{"0":101,"1":101},"f":{"0":101},"b":{"0":[49,52]},"_coverageSchema":"1a1c01bbd47fc00a2c39e90264f33305004495a9","hash":"abee25a2d07bbc4f5afbd82cfa1c68e7ac2d38cf"}
,"C:\\Users\\Abdullah Karolia\\Desktop\\Project ARENA\\website\\src\\components\\input-textarea.js": {"path":"C:\\Users\\Abdullah Karolia\\Desktop\\Project ARENA\\website\\src\\components\\input-textarea.js","statementMap":{"0":{"start":{"line":6,"column":30},"end":{"line":6,"column":35}},"1":{"start":{"line":7,"column":2},"end":{"line":28,"column":4}}},"fnMap":{"0":{"name":"MultilineTextFields","decl":{"start":{"line":5,"column":24},"end":{"line":5,"column":43}},"loc":{"start":{"line":5,"column":51},"end":{"line":29,"column":1}},"line":5}},"branchMap":{},"s":{"0":3,"1":3},"f":{"0":3},"b":{},"_coverageSchema":"1a1c01bbd47fc00a2c39e90264f33305004495a9","hash":"65099e8897d75ed5a80cc0c74857cc0e6753bf84"}
,"C:\\Users\\Abdullah Karolia\\Desktop\\Project ARENA\\website\\src\\components\\navigation-links.js": {"path":"C:\\Users\\Abdullah Karolia\\Desktop\\Project ARENA\\website\\src\\components\\navigation-links.js","statementMap":{"0":{"start":{"line":7,"column":24},"end":{"line":17,"column":1}},"1":{"start":{"line":8,"column":2},"end":{"line":16,"column":3}},"2":{"start":{"line":19,"column":0},"end":{"line":26,"column":1}},"3":{"start":{"line":28,"column":0},"end":{"line":35,"column":1}}},"fnMap":{"0":{"name":"(anonymous_0)","decl":{"start":{"line":7,"column":24},"end":{"line":7,"column":25}},"loc":{"start":{"line":7,"column":35},"end":{"line":17,"column":1}},"line":7}},"branchMap":{},"s":{"0":1,"1":6,"2":1,"3":1},"f":{"0":6},"b":{},"_coverageSchema":"1a1c01bbd47fc00a2c39e90264f33305004495a9","hash":"a83d051c3ca6a0a925c1f3677c04935a6dcebc35"}
,"C:\\Users\\Abdullah Karolia\\Desktop\\Project ARENA\\website\\src\\components\\navigation-links1.js": {"path":"C:\\Users\\Abdullah Karolia\\Desktop\\Project ARENA\\website\\src\\components\\navigation-links1.js","statementMap":{"0":{"start":{"line":7,"column":25},"end":{"line":17,"column":1}},"1":{"start":{"line":8,"column":2},"end":{"line":16,"column":3}},"2":{"start":{"line":19,"column":0},"end":{"line":26,"column":1}},"3":{"start":{"line":28,"column":0},"end":{"line":35,"column":1}}},"fnMap":{"0":{"name":"(anonymous_0)","decl":{"start":{"line":7,"column":25},"end":{"line":7,"column":26}},"loc":{"start":{"line":7,"column":36},"end":{"line":17,"column":1}},"line":7}},"branchMap":{},"s":{"0":1,"1":6,"2":1,"3":1},"f":{"0":6},"b":{},"_coverageSchema":"1a1c01bbd47fc00a2c39e90264f33305004495a9","hash":"c699158f11bf2feb1b7c78e5f5e031eca69a898c"}
,"C:\\Users\\Abdullah Karolia\\Desktop\\Project ARENA\\website\\src\\components\\navigation-links2.js": {"path":"C:\\Users\\Abdullah Karolia\\Desktop\\Project ARENA\\website\\src\\components\\navigation-links2.js","statementMap":{"0":{"start":{"line":7,"column":25},"end":{"line":17,"column":1}},"1":{"start":{"line":8,"column":2},"end":{"line":16,"column":3}},"2":{"start":{"line":19,"column":0},"end":{"line":26,"column":1}},"3":{"start":{"line":28,"column":0},"end":{"line":35,"column":1}}},"fnMap":{"0":{"name":"(anonymous_0)","decl":{"start":{"line":7,"column":25},"end":{"line":7,"column":26}},"loc":{"start":{"line":7,"column":36},"end":{"line":17,"column":1}},"line":7}},"branchMap":{},"s":{"0":1,"1":6,"2":1,"3":1},"f":{"0":6},"b":{},"_coverageSchema":"1a1c01bbd47fc00a2c39e90264f33305004495a9","hash":"3dad7a0e5b11464acb45b55aa6821cf35da83b80"}
,"C:\\Users\\Abdullah Karolia\\Desktop\\Project ARENA\\website\\src\\components\\navigation-links3.js": {"path":"C:\\Users\\Abdullah Karolia\\Desktop\\Project ARENA\\website\\src\\components\\navigation-links3.js","statementMap":{"0":{"start":{"line":7,"column":25},"end":{"line":17,"column":1}},"1":{"start":{"line":8,"column":2},"end":{"line":16,"column":3}},"2":{"start":{"line":19,"column":0},"end":{"line":26,"column":1}},"3":{"start":{"line":28,"column":0},"end":{"line":35,"column":1}}},"fnMap":{"0":{"name":"(anonymous_0)","decl":{"start":{"line":7,"column":25},"end":{"line":7,"column":26}},"loc":{"start":{"line":7,"column":36},"end":{"line":17,"column":1}},"line":7}},"branchMap":{},"s":{"0":1,"1":6,"2":1,"3":1},"f":{"0":6},"b":{},"_coverageSchema":"1a1c01bbd47fc00a2c39e90264f33305004495a9","hash":"934ad65ef58dbbda03fe140222043bac10167e31"}
,"C:\\Users\\Abdullah Karolia\\Desktop\\Project ARENA\\website\\src\\components\\navigation-links4.js": {"path":"C:\\Users\\Abdullah Karolia\\Desktop\\Project ARENA\\website\\src\\components\\navigation-links4.js","statementMap":{"0":{"start":{"line":7,"column":25},"end":{"line":17,"column":1}},"1":{"start":{"line":8,"column":2},"end":{"line":16,"column":3}},"2":{"start":{"line":19,"column":0},"end":{"line":26,"column":1}},"3":{"start":{"line":28,"column":0},"end":{"line":35,"column":1}}},"fnMap":{"0":{"name":"(anonymous_0)","decl":{"start":{"line":7,"column":25},"end":{"line":7,"column":26}},"loc":{"start":{"line":7,"column":36},"end":{"line":17,"column":1}},"line":7}},"branchMap":{},"s":{"0":1,"1":6,"2":1,"3":1},"f":{"0":6},"b":{},"_coverageSchema":"1a1c01bbd47fc00a2c39e90264f33305004495a9","hash":"c52b3282f1881cca52abcf3f5df88b0bf055908d"}
,"C:\\Users\\Abdullah Karolia\\Desktop\\Project ARENA\\website\\src\\components\\phone.js": {"path":"C:\\Users\\Abdullah Karolia\\Desktop\\Project ARENA\\website\\src\\components\\phone.js","statementMap":{"0":{"start":{"line":7,"column":14},"end":{"line":23,"column":1}},"1":{"start":{"line":8,"column":2},"end":{"line":22,"column":3}},"2":{"start":{"line":25,"column":0},"end":{"line":28,"column":1}},"3":{"start":{"line":30,"column":0},"end":{"line":33,"column":1}}},"fnMap":{"0":{"name":"(anonymous_0)","decl":{"start":{"line":7,"column":14},"end":{"line":7,"column":15}},"loc":{"start":{"line":7,"column":25},"end":{"line":23,"column":1}},"line":7}},"branchMap":{},"s":{"0":1,"1":8,"2":1,"3":1},"f":{"0":8},"b":{},"_coverageSchema":"1a1c01bbd47fc00a2c39e90264f33305004495a9","hash":"1570a84c7ad75e8c46534703ea01b2db1ea270da"}
,"C:\\Users\\Abdullah Karolia\\Desktop\\Project ARENA\\website\\src\\components\\table.js": {"path":"C:\\Users\\Abdullah Karolia\\Desktop\\Project ARENA\\website\\src\\components\\table.js","statementMap":{"0":{"start":{"line":5,"column":14},"end":{"line":21,"column":1}},"1":{"start":{"line":6,"column":2},"end":{"line":20,"column":3}}},"fnMap":{"0":{"name":"(anonymous_0)","decl":{"start":{"line":5,"column":14},"end":{"line":5,"column":15}},"loc":{"start":{"line":5,"column":25},"end":{"line":21,"column":1}},"line":5}},"branchMap":{},"s":{"0":1,"1":4},"f":{"0":4},"b":{},"_coverageSchema":"1a1c01bbd47fc00a2c39e90264f33305004495a9","hash":"7d3e01a2435df715434861b47755fbb525b02695"}
,"C:\\Users\\Abdullah Karolia\\Desktop\\Project ARENA\\website\\src\\components\\tabs.js": {"path":"C:\\Users\\Abdullah Karolia\\Desktop\\Project ARENA\\website\\src\\components\\tabs.js","statementMap":{"0":{"start":{"line":11,"column":57},"end":{"line":11,"column":62}},"1":{"start":{"line":13,"column":28},"end":{"line":15,"column":3}},"2":{"start":{"line":14,"column":4},"end":{"line":14,"column":20}},"3":{"start":{"line":17,"column":2},"end":{"line":36,"column":4}},"4":{"start":{"line":39,"column":0},"end":{"line":44,"column":2}},"5":{"start":{"line":47,"column":2},"end":{"line":50,"column":4}},"6":{"start":{"line":54,"column":28},"end":{"line":54,"column":45}},"7":{"start":{"line":56,"column":23},"end":{"line":58,"column":3}},"8":{"start":{"line":57,"column":4},"end":{"line":57,"column":23}},"9":{"start":{"line":60,"column":2},"end":{"line":85,"column":4}},"10":{"start":{"line":65,"column":12},"end":{"line":69,"column":14}},"11":{"start":{"line":74,"column":8},"end":{"line":82,"column":19}}},"fnMap":{"0":{"name":"TabPanel","decl":{"start":{"line":10,"column":9},"end":{"line":10,"column":17}},"loc":{"start":{"line":10,"column":25},"end":{"line":37,"column":1}},"line":10},"1":{"name":"(anonymous_1)","decl":{"start":{"line":13,"column":28},"end":{"line":13,"column":29}},"loc":{"start":{"line":13,"column":34},"end":{"line":15,"column":3}},"line":13},"2":{"name":"a11yProps","decl":{"start":{"line":46,"column":9},"end":{"line":46,"column":18}},"loc":{"start":{"line":46,"column":26},"end":{"line":51,"column":1}},"line":46},"3":{"name":"BasicTabs","decl":{"start":{"line":53,"column":24},"end":{"line":53,"column":33}},"loc":{"start":{"line":53,"column":70},"end":{"line":86,"column":1}},"line":53},"4":{"name":"(anonymous_4)","decl":{"start":{"line":56,"column":23},"end":{"line":56,"column":24}},"loc":{"start":{"line":56,"column":44},"end":{"line":58,"column":3}},"line":56},"5":{"name":"(anonymous_5)","decl":{"start":{"line":64,"column":44},"end":{"line":64,"column":45}},"loc":{"start":{"line":65,"column":12},"end":{"line":69,"column":14}},"line":65},"6":{"name":"(anonymous_6)","decl":{"start":{"line":73,"column":40},"end":{"line":73,"column":41}},"loc":{"start":{"line":74,"column":8},"end":{"line":82,"column":19}},"line":74}},"branchMap":{"0":{"loc":{"start":{"line":25,"column":7},"end":{"line":34,"column":7}},"type":"binary-expr","locations":[{"start":{"line":25,"column":7},"end":{"line":25,"column":22}},{"start":{"line":26,"column":8},"end":{"line":33,"column":14}}],"line":25}},"s":{"0":31,"1":31,"2":4,"3":31,"4":1,"5":31,"6":13,"7":13,"8":6,"9":13,"10":31,"11":31},"f":{"0":31,"1":4,"2":31,"3":13,"4":6,"5":31,"6":31},"b":{"0":[31,13]},"_coverageSchema":"1a1c01bbd47fc00a2c39e90264f33305004495a9","hash":"51c2d546a728302338e9706ea9cc65a0126de9e4"}
,"C:\\Users\\Abdullah Karolia\\Desktop\\Project ARENA\\website\\src\\components\\team-manager.js": {"path":"C:\\Users\\Abdullah Karolia\\Desktop\\Project ARENA\\website\\src\\components\\team-manager.js","statementMap":{"0":{"start":{"line":13,"column":143},"end":{"line":13,"column":148}},"1":{"start":{"line":14,"column":38},"end":{"line":14,"column":50}},"2":{"start":{"line":17,"column":23},"end":{"line":19,"column":3}},"3":{"start":{"line":18,"column":4},"end":{"line":18,"column":36}},"4":{"start":{"line":20,"column":28},"end":{"line":22,"column":3}},"5":{"start":{"line":21,"column":4},"end":{"line":21,"column":38}},"6":{"start":{"line":24,"column":2},"end":{"line":81,"column":4}},"7":{"start":{"line":77,"column":27},"end":{"line":77,"column":47}}},"fnMap":{"0":{"name":"TeamManager","decl":{"start":{"line":12,"column":24},"end":{"line":12,"column":35}},"loc":{"start":{"line":12,"column":43},"end":{"line":82,"column":1}},"line":12},"1":{"name":"(anonymous_1)","decl":{"start":{"line":17,"column":23},"end":{"line":17,"column":24}},"loc":{"start":{"line":17,"column":34},"end":{"line":19,"column":3}},"line":17},"2":{"name":"(anonymous_2)","decl":{"start":{"line":20,"column":28},"end":{"line":20,"column":29}},"loc":{"start":{"line":20,"column":39},"end":{"line":22,"column":3}},"line":20},"3":{"name":"(anonymous_3)","decl":{"start":{"line":77,"column":21},"end":{"line":77,"column":22}},"loc":{"start":{"line":77,"column":27},"end":{"line":77,"column":47}},"line":77}},"branchMap":{},"s":{"0":1,"1":1,"2":1,"3":0,"4":1,"5":0,"6":1,"7":1},"f":{"0":1,"1":0,"2":0,"3":1},"b":{},"_coverageSchema":"1a1c01bbd47fc00a2c39e90264f33305004495a9","hash":"a9115ef0f0791e613a704744b94503f9f82ef97b"}
,"C:\\Users\\Abdullah Karolia\\Desktop\\Project ARENA\\website\\src\\server\\server.js": {"path":"C:\\Users\\Abdullah Karolia\\Desktop\\Project ARENA\\website\\src\\server\\server.js","statementMap":{"0":{"start":{"line":1,"column":16},"end":{"line":1,"column":34}},"1":{"start":{"line":2,"column":13},"end":{"line":2,"column":28}},"2":{"start":{"line":3,"column":15},"end":{"line":3,"column":32}},"3":{"start":{"line":4,"column":16},"end":{"line":4,"column":42}},"4":{"start":{"line":5,"column":14},"end":{"line":5,"column":30}},"5":{"start":{"line":6,"column":0},"end":{"line":6,"column":16}},"6":{"start":{"line":8,"column":12},"end":{"line":8,"column":21}},"7":{"start":{"line":9,"column":13},"end":{"line":9,"column":17}},"8":{"start":{"line":10,"column":0},"end":{"line":10,"column":16}},"9":{"start":{"line":11,"column":0},"end":{"line":11,"column":24}},"10":{"start":{"line":13,"column":11},"end":{"line":19,"column":2}},"11":{"start":{"line":21,"column":0},"end":{"line":35,"column":3}},"12":{"start":{"line":22,"column":2},"end":{"line":34,"column":3}},"13":{"start":{"line":23,"column":4},"end":{"line":25,"column":6}},"14":{"start":{"line":26,"column":4},"end":{"line":26,"column":35}},"15":{"start":{"line":28,"column":4},"end":{"line":28,"column":20}},"16":{"start":{"line":30,"column":4},"end":{"line":30,"column":41}},"17":{"start":{"line":37,"column":32},"end":{"line":63,"column":1}},"18":{"start":{"line":40,"column":2},"end":{"line":61,"column":5}},"19":{"start":{"line":41,"column":4},"end":{"line":44,"column":5}},"20":{"start":{"line":42,"column":6},"end":{"line":42,"column":23}},"21":{"start":{"line":43,"column":6},"end":{"line":43,"column":13}},"22":{"start":{"line":45,"column":24},"end":{"line":45,"column":34}},"23":{"start":{"line":46,"column":4},"end":{"line":59,"column":7}},"24":{"start":{"line":47,"column":22},"end":{"line":47,"column":55}},"25":{"start":{"line":48,"column":6},"end":{"line":52,"column":7}},"26":{"start":{"line":49,"column":8},"end":{"line":49,"column":39}},"27":{"start":{"line":51,"column":8},"end":{"line":51,"column":38}},"28":{"start":{"line":54,"column":6},"end":{"line":58,"column":9}},"29":{"start":{"line":55,"column":8},"end":{"line":57,"column":9}},"30":{"start":{"line":56,"column":10},"end":{"line":56,"column":27}},"31":{"start":{"line":60,"column":4},"end":{"line":60,"column":24}},"32":{"start":{"line":66,"column":0},"end":{"line":68,"column":3}},"33":{"start":{"line":67,"column":2},"end":{"line":67,"column":26}},"34":{"start":{"line":71,"column":0},"end":{"line":79,"column":3}},"35":{"start":{"line":72,"column":2},"end":{"line":78,"column":5}},"36":{"start":{"line":73,"column":4},"end":{"line":76,"column":5}},"37":{"start":{"line":74,"column":6},"end":{"line":74,"column":20}},"38":{"start":{"line":75,"column":6},"end":{"line":75,"column":23}},"39":{"start":{"line":77,"column":4},"end":{"line":77,"column":21}},"40":{"start":{"line":82,"column":0},"end":{"line":100,"column":3}},"41":{"start":{"line":83,"column":15},"end":{"line":83,"column":28}},"42":{"start":{"line":84,"column":18},"end":{"line":84,"column":34}},"43":{"start":{"line":85,"column":16},"end":{"line":85,"column":30}},"44":{"start":{"line":86,"column":19},"end":{"line":86,"column":36}},"45":{"start":{"line":87,"column":19},"end":{"line":87,"column":36}},"46":{"start":{"line":89,"column":2},"end":{"line":99,"column":4}},"47":{"start":{"line":93,"column":6},"end":{"line":96,"column":7}},"48":{"start":{"line":94,"column":8},"end":{"line":94,"column":22}},"49":{"start":{"line":95,"column":8},"end":{"line":95,"column":25}},"50":{"start":{"line":97,"column":6},"end":{"line":97,"column":26}},"51":{"start":{"line":103,"column":0},"end":{"line":124,"column":3}},"52":{"start":{"line":104,"column":19},"end":{"line":104,"column":36}},"53":{"start":{"line":105,"column":22},"end":{"line":105,"column":42}},"54":{"start":{"line":106,"column":20},"end":{"line":106,"column":38}},"55":{"start":{"line":107,"column":18},"end":{"line":107,"column":34}},"56":{"start":{"line":108,"column":15},"end":{"line":108,"column":28}},"57":{"start":{"line":109,"column":14},"end":{"line":109,"column":26}},"58":{"start":{"line":110,"column":14},"end":{"line":110,"column":26}},"59":{"start":{"line":112,"column":2},"end":{"line":123,"column":4}},"60":{"start":{"line":117,"column":6},"end":{"line":120,"column":7}},"61":{"start":{"line":118,"column":8},"end":{"line":118,"column":22}},"62":{"start":{"line":119,"column":8},"end":{"line":119,"column":25}},"63":{"start":{"line":121,"column":6},"end":{"line":121,"column":26}},"64":{"start":{"line":127,"column":0},"end":{"line":142,"column":3}},"65":{"start":{"line":128,"column":19},"end":{"line":128,"column":36}},"66":{"start":{"line":129,"column":19},"end":{"line":129,"column":36}},"67":{"start":{"line":131,"column":2},"end":{"line":141,"column":4}},"68":{"start":{"line":135,"column":6},"end":{"line":138,"column":7}},"69":{"start":{"line":136,"column":8},"end":{"line":136,"column":22}},"70":{"start":{"line":137,"column":8},"end":{"line":137,"column":25}},"71":{"start":{"line":139,"column":6},"end":{"line":139,"column":26}},"72":{"start":{"line":145,"column":0},"end":{"line":153,"column":3}},"73":{"start":{"line":146,"column":2},"end":{"line":152,"column":5}},"74":{"start":{"line":147,"column":4},"end":{"line":150,"column":5}},"75":{"start":{"line":148,"column":6},"end":{"line":148,"column":20}},"76":{"start":{"line":149,"column":6},"end":{"line":149,"column":23}},"77":{"start":{"line":151,"column":4},"end":{"line":151,"column":21}},"78":{"start":{"line":156,"column":0},"end":{"line":168,"column":3}},"79":{"start":{"line":157,"column":25},"end":{"line":157,"column":48}},"80":{"start":{"line":159,"column":2},"end":{"line":167,"column":4}},"81":{"start":{"line":163,"column":6},"end":{"line":165,"column":7}},"82":{"start":{"line":164,"column":8},"end":{"line":164,"column":25}},"83":{"start":{"line":171,"column":0},"end":{"line":181,"column":3}},"84":{"start":{"line":173,"column":19},"end":{"line":173,"column":38}},"85":{"start":{"line":174,"column":2},"end":{"line":180,"column":7}},"86":{"start":{"line":176,"column":6},"end":{"line":178,"column":7}},"87":{"start":{"line":177,"column":8},"end":{"line":177,"column":24}},"88":{"start":{"line":179,"column":6},"end":{"line":179,"column":22}},"89":{"start":{"line":184,"column":0},"end":{"line":208,"column":3}},"90":{"start":{"line":185,"column":44},"end":{"line":185,"column":52}},"91":{"start":{"line":187,"column":2},"end":{"line":207,"column":7}},"92":{"start":{"line":202,"column":6},"end":{"line":202,"column":54}},"93":{"start":{"line":205,"column":6},"end":{"line":205,"column":30}},"94":{"start":{"line":206,"column":6},"end":{"line":206,"column":50}},"95":{"start":{"line":211,"column":0},"end":{"line":221,"column":3}},"96":{"start":{"line":213,"column":19},"end":{"line":213,"column":38}},"97":{"start":{"line":214,"column":2},"end":{"line":220,"column":7}},"98":{"start":{"line":216,"column":6},"end":{"line":218,"column":7}},"99":{"start":{"line":217,"column":8},"end":{"line":217,"column":24}},"100":{"start":{"line":219,"column":6},"end":{"line":219,"column":22}},"101":{"start":{"line":224,"column":0},"end":{"line":234,"column":3}},"102":{"start":{"line":226,"column":19},"end":{"line":226,"column":38}},"103":{"start":{"line":227,"column":2},"end":{"line":233,"column":7}},"104":{"start":{"line":229,"column":6},"end":{"line":231,"column":7}},"105":{"start":{"line":230,"column":8},"end":{"line":230,"column":24}},"106":{"start":{"line":232,"column":6},"end":{"line":232,"column":22}},"107":{"start":{"line":235,"column":0},"end":{"line":255,"column":5}},"108":{"start":{"line":239,"column":20},"end":{"line":239,"column":36}},"109":{"start":{"line":240,"column":22},"end":{"line":240,"column":40}},"110":{"start":{"line":241,"column":22},"end":{"line":241,"column":40}},"111":{"start":{"line":242,"column":27},"end":{"line":242,"column":50}},"112":{"start":{"line":243,"column":26},"end":{"line":243,"column":48}},"113":{"start":{"line":244,"column":4},"end":{"line":254,"column":6}},"114":{"start":{"line":248,"column":8},"end":{"line":251,"column":9}},"115":{"start":{"line":249,"column":10},"end":{"line":249,"column":24}},"116":{"start":{"line":250,"column":10},"end":{"line":250,"column":27}},"117":{"start":{"line":252,"column":8},"end":{"line":252,"column":28}},"118":{"start":{"line":259,"column":0},"end":{"line":269,"column":3}},"119":{"start":{"line":261,"column":20},"end":{"line":261,"column":40}},"120":{"start":{"line":262,"column":2},"end":{"line":268,"column":7}},"121":{"start":{"line":264,"column":6},"end":{"line":266,"column":7}},"122":{"start":{"line":265,"column":8},"end":{"line":265,"column":24}},"123":{"start":{"line":267,"column":6},"end":{"line":267,"column":22}},"124":{"start":{"line":273,"column":0},"end":{"line":283,"column":3}},"125":{"start":{"line":275,"column":20},"end":{"line":275,"column":40}},"126":{"start":{"line":276,"column":2},"end":{"line":282,"column":7}},"127":{"start":{"line":278,"column":6},"end":{"line":280,"column":7}},"128":{"start":{"line":279,"column":8},"end":{"line":279,"column":24}},"129":{"start":{"line":281,"column":6},"end":{"line":281,"column":22}},"130":{"start":{"line":288,"column":0},"end":{"line":298,"column":3}},"131":{"start":{"line":290,"column":20},"end":{"line":290,"column":40}},"132":{"start":{"line":291,"column":2},"end":{"line":297,"column":7}},"133":{"start":{"line":293,"column":6},"end":{"line":295,"column":7}},"134":{"start":{"line":294,"column":8},"end":{"line":294,"column":24}},"135":{"start":{"line":296,"column":6},"end":{"line":296,"column":22}},"136":{"start":{"line":301,"column":0},"end":{"line":318,"column":3}},"137":{"start":{"line":302,"column":18},"end":{"line":302,"column":34}},"138":{"start":{"line":303,"column":20},"end":{"line":303,"column":38}},"139":{"start":{"line":304,"column":20},"end":{"line":304,"column":38}},"140":{"start":{"line":305,"column":25},"end":{"line":305,"column":48}},"141":{"start":{"line":307,"column":2},"end":{"line":317,"column":4}},"142":{"start":{"line":311,"column":6},"end":{"line":314,"column":7}},"143":{"start":{"line":312,"column":8},"end":{"line":312,"column":22}},"144":{"start":{"line":313,"column":8},"end":{"line":313,"column":25}},"145":{"start":{"line":315,"column":6},"end":{"line":315,"column":26}},"146":{"start":{"line":321,"column":0},"end":{"line":331,"column":3}},"147":{"start":{"line":323,"column":19},"end":{"line":323,"column":38}},"148":{"start":{"line":324,"column":2},"end":{"line":330,"column":7}},"149":{"start":{"line":326,"column":6},"end":{"line":328,"column":7}},"150":{"start":{"line":327,"column":8},"end":{"line":327,"column":24}},"151":{"start":{"line":329,"column":6},"end":{"line":329,"column":22}},"152":{"start":{"line":334,"column":0},"end":{"line":344,"column":3}},"153":{"start":{"line":336,"column":19},"end":{"line":336,"column":38}},"154":{"start":{"line":337,"column":2},"end":{"line":343,"column":7}},"155":{"start":{"line":339,"column":6},"end":{"line":341,"column":7}},"156":{"start":{"line":340,"column":8},"end":{"line":340,"column":24}},"157":{"start":{"line":342,"column":6},"end":{"line":342,"column":22}},"158":{"start":{"line":347,"column":0},"end":{"line":364,"column":3}},"159":{"start":{"line":348,"column":17},"end":{"line":348,"column":33}},"160":{"start":{"line":349,"column":16},"end":{"line":349,"column":35}},"161":{"start":{"line":350,"column":19},"end":{"line":350,"column":41}},"162":{"start":{"line":351,"column":19},"end":{"line":351,"column":41}},"163":{"start":{"line":353,"column":2},"end":{"line":363,"column":4}},"164":{"start":{"line":357,"column":6},"end":{"line":360,"column":7}},"165":{"start":{"line":358,"column":8},"end":{"line":358,"column":22}},"166":{"start":{"line":359,"column":8},"end":{"line":359,"column":25}},"167":{"start":{"line":361,"column":6},"end":{"line":361,"column":26}},"168":{"start":{"line":367,"column":0},"end":{"line":375,"column":3}},"169":{"start":{"line":368,"column":2},"end":{"line":374,"column":5}},"170":{"start":{"line":369,"column":4},"end":{"line":372,"column":5}},"171":{"start":{"line":370,"column":6},"end":{"line":370,"column":20}},"172":{"start":{"line":371,"column":6},"end":{"line":371,"column":23}},"173":{"start":{"line":373,"column":4},"end":{"line":373,"column":21}},"174":{"start":{"line":377,"column":0},"end":{"line":385,"column":3}},"175":{"start":{"line":378,"column":2},"end":{"line":384,"column":5}},"176":{"start":{"line":379,"column":4},"end":{"line":382,"column":5}},"177":{"start":{"line":380,"column":6},"end":{"line":380,"column":20}},"178":{"start":{"line":381,"column":6},"end":{"line":381,"column":23}},"179":{"start":{"line":383,"column":4},"end":{"line":383,"column":21}},"180":{"start":{"line":388,"column":0},"end":{"line":398,"column":3}},"181":{"start":{"line":390,"column":27},"end":{"line":390,"column":54}},"182":{"start":{"line":391,"column":2},"end":{"line":397,"column":7}},"183":{"start":{"line":393,"column":6},"end":{"line":395,"column":7}},"184":{"start":{"line":394,"column":8},"end":{"line":394,"column":24}},"185":{"start":{"line":396,"column":6},"end":{"line":396,"column":22}},"186":{"start":{"line":401,"column":0},"end":{"line":412,"column":3}},"187":{"start":{"line":403,"column":25},"end":{"line":403,"column":50}},"188":{"start":{"line":404,"column":18},"end":{"line":404,"column":36}},"189":{"start":{"line":405,"column":2},"end":{"line":411,"column":7}},"190":{"start":{"line":407,"column":6},"end":{"line":409,"column":7}},"191":{"start":{"line":408,"column":8},"end":{"line":408,"column":24}},"192":{"start":{"line":410,"column":6},"end":{"line":410,"column":22}},"193":{"start":{"line":415,"column":0},"end":{"line":425,"column":3}},"194":{"start":{"line":417,"column":27},"end":{"line":417,"column":54}},"195":{"start":{"line":418,"column":2},"end":{"line":424,"column":7}},"196":{"start":{"line":420,"column":6},"end":{"line":422,"column":7}},"197":{"start":{"line":421,"column":8},"end":{"line":421,"column":24}},"198":{"start":{"line":423,"column":6},"end":{"line":423,"column":22}},"199":{"start":{"line":428,"column":0},"end":{"line":439,"column":3}},"200":{"start":{"line":430,"column":18},"end":{"line":430,"column":36}},"201":{"start":{"line":431,"column":2},"end":{"line":438,"column":4}},"202":{"start":{"line":433,"column":6},"end":{"line":435,"column":7}},"203":{"start":{"line":434,"column":8},"end":{"line":434,"column":24}},"204":{"start":{"line":436,"column":6},"end":{"line":436,"column":22}},"205":{"start":{"line":442,"column":0},"end":{"line":456,"column":3}},"206":{"start":{"line":443,"column":18},"end":{"line":443,"column":34}},"207":{"start":{"line":444,"column":25},"end":{"line":444,"column":48}},"208":{"start":{"line":446,"column":2},"end":{"line":455,"column":4}},"209":{"start":{"line":450,"column":6},"end":{"line":452,"column":7}},"210":{"start":{"line":451,"column":8},"end":{"line":451,"column":25}},"211":{"start":{"line":453,"column":6},"end":{"line":453,"column":26}},"212":{"start":{"line":459,"column":0},"end":{"line":470,"column":3}},"213":{"start":{"line":461,"column":18},"end":{"line":461,"column":36}},"214":{"start":{"line":462,"column":2},"end":{"line":469,"column":4}},"215":{"start":{"line":464,"column":6},"end":{"line":466,"column":7}},"216":{"start":{"line":465,"column":8},"end":{"line":465,"column":24}},"217":{"start":{"line":467,"column":6},"end":{"line":467,"column":22}},"218":{"start":{"line":473,"column":0},"end":{"line":489,"column":3}},"219":{"start":{"line":475,"column":20},"end":{"line":475,"column":38}},"220":{"start":{"line":476,"column":18},"end":{"line":476,"column":34}},"221":{"start":{"line":477,"column":20},"end":{"line":477,"column":38}},"222":{"start":{"line":478,"column":21},"end":{"line":478,"column":40}},"223":{"start":{"line":480,"column":2},"end":{"line":488,"column":4}},"224":{"start":{"line":483,"column":6},"end":{"line":485,"column":7}},"225":{"start":{"line":484,"column":8},"end":{"line":484,"column":24}},"226":{"start":{"line":486,"column":6},"end":{"line":486,"column":22}},"227":{"start":{"line":492,"column":0},"end":{"line":507,"column":3}},"228":{"start":{"line":494,"column":18},"end":{"line":494,"column":34}},"229":{"start":{"line":495,"column":20},"end":{"line":495,"column":38}},"230":{"start":{"line":497,"column":2},"end":{"line":506,"column":4}},"231":{"start":{"line":501,"column":6},"end":{"line":503,"column":7}},"232":{"start":{"line":502,"column":8},"end":{"line":502,"column":25}},"233":{"start":{"line":504,"column":6},"end":{"line":504,"column":26}},"234":{"start":{"line":510,"column":0},"end":{"line":520,"column":3}},"235":{"start":{"line":511,"column":18},"end":{"line":511,"column":36}},"236":{"start":{"line":512,"column":2},"end":{"line":519,"column":4}},"237":{"start":{"line":514,"column":6},"end":{"line":516,"column":7}},"238":{"start":{"line":515,"column":8},"end":{"line":515,"column":24}},"239":{"start":{"line":517,"column":6},"end":{"line":517,"column":22}},"240":{"start":{"line":523,"column":0},"end":{"line":534,"column":3}},"241":{"start":{"line":524,"column":18},"end":{"line":524,"column":36}},"242":{"start":{"line":525,"column":18},"end":{"line":525,"column":36}},"243":{"start":{"line":526,"column":2},"end":{"line":533,"column":4}},"244":{"start":{"line":528,"column":6},"end":{"line":530,"column":7}},"245":{"start":{"line":529,"column":8},"end":{"line":529,"column":24}},"246":{"start":{"line":531,"column":6},"end":{"line":531,"column":22}},"247":{"start":{"line":537,"column":0},"end":{"line":548,"column":3}},"248":{"start":{"line":538,"column":18},"end":{"line":538,"column":36}},"249":{"start":{"line":539,"column":18},"end":{"line":539,"column":36}},"250":{"start":{"line":540,"column":2},"end":{"line":547,"column":4}},"251":{"start":{"line":542,"column":6},"end":{"line":544,"column":7}},"252":{"start":{"line":543,"column":8},"end":{"line":543,"column":24}},"253":{"start":{"line":545,"column":6},"end":{"line":545,"column":22}},"254":{"start":{"line":551,"column":0},"end":{"line":562,"column":3}},"255":{"start":{"line":552,"column":18},"end":{"line":552,"column":36}},"256":{"start":{"line":553,"column":18},"end":{"line":553,"column":36}},"257":{"start":{"line":554,"column":2},"end":{"line":561,"column":4}},"258":{"start":{"line":556,"column":6},"end":{"line":558,"column":7}},"259":{"start":{"line":557,"column":8},"end":{"line":557,"column":24}},"260":{"start":{"line":559,"column":6},"end":{"line":559,"column":22}},"261":{"start":{"line":565,"column":0},"end":{"line":576,"column":3}},"262":{"start":{"line":566,"column":18},"end":{"line":566,"column":36}},"263":{"start":{"line":567,"column":18},"end":{"line":567,"column":36}},"264":{"start":{"line":568,"column":2},"end":{"line":575,"column":4}},"265":{"start":{"line":570,"column":6},"end":{"line":572,"column":7}},"266":{"start":{"line":571,"column":8},"end":{"line":571,"column":24}},"267":{"start":{"line":573,"column":6},"end":{"line":573,"column":22}},"268":{"start":{"line":579,"column":0},"end":{"line":590,"column":3}},"269":{"start":{"line":580,"column":18},"end":{"line":580,"column":36}},"270":{"start":{"line":582,"column":2},"end":{"line":589,"column":4}},"271":{"start":{"line":584,"column":6},"end":{"line":586,"column":7}},"272":{"start":{"line":585,"column":8},"end":{"line":585,"column":24}},"273":{"start":{"line":587,"column":6},"end":{"line":587,"column":22}},"274":{"start":{"line":593,"column":0},"end":{"line":607,"column":3}},"275":{"start":{"line":594,"column":20},"end":{"line":594,"column":38}},"276":{"start":{"line":595,"column":26},"end":{"line":595,"column":50}},"277":{"start":{"line":596,"column":2},"end":{"line":606,"column":4}},"278":{"start":{"line":600,"column":6},"end":{"line":603,"column":7}},"279":{"start":{"line":601,"column":8},"end":{"line":601,"column":22}},"280":{"start":{"line":602,"column":8},"end":{"line":602,"column":25}},"281":{"start":{"line":604,"column":6},"end":{"line":604,"column":26}},"282":{"start":{"line":610,"column":0},"end":{"line":624,"column":3}},"283":{"start":{"line":611,"column":20},"end":{"line":611,"column":38}},"284":{"start":{"line":612,"column":24},"end":{"line":612,"column":46}},"285":{"start":{"line":613,"column":2},"end":{"line":623,"column":4}},"286":{"start":{"line":617,"column":6},"end":{"line":620,"column":7}},"287":{"start":{"line":618,"column":8},"end":{"line":618,"column":22}},"288":{"start":{"line":619,"column":8},"end":{"line":619,"column":25}},"289":{"start":{"line":621,"column":6},"end":{"line":621,"column":26}},"290":{"start":{"line":627,"column":0},"end":{"line":641,"column":3}},"291":{"start":{"line":628,"column":20},"end":{"line":628,"column":38}},"292":{"start":{"line":629,"column":27},"end":{"line":629,"column":52}},"293":{"start":{"line":630,"column":2},"end":{"line":640,"column":4}},"294":{"start":{"line":634,"column":6},"end":{"line":637,"column":7}},"295":{"start":{"line":635,"column":8},"end":{"line":635,"column":22}},"296":{"start":{"line":636,"column":8},"end":{"line":636,"column":25}},"297":{"start":{"line":638,"column":6},"end":{"line":638,"column":26}},"298":{"start":{"line":644,"column":0},"end":{"line":662,"column":3}},"299":{"start":{"line":645,"column":27},"end":{"line":645,"column":52}},"300":{"start":{"line":646,"column":28},"end":{"line":646,"column":54}},"301":{"start":{"line":647,"column":26},"end":{"line":647,"column":50}},"302":{"start":{"line":648,"column":25},"end":{"line":648,"column":48}},"303":{"start":{"line":649,"column":20},"end":{"line":649,"column":38}},"304":{"start":{"line":651,"column":2},"end":{"line":661,"column":4}},"305":{"start":{"line":655,"column":6},"end":{"line":658,"column":7}},"306":{"start":{"line":656,"column":8},"end":{"line":656,"column":22}},"307":{"start":{"line":657,"column":8},"end":{"line":657,"column":25}},"308":{"start":{"line":659,"column":6},"end":{"line":659,"column":26}},"309":{"start":{"line":665,"column":0},"end":{"line":677,"column":3}},"310":{"start":{"line":666,"column":18},"end":{"line":666,"column":36}},"311":{"start":{"line":667,"column":18},"end":{"line":667,"column":36}},"312":{"start":{"line":669,"column":2},"end":{"line":676,"column":4}},"313":{"start":{"line":671,"column":6},"end":{"line":673,"column":7}},"314":{"start":{"line":672,"column":8},"end":{"line":672,"column":24}},"315":{"start":{"line":674,"column":6},"end":{"line":674,"column":22}},"316":{"start":{"line":680,"column":0},"end":{"line":691,"column":3}},"317":{"start":{"line":681,"column":18},"end":{"line":681,"column":36}},"318":{"start":{"line":682,"column":2},"end":{"line":690,"column":4}},"319":{"start":{"line":685,"column":6},"end":{"line":687,"column":7}},"320":{"start":{"line":686,"column":8},"end":{"line":686,"column":24}},"321":{"start":{"line":688,"column":6},"end":{"line":688,"column":22}},"322":{"start":{"line":694,"column":0},"end":{"line":705,"column":3}},"323":{"start":{"line":695,"column":18},"end":{"line":695,"column":36}},"324":{"start":{"line":697,"column":2},"end":{"line":704,"column":4}},"325":{"start":{"line":699,"column":6},"end":{"line":701,"column":7}},"326":{"start":{"line":700,"column":8},"end":{"line":700,"column":24}},"327":{"start":{"line":702,"column":6},"end":{"line":702,"column":22}},"328":{"start":{"line":710,"column":0},"end":{"line":726,"column":3}},"329":{"start":{"line":711,"column":20},"end":{"line":711,"column":38}},"330":{"start":{"line":712,"column":26},"end":{"line":712,"column":50}},"331":{"start":{"line":713,"column":27},"end":{"line":713,"column":52}},"332":{"start":{"line":715,"column":2},"end":{"line":725,"column":4}},"333":{"start":{"line":719,"column":6},"end":{"line":722,"column":7}},"334":{"start":{"line":720,"column":8},"end":{"line":720,"column":22}},"335":{"start":{"line":721,"column":8},"end":{"line":721,"column":25}},"336":{"start":{"line":723,"column":6},"end":{"line":723,"column":26}},"337":{"start":{"line":729,"column":0},"end":{"line":731,"column":3}},"338":{"start":{"line":730,"column":2},"end":{"line":730,"column":51}}},"fnMap":{"0":{"name":"(anonymous_0)","decl":{"start":{"line":21,"column":11},"end":{"line":21,"column":12}},"loc":{"start":{"line":21,"column":20},"end":{"line":35,"column":1}},"line":21},"1":{"name":"(anonymous_1)","decl":{"start":{"line":37,"column":32},"end":{"line":37,"column":33}},"loc":{"start":{"line":37,"column":38},"end":{"line":63,"column":1}},"line":37},"2":{"name":"(anonymous_2)","decl":{"start":{"line":40,"column":102},"end":{"line":40,"column":103}},"loc":{"start":{"line":40,"column":119},"end":{"line":61,"column":3}},"line":40},"3":{"name":"(anonymous_3)","decl":{"start":{"line":46,"column":19},"end":{"line":46,"column":20}},"loc":{"start":{"line":46,"column":26},"end":{"line":59,"column":5}},"line":46},"4":{"name":"(anonymous_4)","decl":{"start":{"line":54,"column":143},"end":{"line":54,"column":144}},"loc":{"start":{"line":54,"column":160},"end":{"line":58,"column":7}},"line":54},"5":{"name":"(anonymous_5)","decl":{"start":{"line":66,"column":13},"end":{"line":66,"column":14}},"loc":{"start":{"line":66,"column":27},"end":{"line":68,"column":1}},"line":66},"6":{"name":"(anonymous_6)","decl":{"start":{"line":71,"column":26},"end":{"line":71,"column":27}},"loc":{"start":{"line":71,"column":40},"end":{"line":79,"column":1}},"line":71},"7":{"name":"(anonymous_7)","decl":{"start":{"line":72,"column":34},"end":{"line":72,"column":35}},"loc":{"start":{"line":72,"column":51},"end":{"line":78,"column":3}},"line":72},"8":{"name":"(anonymous_8)","decl":{"start":{"line":82,"column":31},"end":{"line":82,"column":32}},"loc":{"start":{"line":82,"column":45},"end":{"line":100,"column":1}},"line":82},"9":{"name":"(anonymous_9)","decl":{"start":{"line":92,"column":4},"end":{"line":92,"column":5}},"loc":{"start":{"line":92,"column":21},"end":{"line":98,"column":5}},"line":92},"10":{"name":"(anonymous_10)","decl":{"start":{"line":103,"column":34},"end":{"line":103,"column":35}},"loc":{"start":{"line":103,"column":48},"end":{"line":124,"column":1}},"line":103},"11":{"name":"(anonymous_11)","decl":{"start":{"line":116,"column":4},"end":{"line":116,"column":5}},"loc":{"start":{"line":116,"column":21},"end":{"line":122,"column":5}},"line":116},"12":{"name":"(anonymous_12)","decl":{"start":{"line":127,"column":28},"end":{"line":127,"column":29}},"loc":{"start":{"line":127,"column":42},"end":{"line":142,"column":1}},"line":127},"13":{"name":"(anonymous_13)","decl":{"start":{"line":134,"column":4},"end":{"line":134,"column":5}},"loc":{"start":{"line":134,"column":21},"end":{"line":140,"column":5}},"line":134},"14":{"name":"(anonymous_14)","decl":{"start":{"line":145,"column":33},"end":{"line":145,"column":34}},"loc":{"start":{"line":145,"column":47},"end":{"line":153,"column":1}},"line":145},"15":{"name":"(anonymous_15)","decl":{"start":{"line":146,"column":48},"end":{"line":146,"column":49}},"loc":{"start":{"line":146,"column":65},"end":{"line":152,"column":3}},"line":146},"16":{"name":"(anonymous_16)","decl":{"start":{"line":156,"column":43},"end":{"line":156,"column":44}},"loc":{"start":{"line":156,"column":57},"end":{"line":168,"column":1}},"line":156},"17":{"name":"(anonymous_17)","decl":{"start":{"line":162,"column":4},"end":{"line":162,"column":5}},"loc":{"start":{"line":162,"column":21},"end":{"line":166,"column":5}},"line":162},"18":{"name":"(anonymous_18)","decl":{"start":{"line":171,"column":39},"end":{"line":171,"column":40}},"loc":{"start":{"line":171,"column":53},"end":{"line":181,"column":1}},"line":171},"19":{"name":"(anonymous_19)","decl":{"start":{"line":175,"column":4},"end":{"line":175,"column":5}},"loc":{"start":{"line":175,"column":21},"end":{"line":180,"column":5}},"line":175},"20":{"name":"(anonymous_20)","decl":{"start":{"line":184,"column":28},"end":{"line":184,"column":29}},"loc":{"start":{"line":184,"column":42},"end":{"line":208,"column":1}},"line":184},"21":{"name":"(anonymous_21)","decl":{"start":{"line":201,"column":10},"end":{"line":201,"column":11}},"loc":{"start":{"line":201,"column":22},"end":{"line":203,"column":5}},"line":201},"22":{"name":"(anonymous_22)","decl":{"start":{"line":204,"column":11},"end":{"line":204,"column":12}},"loc":{"start":{"line":204,"column":22},"end":{"line":207,"column":5}},"line":204},"23":{"name":"(anonymous_23)","decl":{"start":{"line":211,"column":40},"end":{"line":211,"column":41}},"loc":{"start":{"line":211,"column":54},"end":{"line":221,"column":1}},"line":211},"24":{"name":"(anonymous_24)","decl":{"start":{"line":215,"column":4},"end":{"line":215,"column":5}},"loc":{"start":{"line":215,"column":21},"end":{"line":220,"column":5}},"line":215},"25":{"name":"(anonymous_25)","decl":{"start":{"line":224,"column":38},"end":{"line":224,"column":39}},"loc":{"start":{"line":224,"column":52},"end":{"line":234,"column":1}},"line":224},"26":{"name":"(anonymous_26)","decl":{"start":{"line":228,"column":4},"end":{"line":228,"column":5}},"loc":{"start":{"line":228,"column":21},"end":{"line":233,"column":5}},"line":228},"27":{"name":"(anonymous_27)","decl":{"start":{"line":238,"column":36},"end":{"line":238,"column":37}},"loc":{"start":{"line":238,"column":50},"end":{"line":255,"column":3}},"line":238},"28":{"name":"(anonymous_28)","decl":{"start":{"line":247,"column":6},"end":{"line":247,"column":7}},"loc":{"start":{"line":247,"column":23},"end":{"line":253,"column":7}},"line":247},"29":{"name":"(anonymous_29)","decl":{"start":{"line":259,"column":45},"end":{"line":259,"column":46}},"loc":{"start":{"line":259,"column":59},"end":{"line":269,"column":1}},"line":259},"30":{"name":"(anonymous_30)","decl":{"start":{"line":263,"column":4},"end":{"line":263,"column":5}},"loc":{"start":{"line":263,"column":21},"end":{"line":268,"column":5}},"line":263},"31":{"name":"(anonymous_31)","decl":{"start":{"line":273,"column":45},"end":{"line":273,"column":46}},"loc":{"start":{"line":273,"column":59},"end":{"line":283,"column":1}},"line":273},"32":{"name":"(anonymous_32)","decl":{"start":{"line":277,"column":4},"end":{"line":277,"column":5}},"loc":{"start":{"line":277,"column":21},"end":{"line":282,"column":5}},"line":277},"33":{"name":"(anonymous_33)","decl":{"start":{"line":288,"column":44},"end":{"line":288,"column":45}},"loc":{"start":{"line":288,"column":58},"end":{"line":298,"column":1}},"line":288},"34":{"name":"(anonymous_34)","decl":{"start":{"line":292,"column":4},"end":{"line":292,"column":5}},"loc":{"start":{"line":292,"column":21},"end":{"line":297,"column":5}},"line":292},"35":{"name":"(anonymous_35)","decl":{"start":{"line":301,"column":33},"end":{"line":301,"column":34}},"loc":{"start":{"line":301,"column":47},"end":{"line":318,"column":1}},"line":301},"36":{"name":"(anonymous_36)","decl":{"start":{"line":310,"column":4},"end":{"line":310,"column":5}},"loc":{"start":{"line":310,"column":21},"end":{"line":316,"column":5}},"line":310},"37":{"name":"(anonymous_37)","decl":{"start":{"line":321,"column":37},"end":{"line":321,"column":38}},"loc":{"start":{"line":321,"column":51},"end":{"line":331,"column":1}},"line":321},"38":{"name":"(anonymous_38)","decl":{"start":{"line":325,"column":4},"end":{"line":325,"column":5}},"loc":{"start":{"line":325,"column":21},"end":{"line":330,"column":5}},"line":325},"39":{"name":"(anonymous_39)","decl":{"start":{"line":334,"column":42},"end":{"line":334,"column":43}},"loc":{"start":{"line":334,"column":56},"end":{"line":344,"column":1}},"line":334},"40":{"name":"(anonymous_40)","decl":{"start":{"line":338,"column":4},"end":{"line":338,"column":5}},"loc":{"start":{"line":338,"column":21},"end":{"line":343,"column":5}},"line":338},"41":{"name":"(anonymous_41)","decl":{"start":{"line":347,"column":36},"end":{"line":347,"column":37}},"loc":{"start":{"line":347,"column":50},"end":{"line":364,"column":1}},"line":347},"42":{"name":"(anonymous_42)","decl":{"start":{"line":356,"column":4},"end":{"line":356,"column":5}},"loc":{"start":{"line":356,"column":21},"end":{"line":362,"column":5}},"line":356},"43":{"name":"(anonymous_43)","decl":{"start":{"line":367,"column":26},"end":{"line":367,"column":27}},"loc":{"start":{"line":367,"column":40},"end":{"line":375,"column":1}},"line":367},"44":{"name":"(anonymous_44)","decl":{"start":{"line":368,"column":41},"end":{"line":368,"column":42}},"loc":{"start":{"line":368,"column":58},"end":{"line":374,"column":3}},"line":368},"45":{"name":"(anonymous_45)","decl":{"start":{"line":377,"column":32},"end":{"line":377,"column":33}},"loc":{"start":{"line":377,"column":46},"end":{"line":385,"column":1}},"line":377},"46":{"name":"(anonymous_46)","decl":{"start":{"line":378,"column":270},"end":{"line":378,"column":271}},"loc":{"start":{"line":378,"column":287},"end":{"line":384,"column":3}},"line":378},"47":{"name":"(anonymous_47)","decl":{"start":{"line":388,"column":52},"end":{"line":388,"column":53}},"loc":{"start":{"line":388,"column":66},"end":{"line":398,"column":1}},"line":388},"48":{"name":"(anonymous_48)","decl":{"start":{"line":392,"column":4},"end":{"line":392,"column":5}},"loc":{"start":{"line":392,"column":21},"end":{"line":397,"column":5}},"line":392},"49":{"name":"(anonymous_49)","decl":{"start":{"line":401,"column":58},"end":{"line":401,"column":59}},"loc":{"start":{"line":401,"column":72},"end":{"line":412,"column":1}},"line":401},"50":{"name":"(anonymous_50)","decl":{"start":{"line":406,"column":4},"end":{"line":406,"column":5}},"loc":{"start":{"line":406,"column":21},"end":{"line":411,"column":5}},"line":406},"51":{"name":"(anonymous_51)","decl":{"start":{"line":415,"column":58},"end":{"line":415,"column":59}},"loc":{"start":{"line":415,"column":72},"end":{"line":425,"column":1}},"line":415},"52":{"name":"(anonymous_52)","decl":{"start":{"line":419,"column":4},"end":{"line":419,"column":5}},"loc":{"start":{"line":419,"column":21},"end":{"line":424,"column":5}},"line":419},"53":{"name":"(anonymous_53)","decl":{"start":{"line":428,"column":52},"end":{"line":428,"column":53}},"loc":{"start":{"line":428,"column":66},"end":{"line":439,"column":1}},"line":428},"54":{"name":"(anonymous_54)","decl":{"start":{"line":432,"column":4},"end":{"line":432,"column":5}},"loc":{"start":{"line":4
[...]
23,"column":1}},"4":{"start":{"line":17,"column":19},"end":{"line":17,"column":53}},"5":{"start":{"line":18,"column":2},"end":{"line":18,"column":25}},"6":{"start":{"line":19,"column":2},"end":{"line":19,"column":38}},"7":{"start":{"line":20,"column":2},"end":{"line":20,"column":20}},"8":{"start":{"line":21,"column":2},"end":{"line":21,"column":31}},"9":{"start":{"line":22,"column":2},"end":{"line":22,"column":38}},"10":{"start":{"line":25,"column":25},"end":{"line":316,"column":1}},"11":{"start":{"line":29,"column":26},"end":{"line":29,"column":38}},"12":{"start":{"line":30,"column":36},"end":{"line":30,"column":48}},"13":{"start":{"line":31,"column":40},"end":{"line":31,"column":51}},"14":{"start":{"line":32,"column":34},"end":{"line":32,"column":49}},"15":{"start":{"line":33,"column":37},"end":{"line":33,"column":48}},"16":{"start":{"line":34,"column":22},"end":{"line":34,"column":25}},"17":{"start":{"line":37,"column":23},"end":{"line":45,"column":3}},"18":{"start":{"line":38,"column":4},"end":{"line":38,"column":22}},"19":{"start":{"line":39,"column":17},"end":{"line":39,"column":25}},"20":{"start":{"line":40,"column":4},"end":{"line":40,"column":18}},"21":{"start":{"line":41,"column":4},"end":{"line":41,"column":39}},"22":{"start":{"line":42,"column":4},"end":{"line":42,"column":22}},"23":{"start":{"line":43,"column":4},"end":{"line":43,"column":26}},"24":{"start":{"line":44,"column":4},"end":{"line":44,"column":16}},"25":{"start":{"line":47,"column":31},"end":{"line":49,"column":3}},"26":{"start":{"line":48,"column":4},"end":{"line":48,"column":39}},"27":{"start":{"line":53,"column":4},"end":{"line":57,"column":9}},"28":{"start":{"line":56,"column":8},"end":{"line":56,"column":50}},"29":{"start":{"line":62,"column":22},"end":{"line":62,"column":24}},"30":{"start":{"line":64,"column":4},"end":{"line":67,"column":5}},"31":{"start":{"line":64,"column":17},"end":{"line":64,"column":18}},"32":{"start":{"line":65,"column":18},"end":{"line":65,"column":33}},"33":{"start":{"line":66,"column":6},"end":{"line":66,"column":25}},"34":{"start":{"line":69,"column":23},"end":{"line":69,"column":48}},"35":{"start":{"line":70,"column":4},"end":{"line":70,"column":22}},"36":{"start":{"line":81,"column":28},"end":{"line":90,"column":3}},"37":{"start":{"line":82,"column":21},"end":{"line":82,"column":26}},"38":{"start":{"line":85,"column":4},"end":{"line":89,"column":5}},"39":{"start":{"line":86,"column":6},"end":{"line":86,"column":46}},"40":{"start":{"line":88,"column":6},"end":{"line":88,"column":33}},"41":{"start":{"line":93,"column":2},"end":{"line":93,"column":17}},"42":{"start":{"line":95,"column":21},"end":{"line":129,"column":3}},"43":{"start":{"line":96,"column":17},"end":{"line":96,"column":31}},"44":{"start":{"line":97,"column":4},"end":{"line":97,"column":24}},"45":{"start":{"line":98,"column":4},"end":{"line":98,"column":32}},"46":{"start":{"line":99,"column":4},"end":{"line":99,"column":47}},"47":{"start":{"line":100,"column":4},"end":{"line":106,"column":7}},"48":{"start":{"line":107,"column":4},"end":{"line":111,"column":7}},"49":{"start":{"line":112,"column":4},"end":{"line":112,"column":26}},"50":{"start":{"line":113,"column":4},"end":{"line":128,"column":6}},"51":{"start":{"line":122,"column":6},"end":{"line":127,"column":7}},"52":{"start":{"line":123,"column":8},"end":{"line":123,"column":30}},"53":{"start":{"line":124,"column":8},"end":{"line":126,"column":17}},"54":{"start":{"line":125,"column":10},"end":{"line":125,"column":67}},"55":{"start":{"line":131,"column":27},"end":{"line":145,"column":3}},"56":{"start":{"line":132,"column":4},"end":{"line":144,"column":9}},"57":{"start":{"line":135,"column":25},"end":{"line":135,"column":38}},"58":{"start":{"line":137,"column":8},"end":{"line":143,"column":9}},"59":{"start":{"line":138,"column":10},"end":{"line":138,"column":44}},"60":{"start":{"line":139,"column":10},"end":{"line":139,"column":31}},"61":{"start":{"line":141,"column":10},"end":{"line":141,"column":37}},"62":{"start":{"line":142,"column":10},"end":{"line":142,"column":51}},"63":{"start":{"line":153,"column":29},"end":{"line":161,"column":3}},"64":{"start":{"line":154,"column":21},"end":{"line":154,"column":26}},"65":{"start":{"line":155,"column":4},"end":{"line":155,"column":43}},"66":{"start":{"line":156,"column":4},"end":{"line":160,"column":5}},"67":{"start":{"line":157,"column":6},"end":{"line":157,"column":41}},"68":{"start":{"line":159,"column":6},"end":{"line":159,"column":31}},"69":{"start":{"line":163,"column":25},"end":{"line":175,"column":3}},"70":{"start":{"line":164,"column":4},"end":{"line":174,"column":9}},"71":{"start":{"line":167,"column":29},"end":{"line":167,"column":42}},"72":{"start":{"line":169,"column":8},"end":{"line":173,"column":9}},"73":{"start":{"line":170,"column":10},"end":{"line":170,"column":45}},"74":{"start":{"line":172,"column":10},"end":{"line":172,"column":56}},"75":{"start":{"line":177,"column":19},"end":{"line":188,"column":3}},"76":{"start":{"line":178,"column":4},"end":{"line":184,"column":7}},"77":{"start":{"line":185,"column":4},"end":{"line":187,"column":12}},"78":{"start":{"line":186,"column":6},"end":{"line":186,"column":63}},"79":{"start":{"line":190,"column":2},"end":{"line":315,"column":4}}},"fnMap":{"0":{"name":"(anonymous_0)","decl":{"start":{"line":16,"column":24},"end":{"line":16,"column":25}},"loc":{"start":{"line":16,"column":35},"end":{"line":23,"column":1}},"line":16},"1":{"name":"(anonymous_1)","decl":{"start":{"line":25,"column":25},"end":{"line":25,"column":26}},"loc":{"start":{"line":25,"column":36},"end":{"line":316,"column":1}},"line":25},"2":{"name":"(anonymous_2)","decl":{"start":{"line":37,"column":23},"end":{"line":37,"column":24}},"loc":{"start":{"line":37,"column":29},"end":{"line":45,"column":3}},"line":37},"3":{"name":"(anonymous_3)","decl":{"start":{"line":47,"column":31},"end":{"line":47,"column":32}},"loc":{"start":{"line":47,"column":53},"end":{"line":49,"column":3}},"line":47},"4":{"name":"numTestCases","decl":{"start":{"line":52,"column":11},"end":{"line":52,"column":23}},"loc":{"start":{"line":52,"column":26},"end":{"line":58,"column":3}},"line":52},"5":{"name":"(anonymous_5)","decl":{"start":{"line":55,"column":12},"end":{"line":55,"column":13}},"loc":{"start":{"line":55,"column":32},"end":{"line":57,"column":7}},"line":55},"6":{"name":"createJsonArray","decl":{"start":{"line":61,"column":11},"end":{"line":61,"column":26}},"loc":{"start":{"line":61,"column":36},"end":{"line":71,"column":3}},"line":61},"7":{"name":"(anonymous_7)","decl":{"start":{"line":81,"column":28},"end":{"line":81,"column":29}},"loc":{"start":{"line":81,"column":39},"end":{"line":90,"column":3}},"line":81},"8":{"name":"(anonymous_8)","decl":{"start":{"line":95,"column":21},"end":{"line":95,"column":22}},"loc":{"start":{"line":95,"column":35},"end":{"line":129,"column":3}},"line":95},"9":{"name":"(anonymous_9)","decl":{"start":{"line":121,"column":14},"end":{"line":121,"column":15}},"loc":{"start":{"line":121,"column":26},"end":{"line":128,"column":5}},"line":121},"10":{"name":"(anonymous_10)","decl":{"start":{"line":124,"column":19},"end":{"line":124,"column":20}},"loc":{"start":{"line":124,"column":25},"end":{"line":126,"column":9}},"line":124},"11":{"name":"(anonymous_11)","decl":{"start":{"line":131,"column":27},"end":{"line":131,"column":28}},"loc":{"start":{"line":131,"column":41},"end":{"line":145,"column":3}},"line":131},"12":{"name":"(anonymous_12)","decl":{"start":{"line":134,"column":12},"end":{"line":134,"column":13}},"loc":{"start":{"line":134,"column":32},"end":{"line":144,"column":7}},"line":134},"13":{"name":"(anonymous_13)","decl":{"start":{"line":153,"column":29},"end":{"line":153,"column":30}},"loc":{"start":{"line":153,"column":40},"end":{"line":161,"column":3}},"line":153},"14":{"name":"(anonymous_14)","decl":{"start":{"line":163,"column":25},"end":{"line":163,"column":26}},"loc":{"start":{"line":163,"column":39},"end":{"line":175,"column":3}},"line":163},"15":{"name":"(anonymous_15)","decl":{"start":{"line":166,"column":12},"end":{"line":166,"column":13}},"loc":{"start":{"line":166,"column":32},"end":{"line":174,"column":7}},"line":166},"16":{"name":"(anonymous_16)","decl":{"start":{"line":177,"column":19},"end":{"line":177,"column":20}},"loc":{"start":{"line":177,"column":58},"end":{"line":188,"column":3}},"line":177},"17":{"name":"(anonymous_17)","decl":{"start":{"line":185,"column":15},"end":{"line":185,"column":16}},"loc":{"start":{"line":185,"column":21},"end":{"line":187,"column":5}},"line":185}},"branchMap":{"0":{"loc":{"start":{"line":85,"column":4},"end":{"line":89,"column":5}},"type":"if","locations":[{"start":{"line":85,"column":4},"end":{"line":89,"column":5}},{"start":{"line":87,"column":11},"end":{"line":89,"column":5}}],"line":85},"1":{"loc":{"start":{"line":122,"column":6},"end":{"line":127,"column":7}},"type":"if","locations":[{"start":{"line":122,"column":6},"end":{"line":127,"column":7}},{"start":{},"end":{}}],"line":122},"2":{"loc":{"start":{"line":137,"column":8},"end":{"line":143,"column":9}},"type":"if","locations":[{"start":{"line":137,"column":8},"end":{"line":143,"column":9}},{"start":{"line":140,"column":15},"end":{"line":143,"column":9}}],"line":137},"3":{"loc":{"start":{"line":156,"column":4},"end":{"line":160,"column":5}},"type":"if","locations":[{"start":{"line":156,"column":4},"end":{"line":160,"column":5}},{"start":{"line":158,"column":11},"end":{"line":160,"column":5}}],"line":156},"4":{"loc":{"start":{"line":169,"column":8},"end":{"line":173,"column":9}},"type":"if","locations":[{"start":{"line":169,"column":8},"end":{"line":173,"column":9}},{"start":{"line":171,"column":15},"end":{"line":173,"column":9}}],"line":169}},"s":{"0":0,"1":0,"2":0,"3":0,"4":0,"5":0,"6":0,"7":0,"8":0,"9":0,"10":0,"11":0,"12":0,"13":0,"14":0,"15":0,"16":0,"17":0,"18":0,"19":0,"20":0,"21":0,"22":0,"23":0,"24":0,"25":0,"26":0,"27":0,"28":0,"29":0,"30":0,"31":0,"32":0,"33":0,"34":0,"35":0,"36":0,"37":0,"38":0,"39":0,"40":0,"41":0,"42":0,"43":0,"44":0,"45":0,"46":0,"47":0,"48":0,"49":0,"50":0,"51":0,"52":0,"53":0,"54":0,"55":0,"56":0,"57":0,"58":0,"59":0,"60":0,"61":0,"62":0,"63":0,"64":0,"65":0,"66":0,"67":0,"68":0,"69":0,"70":0,"71":0,"72":0,"73":0,"74":0,"75":0,"76":0,"77":0,"78":0,"79":0},"f":{"0":0,"1":0,"2":0,"3":0,"4":0,"5":0,"6":0,"7":0,"8":0,"9":0,"10":0,"11":0,"12":0,"13":0,"14":0,"15":0,"16":0,"17":0},"b":{"0":[0,0],"1":[0,0],"2":[0,0],"3":[0,0],"4":[0,0]}}
,"C:\\Users\\Abdullah Karolia\\Desktop\\Project ARENA\\website\\src\\views\\register.js": {"path":"C:\\Users\\Abdullah Karolia\\Desktop\\Project ARENA\\website\\src\\views\\register.js","statementMap":{"0":{"start":{"line":12,"column":15},"end":{"line":12,"column":38}},"1":{"start":{"line":13,"column":2},"end":{"line":13,"column":42}},"2":{"start":{"line":17,"column":2},"end":{"line":23,"column":5}},"3":{"start":{"line":27,"column":19},"end":{"line":27,"column":89}},"4":{"start":{"line":28,"column":21},"end":{"line":28,"column":34}},"5":{"start":{"line":29,"column":2},"end":{"line":29,"column":29}},"6":{"start":{"line":30,"column":2},"end":{"line":37,"column":3}},"7":{"start":{"line":31,"column":4},"end":{"line":31,"column":52}},"8":{"start":{"line":32,"column":4},"end":{"line":32,"column":16}},"9":{"start":{"line":35,"column":4},"end":{"line":35,"column":47}},"10":{"start":{"line":36,"column":4},"end":{"line":36,"column":17}},"11":{"start":{"line":41,"column":23},"end":{"line":41,"column":51}},"12":{"start":{"line":42,"column":26},"end":{"line":42,"column":79}},"13":{"start":{"line":44,"column":2},"end":{"line":58,"column":3}},"14":{"start":{"line":45,"column":4},"end":{"line":45,"column":48}},"15":{"start":{"line":46,"column":4},"end":{"line":46,"column":17}},"16":{"start":{"line":48,"column":7},"end":{"line":58,"column":3}},"17":{"start":{"line":49,"column":4},"end":{"line":49,"column":50}},"18":{"start":{"line":50,"column":4},"end":{"line":50,"column":17}},"19":{"start":{"line":52,"column":7},"end":{"line":58,"column":3}},"20":{"start":{"line":53,"column":4},"end":{"line":53,"column":56}},"21":{"start":{"line":54,"column":4},"end":{"line":54,"column":17}},"22":{"start":{"line":57,"column":4},"end":{"line":57,"column":16}},"23":{"start":{"line":62,"column":25},"end":{"line":62,"column":47}},"24":{"start":{"line":64,"column":21},"end":{"line":64,"column":93}},"25":{"start":{"line":66,"column":2},"end":{"line":76,"column":3}},"26":{"start":{"line":67,"column":4},"end":{"line":75,"column":9}},"27":{"start":{"line":69,"column":8},"end":{"line":74,"column":9}},"28":{"start":{"line":70,"column":10},"end":{"line":70,"column":74}},"29":{"start":{"line":71,"column":10},"end":{"line":73,"column":19}},"30":{"start":{"line":72,"column":12},"end":{"line":72,"column":65}},"31":{"start":{"line":79,"column":17},"end":{"line":166,"column":1}},"32":{"start":{"line":80,"column":42},"end":{"line":80,"column":54}},"33":{"start":{"line":81,"column":26},"end":{"line":81,"column":38}},"34":{"start":{"line":82,"column":32},"end":{"line":82,"column":44}},"35":{"start":{"line":83,"column":28},"end":{"line":83,"column":40}},"36":{"start":{"line":84,"column":34},"end":{"line":84,"column":46}},"37":{"start":{"line":85,"column":34},"end":{"line":85,"column":46}},"38":{"start":{"line":88,"column":23},"end":{"line":91,"column":3}},"39":{"start":{"line":89,"column":4},"end":{"line":89,"column":27}},"40":{"start":{"line":90,"column":4},"end":{"line":90,"column":74}},"41":{"start":{"line":93,"column":2},"end":{"line":165,"column":4}},"42":{"start":{"line":117,"column":27},"end":{"line":117,"column":50}},"43":{"start":{"line":123,"column":27},"end":{"line":123,"column":53}},"44":{"start":{"line":129,"column":27},"end":{"line":129,"column":51}},"45":{"start":{"line":135,"column":27},"end":{"line":135,"column":54}},"46":{"start":{"line":141,"column":27},"end":{"line":141,"column":54}},"47":{"start":{"line":151,"column":12},"end":{"line":151,"column":51}},"48":{"start":{"line":152,"column":12},"end":{"line":152,"column":82}}},"fnMap":{"0":{"name":"hashPassword","decl":{"start":{"line":11,"column":9},"end":{"line":11,"column":21}},"loc":{"start":{"line":11,"column":32},"end":{"line":14,"column":1}},"line":11},"1":{"name":"postUserDetails","decl":{"start":{"line":16,"column":9},"end":{"line":16,"column":24}},"loc":{"start":{"line":16,"column":73},"end":{"line":24,"column":1}},"line":16},"2":{"name":"checkIfUserExists","decl":{"start":{"line":26,"column":15},"end":{"line":26,"column":32}},"loc":{"start":{"line":26,"column":60},"end":{"line":38,"column":1}},"line":26},"3":{"name":"validateInput","decl":{"start":{"line":40,"column":9},"end":{"line":40,"column":22}},"loc":{"start":{"line":40,"column":82},"end":{"line":59,"column":1}},"line":40},"4":{"name":"doRegister","decl":{"start":{"line":61,"column":9},"end":{"line":61,"column":19}},"loc":{"start":{"line":61,"column":79},"end":{"line":77,"column":1}},"line":61},"5":{"name":"(anonymous_5)","decl":{"start":{"line":68,"column":12},"end":{"line":68,"column":13}},"loc":{"start":{"line":68,"column":34},"end":{"line":75,"column":7}},"line":68},"6":{"name":"(anonymous_6)","decl":{"start":{"line":71,"column":21},"end":{"line":71,"column":22}},"loc":{"start":{"line":71,"column":33},"end":{"line":73,"column":11}},"line":71},"7":{"name":"(anonymous_7)","decl":{"start":{"line":79,"column":17},"end":{"line":79,"column":18}},"loc":{"start":{"line":79,"column":28},"end":{"line":166,"column":1}},"line":79},"8":{"name":"(anonymous_8)","decl":{"start":{"line":88,"column":23},"end":{"line":88,"column":24}},"loc":{"start":{"line":88,"column":32},"end":{"line":91,"column":3}},"line":88},"9":{"name":"(anonymous_9)","decl":{"start":{"line":117,"column":20},"end":{"line":117,"column":21}},"loc":{"start":{"line":117,"column":27},"end":{"line":117,"column":50}},"line":117},"10":{"name":"(anonymous_10)","decl":{"start":{"line":123,"column":20},"end":{"line":123,"column":21}},"loc":{"start":{"line":123,"column":27},"end":{"line":123,"column":53}},"line":123},"11":{"name":"(anonymous_11)","decl":{"start":{"line":129,"column":20},"end":{"line":129,"column":21}},"loc":{"start":{"line":129,"column":27},"end":{"line":129,"column":51}},"line":129},"12":{"name":"(anonymous_12)","decl":{"start":{"line":135,"column":20},"end":{"line":135,"column":21}},"loc":{"start":{"line":135,"column":27},"end":{"line":135,"column":54}},"line":135},"13":{"name":"(anonymous_13)","decl":{"start":{"line":141,"column":20},"end":{"line":141,"column":21}},"loc":{"start":{"line":141,"column":27},"end":{"line":141,"column":54}},"line":141},"14":{"name":"(anonymous_14)","decl":{"start":{"line":150,"column":19},"end":{"line":150,"column":20}},"loc":{"start":{"line":150,"column":25},"end":{"line":153,"column":11}},"line":150}},"branchMap":{"0":{"loc":{"start":{"line":30,"column":2},"end":{"line":37,"column":3}},"type":"if","locations":[{"start":{"line":30,"column":2},"end":{"line":37,"column":3}},{"start":{"line":34,"column":7},"end":{"line":37,"column":3}}],"line":30},"1":{"loc":{"start":{"line":44,"column":2},"end":{"line":58,"column":3}},"type":"if","locations":[{"start":{"line":44,"column":2},"end":{"line":58,"column":3}},{"start":{"line":48,"column":7},"end":{"line":58,"column":3}}],"line":44},"2":{"loc":{"start":{"line":44,"column":6},"end":{"line":44,"column":89}},"type":"binary-expr","locations":[{"start":{"line":44,"column":6},"end":{"line":44,"column":17}},{"start":{"line":44,"column":21},"end":{"line":44,"column":35}},{"start":{"line":44,"column":39},"end":{"line":44,"column":51}},{"start":{"line":44,"column":55},"end":{"line":44,"column":70}},{"start":{"line":44,"column":74},"end":{"line":44,"column":89}}],"line":44},"3":{"loc":{"start":{"line":48,"column":7},"end":{"line":58,"column":3}},"type":"if","locations":[{"start":{"line":48,"column":7},"end":{"line":58,"column":3}},{"start":{"line":52,"column":7},"end":{"line":58,"column":3}}],"line":48},"4":{"loc":{"start":{"line":52,"column":7},"end":{"line":58,"column":3}},"type":"if","locations":[{"start":{"line":52,"column":7},"end":{"line":58,"column":3}},{"start":{"line":56,"column":7},"end":{"line":58,"column":3}}],"line":52},"5":{"loc":{"start":{"line":66,"column":2},"end":{"line":76,"column":3}},"type":"if","locations":[{"start":{"line":66,"column":2},"end":{"line":76,"column":3}},{"start":{},"end":{}}],"line":66},"6":{"loc":{"start":{"line":69,"column":8},"end":{"line":74,"column":9}},"type":"if","locations":[{"start":{"line":69,"column":8},"end":{"line":74,"column":9}},{"start":{},"end":{}}],"line":69},"7":{"loc":{"start":{"line":158,"column":9},"end":{"line":158,"column":68}},"type":"binary-expr","locations":[{"start":{"line":158,"column":9},"end":{"line":158,"column":21}},{"start":{"line":158,"column":25},"end":{"line":158,"column":68}}],"line":158}},"s":{"0":0,"1":0,"2":0,"3":0,"4":0,"5":0,"6":0,"7":0,"8":0,"9":0,"10":0,"11":4,"12":4,"13":4,"14":1,"15":1,"16":3,"17":1,"18":1,"19":2,"20":1,"21":1,"22":1,"23":0,"24":0,"25":0,"26":0,"27":0,"28":0,"29":0,"30":0,"31":1,"32":0,"33":0,"34":0,"35":0,"36":0,"37":0,"38":0,"39":0,"40":0,"41":0,"42":0,"43":0,"44":0,"45":0,"46":0,"47":0,"48":0},"f":{"0":0,"1":0,"2":0,"3":4,"4":0,"5":0,"6":0,"7":0,"8":0,"9":0,"10":0,"11":0,"12":0,"13":0,"14":0},"b":{"0":[0,0],"1":[1,3],"2":[4,3,3,3,3],"3":[1,2],"4":[1,1],"5":[0,0],"6":[0,0],"7":[0,0]},"_coverageSchema":"1a1c01bbd47fc00a2c39e90264f33305004495a9","hash":"afee30987fb853ba52794a14d3427c636186663c"}
,"C:\\Users\\Abdullah Karolia\\Desktop\\Project ARENA\\website\\src\\views\\test.js": {"path":"C:\\Users\\Abdullah Karolia\\Desktop\\Project ARENA\\website\\src\\views\\test.js","statementMap":{"0":{"start":{"line":9,"column":13},"end":{"line":24,"column":1}},"1":{"start":{"line":10,"column":2},"end":{"line":23,"column":3}}},"fnMap":{"0":{"name":"(anonymous_0)","decl":{"start":{"line":9,"column":13},"end":{"line":9,"column":14}},"loc":{"start":{"line":9,"column":24},"end":{"line":24,"column":1}},"line":9}},"branchMap":{},"s":{"0":0,"1":0},"f":{"0":0},"b":{}}
}
