TN:
SF:src\index.js
FN:27,(anonymous_0)
FNF:1
FNH:0
FNDA:0,(anonymous_0)
DA:27,0
DA:28,0
DA:68,0
LF:3
LH:0
BRF:0
BRH:0
end_of_record
TN:
SF:src\components\JoinTeam.js
FN:7,JoinTeam
FN:21,(anonymous_1)
FN:45,(anonymous_2)
FNF:3
FNH:0
FNDA:0,JoinTeam
FNDA:0,(anonymous_1)
FNDA:0,(anonymous_2)
DA:17,0
DA:18,0
DA:21,0
DA:22,0
DA:25,0
DA:45,0
LF:6
LH:0
BRF:0
BRH:0
end_of_record
TN:
SF:src\components\NewCalenderComp.js
FN:7,CommonlyUsedComponents
FN:10,(anonymous_1)
FN:18,(anonymous_2)
FN:26,(anonymous_3)
FN:36,(anonymous_4)
FNF:5
FNH:0
FNDA:0,CommonlyUsedComponents
FNDA:0,(anonymous_1)
FNDA:0,(anonymous_2)
FNDA:0,(anonymous_3)
FNDA:0,(anonymous_4)
DA:8,0
DA:10,0
DA:11,0
DA:12,0
DA:13,0
DA:14,0
DA:18,0
DA:19,0
DA:20,0
DA:21,0
DA:22,0
DA:26,0
DA:27,0
DA:28,0
DA:29,0
DA:30,0
DA:31,0
DA:32,0
DA:36,0
DA:37,0
DA:38,0
DA:39,0
DA:40,0
DA:41,0
DA:42,0
DA:46,0
LF:26
LH:0
BRF:0
BRH:0
end_of_record
TN:
SF:src\components\OverflowCard.js
FN:9,OverflowCard
FN:14,(anonymous_1)
FN:24,(anonymous_2)
FN:28,(anonymous_3)
FNF:4
FNH:0
FNDA:0,OverflowCard
FNDA:0,(anonymous_1)
FNDA:0,(anonymous_2)
FNDA:0,(anonymous_3)
DA:10,0
DA:11,0
DA:12,0
DA:14,0
DA:15,0
DA:16,0
DA:17,0
DA:18,0
DA:19,0
DA:21,0
DA:24,0
DA:25,0
DA:28,0
DA:29,0
DA:30,0
DA:33,0
DA:42,0
DA:58,0
LF:18
LH:0
BRDA:39,0,0,0
BRDA:39,0,1,0
BRDA:48,1,0,0
BRDA:48,1,1,0
BRF:4
BRH:0
end_of_record
TN:
SF:src\components\OverflowCardPP.js
FN:9,OverflowCardPP
FN:28,(anonymous_1)
FN:39,(anonymous_2)
FN:43,(anonymous_3)
FN:48,(anonymous_4)
FN:53,(anonymous_5)
FN:58,(anonymous_6)
FNF:7
FNH:0
FNDA:0,OverflowCardPP
FNDA:0,(anonymous_1)
FNDA:0,(anonymous_2)
FNDA:0,(anonymous_3)
FNDA:0,(anonymous_4)
FNDA:0,(anonymous_5)
FNDA:0,(anonymous_6)
DA:24,0
DA:25,0
DA:26,0
DA:28,0
DA:29,0
DA:30,0
DA:31,0
DA:32,0
DA:33,0
DA:36,0
DA:39,0
DA:40,0
DA:43,0
DA:44,0
DA:45,0
DA:48,0
DA:49,0
DA:50,0
DA:53,0
DA:54,0
DA:55,0
DA:58,0
DA:59,0
DA:60,0
DA:63,0
DA:72,0
DA:88,0
LF:27
LH:0
BRDA:69,0,0,0
BRDA:69,0,1,0
BRDA:78,1,0,0
BRDA:78,1,1,0
BRDA:152,2,0,0
BRDA:152,2,1,0
BRDA:153,3,0,0
BRDA:153,3,1,0
BRDA:160,4,0,0
BRDA:160,4,1,0
BRDA:160,4,2,0
BRDA:170,5,0,0
BRDA:170,5,1,0
BRDA:170,5,2,0
BRF:14
BRH:0
end_of_record
TN:
SF:src\components\TeamInputBox.js
FN:14,TeamInputBox
FN:19,(anonymous_1)
FN:23,(anonymous_2)
FN:80,(anonymous_3)
FNF:4
FNH:0
FNDA:0,TeamInputBox
FNDA:0,(anonymous_1)
FNDA:0,(anonymous_2)
FNDA:0,(anonymous_3)
DA:12,2
DA:15,0
DA:16,0
DA:17,0
DA:19,0
DA:20,0
DA:23,0
DA:25,0
DA:26,0
DA:29,0
DA:80,0
LF:11
LH:1
BRF:0
BRH:0
end_of_record
TN:
SF:src\components\TeamSizeSelector.js
FN:9,TeamSizeSelector
FN:15,handleMinSizeChange
FN:21,handleMaxSizeChange
FN:27,handleNumTeamsChange
FN:70,(anonymous_4)
FNF:5
FNH:0
FNDA:0,TeamSizeSelector
FNDA:0,handleMinSizeChange
FNDA:0,handleMaxSizeChange
FNDA:0,handleNumTeamsChange
FNDA:0,(anonymous_4)
DA:5,1
DA:6,1
DA:7,1
DA:10,0
DA:11,0
DA:12,0
DA:13,0
DA:16,0
DA:17,0
DA:22,0
DA:23,0
DA:28,0
DA:29,0
DA:33,0
DA:71,0
LF:15
LH:3
BRF:0
BRH:0
end_of_record
TN:
SF:src\components\aboutPerson.js
FN:5,AboutPerson
FNF:1
FNH:0
FNDA:0,AboutPerson
DA:6,0
DA:7,0
LF:2
LH:0
BRF:0
BRH:0
end_of_record
TN:
SF:src\components\button.js
FN:5,ButtonIcons
FNF:1
FNH:0
FNDA:0,ButtonIcons
DA:6,0
LF:1
LH:0
BRF:0
BRH:0
end_of_record
TN:
SF:src\components\collapse.js
FN:11,AccordionContent
FNF:1
FNH:0
FNDA:0,AccordionContent
DA:12,0
LF:1
LH:0
BRF:0
BRH:0
end_of_record
TN:
SF:src\components\dataGridSubmissions.js
FN:5,CustomDataGrid
FN:14,(anonymous_1)
FN:16,(anonymous_2)
FN:24,(anonymous_3)
FN:33,(anonymous_4)
FN:35,(anonymous_5)
FNF:6
FNH:2
FNDA:1,CustomDataGrid
FNDA:0,(anonymous_1)
FNDA:0,(anonymous_2)
FNDA:0,(anonymous_3)
FNDA:1,(anonymous_4)
FNDA:0,(anonymous_5)
DA:6,1
DA:7,1
DA:9,1
DA:14,0
DA:16,0
DA:24,1
DA:25,0
DA:26,0
DA:27,0
DA:28,0
DA:30,0
DA:33,1
DA:35,1
DA:36,0
DA:40,1
DA:41,1
DA:44,0
LF:17
LH:8
BRDA:28,0,0,0
BRDA:28,0,1,0
BRDA:40,1,0,1
BRDA:40,1,1,0
BRF:4
BRH:1
end_of_record
TN:
SF:src\components\datagrid.js
FN:5,CustomDataGrid
FNF:1
FNH:0
FNDA:0,CustomDataGrid
DA:6,0
LF:1
LH:0
BRF:0
BRH:0
end_of_record
TN:
SF:src\components\datagridAdminCompetitions.js
FN:16,validationCompName
FN:19,(anonymous_1)
FN:33,CustomDataGrid
FN:70,(anonymous_3)
FN:95,(anonymous_4)
FN:119,validateInputs
FN:149,(anonymous_6)
FN:182,(anonymous_7)
FN:195,(anonymous_8)
FN:202,(anonymous_9)
FN:224,(anonymous_10)
FN:229,(anonymous_11)
FN:236,(anonymous_12)
FN:248,(anonymous_13)
FN:283,(anonymous_14)
FN:302,(anonymous_15)
FN:314,(anonymous_16)
FN:325,(anonymous_17)
FN:336,(anonymous_18)
FN:346,(anonymous_19)
FN:361,(anonymous_20)
FN:365,(anonymous_21)
FN:381,(anonymous_22)
FN:382,(anonymous_23)
FN:383,(anonymous_24)
FN:384,(anonymous_25)
FN:397,(anonymous_26)
FN:398,(anonymous_27)
FN:399,(anonymous_28)
FN:400,(anonymous_29)
FN:409,(anonymous_30)
FN:420,(anonymous_31)
FN:478,(anonymous_32)
FNF:33
FNH:0
FNDA:0,validationCompName
FNDA:0,(anonymous_1)
FNDA:0,CustomDataGrid
FNDA:0,(anonymous_3)
FNDA:0,(anonymous_4)
FNDA:0,validateInputs
FNDA:0,(anonymous_6)
FNDA:0,(anonymous_7)
FNDA:0,(anonymous_8)
FNDA:0,(anonymous_9)
FNDA:0,(anonymous_10)
FNDA:0,(anonymous_11)
FNDA:0,(anonymous_12)
FNDA:0,(anonymous_13)
FNDA:0,(anonymous_14)
FNDA:0,(anonymous_15)
FNDA:0,(anonymous_16)
FNDA:0,(anonymous_17)
FNDA:0,(anonymous_18)
FNDA:0,(anonymous_19)
FNDA:0,(anonymous_20)
FNDA:0,(anonymous_21)
FNDA:0,(anonymous_22)
FNDA:0,(anonymous_23)
FNDA:0,(anonymous_24)
FNDA:0,(anonymous_25)
FNDA:0,(anonymous_26)
FNDA:0,(anonymous_27)
FNDA:0,(anonymous_28)
FNDA:0,(anonymous_29)
FNDA:0,(anonymous_30)
FNDA:0,(anonymous_31)
FNDA:0,(anonymous_32)
DA:14,0
DA:17,0
DA:20,0
DA:22,0
DA:23,0
DA:24,0
DA:27,0
DA:28,0
DA:34,0
DA:35,0
DA:36,0
DA:38,0
DA:39,0
DA:40,0
DA:41,0
DA:42,0
DA:43,0
DA:44,0
DA:45,0
DA:46,0
DA:47,0
DA:48,0
DA:49,0
DA:50,0
DA:51,0
DA:52,0
DA:53,0
DA:54,0
DA:55,0
DA:56,0
DA:57,0
DA:58,0
DA:59,0
DA:60,0
DA:61,0
DA:62,0
DA:63,0
DA:64,0
DA:65,0
DA:66,0
DA:68,0
DA:70,0
DA:74,0
DA:77,0
DA:78,0
DA:80,0
DA:81,0
DA:82,0
DA:84,0
DA:85,0
DA:86,0
DA:88,0
DA:90,0
DA:91,0
DA:95,0
DA:96,0
DA:97,0
DA:99,0
DA:100,0
DA:101,0
DA:102,0
DA:103,0
DA:104,0
DA:105,0
DA:106,0
DA:107,0
DA:108,0
DA:109,0
DA:110,0
DA:111,0
DA:112,0
DA:113,0
DA:114,0
DA:116,0
DA:121,0
DA:124,0
DA:125,0
DA:126,0
DA:127,0
DA:128,0
DA:129,0
DA:130,0
DA:131,0
DA:132,0
DA:133,0
DA:134,0
DA:135,0
DA:136,0
DA:137,0
DA:140,0
DA:141,0
DA:142,0
DA:143,0
DA:146,0
DA:149,0
DA:151,0
DA:152,0
DA:172,0
DA:174,0
DA:176,0
DA:178,0
DA:182,0
DA:183,0
DA:184,0
DA:187,0
DA:196,0
DA:198,0
DA:202,0
DA:203,0
DA:209,0
DA:225,0
DA:229,0
DA:236,0
DA:248,0
DA:249,0
DA:252,0
DA:284,0
DA:302,0
DA:315,0
DA:326,0
DA:337,0
DA:347,0
DA:362,0
DA:366,0
DA:381,0
DA:382,0
DA:383,0
DA:384,0
DA:397,0
DA:398,0
DA:399,0
DA:400,0
DA:410,0
DA:422,0
DA:423,0
DA:426,0
DA:427,0
DA:428,0
DA:429,0
DA:430,0
DA:431,0
DA:449,0
DA:479,0
DA:480,0
LF:144
LH:0
BRDA:22,0,0,0
BRDA:22,0,1,0
BRDA:74,1,0,0
BRDA:74,1,1,0
BRDA:74,2,0,0
BRDA:74,2,1,0
BRDA:74,2,2,0
BRDA:80,3,0,0
BRDA:80,3,1,0
BRDA:84,4,0,0
BRDA:84,4,1,0
BRDA:88,5,0,0
BRDA:88,5,1,0
BRDA:88,6,0,0
BRDA:88,6,1,0
BRDA:124,7,0,0
BRDA:124,7,1,0
BRDA:125,8,0,0
BRDA:125,8,1,0
BRDA:126,9,0,0
BRDA:126,9,1,0
BRDA:127,10,0,0
BRDA:127,10,1,0
BRDA:128,11,0,0
BRDA:128,11,1,0
BRDA:129,12,0,0
BRDA:129,12,1,0
BRDA:130,13,0,0
BRDA:130,13,1,0
BRDA:131,14,0,0
BRDA:131,14,1,0
BRDA:132,15,0,0
BRDA:132,15,1,0
BRDA:133,16,0,0
BRDA:133,16,1,0
BRDA:134,17,0,0
BRDA:134,17,1,0
BRDA:135,18,0,0
BRDA:135,18,1,0
BRDA:136,19,0,0
BRDA:136,19,1,0
BRDA:137,20,0,0
BRDA:137,20,1,0
BRDA:140,21,0,0
BRDA:140,21,1,0
BRDA:196,22,0,0
BRDA:196,22,1,0
BRDA:353,23,0,0
BRDA:353,23,1,0
BRDA:422,24,0,0
BRDA:422,24,1,0
BRDA:427,25,0,0
BRDA:427,25,1,0
BRF:53
BRH:0
end_of_record
TN:
SF:src\components\datagridAdminTeams.js
FN:18,CustomDataGrid
FN:32,stringToColor
FN:52,stringAvatar
FN:61,(anonymous_3)
FN:75,(anonymous_4)
FN:105,(anonymous_5)
FN:112,(anonymous_6)
FN:128,(anonymous_7)
FN:140,(anonymous_8)
FN:146,(anonymous_9)
FN:165,(anonymous_10)
FN:170,(anonymous_11)
FN:178,(anonymous_12)
FN:184,(anonymous_13)
FN:192,(anonymous_14)
FN:207,(anonymous_15)
FN:235,(anonymous_16)
FN:244,(anonymous_17)
FN:247,(anonymous_18)
FN:261,(anonymous_19)
FN:266,(anonymous_20)
FN:281,(anonymous_21)
FN:289,(anonymous_22)
FN:298,(anonymous_23)
FN:301,(anonymous_24)
FN:309,(anonymous_25)
FN:345,(anonymous_26)
FN:351,(anonymous_27)
FN:357,(anonymous_28)
FN:365,(anonymous_29)
FN:373,(anonymous_30)
FN:379,(anonymous_31)
FN:389,(anonymous_32)
FN:425,(anonymous_33)
FN:442,(anonymous_34)
FN:455,(anonymous_35)
FN:467,(anonymous_36)
FN:478,(anonymous_37)
FNF:38
FNH:0
FNDA:0,CustomDataGrid
FNDA:0,stringToColor
FNDA:0,stringAvatar
FNDA:0,(anonymous_3)
FNDA:0,(anonymous_4)
FNDA:0,(anonymous_5)
FNDA:0,(anonymous_6)
FNDA:0,(anonymous_7)
FNDA:0,(anonymous_8)
FNDA:0,(anonymous_9)
FNDA:0,(anonymous_10)
FNDA:0,(anonymous_11)
FNDA:0,(anonymous_12)
FNDA:0,(anonymous_13)
FNDA:0,(anonymous_14)
FNDA:0,(anonymous_15)
FNDA:0,(anonymous_16)
FNDA:0,(anonymous_17)
FNDA:0,(anonymous_18)
FNDA:0,(anonymous_19)
FNDA:0,(anonymous_20)
FNDA:0,(anonymous_21)
FNDA:0,(anonymous_22)
FNDA:0,(anonymous_23)
FNDA:0,(anonymous_24)
FNDA:0,(anonymous_25)
FNDA:0,(anonymous_26)
FNDA:0,(anonymous_27)
FNDA:0,(anonymous_28)
FNDA:0,(anonymous_29)
FNDA:0,(anonymous_30)
FNDA:0,(anonymous_31)
FNDA:0,(anonymous_32)
FNDA:0,(anonymous_33)
FNDA:0,(anonymous_34)
FNDA:0,(anonymous_35)
FNDA:0,(anonymous_36)
FNDA:0,(anonymous_37)
DA:19,0
DA:20,0
DA:21,0
DA:22,0
DA:23,0
DA:25,0
DA:26,0
DA:27,0
DA:28,0
DA:29,0
DA:30,0
DA:33,0
DA:37,0
DA:38,0
DA:41,0
DA:43,0
DA:44,0
DA:45,0
DA:49,0
DA:53,0
DA:61,0
DA:62,0
DA:63,0
DA:65,0
DA:66,0
DA:67,0
DA:68,0
DA:69,0
DA:70,0
DA:72,0
DA:75,0
DA:83,0
DA:84,0
DA:95,0
DA:97,0
DA:99,0
DA:103,0
DA:105,0
DA:106,0
DA:107,0
DA:108,0
DA:112,0
DA:113,0
DA:114,0
DA:116,0
DA:117,0
DA:118,0
DA:119,0
DA:120,0
DA:121,0
DA:123,0
DA:125,0
DA:128,0
DA:129,0
DA:130,0
DA:132,0
DA:141,0
DA:142,0
DA:146,0
DA:147,0
DA:153,0
DA:166,0
DA:170,0
DA:178,0
DA:184,0
DA:192,0
DA:204,0
DA:207,0
DA:208,0
DA:209,0
DA:219,0
DA:220,0
DA:221,0
DA:222,0
DA:229,0
DA:231,0
DA:235,0
DA:236,0
DA:245,0
DA:247,0
DA:248,0
DA:250,0
DA:260,0
DA:261,0
DA:265,0
DA:266,0
DA:272,0
DA:281,0
DA:282,0
DA:289,0
DA:290,0
DA:299,0
DA:301,0
DA:302,0
DA:304,0
DA:309,0
DA:310,0
DA:316,0
DA:345,0
DA:351,0
DA:357,0
DA:365,0
DA:373,0
DA:380,0
DA:390,0
DA:426,0
DA:443,0
DA:457,0
DA:469,0
DA:479,0
DA:480,0
DA:481,0
LF:112
LH:0
BRDA:141,0,0,0
BRDA:141,0,1,0
BRDA:245,1,0,0
BRDA:245,1,1,0
BRDA:265,2,0,0
BRDA:265,2,1,0
BRDA:299,3,0,0
BRDA:299,3,1,0
BRDA:344,4,0,0
BRDA:344,4,1,0
BRDA:350,5,0,0
BRDA:350,5,1,0
BRDA:356,6,0,0
BRDA:356,6,1,0
BRDA:363,7,0,0
BRDA:363,7,1,0
BRDA:371,8,0,0
BRDA:371,8,1,0
BRF:18
BRH:0
end_of_record
TN:
SF:src\components\datagridArenaLeaderboard.js
FN:10,CustomDataGrid
FN:13,(anonymous_1)
FN:14,(anonymous_2)
FN:15,(anonymous_3)
FN:34,(anonymous_4)
FN:37,(anonymous_5)
FN:45,(anonymous_6)
FN:52,(anonymous_7)
FNF:8
FNH:0
FNDA:0,CustomDataGrid
FNDA:0,(anonymous_1)
FNDA:0,(anonymous_2)
FNDA:0,(anonymous_3)
FNDA:0,(anonymous_4)
FNDA:0,(anonymous_5)
FNDA:0,(anonymous_6)
FNDA:0,(anonymous_7)
DA:13,0
DA:14,0
DA:15,0
DA:18,0
DA:35,0
DA:36,0
DA:37,0
DA:40,0
DA:45,0
DA:52,0
DA:53,0
DA:55,0
LF:12
LH:0
BRDA:40,0,0,0
BRDA:40,0,1,0
BRDA:53,1,0,0
BRDA:53,1,1,0
BRF:4
BRH:0
end_of_record
TN:
SF:src\components\email1.js
FN:7,(anonymous_0)
FNF:1
FNH:0
FNDA:0,(anonymous_0)
DA:7,1
DA:8,0
DA:25,1
DA:30,1
LF:4
LH:3
BRF:0
BRH:0
end_of_record
TN:
SF:src\components\input-box-for-info.js
FN:5,BasicTextFields
FNF:1
FNH:0
FNDA:0,BasicTextFields
DA:6,0
DA:8,0
LF:2
LH:0
BRDA:25,0,0,0
BRDA:25,0,1,0
BRF:2
BRH:0
end_of_record
TN:
SF:src\components\input-textarea.js
FN:5,MultilineTextFields
FNF:1
FNH:0
FNDA:0,MultilineTextFields
DA:6,0
DA:7,0
LF:2
LH:0
BRF:0
BRH:0
end_of_record
TN:
SF:src\components\loadingIcon.js
FN:5,CircularIndeterminate
FNF:1
FNH:0
FNDA:0,CircularIndeterminate
DA:6,0
LF:1
LH:0
BRF:0
BRH:0
end_of_record
TN:
SF:src\components\navigation-links.js
FN:7,(anonymous_0)
FNF:1
FNH:0
FNDA:0,(anonymous_0)
DA:7,1
DA:8,0
DA:19,1
DA:28,1
LF:4
LH:3
BRF:0
BRH:0
end_of_record
TN:
SF:src\components\navigation-links1.js
FN:7,(anonymous_0)
FNF:1
FNH:0
FNDA:0,(anonymous_0)
DA:7,1
DA:8,0
DA:19,1
DA:28,1
LF:4
LH:3
BRF:0
BRH:0
end_of_record
TN:
SF:src\components\navigation-links2.js
FN:7,(anonymous_0)
FNF:1
FNH:0
FNDA:0,(anonymous_0)
DA:7,1
DA:8,0
DA:19,1
DA:28,1
LF:4
LH:3
BRF:0
BRH:0
end_of_record
TN:
SF:src\components\navigation-links3.js
FN:7,(anonymous_0)
FNF:1
FNH:0
FNDA:0,(anonymous_0)
DA:7,1
DA:8,0
DA:19,1
DA:28,1
LF:4
LH:3
BRF:0
BRH:0
end_of_record
TN:
SF:src\components\navigation-links4.js
FN:7,(anonymous_0)
FNF:1
FNH:0
FNDA:0,(anonymous_0)
DA:7,1
DA:8,0
DA:19,1
DA:28,1
LF:4
LH:3
BRF:0
BRH:0
end_of_record
TN:
SF:src\components\phone.js
FN:7,(anonymous_0)
FNF:1
FNH:0
FNDA:0,(anonymous_0)
DA:7,1
DA:8,0
DA:25,1
DA:30,1
LF:4
LH:3
BRF:0
BRH:0
end_of_record
TN:
SF:src\components\table.js
FN:5,(anonymous_0)
FNF:1
FNH:0
FNDA:0,(anonymous_0)
DA:5,1
DA:6,0
LF:2
LH:1
BRF:0
BRH:0
end_of_record
TN:
SF:src\components\tabs.js
FN:10,TabPanel
FN:13,(anonymous_1)
FN:42,a11yProps
FN:49,BasicTabs
FN:59,(anonymous_4)
FN:71,(anonymous_5)
FN:76,(anonymous_6)
FNF:7
FNH:0
FNDA:0,TabPanel
FNDA:0,(anonymous_1)
FNDA:0,a11yProps
FNDA:0,BasicTabs
FNDA:0,(anonymous_4)
FNDA:0,(anonymous_5)
FNDA:0,(anonymous_6)
DA:11,0
DA:13,0
DA:14,0
DA:17,0
DA:35,2
DA:43,0
DA:57,0
DA:59,0
DA:60,0
DA:63,0
DA:72,0
DA:77,0
LF:12
LH:1
BRDA:25,0,0,0
BRDA:25,0,1,0
BRF:2
BRH:0
end_of_record
TN:
SF:src\components\team-manager.js
FN:13,(anonymous_0)
FN:22,(anonymous_1)
FN:28,(anonymous_2)
FN:35,(anonymous_3)
FN:44,(anonymous_4)
FN:56,TeamManager
FN:60,(anonymous_6)
FN:62,(anonymous_7)
FN:79,(anonymous_8)
FNF:9
FNH:0
FNDA:0,(anonymous_0)
FNDA:0,(anonymous_1)
FNDA:0,(anonymous_2)
FNDA:0,(anonymous_3)
FNDA:0,(anonymous_4)
FNDA:0,TeamManager
FNDA:0,(anonymous_6)
FNDA:0,(anonymous_7)
FNDA:0,(anonymous_8)
DA:10,2
DA:11,2
DA:13,2
DA:14,0
DA:23,0
DA:24,0
DA:28,0
DA:29,0
DA:35,2
DA:36,0
DA:45,0
DA:46,0
DA:50,0
DA:57,0
DA:58,0
DA:60,0
DA:61,0
DA:63,0
DA:64,0
DA:65,0
DA:69,0
DA:80,0
LF:22
LH:4
BRDA:23,0,0,0
BRDA:23,0,1,0
BRDA:45,1,0,0
BRDA:45,1,1,0
BRDA:63,2,0,0
BRDA:63,2,1,0
BRDA:96,3,0,0
BRDA:96,3,1,0
BRDA:108,4,0,0
BRDA:108,4,1,0
BRF:10
BRH:0
end_of_record
TN:
SF:src\server\server.js
FN:27,(anonymous_0)
FN:43,(anonymous_1)
FN:48,(anonymous_2)
FN:54,(anonymous_3)
FN:65,(anonymous_4)
FN:78,(anonymous_5)
FN:126,(anonymous_6)
FN:135,(anonymous_7)
FN:144,(anonymous_8)
FN:175,(anonymous_9)
FN:176,(anonymous_10)
FN:180,(anonymous_11)
FN:216,(anonymous_12)
FN:230,(anonymous_13)
FN:245,(anonymous_14)
FN:250,(anonymous_15)
FN:251,(anonymous_16)
FN:261,(anonymous_17)
FN:271,(anonymous_18)
FN:282,(anonymous_19)
FN:318,(anonymous_20)
FN:329,(anonymous_21)
FN:336,(anonymous_22)
FN:347,(anonymous_23)
FN:348,(anonymous_24)
FN:358,(anonymous_25)
FN:364,(anonymous_26)
FN:373,(anonymous_27)
FN:378,(anonymous_28)
FN:388,(anonymous_29)
FN:406,(anonymous_30)
FN:409,(anonymous_31)
FN:416,(anonymous_32)
FN:421,(anonymous_33)
FN:431,(anonymous_34)
FN:436,(anonymous_35)
FN:446,(anonymous_36)
FN:455,(anonymous_37)
FN:468,(anonymous_38)
FN:473,(anonymous_39)
FN:484,(anonymous_40)
FN:489,(anonymous_41)
FN:500,(anonymous_42)
FN:505,(anonymous_43)
FN:516,(anonymous_44)
FN:521,(anonymous_45)
FN:531,(anonymous_46)
FN:540,(anonymous_47)
FN:551,(anonymous_48)
FN:556,(anonymous_49)
FN:566,(anonymous_50)
FN:571,(anonymous_51)
FN:581,(anonymous_52)
FN:590,(anonymous_53)
FN:601,(anonymous_54)
FN:602,(anonymous_55)
FN:611,(anonymous_56)
FN:614,(anonymous_57)
FN:625,(anonymous_58)
FN:630,(anonymous_59)
FN:640,(anonymous_60)
FN:646,(anonymous_61)
FN:656,(anonymous_62)
FN:661,(anonymous_63)
FN:671,(anonymous_64)
FN:676,(anonymous_65)
FN:686,(anonymous_66)
FN:693,(anonymous_67)
FN:703,(anonymous_68)
FN:709,(anonymous_69)
FN:719,(anonymous_70)
FN:724,(anonymous_71)
FN:733,(anonymous_72)
FN:755,(anonymous_73)
FN:765,(anonymous_74)
FN:774,(anonymous_75)
FN:784,(anonymous_76)
FN:790,(anonymous_77)
FN:800,(anonymous_78)
FN:806,(anonymous_79)
FN:816,(anonymous_80)
FN:821,(anonymous_81)
FN:831,(anonymous_82)
FN:837,(anonymous_83)
FN:847,(anonymous_84)
FN:852,(anonymous_85)
FN:862,(anonymous_86)
FN:867,(anonymous_87)
FN:877,(anonymous_88)
FN:882,(anonymous_89)
FN:892,(anonymous_90)
FN:898,(anonymous_91)
FN:908,(anonymous_92)
FN:914,(anonymous_93)
FN:925,(anonymous_94)
FN:931,(anonymous_95)
FN:942,(anonymous_96)
FN:948,(anonymous_97)
FN:959,(anonymous_98)
FN:975,(anonymous_99)
FN:986,(anonymous_100)
FN:993,(anonymous_101)
FN:1003,(anonymous_102)
FN:1009,(anonymous_103)
FN:1019,(anonymous_104)
FN:1025,(anonymous_105)
FN:1035,(anonymous_106)
FN:1041,(anonymous_107)
FN:1051,(anonymous_108)
FN:1059,(anonymous_109)
FN:1070,(anonymous_110)
FN:1077,(anonymous_111)
FN:1087,(anonymous_112)
FN:1106,(anonymous_113)
FN:1111,(anonymous_114)
FN:1125,(anonymous_115)
FN:1139,(anonymous_116)
FN:1144,(anonymous_117)
FN:1158,(anonymous_118)
FN:1164,(anonymous_119)
FN:1174,(anonymous_120)
FN:1180,(anonymous_121)
FN:1190,(anonymous_122)
FN:1197,(anonymous_123)
FN:1207,(anonymous_124)
FN:1214,(anonymous_125)
FN:1224,(anonymous_126)
FN:1231,(anonymous_127)
FN:1241,(anonymous_128)
FN:1248,(anonymous_129)
FN:1260,(anonymous_130)
FN:1267,(anonymous_131)
FN:1277,(anonymous_132)
FN:1284,(anonymous_133)
FN:1294,(anonymous_134)
FN:1311,(anonymous_135)
FN:1315,(anonymous_136)
FN:1323,(anonymous_137)
FN:1340,(anonymous_138)
FN:1344,(anonymous_139)
FN:1352,(anonymous_140)
FN:1358,(anonymous_141)
FN:1368,(anonymous_142)
FN:1375,(anonymous_143)
FN:1385,(anonymous_144)
FN:1391,(anonymous_145)
FN:1401,(anonymous_146)
FN:1407,(anonymous_147)
FN:1421,(anonymous_148)
FN:1427,(anonymous_149)
FN:1437,(anonymous_150)
FN:1444,(anonymous_151)
FN:1454,(anonymous_152)
FN:1461,(anonymous_153)
FN:1473,(anonymous_154)
FNF:155
FNH:0
FNDA:0,(anonymous_0)
FNDA:0,(anonymous_1)
FNDA:0,(anonymous_2)
FNDA:0,(anonymous_3)
FNDA:0,(anonymous_4)
FNDA:0,(anonymous_5)
FNDA:0,(anonymous_6)
FNDA:0,(anonymous_7)
FNDA:0,(anonymous_8)
FNDA:0,(anonymous_9)
FNDA:0,(anonymous_10)
FNDA:0,(anonymous_11)
FNDA:0,(anonymous_12)
FNDA:0,(anonymous_13)
FNDA:0,(anonymous_14)
FNDA:0,(anonymous_15)
FNDA:0,(anonymous_16)
FNDA:0,(anonymous_17)
FNDA:0,(anonymous_18)
FNDA:0,(anonymous_19)
FNDA:0,(anonymous_20)
FNDA:0,(anonymous_21)
FNDA:0,(anonymous_22)
FNDA:0,(anonymous_23)
FNDA:0,(anonymous_24)
FNDA:0,(anonymous_25)
FNDA:0,(anonymous_26)
FNDA:0,(anonymous_27)
FNDA:0,(anonymous_28)
FNDA:0,(anonymous_29)
FNDA:0,(anonymous_30)
FNDA:0,(anonymous_31)
FNDA:0,(anonymous_32)
FNDA:0,(anonymous_33)
FNDA:0,(anonymous_34)
FNDA:0,(anonymous_35)
FNDA:0,(anonymous_36)
FNDA:0,(anonymous_37)
FNDA:0,(anonymous_38)
FNDA:0,(anonymous_39)
FNDA:0,(anonymous_40)
FNDA:0,(anonymous_41)
FNDA:0,(anonymous_42)
FNDA:0,(anonymous_43)
FNDA:0,(anonymous_44)
FNDA:0,(anonymous_45)
FNDA:0,(anonymous_46)
FNDA:0,(anonymous_47)
FNDA:0,(anonymous_48)
FNDA:0,(anonymous_49)
FNDA:0,(anonymous_50)
FNDA:0,(anonymous_51)
FNDA:0,(anonymous_52)
FNDA:0,(anonymous_53)
FNDA:0,(anonymous_54)
FNDA:0,(anonymous_55)
FNDA:0,(anonymous_56)
FNDA:0,(anonymous_57)
FNDA:0,(anonymous_58)
FNDA:0,(anonymous_59)
FNDA:0,(anonymous_60)
FNDA:0,(anonymous_61)
FNDA:0,(anonymous_62)
FNDA:0,(anonymous_63)
FNDA:0,(anonymous_64)
FNDA:0,(anonymous_65)
FNDA:0,(anonymous_66)
FNDA:0,(anonymous_67)
FNDA:0,(anonymous_68)
FNDA:0,(anonymous_69)
FNDA:0,(anonymous_70)
FNDA:0,(anonymous_71)
FNDA:0,(anonymous_72)
FNDA:0,(anonymous_73)
FNDA:0,(anonymous_74)
FNDA:0,(anonymous_75)
FNDA:0,(anonymous_76)
FNDA:0,(anonymous_77)
FNDA:0,(anonymous_78)
FNDA:0,(anonymous_79)
FNDA:0,(anonymous_80)
FNDA:0,(anonymous_81)
FNDA:0,(anonymous_82)
FNDA:0,(anonymous_83)
FNDA:0,(anonymous_84)
FNDA:0,(anonymous_85)
FNDA:0,(anonymous_86)
FNDA:0,(anonymous_87)
FNDA:0,(anonymous_88)
FNDA:0,(anonymous_89)
FNDA:0,(anonymous_90)
FNDA:0,(anonymous_91)
FNDA:0,(anonymous_92)
FNDA:0,(anonymous_93)
FNDA:0,(anonymous_94)
FNDA:0,(anonymous_95)
FNDA:0,(anonymous_96)
FNDA:0,(anonymous_97)
FNDA:0,(anonymous_98)
FNDA:0,(anonymous_99)
FNDA:0,(anonymous_100)
FNDA:0,(anonymous_101)
FNDA:0,(anonymous_102)
FNDA:0,(anonymous_103)
FNDA:0,(anonymous_104)
FNDA:0,(anonymous_105)
FNDA:0,(anonymous_106)
FNDA:0,(anonymous_107)
FNDA:0,(anonymous_108)
FNDA:0,(anonymous_109)
FNDA:0,(anonymous_110)
FNDA:0,(anonymous_111)
FNDA:0,(anonymous_112)
FNDA:0,(anonymous_113)
FNDA:0,(anonymous_114)
FNDA:0,(anonymous_115)
FNDA:0,(anonymous_116)
FNDA:0,(anonymous_117)
FNDA:0,(anonymous_118)
FNDA:0,(anonymous_119)
FNDA:0,(anonymous_120)
FNDA:0,(anonymous_121)
FNDA:0,(anonymous_122)
FNDA:0,(anonymous_123)
FNDA:0,(anonymous_124)
FNDA:0,(anonymous_125)
FNDA:0,(anonymous_126)
FNDA:0,(anonymous_127)
FNDA:0,(anonymous_128)
FNDA:0,(anonymous_129)
FNDA:0,(anonymous_130)
FNDA:0,(anonymous_131)
FNDA:0,(anonymous_132)
FNDA:0,(anonymous_133)
FNDA:0,(anonymous_134)
FNDA:0,(anonymous_135)
FNDA:0,(anonymous_136)
FNDA:0,(anonymous_137)
FNDA:0,(anonymous_138)
FNDA:0,(anonymous_139)
FNDA:0,(anonymous_140)
FNDA:0,(anonymous_141)
FNDA:0,(anonymous_142)
FNDA:0,(anonymous_143)
FNDA:0,(anonymous_144)
FNDA:0,(anonymous_145)
FNDA:0,(anonymous_146)
FNDA:0,(anonymous_147)
FNDA:0,(anonymous_148)
FNDA:0,(anonymous_149)
FNDA:0,(anonymous_150)
FNDA:0,(anonymous_151)
FNDA:0,(anonymous_152)
FNDA:0,(anonymous_153)
FNDA:0,(anonymous_154)
DA:1,0
DA:2,0
DA:3,0
DA:4,0
DA:5,0
DA:6,0
DA:7,0
DA:8,0
DA:9,0
DA:10,0
DA:12,0
DA:13,0
DA:14,0
DA:15,0
DA:17,0
DA:19,0
DA:27,0
DA:28,0
DA:29,0
DA:32,0
DA:34,0
DA:36,0
DA:43,0
DA:46,0
DA:49,0
DA:50,0
DA:51,0
DA:53,0
DA:54,0
DA:55,0
DA:56,0
DA:57,0
DA:59,0
DA:62,0
DA:66,0
DA:67,0
DA:72,0
DA:78,0
DA:79,0
DA:80,0
DA:84,0
DA:86,0
DA:87,0
DA:88,0
DA:89,0
DA:91,0
DA:94,0
DA:95,0
DA:96,0
DA:99,0
DA:101,0
DA:103,0
DA:104,0
DA:105,0
DA:106,0
DA:108,0
DA:111,0
DA:112,0
DA:113,0
DA:116,0
DA:120,0
DA:121,0
DA:123,0
DA:125,0
DA:127,0
DA:128,0
DA:129,0
DA:130,0
DA:134,0
DA:136,0
DA:137,0
DA:138,0
DA:139,0
DA:144,0
DA:145,0
DA:146,0
DA:147,0
DA:148,0
DA:155,0
DA:157,0
DA:158,0
DA:159,0
DA:160,0
DA:162,0
DA:165,0
DA:166,0
DA:167,0
DA:173,0
DA:175,0
DA:176,0
DA:177,0
DA:181,0
DA:182,0
DA:184,0
DA:190,0
DA:191,0
DA:193,0
DA:198,0
DA:199,0
DA:200,0
DA:201,0
DA:203,0
DA:206,0
DA:210,0
DA:211,0
DA:213,0
DA:215,0
DA:217,0
DA:218,0
DA:219,0
DA:221,0
DA:223,0
DA:225,0
DA:229,0
DA:231,0
DA:232,0
DA:233,0
DA:234,0
DA:238,0
DA:239,0
DA:240,0
DA:245,0
DA:246,0
DA:250,0
DA:251,0
DA:252,0
DA:253,0
DA:254,0
DA:256,0
DA:261,0
DA:262,0
DA:263,0
DA:264,0
DA:265,0
DA:266,0
DA:268,0
DA:272,0
DA:273,0
DA:274,0
DA:276,0
DA:282,0
DA:283,0
DA:284,0
DA:285,0
DA:286,0
DA:287,0
DA:288,0
DA:289,0
DA:290,0
DA:291,0
DA:292,0
DA:293,0
DA:294,0
DA:295,0
DA:296,0
DA:297,0
DA:299,0
DA:319,0
DA:320,0
DA:321,0
DA:323,0
DA:329,0
DA:330,0
DA:331,0
DA:333,0
DA:337,0
DA:338,0
DA:339,0
DA:341,0
DA:347,0
DA:348,0
DA:349,0
DA:350,0
DA:351,0
DA:353,0
DA:358,0
DA:359,0
DA:361,0
DA:365,0
DA:366,0
DA:373,0
DA:374,0
DA:375,0
DA:379,0
DA:380,0
DA:382,0
DA:388,0
DA:389,0
DA:391,0
DA:407,0
DA:410,0
DA:411,0
DA:416,0
DA:417,0
DA:418,0
DA:422,0
DA:423,0
DA:425,0
DA:431,0
DA:432,0
DA:433,0
DA:437,0
DA:438,0
DA:440,0
DA:444,0
DA:447,0
DA:448,0
DA:449,0
DA:450,0
DA:451,0
DA:452,0
DA:456,0
DA:457,0
DA:458,0
DA:460,0
DA:468,0
DA:469,0
DA:470,0
DA:474,0
DA:475,0
DA:477,0
DA:484,0
DA:485,0
DA:486,0
DA:490,0
DA:491,0
DA:493,0
DA:500,0
DA:501,0
DA:502,0
DA:506,0
DA:507,0
DA:509,0
DA:516,0
DA:517,0
DA:518,0
DA:522,0
DA:523,0
DA:525,0
DA:531,0
DA:532,0
DA:533,0
DA:534,0
DA:535,0
DA:537,0
DA:541,0
DA:542,0
DA:543,0
DA:545,0
DA:551,0
DA:552,0
DA:553,0
DA:557,0
DA:558,0
DA:560,0
DA:566,0
DA:567,0
DA:568,0
DA:572,0
DA:573,0
DA:575,0
DA:581,0
DA:582,0
DA:583,0
DA:584,0
DA:585,0
DA:587,0
DA:591,0
DA:592,0
DA:593,0
DA:595,0
DA:601,0
DA:602,0
DA:603,0
DA:604,0
DA:605,0
DA:607,0
DA:611,0
DA:612,0
DA:615,0
DA:616,0
DA:617,0
DA:619,0
DA:625,0
DA:626,0
DA:627,0
DA:631,0
DA:632,0
DA:634,0
DA:640,0
DA:641,0
DA:642,0
DA:643,0
DA:647,0
DA:648,0
DA:650,0
DA:656,0
DA:657,0
DA:658,0
DA:662,0
DA:663,0
DA:665,0
DA:671,0
DA:672,0
DA:673,0
DA:677,0
DA:678,0
DA:680,0
DA:686,0
DA:687,0
DA:688,0
DA:690,0
DA:694,0
DA:695,0
DA:697,0
DA:703,0
DA:704,0
DA:706,0
DA:710,0
DA:711,0
DA:713,0
DA:719,0
DA:720,0
DA:721,0
DA:725,0
DA:726,0
DA:728,0
DA:733,0
DA:734,0
DA:735,0
DA:736,0
DA:737,0
DA:738,0
DA:739,0
DA:740,0
DA:741,0
DA:742,0
DA:743,0
DA:744,0
DA:745,0
DA:746,0
DA:747,0
DA:748,0
DA:749,0
DA:752,0
DA:756,0
DA:757,0
DA:759,0
DA:765,0
DA:766,0
DA:767,0
DA:768,0
DA:769,0
DA:771,0
DA:775,0
DA:776,0
DA:778,0
DA:784,0
DA:785,0
DA:787,0
DA:791,0
DA:792,0
DA:794,0
DA:800,0
DA:801,0
DA:803,0
DA:807,0
DA:808,0
DA:810,0
DA:816,0
DA:817,0
DA:818,0
DA:822,0
DA:823,0
DA:825,0
DA:831,0
DA:832,0
DA:833,0
DA:834,0
DA:838,0
DA:839,0
DA:841,0
DA:847,0
DA:848,0
DA:849,0
DA:853,0
DA:854,0
DA:856,0
DA:862,0
DA:863,0
DA:864,0
DA:868,0
DA:869,0
DA:871,0
DA:877,0
DA:878,0
DA:879,0
DA:883,0
DA:884,0
DA:886,0
DA:892,0
DA:893,0
DA:895,0
DA:899,0
DA:900,0
DA:902,0
DA:908,0
DA:909,0
DA:910,0
DA:911,0
DA:915,0
DA:916,0
DA:917,0
DA:919,0
DA:925,0
DA:926,0
DA:927,0
DA:928,0
DA:932,0
DA:933,0
DA:934,0
DA:936,0
DA:942,0
DA:943,0
DA:944,0
DA:945,0
DA:949,0
DA:950,0
DA:951,0
DA:953,0
DA:959,0
DA:960,0
DA:961,0
DA:962,0
DA:963,0
DA:964,0
DA:966,0
DA:976,0
DA:977,0
DA:978,0
DA:980,0
DA:986,0
DA:987,0
DA:988,0
DA:990,0
DA:994,0
DA:995,0
DA:997,0
DA:1003,0
DA:1004,0
DA:1005,0
DA:1010,0
DA:1011,0
DA:1013,0
DA:1019,0
DA:1020,0
DA:1022,0
DA:1026,0
DA:1027,0
DA:1029,0
DA:1035,0
DA:1036,0
DA:1038,0
DA:1042,0
DA:1043,0
DA:1045,0
DA:1051,0
DA:1052,0
DA:1053,0
DA:1054,0
DA:1056,0
DA:1060,0
DA:1061,0
DA:1062,0
DA:1064,0
DA:1070,0
DA:1071,0
DA:1072,0
DA:1074,0
DA:1078,0
DA:1079,0
DA:1081,0
DA:1087,0
DA:1088,0
DA:1089,0
DA:1091,0
DA:1106,0
DA:1107,0
DA:1108,0
DA:1109,0
DA:1111,0
DA:1112,0
DA:1118,0
DA:1125,0
DA:1126,0
DA:1127,0
DA:1129,0
DA:1139,0
DA:1140,0
DA:1141,0
DA:1142,0
DA:1144,0
DA:1145,0
DA:1152,0
DA:1158,0
DA:1159,0
DA:1161,0
DA:1165,0
DA:1166,0
DA:1168,0
DA:1174,0
DA:1175,0
DA:1177,0
DA:1181,0
DA:1182,0
DA:1184,0
DA:1190,0
DA:1191,0
DA:1192,0
DA:1194,0
DA:1198,0
DA:1199,0
DA:1201,0
DA:1207,0
DA:1208,0
DA:1209,0
DA:1211,0
DA:1215,0
DA:1216,0
DA:1218,0
DA:1224,0
DA:1225,0
DA:1226,0
DA:1228,0
DA:1232,0
DA:1233,0
DA:1235,0
DA:1241,0
DA:1242,0
DA:1243,0
DA:1245,0
DA:1249,0
DA:1250,0
DA:1252,0
DA:1260,0
DA:1261,0
DA:1262,0
DA:1264,0
DA:1268,0
DA:1269,0
DA:1271,0
DA:1277,0
DA:1278,0
DA:1279,0
DA:1281,0
DA:1285,0
DA:1286,0
DA:1288,0
DA:1294,0
DA:1295,0
DA:1296,0
DA:1299,0
DA:1309,0
DA:1312,0
DA:1313,0
DA:1316,0
DA:1317,0
DA:1323,0
DA:1324,0
DA:1325,0
DA:1328,0
DA:1338,0
DA:1341,0
DA:1342,0
DA:1345,0
DA:1346,0
DA:1352,0
DA:1353,0
DA:1355,0
DA:1359,0
DA:1360,0
DA:1362,0
DA:1368,0
DA:1369,0
DA:1370,0
DA:1372,0
DA:1376,0
DA:1377,0
DA:1379,0
DA:1385,0
DA:1386,0
DA:1388,0
DA:1392,0
DA:1393,0
DA:1395,0
DA:1401,0
DA:1402,0
DA:1404,0
DA:1408,0
DA:1409,0
DA:1413,0
DA:1421,0
DA:1422,0
DA:1424,0
DA:1428,0
DA:1429,0
DA:1431,0
DA:1437,0
DA:1438,0
DA:1439,0
DA:1441,0
DA:1445,0
DA:1446,0
DA:1448,0
DA:1454,0
DA:1455,0
DA:1456,0
DA:1458,0
DA:1462,0
DA:1463,0
DA:1465,0
DA:1473,0
DA:1474,0
LF:623
LH:0
BRDA:28,0,0,0
BRDA:28,0,1,0
BRDA:49,1,0,0
BRDA:49,1,1,0
BRDA:56,2,0,0
BRDA:56,2,1,0
BRDA:66,3,0,0
BRDA:66,3,1,0
BRDA:88,4,0,0
BRDA:88,4,1,0
BRDA:105,5,0,0
BRDA:105,5,1,0
BRDA:125,6,0,0
BRDA:125,6,1,0
BRDA:128,7,0,0
BRDA:128,7,1,0
BRDA:134,8,0,0
BRDA:134,8,1,0
BRDA:137,9,0,0
BRDA:137,9,1,0
BRDA:159,10,0,0
BRDA:159,10,1,0
BRDA:181,11,0,0
BRDA:181,11,1,0
BRDA:200,12,0,0
BRDA:200,12,1,0
BRDA:215,13,0,0
BRDA:215,13,1,0
BRDA:218,14,0,0
BRDA:218,14,1,0
BRDA:219,15,0,0
BRDA:219,15,1,0
BRDA:229,16,0,0
BRDA:229,16,1,0
BRDA:232,17,0,0
BRDA:232,17,1,0
BRDA:252,18,0,0
BRDA:252,18,1,0
BRDA:272,19,0,0
BRDA:272,19,1,0
BRDA:319,20,0,0
BRDA:319,20,1,0
BRDA:337,21,0,0
BRDA:337,21,1,0
BRDA:349,22,0,0
BRDA:349,22,1,0
BRDA:365,23,0,0
BRDA:365,23,1,0
BRDA:379,24,0,0
BRDA:379,24,1,0
BRDA:422,25,0,0
BRDA:422,25,1,0
BRDA:437,26,0,0
BRDA:437,26,1,0
BRDA:456,27,0,0
BRDA:456,27,1,0
BRDA:474,28,0,0
BRDA:474,28,1,0
BRDA:490,29,0,0
BRDA:490,29,1,0
BRDA:506,30,0,0
BRDA:506,30,1,0
BRDA:522,31,0,0
BRDA:522,31,1,0
BRDA:541,32,0,0
BRDA:541,32,1,0
BRDA:557,33,0,0
BRDA:557,33,1,0
BRDA:572,34,0,0
BRDA:572,34,1,0
BRDA:591,35,0,0
BRDA:591,35,1,0
BRDA:603,36,0,0
BRDA:603,36,1,0
BRDA:615,37,0,0
BRDA:615,37,1,0
BRDA:631,38,0,0
BRDA:631,38,1,0
BRDA:647,39,0,0
BRDA:647,39,1,0
BRDA:662,40,0,0
BRDA:662,40,1,0
BRDA:677,41,0,0
BRDA:677,41,1,0
BRDA:694,42,0,0
BRDA:694,42,1,0
BRDA:710,43,0,0
BRDA:710,43,1,0
BRDA:725,44,0,0
BRDA:725,44,1,0
BRDA:756,45,0,0
BRDA:756,45,1,0
BRDA:775,46,0,0
BRDA:775,46,1,0
BRDA:791,47,0,0
BRDA:791,47,1,0
BRDA:807,48,0,0
BRDA:807,48,1,0
BRDA:822,49,0,0
BRDA:822,49,1,0
BRDA:838,50,0,0
BRDA:838,50,1,0
BRDA:853,51,0,0
BRDA:853,51,1,0
BRDA:868,52,0,0
BRDA:868,52,1,0
BRDA:883,53,0,0
BRDA:883,53,1,0
BRDA:899,54,0,0
BRDA:899,54,1,0
BRDA:915,55,0,0
BRDA:915,55,1,0
BRDA:932,56,0,0
BRDA:932,56,1,0
BRDA:949,57,0,0
BRDA:949,57,1,0
BRDA:976,58,0,0
BRDA:976,58,1,0
BRDA:994,59,0,0
BRDA:994,59,1,0
BRDA:1010,60,0,0
BRDA:1010,60,1,0
BRDA:1026,61,0,0
BRDA:1026,61,1,0
BRDA:1042,62,0,0
BRDA:1042,62,1,0
BRDA:1060,63,0,0
BRDA:1060,63,1,0
BRDA:1078,64,0,0
BRDA:1078,64,1,0
BRDA:1107,65,0,0
BRDA:1107,65,1,0
BRDA:1115,66,0,0
BRDA:1115,66,1,0
BRDA:1140,67,0,0
BRDA:1140,67,1,0
BRDA:1149,68,0,0
BRDA:1149,68,1,0
BRDA:1165,69,0,0
BRDA:1165,69,1,0
BRDA:1181,70,0,0
BRDA:1181,70,1,0
BRDA:1198,71,0,0
BRDA:1198,71,1,0
BRDA:1215,72,0,0
BRDA:1215,72,1,0
BRDA:1232,73,0,0
BRDA:1232,73,1,0
BRDA:1249,74,0,0
BRDA:1249,74,1,0
BRDA:1268,75,0,0
BRDA:1268,75,1,0
BRDA:1285,76,0,0
BRDA:1285,76,1,0
BRDA:1359,77,0,0
BRDA:1359,77,1,0
BRDA:1376,78,0,0
BRDA:1376,78,1,0
BRDA:1392,79,0,0
BRDA:1392,79,1,0
BRDA:1408,80,0,0
BRDA:1408,80,1,0
BRDA:1428,81,0,0
BRDA:1428,81,1,0
BRDA:1445,82,0,0
BRDA:1445,82,1,0
BRDA:1462,83,0,0
BRDA:1462,83,1,0
BRF:168
BRH:0
end_of_record
TN:
SF:src\views\about.js
FN:17,(anonymous_0)
FNF:1
FNH:0
FNDA:0,(anonymous_0)
DA:6,1
DA:7,1
DA:8,1
DA:9,1
DA:10,1
DA:11,1
DA:12,1
DA:13,1
DA:14,1
DA:15,1
DA:17,1
DA:18,0
LF:12
LH:11
BRF:0
BRH:0
end_of_record
TN:
SF:src\views\admin-competitions.js
FN:20,checkIfUserExists
FN:34,getNumTestcases
FN:45,validationCompName
FN:48,(anonymous_3)
FN:62,validateInputs
FN:93,PostCompDetails
FN:130,GenGrid
FN:133,(anonymous_7)
FN:134,(anonymous_8)
FN:135,(anonymous_9)
FN:163,(anonymous_10)
FN:194,(anonymous_11)
FN:197,(anonymous_12)
FN:206,(anonymous_13)
FN:231,(anonymous_14)
FN:266,(anonymous_15)
FN:284,(anonymous_16)
FN:295,(anonymous_17)
FN:306,(anonymous_18)
FN:317,(anonymous_19)
FN:327,(anonymous_20)
FN:342,(anonymous_21)
FN:346,(anonymous_22)
FN:362,(anonymous_23)
FN:363,(anonymous_24)
FN:364,(anonymous_25)
FN:365,(anonymous_26)
FN:378,(anonymous_27)
FN:379,(anonymous_28)
FN:380,(anonymous_29)
FN:381,(anonymous_30)
FN:390,(anonymous_31)
FN:400,(anonymous_32)
FN:457,(anonymous_33)
FN:552,(anonymous_34)
FNF:35
FNH:0
FNDA:0,checkIfUserExists
FNDA:0,getNumTestcases
FNDA:0,validationCompName
FNDA:0,(anonymous_3)
FNDA:0,validateInputs
FNDA:0,PostCompDetails
FNDA:0,GenGrid
FNDA:0,(anonymous_7)
FNDA:0,(anonymous_8)
FNDA:0,(anonymous_9)
FNDA:0,(anonymous_10)
FNDA:0,(anonymous_11)
FNDA:0,(anonymous_12)
FNDA:0,(anonymous_13)
FNDA:0,(anonymous_14)
FNDA:0,(anonymous_15)
FNDA:0,(anonymous_16)
FNDA:0,(anonymous_17)
FNDA:0,(anonymous_18)
FNDA:0,(anonymous_19)
FNDA:0,(anonymous_20)
FNDA:0,(anonymous_21)
FNDA:0,(anonymous_22)
FNDA:0,(anonymous_23)
FNDA:0,(anonymous_24)
FNDA:0,(anonymous_25)
FNDA:0,(anonymous_26)
FNDA:0,(anonymous_27)
FNDA:0,(anonymous_28)
FNDA:0,(anonymous_29)
FNDA:0,(anonymous_30)
FNDA:0,(anonymous_31)
FNDA:0,(anonymous_32)
FNDA:0,(anonymous_33)
FNDA:0,(anonymous_34)
DA:18,0
DA:19,0
DA:21,0
DA:22,0
DA:24,0
DA:25,0
DA:26,0
DA:29,0
DA:30,0
DA:35,0
DA:36,0
DA:37,0
DA:38,0
DA:41,0
DA:46,0
DA:49,0
DA:51,0
DA:52,0
DA:53,0
DA:56,0
DA:57,0
DA:64,0
DA:67,0
DA:68,0
DA:69,0
DA:70,0
DA:71,0
DA:72,0
DA:73,0
DA:74,0
DA:75,0
DA:76,0
DA:77,0
DA:78,0
DA:79,0
DA:80,0
DA:83,0
DA:84,0
DA:85,0
DA:86,0
DA:89,0
DA:111,0
DA:131,0
DA:133,0
DA:134,0
DA:135,0
DA:154,0
DA:158,0
DA:163,0
DA:165,0
DA:166,0
DA:167,0
DA:168,0
DA:169,0
DA:170,0
DA:171,0
DA:172,0
DA:173,0
DA:174,0
DA:175,0
DA:176,0
DA:177,0
DA:178,0
DA:179,0
DA:180,0
DA:181,0
DA:182,0
DA:183,0
DA:184,0
DA:185,0
DA:186,0
DA:187,0
DA:189,0
DA:190,0
DA:191,0
DA:194,0
DA:195,0
DA:198,0
DA:199,0
DA:200,0
DA:204,0
DA:206,0
DA:210,0
DA:213,0
DA:214,0
DA:216,0
DA:217,0
DA:218,0
DA:220,0
DA:221,0
DA:222,0
DA:224,0
DA:226,0
DA:227,0
DA:231,0
DA:232,0
DA:235,0
DA:267,0
DA:284,0
DA:296,0
DA:307,0
DA:318,0
DA:328,0
DA:343,0
DA:347,0
DA:362,0
DA:363,0
DA:364,0
DA:365,0
DA:378,0
DA:379,0
DA:380,0
DA:381,0
DA:391,0
DA:402,0
DA:403,0
DA:406,0
DA:407,0
DA:408,0
DA:409,0
DA:410,0
DA:411,0
DA:428,0
DA:458,0
DA:459,0
DA:553,0
LF:126
LH:0
BRDA:24,0,0,0
BRDA:24,0,1,0
BRDA:37,1,0,0
BRDA:37,1,1,0
BRDA:51,2,0,0
BRDA:51,2,1,0
BRDA:67,3,0,0
BRDA:67,3,1,0
BRDA:68,4,0,0
BRDA:68,4,1,0
BRDA:69,5,0,0
BRDA:69,5,1,0
BRDA:70,6,0,0
BRDA:70,6,1,0
BRDA:71,7,0,0
BRDA:71,7,1,0
BRDA:72,8,0,0
BRDA:72,8,1,0
BRDA:73,9,0,0
BRDA:73,9,1,0
BRDA:74,10,0,0
BRDA:74,10,1,0
BRDA:75,11,0,0
BRDA:75,11,1,0
BRDA:76,12,0,0
BRDA:76,12,1,0
BRDA:77,13,0,0
BRDA:77,13,1,0
BRDA:78,14,0,0
BRDA:78,14,1,0
BRDA:79,15,0,0
BRDA:79,15,1,0
BRDA:80,16,0,0
BRDA:80,16,1,0
BRDA:83,17,0,0
BRDA:83,17,1,0
BRDA:210,18,0,0
BRDA:210,18,1,0
BRDA:210,19,0,0
BRDA:210,19,1,0
BRDA:210,19,2,0
BRDA:216,20,0,0
BRDA:216,20,1,0
BRDA:220,21,0,0
BRDA:220,21,1,0
BRDA:224,22,0,0
BRDA:224,22,1,0
BRDA:224,23,0,0
BRDA:224,23,1,0
BRDA:334,24,0,0
BRDA:334,24,1,0
BRDA:402,25,0,0
BRDA:402,25,1,0
BRDA:407,26,0,0
BRDA:407,26,1,0
BRF:55
BRH:0
end_of_record
TN:
SF:src\views\admin-profile.js
FN:11,putUserDetails
FN:21,checkIfDetailsValid
FN:51,update
FN:60,(anonymous_3)
FN:101,(anonymous_4)
FN:113,(anonymous_5)
FN:127,(anonymous_6)
FN:133,(anonymous_7)
FN:204,(anonymous_8)
FN:209,(anonymous_9)
FN:214,(anonymous_10)
FN:219,(anonymous_11)
FN:224,(anonymous_12)
FN:229,(anonymous_13)
FN:246,(anonymous_14)
FNF:15
FNH:0
FNDA:0,putUserDetails
FNDA:0,checkIfDetailsValid
FNDA:0,update
FNDA:0,(anonymous_3)
FNDA:0,(anonymous_4)
FNDA:0,(anonymous_5)
FNDA:0,(anonymous_6)
FNDA:0,(anonymous_7)
FNDA:0,(anonymous_8)
FNDA:0,(anonymous_9)
FNDA:0,(anonymous_10)
FNDA:0,(anonymous_11)
FNDA:0,(anonymous_12)
FNDA:0,(anonymous_13)
FNDA:0,(anonymous_14)
DA:12,0
DA:22,0
DA:23,0
DA:26,0
DA:27,0
DA:28,0
DA:29,0
DA:30,0
DA:31,0
DA:35,0
DA:37,0
DA:38,0
DA:39,0
DA:42,0
DA:43,0
DA:44,0
DA:47,0
DA:60,0
DA:61,0
DA:63,0
DA:69,0
DA:70,0
DA:71,0
DA:74,0
DA:80,0
DA:81,0
DA:82,0
DA:83,0
DA:84,0
DA:87,0
DA:91,0
DA:94,0
DA:95,0
DA:101,1
DA:103,0
DA:104,0
DA:105,0
DA:106,0
DA:107,0
DA:108,0
DA:109,0
DA:110,0
DA:111,0
DA:113,0
DA:114,0
DA:115,0
DA:127,0
DA:128,0
DA:129,0
DA:133,0
DA:134,0
DA:137,0
DA:204,0
DA:209,0
DA:214,0
DA:219,0
DA:224,0
DA:231,0
DA:248,0
DA:249,0
LF:60
LH:1
BRDA:26,0,0,0
BRDA:26,0,1,0
BRDA:26,1,0,0
BRDA:26,1,1,0
BRDA:29,2,0,0
BRDA:29,2,1,0
BRDA:35,3,0,0
BRDA:35,3,1,0
BRDA:35,4,0,0
BRDA:35,4,1,0
BRDA:35,4,2,0
BRDA:37,5,0,0
BRDA:37,5,1,0
BRDA:42,6,0,0
BRDA:42,6,1,0
BRDA:42,7,0,0
BRDA:42,7,1,0
BRDA:61,8,0,0
BRDA:61,8,1,0
BRDA:63,9,0,0
BRDA:63,9,1,0
BRDA:64,10,0,0
BRDA:64,10,1,0
BRDA:64,10,2,0
BRDA:64,10,3,0
BRDA:74,11,0,0
BRDA:74,11,1,0
BRDA:75,12,0,0
BRDA:75,12,1,0
BRDA:75,12,2,0
BRDA:75,12,3,0
BRDA:87,13,0,0
BRDA:87,13,1,0
BRDA:88,14,0,0
BRDA:88,14,1,0
BRDA:94,15,0,0
BRDA:94,15,1,0
BRF:37
BRH:0
end_of_record
TN:
SF:src\views\admin-teams.js
FN:7,GenGrid
FN:10,(anonymous_1)
FN:13,(anonymous_2)
FN:14,(anonymous_3)
FN:29,(anonymous_4)
FNF:5
FNH:0
FNDA:0,GenGrid
FNDA:0,(anonymous_1)
FNDA:0,(anonymous_2)
FNDA:0,(anonymous_3)
FNDA:0,(anonymous_4)
DA:8,0
DA:10,0
DA:11,0
DA:14,0
DA:22,0
DA:26,0
DA:29,1
DA:30,0
LF:8
LH:1
BRF:0
BRH:0
end_of_record
TN:
SF:src\views\arena-leaderboard.js
FN:15,getNoTests
FN:16,(anonymous_1)
FN:19,(anonymous_2)
FN:30,GenGrid
FN:34,(anonymous_4)
FN:37,(anonymous_5)
FN:38,(anonymous_6)
FN:59,(anonymous_7)
FN:72,(anonymous_8)
FN:76,(anonymous_9)
FN:77,(anonymous_10)
FN:85,(anonymous_11)
FNF:12
FNH:0
FNDA:0,getNoTests
FNDA:0,(anonymous_1)
FNDA:0,(anonymous_2)
FNDA:0,GenGrid
FNDA:0,(anonymous_4)
FNDA:0,(anonymous_5)
FNDA:0,(anonymous_6)
FNDA:0,(anonymous_7)
FNDA:0,(anonymous_8)
FNDA:0,(anonymous_9)
FNDA:0,(anonymous_10)
FNDA:0,(anonymous_11)
DA:8,0
DA:9,0
DA:10,0
DA:11,0
DA:12,0
DA:16,0
DA:17,0
DA:20,0
DA:21,0
DA:25,0
DA:31,0
DA:32,0
DA:34,0
DA:35,0
DA:38,0
DA:39,0
DA:46,0
DA:48,0
DA:50,0
DA:51,0
DA:53,0
DA:54,0
DA:56,0
DA:57,0
DA:60,0
DA:61,0
DA:65,0
DA:66,0
DA:69,0
DA:72,0
DA:74,0
DA:76,0
DA:77,0
DA:78,0
DA:81,0
DA:83,0
DA:86,0
DA:90,0
DA:92,0
LF:39
LH:0
BRDA:43,0,0,0
BRDA:43,0,1,0
BRDA:50,1,0,0
BRDA:50,1,1,0
BRDA:65,2,0,0
BRDA:65,2,1,0
BRF:6
BRH:0
end_of_record
TN:
SF:src\views\arena-main.js
FN:44,handleUploadTXTDone
FN:67,handleUploadZIPDone
FN:75,getLatestScores
FN:76,(anonymous_3)
FN:79,(anonymous_4)
FN:91,(anonymous_5)
FN:97,getNumTestCases
FN:100,(anonymous_7)
FN:106,generateRandomNumber
FN:111,getTeamID
FN:112,(anonymous_10)
FN:120,(anonymous_11)
FN:124,(anonymous_12)
FN:131,getCompTestCases
FN:132,(anonymous_14)
FN:135,(anonymous_15)
FN:139,(anonymous_16)
FN:146,getLinkForPDF
FN:147,(anonymous_18)
FN:150,(anonymous_19)
FN:154,(anonymous_20)
FN:161,getHighest
FN:162,(anonymous_22)
FN:165,(anonymous_23)
FN:181,ScoredHigher
FN:183,(anonymous_25)
FN:186,(anonymous_26)
FN:203,(anonymous_27)
FN:213,postHighestScore
FN:234,uploadSubmissions
FN:239,(anonymous_30)
FN:244,(anonymous_31)
FN:257,(anonymous_32)
FN:287,getEndDate
FN:289,(anonymous_34)
FN:296,getSampleInOut
FN:297,(anonymous_36)
FN:299,(anonymous_37)
FN:307,(anonymous_38)
FN:326,(anonymous_39)
FN:327,(anonymous_40)
FN:337,(anonymous_41)
FN:344,(anonymous_42)
FN:394,(anonymous_43)
FN:399,(anonymous_44)
FN:452,(anonymous_45)
FN:466,(anonymous_46)
FN:482,(anonymous_47)
FN:491,(anonymous_48)
FN:505,(anonymous_49)
FN:516,(anonymous_50)
FN:529,(anonymous_51)
FN:533,(anonymous_52)
FN:541,(anonymous_53)
FN:562,(anonymous_54)
FN:657,(anonymous_55)
FN:664,(anonymous_56)
FN:676,(anonymous_57)
FN:683,(anonymous_58)
FN:705,(anonymous_59)
FNF:60
FNH:0
FNDA:0,handleUploadTXTDone
FNDA:0,handleUploadZIPDone
FNDA:0,getLatestScores
FNDA:0,(anonymous_3)
FNDA:0,(anonymous_4)
FNDA:0,(anonymous_5)
FNDA:0,getNumTestCases
FNDA:0,(anonymous_7)
FNDA:0,generateRandomNumber
FNDA:0,getTeamID
FNDA:0,(anonymous_10)
FNDA:0,(anonymous_11)
FNDA:0,(anonymous_12)
FNDA:0,getCompTestCases
FNDA:0,(anonymous_14)
FNDA:0,(anonymous_15)
FNDA:0,(anonymous_16)
FNDA:0,getLinkForPDF
FNDA:0,(anonymous_18)
FNDA:0,(anonymous_19)
FNDA:0,(anonymous_20)
FNDA:0,getHighest
FNDA:0,(anonymous_22)
FNDA:0,(anonymous_23)
FNDA:0,ScoredHigher
FNDA:0,(anonymous_25)
FNDA:0,(anonymous_26)
FNDA:0,(anonymous_27)
FNDA:0,postHighestScore
FNDA:0,uploadSubmissions
FNDA:0,(anonymous_30)
FNDA:0,(anonymous_31)
FNDA:0,(anonymous_32)
FNDA:0,getEndDate
FNDA:0,(anonymous_34)
FNDA:0,getSampleInOut
FNDA:0,(anonymous_36)
FNDA:0,(anonymous_37)
FNDA:0,(anonymous_38)
FNDA:0,(anonymous_39)
FNDA:0,(anonymous_40)
FNDA:0,(anonymous_41)
FNDA:0,(anonymous_42)
FNDA:0,(anonymous_43)
FNDA:0,(anonymous_44)
FNDA:0,(anonymous_45)
FNDA:0,(anonymous_46)
FNDA:0,(anonymous_47)
FNDA:0,(anonymous_48)
FNDA:0,(anonymous_49)
FNDA:0,(anonymous_50)
FNDA:0,(anonymous_51)
FNDA:0,(anonymous_52)
FNDA:0,(anonymous_53)
FNDA:0,(anonymous_54)
FNDA:0,(anonymous_55)
FNDA:0,(anonymous_56)
FNDA:0,(anonymous_57)
FNDA:0,(anonymous_58)
FNDA:0,(anonymous_59)
DA:24,1
DA:25,1
DA:26,1
DA:27,1
DA:28,1
DA:29,1
DA:30,1
DA:31,1
DA:32,1
DA:33,1
DA:34,1
DA:35,1
DA:36,1
DA:37,1
DA:38,1
DA:39,1
DA:40,1
DA:41,1
DA:42,1
DA:45,0
DA:48,0
DA:49,0
DA:50,0
DA:51,0
DA:59,0
DA:61,0
DA:62,0
DA:63,0
DA:68,0
DA:71,0
DA:72,0
DA:76,0
DA:77,0
DA:80,0
DA:81,0
DA:83,0
DA:84,0
DA:85,0
DA:86,0
DA:89,0
DA:92,0
DA:98,0
DA:101,0
DA:107,0
DA:108,0
DA:112,0
DA:113,0
DA:121,0
DA:122,0
DA:125,0
DA:132,0
DA:133,0
DA:136,0
DA:137,0
DA:140,0
DA:141,0
DA:147,0
DA:148,0
DA:151,0
DA:152,0
DA:155,0
DA:156,0
DA:162,0
DA:163,0
DA:166,0
DA:167,0
DA:168,0
DA:169,0
DA:170,0
DA:171,0
DA:173,0
DA:182,0
DA:183,0
DA:184,0
DA:187,0
DA:188,0
DA:189,0
DA:190,0
DA:191,0
DA:192,0
DA:193,0
DA:195,0
DA:196,0
DA:198,0
DA:199,0
DA:202,0
DA:203,0
DA:204,0
DA:206,0
DA:207,0
DA:214,0
DA:215,0
DA:217,0
DA:218,0
DA:225,0
DA:227,0
DA:230,0
DA:236,0
DA:237,0
DA:239,0
DA:240,0
DA:244,0
DA:245,0
DA:246,0
DA:248,0
DA:252,0
DA:253,0
DA:255,0
DA:258,0
DA:259,0
DA:260,0
DA:261,0
DA:262,0
DA:267,0
DA:268,0
DA:269,0
DA:270,0
DA:271,0
DA:279,0
DA:284,0
DA:288,0
DA:290,0
DA:291,0
DA:297,0
DA:298,0
DA:300,0
DA:301,0
DA:307,1
DA:308,0
DA:309,0
DA:310,0
DA:311,0
DA:312,0
DA:313,0
DA:315,0
DA:316,0
DA:319,0
DA:320,0
DA:325,0
DA:326,0
DA:327,0
DA:328,0
DA:329,0
DA:330,0
DA:331,0
DA:332,0
DA:333,0
DA:334,0
DA:335,0
DA:338,0
DA:339,0
DA:342,0
DA:344,0
DA:345,0
DA:346,0
DA:348,0
DA:351,0
DA:352,0
DA:353,0
DA:354,0
DA:356,0
DA:358,0
DA:362,0
DA:363,0
DA:364,0
DA:368,0
DA:369,0
DA:370,0
DA:374,0
DA:375,0
DA:376,0
DA:381,0
DA:382,0
DA:384,0
DA:389,0
DA:392,0
DA:394,0
DA:395,0
DA:396,0
DA:399,0
DA:400,0
DA:453,0
DA:454,0
DA:455,0
DA:457,0
DA:458,0
DA:461,0
DA:462,0
DA:467,0
DA:483,0
DA:484,0
DA:486,0
DA:487,0
DA:492,0
DA:506,0
DA:517,0
DA:531,0
DA:532,0
DA:533,0
DA:534,0
DA:542,0
DA:563,0
DA:658,0
DA:659,0
DA:660,0
DA:661,0
DA:662,0
DA:663,0
DA:664,0
DA:665,0
DA:677,0
DA:678,0
DA:679,0
DA:680,0
DA:681,0
DA:682,0
DA:683,0
DA:684,0
DA:706,0
DA:707,0
DA:709,0
LF:221
LH:20
BRDA:196,0,0,0
BRDA:196,0,1,0
BRDA:217,1,0,0
BRDA:217,1,1,0
BRDA:245,2,0,0
BRDA:245,2,1,0
BRDA:258,3,0,0
BRDA:258,3,1,0
BRDA:362,4,0,0
BRDA:362,4,1,0
BRDA:362,5,0,0
BRDA:362,5,1,0
BRDA:368,6,0,0
BRDA:368,6,1,0
BRDA:368,7,0,0
BRDA:368,7,1,0
BRDA:374,8,0,0
BRDA:374,8,1,0
BRDA:374,9,0,0
BRDA:374,9,1,0
BRDA:374,9,2,0
BRDA:381,10,0,0
BRDA:381,10,1,0
BRDA:444,11,0,0
BRDA:444,11,1,0
BRDA:453,12,0,0
BRDA:453,12,1,0
BRDA:457,13,0,0
BRDA:457,13,1,0
BRDA:457,14,0,0
BRDA:457,14,1,0
BRDA:474,15,0,0
BRDA:474,15,1,0
BRDA:486,16,0,0
BRDA:486,16,1,0
BRDA:486,17,0,0
BRDA:486,17,1,0
BRDA:549,18,0,0
BRDA:549,18,1,0
BRDA:660,19,0,0
BRDA:660,19,1,0
BRDA:679,20,0,0
BRDA:679,20,1,0
BRDA:699,21,0,0
BRDA:699,21,1,0
BRF:45
BRH:0
end_of_record
TN:
SF:src\views\arena-profile.js
FN:11,putUserDetails
FN:21,checkIfDetailsValid
FN:51,update
FN:60,(anonymous_3)
FN:101,(anonymous_4)
FN:113,(anonymous_5)
FN:127,(anonymous_6)
FN:133,(anonymous_7)
FN:222,(anonymous_8)
FN:227,(anonymous_9)
FN:232,(anonymous_10)
FN:237,(anonymous_11)
FN:242,(anonymous_12)
FN:247,(anonymous_13)
FN:264,(anonymous_14)
FNF:15
FNH:0
FNDA:0,putUserDetails
FNDA:0,checkIfDetailsValid
FNDA:0,update
FNDA:0,(anonymous_3)
FNDA:0,(anonymous_4)
FNDA:0,(anonymous_5)
FNDA:0,(anonymous_6)
FNDA:0,(anonymous_7)
FNDA:0,(anonymous_8)
FNDA:0,(anonymous_9)
FNDA:0,(anonymous_10)
FNDA:0,(anonymous_11)
FNDA:0,(anonymous_12)
FNDA:0,(anonymous_13)
FNDA:0,(anonymous_14)
DA:12,0
DA:22,0
DA:23,0
DA:26,0
DA:27,0
DA:28,0
DA:29,0
DA:30,0
DA:31,0
DA:35,0
DA:37,0
DA:38,0
DA:39,0
DA:42,0
DA:43,0
DA:44,0
DA:47,0
DA:60,0
DA:61,0
DA:63,0
DA:69,0
DA:70,0
DA:71,0
DA:74,0
DA:80,0
DA:81,0
DA:82,0
DA:83,0
DA:84,0
DA:87,0
DA:91,0
DA:94,0
DA:95,0
DA:101,1
DA:103,0
DA:104,0
DA:105,0
DA:106,0
DA:107,0
DA:108,0
DA:109,0
DA:110,0
DA:111,0
DA:113,0
DA:114,0
DA:115,0
DA:127,0
DA:128,0
DA:129,0
DA:133,0
DA:134,0
DA:137,0
DA:222,0
DA:227,0
DA:232,0
DA:237,0
DA:242,0
DA:249,0
DA:266,0
DA:267,0
LF:60
LH:1
BRDA:26,0,0,0
BRDA:26,0,1,0
BRDA:26,1,0,0
BRDA:26,1,1,0
BRDA:29,2,0,0
BRDA:29,2,1,0
BRDA:35,3,0,0
BRDA:35,3,1,0
BRDA:35,4,0,0
BRDA:35,4,1,0
BRDA:35,4,2,0
BRDA:37,5,0,0
BRDA:37,5,1,0
BRDA:42,6,0,0
BRDA:42,6,1,0
BRDA:42,7,0,0
BRDA:42,7,1,0
BRDA:61,8,0,0
BRDA:61,8,1,0
BRDA:63,9,0,0
BRDA:63,9,1,0
BRDA:64,10,0,0
BRDA:64,10,1,0
BRDA:64,10,2,0
BRDA:64,10,3,0
BRDA:74,11,0,0
BRDA:74,11,1,0
BRDA:75,12,0,0
BRDA:75,12,1,0
BRDA:75,12,2,0
BRDA:75,12,3,0
BRDA:87,13,0,0
BRDA:87,13,1,0
BRDA:88,14,0,0
BRDA:88,14,1,0
BRDA:94,15,0,0
BRDA:94,15,1,0
BRF:37
BRH:0
end_of_record
TN:
SF:src\views\arena-submissions.js
FN:13,getTests
FN:14,(anonymous_1)
FN:17,(anonymous_2)
FN:24,(anonymous_3)
FN:28,(anonymous_4)
FN:30,(anonymous_5)
FN:36,(anonymous_6)
FN:41,(anonymous_7)
FN:43,(anonymous_8)
FN:58,(anonymous_9)
FNF:10
FNH:6
FNDA:1,getTests
FNDA:1,(anonymous_1)
FNDA:1,(anonymous_2)
FNDA:8,(anonymous_3)
FNDA:1,(anonymous_4)
FNDA:1,(anonymous_5)
FNDA:0,(anonymous_6)
FNDA:0,(anonymous_7)
FNDA:0,(anonymous_8)
FNDA:0,(anonymous_9)
DA:8,1
DA:9,1
DA:10,1
DA:11,1
DA:14,1
DA:15,1
DA:18,1
DA:20,1
DA:24,1
DA:25,8
DA:26,7
DA:27,7
DA:28,7
DA:30,1
DA:31,1
DA:33,1
DA:35,1
DA:37,0
DA:40,0
DA:42,0
DA:43,0
DA:44,0
DA:45,0
DA:46,0
DA:47,0
DA:49,0
DA:51,0
DA:56,0
DA:59,0
DA:64,7
DA:66,1
LF:31
LH:19
BRDA:47,0,0,0
BRDA:47,0,1,0
BRF:2
BRH:0
end_of_record
TN:
SF:src\views\arena-team.js
FN:15,(anonymous_0)
FN:24,(anonymous_1)
FN:31,(anonymous_2)
FN:32,(anonymous_3)
FN:59,(anonymous_4)
FN:160,(anonymous_5)
FN:169,(anonymous_6)
FNF:7
FNH:0
FNDA:0,(anonymous_0)
FNDA:0,(anonymous_1)
FNDA:0,(anonymous_2)
FNDA:0,(anonymous_3)
FNDA:0,(anonymous_4)
FNDA:0,(anonymous_5)
FNDA:0,(anonymous_6)
DA:10,1
DA:11,1
DA:12,1
DA:15,1
DA:16,0
DA:17,0
DA:18,0
DA:19,0
DA:20,0
DA:21,0
DA:24,1
DA:25,0
DA:26,0
DA:27,0
DA:28,0
DA:31,0
DA:32,0
DA:33,0
DA:35,0
DA:36,0
DA:39,0
DA:40,0
DA:43,0
DA:44,0
DA:47,0
DA:48,0
DA:51,0
DA:57,0
DA:59,0
DA:60,0
DA:61,0
DA:62,0
DA:64,0
DA:67,0
DA:70,0
DA:71,0
DA:72,0
DA:74,0
DA:77,0
DA:80,0
DA:161,0
DA:170,0
DA:171,0
LF:43
LH:5
BRDA:61,0,0,0
BRDA:61,0,1,0
BRDA:170,1,0,0
BRDA:170,1,1,0
BRF:4
BRH:0
end_of_record
TN:
SF:src\views\competitions.js
FN:9,(anonymous_0)
FN:15,(anonymous_1)
FN:26,GenCards
FN:32,(anonymous_3)
FN:35,(anonymous_4)
FN:37,(anonymous_5)
FN:68,(anonymous_6)
FN:72,(anonymous_7)
FN:78,(anonymous_8)
FN:87,(anonymous_9)
FN:91,(anonymous_10)
FN:97,(anonymous_11)
FN:107,(anonymous_12)
FN:108,(anonymous_13)
FN:139,(anonymous_14)
FN:149,(anonymous_15)
FN:169,getActiveCards
FN:182,(anonymous_17)
FN:185,(anonymous_18)
FN:195,getInactiveCards
FN:208,(anonymous_20)
FN:211,(anonymous_21)
FN:246,(anonymous_22)
FNF:23
FNH:0
FNDA:0,(anonymous_0)
FNDA:0,(anonymous_1)
FNDA:0,GenCards
FNDA:0,(anonymous_3)
FNDA:0,(anonymous_4)
FNDA:0,(anonymous_5)
FNDA:0,(anonymous_6)
FNDA:0,(anonymous_7)
FNDA:0,(anonymous_8)
FNDA:0,(anonymous_9)
FNDA:0,(anonymous_10)
FNDA:0,(anonymous_11)
FNDA:0,(anonymous_12)
FNDA:0,(anonymous_13)
FNDA:0,(anonymous_14)
FNDA:0,(anonymous_15)
FNDA:0,getActiveCards
FNDA:0,(anonymous_17)
FNDA:0,(anonymous_18)
FNDA:0,getInactiveCards
FNDA:0,(anonymous_20)
FNDA:0,(anonymous_21)
FNDA:0,(anonymous_22)
DA:9,1
DA:10,0
DA:15,1
DA:16,0
DA:17,0
DA:18,0
DA:19,0
DA:21,0
DA:27,0
DA:28,0
DA:29,0
DA:30,0
DA:32,0
DA:33,0
DA:37,0
DA:46,0
DA:68,0
DA:69,0
DA:70,0
DA:72,0
DA:73,0
DA:74,0
DA:78,0
DA:79,0
DA:80,0
DA:81,0
DA:84,0
DA:87,0
DA:88,0
DA:89,0
DA:91,0
DA:92,0
DA:93,0
DA:97,0
DA:98,0
DA:99,0
DA:100,0
DA:103,0
DA:107,0
DA:108,0
DA:109,0
DA:110,0
DA:111,0
DA:112,0
DA:113,0
DA:114,0
DA:115,0
DA:117,0
DA:121,0
DA:139,0
DA:140,0
DA:142,0
DA:143,0
DA:144,0
DA:149,0
DA:150,0
DA:151,0
DA:156,0
DA:158,0
DA:159,0
DA:160,0
DA:161,0
DA:162,0
DA:164,0
DA:170,0
DA:183,0
DA:186,0
DA:196,0
DA:209,0
DA:212,0
DA:221,0
DA:246,1
DA:247,0
LF:73
LH:3
BRDA:18,0,0,0
BRDA:18,0,1,0
BRDA:142,1,0,0
BRDA:142,1,1,0
BRDA:150,2,0,0
BRDA:150,2,1,0
BRF:6
BRH:0
end_of_record
TN:
SF:src\views\contact.js
FN:15,(anonymous_0)
FN:27,isValidEmail
FN:48,(anonymous_2)
FN:57,(anonymous_3)
FN:60,(anonymous_4)
FN:166,(anonymous_5)
FN:172,(anonymous_6)
FN:178,(anonymous_7)
FN:184,(anonymous_8)
FNF:9
FNH:0
FNDA:0,(anonymous_0)
FNDA:0,isValidEmail
FNDA:0,(anonymous_2)
FNDA:0,(anonymous_3)
FNDA:0,(anonymous_4)
FNDA:0,(anonymous_5)
FNDA:0,(anonymous_6)
FNDA:0,(anonymous_7)
FNDA:0,(anonymous_8)
DA:15,0
DA:16,0
DA:17,0
DA:18,0
DA:19,0
DA:20,0
DA:21,0
DA:28,0
DA:48,0
DA:49,0
DA:50,0
DA:51,0
DA:54,0
DA:56,0
DA:64,0
DA:73,0
DA:75,0
DA:77,0
DA:79,0
DA:81,0
DA:85,0
DA:166,0
DA:172,0
DA:178,0
DA:184,0
LF:25
LH:0
BRDA:50,0,0,0
BRDA:50,0,1,0
BRDA:50,1,0,0
BRDA:50,1,1,0
BRDA:50,1,2,0
BRDA:54,2,0,0
BRDA:54,2,1,0
BRDA:180,3,0,0
BRDA:180,3,1,0
BRF:9
BRH:0
end_of_record
TN:
SF:src\views\home.js
FN:6,(anonymous_0)
FNF:1
FNH:0
FNDA:0,(anonymous_0)
DA:6,1
DA:7,0
LF:2
LH:1
BRF:0
BRH:0
end_of_record
TN:
SF:src\views\leaderboard.js
FN:15,getNoTests
FN:16,(anonymous_1)
FN:19,(anonymous_2)
FN:30,GenGrid
FN:34,(anonymous_4)
FN:37,(anonymous_5)
FN:38,(anonymous_6)
FN:59,(anonymous_7)
FN:72,(anonymous_8)
FN:76,(anonymous_9)
FN:77,(anonymous_10)
FN:85,(anonymous_11)
FNF:12
FNH:0
FNDA:0,getNoTests
FNDA:0,(anonymous_1)
FNDA:0,(anonymous_2)
FNDA:0,GenGrid
FNDA:0,(anonymous_4)
FNDA:0,(anonymous_5)
FNDA:0,(anonymous_6)
FNDA:0,(anonymous_7)
FNDA:0,(anonymous_8)
FNDA:0,(anonymous_9)
FNDA:0,(anonymous_10)
FNDA:0,(anonymous_11)
DA:8,0
DA:9,0
DA:10,0
DA:11,0
DA:12,0
DA:16,0
DA:17,0
DA:20,0
DA:21,0
DA:25,0
DA:31,0
DA:32,0
DA:34,0
DA:35,0
DA:38,0
DA:39,0
DA:46,0
DA:48,0
DA:50,0
DA:51,0
DA:53,0
DA:54,0
DA:56,0
DA:57,0
DA:60,0
DA:61,0
DA:65,0
DA:66,0
DA:69,0
DA:72,0
DA:74,0
DA:76,0
DA:77,0
DA:78,0
DA:81,0
DA:83,0
DA:86,0
DA:90,0
DA:92,0
LF:39
LH:0
BRDA:43,0,0,0
BRDA:43,0,1,0
BRDA:50,1,0,0
BRDA:50,1,1,0
BRDA:65,2,0,0
BRDA:65,2,1,0
BRF:6
BRH:0
end_of_record
TN:
SF:src\views\login.js
FN:22,checkEmailExists
FN:25,(anonymous_1)
FN:43,sendEmail
FN:50,(anonymous_3)
FN:57,changePassword
FN:62,(anonymous_5)
FN:69,(anonymous_6)
FN:80,(anonymous_7)
FN:85,(anonymous_8)
FN:88,(anonymous_9)
FN:103,(anonymous_10)
FN:106,(anonymous_11)
FN:110,(anonymous_12)
FN:118,(anonymous_13)
FN:127,(anonymous_14)
FN:128,(anonymous_15)
FN:145,(anonymous_16)
FN:152,(anonymous_17)
FN:186,(anonymous_18)
FN:191,(anonymous_19)
FN:224,(anonymous_20)
FN:231,(anonymous_21)
FN:245,(anonymous_22)
FN:249,(anonymous_23)
FN:254,(anonymous_24)
FN:270,(anonymous_25)
FN:278,(anonymous_26)
FN:291,(anonymous_27)
FNF:28
FNH:0
FNDA:0,checkEmailExists
FNDA:0,(anonymous_1)
FNDA:0,sendEmail
FNDA:0,(anonymous_3)
FNDA:0,changePassword
FNDA:0,(anonymous_5)
FNDA:0,(anonymous_6)
FNDA:0,(anonymous_7)
FNDA:0,(anonymous_8)
FNDA:0,(anonymous_9)
FNDA:0,(anonymous_10)
FNDA:0,(anonymous_11)
FNDA:0,(anonymous_12)
FNDA:0,(anonymous_13)
FNDA:0,(anonymous_14)
FNDA:0,(anonymous_15)
FNDA:0,(anonymous_16)
FNDA:0,(anonymous_17)
FNDA:0,(anonymous_18)
FNDA:0,(anonymous_19)
FNDA:0,(anonymous_20)
FNDA:0,(anonymous_21)
FNDA:0,(anonymous_22)
FNDA:0,(anonymous_23)
FNDA:0,(anonymous_24)
FNDA:0,(anonymous_25)
FNDA:0,(anonymous_26)
FNDA:0,(anonymous_27)
DA:19,0
DA:23,0
DA:26,0
DA:28,0
DA:30,0
DA:31,0
DA:35,0
DA:36,0
DA:37,0
DA:44,0
DA:45,0
DA:46,0
DA:51,0
DA:58,0
DA:63,0
DA:64,0
DA:69,0
DA:70,0
DA:71,0
DA:72,0
DA:73,0
DA:74,0
DA:75,0
DA:76,0
DA:77,0
DA:80,0
DA:81,0
DA:82,0
DA:85,0
DA:86,0
DA:89,0
DA:91,0
DA:92,0
DA:95,0
DA:97,0
DA:103,0
DA:104,0
DA:108,0
DA:109,0
DA:110,0
DA:111,0
DA:117,0
DA:118,0
DA:119,0
DA:127,0
DA:128,0
DA:129,0
DA:131,0
DA:133,0
DA:134,0
DA:138,0
DA:145,0
DA:149,0
DA:150,0
DA:153,0
DA:154,0
DA:155,0
DA:157,0
DA:158,0
DA:161,0
DA:166,0
DA:186,0
DA:191,0
DA:224,0
DA:232,0
DA:233,0
DA:245,0
DA:249,0
DA:255,0
DA:256,0
DA:257,0
DA:258,0
DA:259,0
DA:260,0
DA:261,0
DA:262,0
DA:263,0
DA:271,0
DA:279,0
DA:280,0
DA:293,0
LF:81
LH:0
BRDA:28,0,0,0
BRDA:28,0,1,0
BRDA:91,1,0,0
BRDA:91,1,1,0
BRDA:108,2,0,0
BRDA:108,2,1,0
BRDA:129,3,0,0
BRDA:129,3,1,0
BRDA:157,4,0,0
BRDA:157,4,1,0
BRDA:157,5,0,0
BRDA:157,5,1,0
BRDA:258,6,0,0
BRDA:258,6,1,0
BRDA:287,7,0,0
BRDA:287,7,1,0
BRF:16
BRH:0
end_of_record
TN:
SF:src\views\player-portal-competitions.js
FN:9,(anonymous_0)
FN:14,getTeamDetails
FN:17,(anonymous_2)
FN:23,GenCards
FN:30,(anonymous_4)
FN:33,(anonymous_5)
FN:35,(anonymous_6)
FN:50,(anonymous_7)
FN:53,(anonymous_8)
FN:55,(anonymous_9)
FN:57,(anonymous_10)
FN:73,(anonymous_11)
FN:77,(anonymous_12)
FN:83,(anonymous_13)
FN:92,(anonymous_14)
FN:96,(anonymous_15)
FN:102,(anonymous_16)
FN:109,(anonymous_17)
FN:116,(anonymous_18)
FN:119,(anonymous_19)
FN:124,(anonymous_20)
FN:133,(anonymous_21)
FN:134,(anonymous_22)
FN:154,(anonymous_23)
FN:164,(anonymous_24)
FN:178,(anonymous_25)
FN:192,(anonymous_26)
FN:195,(anonymous_27)
FN:205,(anonymous_28)
FN:211,(anonymous_29)
FN:227,(anonymous_30)
FN:243,(anonymous_31)
FN:247,(anonymous_32)
FN:254,(anonymous_33)
FN:259,(anonymous_34)
FN:268,(anonymous_35)
FN:271,(anonymous_36)
FN:280,getActiveCards
FN:293,(anonymous_38)
FN:298,(anonymous_39)
FN:301,(anonymous_40)
FN:304,(anonymous_41)
FN:310,(anonymous_42)
FN:324,getInactiveCards
FN:337,(anonymous_44)
FN:340,(anonymous_45)
FN:343,(anonymous_46)
FN:346,(anonymous_47)
FN:352,(anonymous_48)
FN:364,getRegisteredCards
FN:377,(anonymous_50)
FN:380,(anonymous_51)
FN:383,(anonymous_52)
FN:386,(anonymous_53)
FN:392,(anonymous_54)
FN:433,(anonymous_55)
FNF:56
FNH:0
FNDA:0,(anonymous_0)
FNDA:0,getTeamDetails
FNDA:0,(anonymous_2)
FNDA:0,GenCards
FNDA:0,(anonymous_4)
FNDA:0,(anonymous_5)
FNDA:0,(anonymous_6)
FNDA:0,(anonymous_7)
FNDA:0,(anonymous_8)
FNDA:0,(anonymous_9)
FNDA:0,(anonymous_10)
FNDA:0,(anonymous_11)
FNDA:0,(anonymous_12)
FNDA:0,(anonymous_13)
FNDA:0,(anonymous_14)
FNDA:0,(anonymous_15)
FNDA:0,(anonymous_16)
FNDA:0,(anonymous_17)
FNDA:0,(anonymous_18)
FNDA:0,(anonymous_19)
FNDA:0,(anonymous_20)
FNDA:0,(anonymous_21)
FNDA:0,(anonymous_22)
FNDA:0,(anonymous_23)
FNDA:0,(anonymous_24)
FNDA:0,(anonymous_25)
FNDA:0,(anonymous_26)
FNDA:0,(anonymous_27)
FNDA:0,(anonymous_28)
FNDA:0,(anonymous_29)
FNDA:0,(anonymous_30)
FNDA:0,(anonymous_31)
FNDA:0,(anonymous_32)
FNDA:0,(anonymous_33)
FNDA:0,(anonymous_34)
FNDA:0,(anonymous_35)
FNDA:0,(anonymous_36)
FNDA:0,getActiveCards
FNDA:0,(anonymous_38)
FNDA:0,(anonymous_39)
FNDA:0,(anonymous_40)
FNDA:0,(anonymous_41)
FNDA:0,(anonymous_42)
FNDA:0,getInactiveCards
FNDA:0,(anonymous_44)
FNDA:0,(anonymous_45)
FNDA:0,(anonymous_46)
FNDA:0,(anonymous_47)
FNDA:0,(anonymous_48)
FNDA:0,getRegisteredCards
FNDA:0,(anonymous_50)
FNDA:0,(anonymous_51)
FNDA:0,(anonymous_52)
FNDA:0,(anonymous_53)
FNDA:0,(anonymous_54)
FNDA:0,(anonymous_55)
DA:5,1
DA:9,1
DA:10,0
DA:15,0
DA:18,0
DA:19,0
DA:24,0
DA:25,0
DA:26,0
DA:27,0
DA:28,0
DA:30,0
DA:31,0
DA:35,0
DA:46,0
DA:50,0
DA:51,0
DA:54,0
DA:55,0
DA:57,0
DA:58,0
DA:59,0
DA:64,0
DA:69,0
DA:73,0
DA:74,0
DA:75,0
DA:77,0
DA:78,0
DA:79,0
DA:83,0
DA:84,0
DA:85,0
DA:86,0
DA:89,0
DA:92,0
DA:93,0
DA:94,0
DA:96,0
DA:97,0
DA:98,0
DA:102,0
DA:103,0
DA:104,0
DA:105,0
DA:109,0
DA:110,0
DA:113,0
DA:116,0
DA:117,0
DA:119,0
DA:120,0
DA:124,0
DA:125,0
DA:126,0
DA:127,0
DA:130,0
DA:133,0
DA:134,0
DA:135,0
DA:136,0
DA:137,0
DA:138,0
DA:139,0
DA:140,0
DA:141,0
DA:142,0
DA:143,0
DA:144,0
DA:146,0
DA:150,0
DA:154,0
DA:155,0
DA:157,0
DA:158,0
DA:159,0
DA:164,0
DA:165,0
DA:166,0
DA:171,0
DA:173,0
DA:174,0
DA:175,0
DA:178,0
DA:179,0
DA:180,0
DA:183,0
DA:185,0
DA:186,0
DA:188,0
DA:192,0
DA:194,0
DA:195,0
DA:197,0
DA:198,0
DA:203,0
DA:204,0
DA:205,0
DA:206,0
DA:211,0
DA:212,0
DA:213,0
DA:218,0
DA:220,0
DA:222,0
DA:227,0
DA:228,0
DA:229,0
DA:230,0
DA:232,0
DA:233,0
DA:237,0
DA:238,0
DA:239,0
DA:240,0
DA:242,0
DA:243,0
DA:244,0
DA:247,0
DA:248,0
DA:254,0
DA:255,0
DA:256,0
DA:257,0
DA:259,0
DA:260,0
DA:265,0
DA:268,0
DA:269,0
DA:272,0
DA:273,0
DA:274,0
DA:278,0
DA:281,0
DA:294,0
DA:295,0
DA:299,0
DA:302,0
DA:305,0
DA:311,0
DA:318,0
DA:325,0
DA:338,0
DA:341,0
DA:344,0
DA:347,0
DA:353,0
DA:365,0
DA:378,0
DA:381,0
DA:384,0
DA:387,0
DA:393,0
DA:403,0
DA:433,1
DA:434,0
LF:156
LH:3
BRDA:58,0,0,0
BRDA:58,0,1,0
BRDA:157,1,0,0
BRDA:157,1,1,0
BRDA:165,2,0,0
BRDA:165,2,1,0
BRDA:212,3,0,0
BRDA:212,3,1,0
BRDA:240,4,0,0
BRDA:240,4,1,0
BRDA:294,5,0,0
BRDA:294,5,1,0
BRF:12
BRH:0
end_of_record
TN:
SF:src\views\player-portal-contact.js
FN:6,(anonymous_0)
FNF:1
FNH:0
FNDA:0,(anonymous_0)
DA:6,0
DA:7,0
LF:2
LH:0
BRF:0
BRH:0
end_of_record
TN:
SF:src\views\player-portal-profile.js
FN:11,putUserDetails
FN:21,checkIfDetailsValid
FN:51,update
FN:60,(anonymous_3)
FN:101,(anonymous_4)
FN:113,(anonymous_5)
FN:127,(anonymous_6)
FN:133,(anonymous_7)
FN:220,(anonymous_8)
FN:225,(anonymous_9)
FN:230,(anonymous_10)
FN:235,(anonymous_11)
FN:240,(anonymous_12)
FN:245,(anonymous_13)
FN:262,(anonymous_14)
FNF:15
FNH:0
FNDA:0,putUserDetails
FNDA:0,checkIfDetailsValid
FNDA:0,update
FNDA:0,(anonymous_3)
FNDA:0,(anonymous_4)
FNDA:0,(anonymous_5)
FNDA:0,(anonymous_6)
FNDA:0,(anonymous_7)
FNDA:0,(anonymous_8)
FNDA:0,(anonymous_9)
FNDA:0,(anonymous_10)
FNDA:0,(anonymous_11)
FNDA:0,(anonymous_12)
FNDA:0,(anonymous_13)
FNDA:0,(anonymous_14)
DA:12,0
DA:22,0
DA:23,0
DA:26,0
DA:27,0
DA:28,0
DA:29,0
DA:30,0
DA:31,0
DA:35,0
DA:37,0
DA:38,0
DA:39,0
DA:42,0
DA:43,0
DA:44,0
DA:47,0
DA:60,0
DA:61,0
DA:63,0
DA:69,0
DA:70,0
DA:71,0
DA:74,0
DA:80,0
DA:81,0
DA:82,0
DA:83,0
DA:84,0
DA:87,0
DA:91,0
DA:94,0
DA:95,0
DA:101,1
DA:103,0
DA:104,0
DA:105,0
DA:106,0
DA:107,0
DA:108,0
DA:109,0
DA:110,0
DA:111,0
DA:113,0
DA:114,0
DA:115,0
DA:127,0
DA:128,0
DA:129,0
DA:133,0
DA:134,0
DA:137,0
DA:220,0
DA:225,0
DA:230,0
DA:235,0
DA:240,0
DA:247,0
DA:264,0
DA:265,0
LF:60
LH:1
BRDA:26,0,0,0
BRDA:26,0,1,0
BRDA:26,1,0,0
BRDA:26,1,1,0
BRDA:29,2,0,0
BRDA:29,2,1,0
BRDA:35,3,0,0
BRDA:35,3,1,0
BRDA:35,4,0,0
BRDA:35,4,1,0
BRDA:35,4,2,0
BRDA:37,5,0,0
BRDA:37,5,1,0
BRDA:42,6,0,0
BRDA:42,6,1,0
BRDA:42,7,0,0
BRDA:42,7,1,0
BRDA:61,8,0,0
BRDA:61,8,1,0
BRDA:63,9,0,0
BRDA:63,9,1,0
BRDA:64,10,0,0
BRDA:64,10,1,0
BRDA:64,10,2,0
BRDA:64,10,3,0
BRDA:74,11,0,0
BRDA:74,11,1,0
BRDA:75,12,0,0
BRDA:75,12,1,0
BRDA:75,12,2,0
BRDA:75,12,3,0
BRDA:87,13,0,0
BRDA:87,13,1,0
BRDA:88,14,0,0
BRDA:88,14,1,0
BRDA:94,15,0,0
BRDA:94,15,1,0
BRF:37
BRH:0
end_of_record
TN:
SF:src\views\player-portal-team.js
FN:17,(anonymous_0)
FN:32,joinTeam
FN:42,checkIfFull
FN:44,(anonymous_3)
FN:59,checkIfValidTeam
FN:64,(anonymous_5)
FN:70,(anonymous_6)
FN:72,(anonymous_7)
FN:75,(anonymous_8)
FN:97,(anonymous_9)
FN:104,(anonymous_10)
FN:109,numTestCases
FN:112,(anonymous_12)
FN:118,createJsonArray
FN:138,(anonymous_14)
FN:152,(anonymous_15)
FN:184,(anonymous_16)
FN:187,(anonymous_17)
FN:194,(anonymous_18)
FN:197,(anonymous_19)
FN:216,(anonymous_20)
FN:226,(anonymous_21)
FN:229,(anonymous_22)
FNF:23
FNH:0
FNDA:0,(anonymous_0)
FNDA:0,joinTeam
FNDA:0,checkIfFull
FNDA:0,(anonymous_3)
FNDA:0,checkIfValidTeam
FNDA:0,(anonymous_5)
FNDA:0,(anonymous_6)
FNDA:0,(anonymous_7)
FNDA:0,(anonymous_8)
FNDA:0,(anonymous_9)
FNDA:0,(anonymous_10)
FNDA:0,numTestCases
FNDA:0,(anonymous_12)
FNDA:0,createJsonArray
FNDA:0,(anonymous_14)
FNDA:0,(anonymous_15)
FNDA:0,(anonymous_16)
FNDA:0,(anonymous_17)
FNDA:0,(anonymous_18)
FNDA:0,(anonymous_19)
FNDA:0,(anonymous_20)
FNDA:0,(anonymous_21)
FNDA:0,(anonymous_22)
DA:11,1
DA:12,1
DA:13,1
DA:14,1
DA:17,1
DA:18,0
DA:19,0
DA:20,0
DA:21,0
DA:22,0
DA:23,0
DA:33,0
DA:39,0
DA:43,0
DA:45,0
DA:47,0
DA:48,0
DA:52,0
DA:53,0
DA:60,0
DA:65,0
DA:70,1
DA:72,0
DA:74,0
DA:76,0
DA:78,0
DA:79,0
DA:82,0
DA:90,0
DA:91,0
DA:92,0
DA:93,0
DA:94,0
DA:97,0
DA:98,0
DA:99,0
DA:100,0
DA:101,0
DA:104,0
DA:105,0
DA:110,0
DA:113,0
DA:119,0
DA:121,0
DA:122,0
DA:123,0
DA:126,0
DA:127,0
DA:138,0
DA:139,0
DA:142,0
DA:143,0
DA:145,0
DA:150,0
DA:152,0
DA:153,0
DA:154,0
DA:158,0
DA:165,0
DA:170,0
DA:176,0
DA:185,0
DA:186,0
DA:187,0
DA:188,0
DA:194,0
DA:195,0
DA:198,0
DA:200,0
DA:202,0
DA:205,0
DA:216,0
DA:217,0
DA:219,0
DA:220,0
DA:222,0
DA:226,0
DA:227,0
DA:230,0
DA:232,0
DA:233,0
DA:236,0
DA:237,0
DA:238,0
DA:245,0
LF:85
LH:6
BRDA:47,0,0,0
BRDA:47,0,1,0
BRDA:78,1,0,0
BRDA:78,1,1,0
BRDA:142,2,0,0
BRDA:142,2,1,0
BRDA:185,3,0,0
BRDA:185,3,1,0
BRDA:200,4,0,0
BRDA:200,4,1,0
BRDA:219,5,0,0
BRDA:219,5,1,0
BRDA:232,6,0,0
BRDA:232,6,1,0
BRF:14
BRH:0
end_of_record
TN:
SF:src\views\register.js
FN:23,sendEmail
FN:30,(anonymous_1)
FN:34,(anonymous_2)
FN:40,hashPassword
FN:45,postUserDetails
FN:55,checkIfUserExists
FN:69,validateInput
FN:90,(anonymous_7)
FN:100,(anonymous_8)
FN:113,(anonymous_9)
FN:119,(anonymous_10)
FN:124,(anonymous_11)
FN:129,handleClickToSendEmail
FN:135,(anonymous_13)
FN:141,(anonymous_14)
FN:157,(anonymous_15)
FN:207,(anonymous_16)
FN:214,(anonymous_17)
FN:221,(anonymous_18)
FN:228,(anonymous_19)
FN:235,(anonymous_20)
FN:245,(anonymous_21)
FN:279,(anonymous_22)
FN:291,(anonymous_23)
FNF:24
FNH:0
FNDA:0,sendEmail
FNDA:0,(anonymous_1)
FNDA:0,(anonymous_2)
FNDA:0,hashPassword
FNDA:0,postUserDetails
FNDA:0,checkIfUserExists
FNDA:0,validateInput
FNDA:0,(anonymous_7)
FNDA:0,(anonymous_8)
FNDA:0,(anonymous_9)
FNDA:0,(anonymous_10)
FNDA:0,(anonymous_11)
FNDA:0,handleClickToSendEmail
FNDA:0,(anonymous_13)
FNDA:0,(anonymous_14)
FNDA:0,(anonymous_15)
FNDA:0,(anonymous_16)
FNDA:0,(anonymous_17)
FNDA:0,(anonymous_18)
FNDA:0,(anonymous_19)
FNDA:0,(anonymous_20)
FNDA:0,(anonymous_21)
FNDA:0,(anonymous_22)
FNDA:0,(anonymous_23)
DA:19,1
DA:24,0
DA:25,0
DA:26,0
DA:31,0
DA:35,0
DA:41,0
DA:42,0
DA:46,0
DA:56,0
DA:57,0
DA:59,0
DA:60,0
DA:61,0
DA:64,0
DA:65,0
DA:70,0
DA:71,0
DA:73,0
DA:74,0
DA:75,0
DA:77,0
DA:78,0
DA:79,0
DA:81,0
DA:82,0
DA:83,0
DA:86,0
DA:90,1
DA:92,0
DA:94,0
DA:95,0
DA:100,1
DA:101,0
DA:102,0
DA:103,0
DA:104,0
DA:105,0
DA:106,0
DA:108,0
DA:109,0
DA:110,0
DA:113,0
DA:114,0
DA:115,0
DA:119,0
DA:120,0
DA:124,0
DA:125,0
DA:130,0
DA:131,0
DA:135,0
DA:136,0
DA:137,0
DA:141,0
DA:142,0
DA:144,0
DA:146,0
DA:147,0
DA:149,0
DA:157,0
DA:159,0
DA:163,0
DA:164,0
DA:167,0
DA:168,0
DA:170,0
DA:183,0
DA:207,0
DA:214,0
DA:221,0
DA:228,0
DA:235,0
DA:247,0
DA:279,0
DA:291,0
LF:76
LH:3
BRDA:59,0,0,0
BRDA:59,0,1,0
BRDA:73,1,0,0
BRDA:73,1,1,0
BRDA:73,2,0,0
BRDA:73,2,1,0
BRDA:73,2,2,0
BRDA:73,2,3,0
BRDA:73,2,4,0
BRDA:77,3,0,0
BRDA:77,3,1,0
BRDA:81,4,0,0
BRDA:81,4,1,0
BRDA:94,5,0,0
BRDA:94,5,1,0
BRDA:114,6,0,0
BRDA:114,6,1,0
BRDA:144,7,0,0
BRDA:144,7,1,0
BRDA:299,8,0,0
BRDA:299,8,1,0
BRF:21
BRH:0
end_of_record
TN:
SF:src\views\teams.js
FN:21,(anonymous_0)
FN:30,(anonymous_1)
FN:40,(anonymous_2)
FN:42,(anonymous_3)
FN:77,(anonymous_4)
FN:101,(anonymous_5)
FN:111,(anonymous_6)
FN:257,(anonymous_7)
FN:266,(anonymous_8)
FNF:9
FNH:0
FNDA:0,(anonymous_0)
FNDA:0,(anonymous_1)
FNDA:0,(anonymous_2)
FNDA:0,(anonymous_3)
FNDA:0,(anonymous_4)
FNDA:0,(anonymous_5)
FNDA:0,(anonymous_6)
FNDA:0,(anonymous_7)
FNDA:0,(anonymous_8)
DA:10,0
DA:11,0
DA:12,0
DA:13,0
DA:14,0
DA:15,0
DA:16,0
DA:17,0
DA:18,0
DA:21,0
DA:22,0
DA:23,0
DA:24,0
DA:25,0
DA:26,0
DA:27,0
DA:30,0
DA:31,0
DA:32,0
DA:33,0
DA:34,0
DA:35,0
DA:36,0
DA:40,0
DA:42,0
DA:43,0
DA:45,0
DA:46,0
DA:47,0
DA:48,0
DA:64,0
DA:65,0
DA:66,0
DA:69,0
DA:75,0
DA:77,0
DA:78,0
DA:79,0
DA:80,0
DA:82,0
DA:85,0
DA:91,0
DA:93,0
DA:95,0
DA:98,0
DA:101,0
DA:102,0
DA:105,0
DA:106,0
DA:111,0
DA:112,0
DA:113,0
DA:115,0
DA:118,0
DA:119,0
DA:120,0
DA:121,0
DA:123,0
DA:125,0
DA:131,0
DA:132,0
DA:134,0
DA:171,0
DA:172,0
DA:173,0
DA:175,0
DA:177,0
DA:178,0
DA:181,0
DA:258,0
DA:267,0
DA:268,0
LF:72
LH:0
BRDA:79,0,0,0
BRDA:79,0,1,0
BRDA:105,1,0,0
BRDA:105,1,1,0
BRDA:131,2,0,0
BRDA:131,2,1,0
BRDA:171,3,0,0
BRDA:171,3,1,0
BRDA:175,4,0,0
BRDA:175,4,1,0
BRDA:267,5,0,0
BRDA:267,5,1,0
BRF:12
BRH:0
end_of_record
