TN:
SF:src\index.js
FN:27,(anonymous_0)
FNF:1
FNH:0
FNDA:0,(anonymous_0)
DA:27,0
DA:28,0
DA:68,0
LF:3
LH:0
BRF:0
BRH:0
end_of_record
TN:
SF:src\components\JoinTeam.js
FN:7,JoinTeam
FN:21,(anonymous_1)
FN:45,(anonymous_2)
FNF:3
FNH:2
FNDA:5,JoinTeam
FNDA:0,(anonymous_1)
FNDA:1,(anonymous_2)
DA:17,5
DA:18,5
DA:21,5
DA:22,0
DA:25,5
DA:45,1
LF:6
LH:5
BRF:0
BRH:0
end_of_record
TN:
SF:src\components\NewCalenderComp.js
FN:7,CommonlyUsedComponents
FN:10,(anonymous_1)
FN:18,(anonymous_2)
FN:26,(anonymous_3)
FN:36,(anonymous_4)
FNF:5
FNH:5
FNDA:4,CommonlyUsedComponents
FNDA:1,(anonymous_1)
FNDA:1,(anonymous_2)
FNDA:1,(anonymous_3)
FNDA:1,(anonymous_4)
DA:8,4
DA:10,4
DA:11,1
DA:12,1
DA:13,1
DA:14,1
DA:18,4
DA:19,1
DA:20,1
DA:21,1
DA:22,1
DA:26,4
DA:27,1
DA:28,1
DA:29,1
DA:30,1
DA:31,1
DA:32,1
DA:36,4
DA:37,1
DA:38,1
DA:39,1
DA:40,1
DA:41,1
DA:42,1
DA:46,4
LF:26
LH:26
BRF:0
BRH:0
end_of_record
TN:
SF:src\components\OverflowCard.js
FN:9,OverflowCard
FN:14,(anonymous_1)
FN:24,(anonymous_2)
FN:28,(anonymous_3)
FNF:4
FNH:4
FNDA:24,OverflowCard
FNDA:2,(anonymous_1)
FNDA:1,(anonymous_2)
FNDA:7,(anonymous_3)
DA:10,24
DA:11,23
DA:12,23
DA:14,23
DA:15,2
DA:16,2
DA:17,2
DA:18,2
DA:19,2
DA:21,2
DA:24,23
DA:25,1
DA:28,23
DA:29,7
DA:30,7
DA:33,23
DA:42,23
DA:58,23
LF:18
LH:18
BRDA:39,0,0,5
BRDA:39,0,1,18
BRDA:48,1,0,5
BRDA:48,1,1,18
BRF:4
BRH:4
end_of_record
TN:
SF:src\components\OverflowCardPP.js
FN:9,OverflowCardPP
FN:28,(anonymous_1)
FN:39,(anonymous_2)
FN:43,(anonymous_3)
FN:48,(anonymous_4)
FN:53,(anonymous_5)
FN:58,(anonymous_6)
FNF:7
FNH:1
FNDA:19,OverflowCardPP
FNDA:0,(anonymous_1)
FNDA:0,(anonymous_2)
FNDA:0,(anonymous_3)
FNDA:0,(anonymous_4)
FNDA:0,(anonymous_5)
FNDA:0,(anonymous_6)
DA:24,19
DA:25,17
DA:26,17
DA:28,17
DA:29,0
DA:30,0
DA:31,0
DA:32,0
DA:33,0
DA:36,0
DA:39,17
DA:40,0
DA:43,17
DA:44,0
DA:45,0
DA:48,17
DA:49,0
DA:50,0
DA:53,17
DA:54,0
DA:55,0
DA:58,17
DA:59,0
DA:60,0
DA:63,17
DA:72,17
DA:89,17
DA:91,17
DA:97,17
DA:98,17
DA:100,17
LF:31
LH:16
BRDA:69,0,0,0
BRDA:69,0,1,17
BRDA:78,1,0,0
BRDA:78,1,1,17
BRDA:164,2,0,12
BRDA:164,2,1,5
BRDA:165,3,0,0
BRDA:165,3,1,12
BRDA:172,4,0,17
BRDA:172,4,1,10
BRDA:172,4,2,2
BRDA:182,5,0,17
BRDA:182,5,1,7
BRDA:182,5,2,7
BRF:14
BRH:11
end_of_record
TN:
SF:src\components\ParticleComponent.js
FN:9,(anonymous_0)
FN:11,(anonymous_1)
FN:17,(anonymous_2)
FN:18,(anonymous_3)
FN:19,(anonymous_4)
FN:20,(anonymous_5)
FN:21,(anonymous_6)
FN:29,(anonymous_7)
FNF:8
FNH:1
FNDA:2,(anonymous_0)
FNDA:0,(anonymous_1)
FNDA:0,(anonymous_2)
FNDA:0,(anonymous_3)
FNDA:0,(anonymous_4)
FNDA:0,(anonymous_5)
FNDA:0,(anonymous_6)
FNDA:0,(anonymous_7)
DA:9,1
DA:10,2
DA:13,0
DA:15,0
DA:17,0
DA:18,0
DA:19,0
DA:20,0
DA:22,0
DA:29,2
DA:30,0
DA:33,2
LF:12
LH:4
BRDA:15,0,0,0
BRDA:15,0,1,0
BRF:2
BRH:0
end_of_record
TN:
SF:src\components\TeamInputBox.js
FN:14,TeamInputBox
FN:19,(anonymous_1)
FN:23,(anonymous_2)
FN:80,(anonymous_3)
FNF:4
FNH:4
FNDA:11,TeamInputBox
FNDA:1,(anonymous_1)
FNDA:1,(anonymous_2)
FNDA:1,(anonymous_3)
DA:12,2
DA:15,11
DA:16,11
DA:17,11
DA:19,11
DA:20,1
DA:23,11
DA:25,1
DA:26,1
DA:29,11
DA:80,1
LF:11
LH:11
BRF:0
BRH:0
end_of_record
TN:
SF:src\components\TeamSizeSelector.js
FN:9,TeamSizeSelector
FN:15,handleMinSizeChange
FN:21,handleMaxSizeChange
FN:27,handleNumTeamsChange
FN:70,(anonymous_4)
FNF:5
FNH:4
FNDA:6,TeamSizeSelector
FNDA:1,handleMinSizeChange
FNDA:1,handleMaxSizeChange
FNDA:1,handleNumTeamsChange
FNDA:0,(anonymous_4)
DA:5,1
DA:6,1
DA:7,1
DA:10,6
DA:11,6
DA:12,6
DA:13,6
DA:16,1
DA:17,1
DA:22,1
DA:23,1
DA:28,1
DA:29,1
DA:33,6
DA:71,0
LF:15
LH:14
BRF:0
BRH:0
end_of_record
TN:
SF:src\components\aboutPerson.js
FN:5,AboutPerson
FNF:1
FNH:0
FNDA:0,AboutPerson
DA:6,0
DA:7,0
LF:2
LH:0
BRF:0
BRH:0
end_of_record
TN:
SF:src\components\button.js
FN:5,ButtonIcons
FNF:1
FNH:1
FNDA:174,ButtonIcons
DA:6,174
LF:1
LH:1
BRF:0
BRH:0
end_of_record
TN:
SF:src\components\collapse.js
FN:11,AccordionContent
FNF:1
FNH:1
FNDA:47,AccordionContent
DA:12,47
LF:1
LH:1
BRF:0
BRH:0
end_of_record
TN:
SF:src\components\dataGridSubmissions.js
FN:5,CustomDataGrid
FN:14,(anonymous_1)
FN:16,(anonymous_2)
FN:24,(anonymous_3)
FN:33,(anonymous_4)
FN:35,(anonymous_5)
FNF:6
FNH:4
FNDA:5,CustomDataGrid
FNDA:0,(anonymous_1)
FNDA:15,(anonymous_2)
FNDA:9,(anonymous_3)
FNDA:5,(anonymous_4)
FNDA:0,(anonymous_5)
DA:6,5
DA:7,5
DA:9,5
DA:14,0
DA:16,15
DA:24,5
DA:25,9
DA:26,9
DA:27,27
DA:28,27
DA:30,9
DA:33,5
DA:35,5
DA:36,0
DA:40,5
DA:41,5
DA:44,0
LF:17
LH:14
BRDA:28,0,0,27
BRDA:28,0,1,0
BRDA:40,1,0,5
BRDA:40,1,1,0
BRF:4
BRH:2
end_of_record
TN:
SF:src\components\datagrid.js
FN:5,CustomDataGrid
FNF:1
FNH:1
FNDA:4,CustomDataGrid
DA:6,4
LF:1
LH:1
BRF:0
BRH:0
end_of_record
TN:
SF:src\components\datagridAdminCompetitions.js
FN:16,validationCompName
FN:19,(anonymous_1)
FN:33,CustomDataGrid
FN:70,(anonymous_3)
FN:95,(anonymous_4)
FN:119,validateInputs
FN:149,(anonymous_6)
FN:182,(anonymous_7)
FN:195,(anonymous_8)
FN:202,(anonymous_9)
FN:224,(anonymous_10)
FN:229,(anonymous_11)
FN:236,(anonymous_12)
FN:248,(anonymous_13)
FN:283,(anonymous_14)
FN:302,(anonymous_15)
FN:314,(anonymous_16)
FN:325,(anonymous_17)
FN:336,(anonymous_18)
FN:346,(anonymous_19)
FN:361,(anonymous_20)
FN:365,(anonymous_21)
FN:381,(anonymous_22)
FN:382,(anonymous_23)
FN:383,(anonymous_24)
FN:384,(anonymous_25)
FN:397,(anonymous_26)
FN:398,(anonymous_27)
FN:399,(anonymous_28)
FN:400,(anonymous_29)
FN:409,(anonymous_30)
FN:420,(anonymous_31)
FN:478,(anonymous_32)
FNF:33
FNH:0
FNDA:0,validationCompName
FNDA:0,(anonymous_1)
FNDA:0,CustomDataGrid
FNDA:0,(anonymous_3)
FNDA:0,(anonymous_4)
FNDA:0,validateInputs
FNDA:0,(anonymous_6)
FNDA:0,(anonymous_7)
FNDA:0,(anonymous_8)
FNDA:0,(anonymous_9)
FNDA:0,(anonymous_10)
FNDA:0,(anonymous_11)
FNDA:0,(anonymous_12)
FNDA:0,(anonymous_13)
FNDA:0,(anonymous_14)
FNDA:0,(anonymous_15)
FNDA:0,(anonymous_16)
FNDA:0,(anonymous_17)
FNDA:0,(anonymous_18)
FNDA:0,(anonymous_19)
FNDA:0,(anonymous_20)
FNDA:0,(anonymous_21)
FNDA:0,(anonymous_22)
FNDA:0,(anonymous_23)
FNDA:0,(anonymous_24)
FNDA:0,(anonymous_25)
FNDA:0,(anonymous_26)
FNDA:0,(anonymous_27)
FNDA:0,(anonymous_28)
FNDA:0,(anonymous_29)
FNDA:0,(anonymous_30)
FNDA:0,(anonymous_31)
FNDA:0,(anonymous_32)
DA:14,0
DA:17,0
DA:20,0
DA:22,0
DA:23,0
DA:24,0
DA:27,0
DA:28,0
DA:34,0
DA:35,0
DA:36,0
DA:38,0
DA:39,0
DA:40,0
DA:41,0
DA:42,0
DA:43,0
DA:44,0
DA:45,0
DA:46,0
DA:47,0
DA:48,0
DA:49,0
DA:50,0
DA:51,0
DA:52,0
DA:53,0
DA:54,0
DA:55,0
DA:56,0
DA:57,0
DA:58,0
DA:59,0
DA:60,0
DA:61,0
DA:62,0
DA:63,0
DA:64,0
DA:65,0
DA:66,0
DA:68,0
DA:70,0
DA:74,0
DA:77,0
DA:78,0
DA:80,0
DA:81,0
DA:82,0
DA:84,0
DA:85,0
DA:86,0
DA:88,0
DA:90,0
DA:91,0
DA:95,0
DA:96,0
DA:97,0
DA:99,0
DA:100,0
DA:101,0
DA:102,0
DA:103,0
DA:104,0
DA:105,0
DA:106,0
DA:107,0
DA:108,0
DA:109,0
DA:110,0
DA:111,0
DA:112,0
DA:113,0
DA:114,0
DA:116,0
DA:121,0
DA:124,0
DA:125,0
DA:126,0
DA:127,0
DA:128,0
DA:129,0
DA:130,0
DA:131,0
DA:132,0
DA:133,0
DA:134,0
DA:135,0
DA:136,0
DA:137,0
DA:140,0
DA:141,0
DA:142,0
DA:143,0
DA:146,0
DA:149,0
DA:151,0
DA:152,0
DA:172,0
DA:174,0
DA:176,0
DA:178,0
DA:182,0
DA:183,0
DA:184,0
DA:187,0
DA:196,0
DA:198,0
DA:202,0
DA:203,0
DA:209,0
DA:225,0
DA:229,0
DA:236,0
DA:248,0
DA:249,0
DA:252,0
DA:284,0
DA:302,0
DA:315,0
DA:326,0
DA:337,0
DA:347,0
DA:362,0
DA:366,0
DA:381,0
DA:382,0
DA:383,0
DA:384,0
DA:397,0
DA:398,0
DA:399,0
DA:400,0
DA:410,0
DA:422,0
DA:423,0
DA:426,0
DA:427,0
DA:428,0
DA:429,0
DA:430,0
DA:431,0
DA:449,0
DA:479,0
DA:480,0
LF:144
LH:0
BRDA:22,0,0,0
BRDA:22,0,1,0
BRDA:74,1,0,0
BRDA:74,1,1,0
BRDA:74,2,0,0
BRDA:74,2,1,0
BRDA:74,2,2,0
BRDA:80,3,0,0
BRDA:80,3,1,0
BRDA:84,4,0,0
BRDA:84,4,1,0
BRDA:88,5,0,0
BRDA:88,5,1,0
BRDA:88,6,0,0
BRDA:88,6,1,0
BRDA:124,7,0,0
BRDA:124,7,1,0
BRDA:125,8,0,0
BRDA:125,8,1,0
BRDA:126,9,0,0
BRDA:126,9,1,0
BRDA:127,10,0,0
BRDA:127,10,1,0
BRDA:128,11,0,0
BRDA:128,11,1,0
BRDA:129,12,0,0
BRDA:129,12,1,0
BRDA:130,13,0,0
BRDA:130,13,1,0
BRDA:131,14,0,0
BRDA:131,14,1,0
BRDA:132,15,0,0
BRDA:132,15,1,0
BRDA:133,16,0,0
BRDA:133,16,1,0
BRDA:134,17,0,0
BRDA:134,17,1,0
BRDA:135,18,0,0
BRDA:135,18,1,0
BRDA:136,19,0,0
BRDA:136,19,1,0
BRDA:137,20,0,0
BRDA:137,20,1,0
BRDA:140,21,0,0
BRDA:140,21,1,0
BRDA:196,22,0,0
BRDA:196,22,1,0
BRDA:353,23,0,0
BRDA:353,23,1,0
BRDA:422,24,0,0
BRDA:422,24,1,0
BRDA:427,25,0,0
BRDA:427,25,1,0
BRF:53
BRH:0
end_of_record
TN:
SF:src\components\datagridAdminTeams.js
FN:20,CustomDataGrid
FN:34,stringToColor
FN:54,stringAvatar
FN:63,(anonymous_3)
FN:77,(anonymous_4)
FN:107,(anonymous_5)
FN:116,(anonymous_6)
FN:121,(anonymous_7)
FN:135,(anonymous_8)
FN:136,(anonymous_9)
FN:143,(anonymous_10)
FN:144,(anonymous_11)
FN:158,(anonymous_12)
FN:167,(anonymous_13)
FN:176,(anonymous_14)
FN:178,(anonymous_15)
FN:183,(anonymous_16)
FN:187,(anonymous_17)
FN:194,(anonymous_18)
FN:201,getFileNameFromURL
FN:207,getFileExtensionFromContentType
FN:213,(anonymous_21)
FN:229,(anonymous_22)
FN:241,(anonymous_23)
FN:247,(anonymous_24)
FN:266,(anonymous_25)
FN:271,(anonymous_26)
FN:279,(anonymous_27)
FN:285,(anonymous_28)
FN:293,(anonymous_29)
FN:308,(anonymous_30)
FN:336,(anonymous_31)
FN:345,(anonymous_32)
FN:348,(anonymous_33)
FN:362,(anonymous_34)
FN:367,(anonymous_35)
FN:382,(anonymous_36)
FN:390,(anonymous_37)
FN:399,(anonymous_38)
FN:402,(anonymous_39)
FN:410,(anonymous_40)
FN:446,(anonymous_41)
FN:452,(anonymous_42)
FN:458,(anonymous_43)
FN:466,(anonymous_44)
FN:474,(anonymous_45)
FN:480,(anonymous_46)
FN:490,(anonymous_47)
FN:526,(anonymous_48)
FN:543,(anonymous_49)
FN:556,(anonymous_50)
FN:568,(anonymous_51)
FN:579,(anonymous_52)
FNF:53
FNH:1
FNDA:9,CustomDataGrid
FNDA:0,stringToColor
FNDA:0,stringAvatar
FNDA:0,(anonymous_3)
FNDA:0,(anonymous_4)
FNDA:0,(anonymous_5)
FNDA:0,(anonymous_6)
FNDA:0,(anonymous_7)
FNDA:0,(anonymous_8)
FNDA:0,(anonymous_9)
FNDA:0,(anonymous_10)
FNDA:0,(anonymous_11)
FNDA:0,(anonymous_12)
FNDA:0,(anonymous_13)
FNDA:0,(anonymous_14)
FNDA:0,(anonymous_15)
FNDA:0,(anonymous_16)
FNDA:0,(anonymous_17)
FNDA:0,(anonymous_18)
FNDA:0,getFileNameFromURL
FNDA:0,getFileExtensionFromContentType
FNDA:0,(anonymous_21)
FNDA:0,(anonymous_22)
FNDA:0,(anonymous_23)
FNDA:0,(anonymous_24)
FNDA:0,(anonymous_25)
FNDA:0,(anonymous_26)
FNDA:0,(anonymous_27)
FNDA:0,(anonymous_28)
FNDA:0,(anonymous_29)
FNDA:0,(anonymous_30)
FNDA:0,(anonymous_31)
FNDA:0,(anonymous_32)
FNDA:0,(anonymous_33)
FNDA:0,(anonymous_34)
FNDA:0,(anonymous_35)
FNDA:0,(anonymous_36)
FNDA:0,(anonymous_37)
FNDA:0,(anonymous_38)
FNDA:0,(anonymous_39)
FNDA:0,(anonymous_40)
FNDA:0,(anonymous_41)
FNDA:0,(anonymous_42)
FNDA:0,(anonymous_43)
FNDA:0,(anonymous_44)
FNDA:0,(anonymous_45)
FNDA:0,(anonymous_46)
FNDA:0,(anonymous_47)
FNDA:0,(anonymous_48)
FNDA:0,(anonymous_49)
FNDA:0,(anonymous_50)
FNDA:0,(anonymous_51)
FNDA:0,(anonymous_52)
DA:21,9
DA:22,9
DA:23,9
DA:24,9
DA:25,9
DA:27,9
DA:28,9
DA:29,9
DA:30,9
DA:31,9
DA:32,9
DA:35,0
DA:39,0
DA:40,0
DA:43,0
DA:45,0
DA:46,0
DA:47,0
DA:51,0
DA:55,0
DA:63,9
DA:64,0
DA:65,0
DA:67,0
DA:68,0
DA:69,0
DA:70,0
DA:71,0
DA:72,0
DA:74,0
DA:77,9
DA:85,0
DA:86,0
DA:97,0
DA:99,0
DA:101,0
DA:105,9
DA:107,9
DA:108,0
DA:109,0
DA:110,0
DA:116,9
DA:117,0
DA:118,0
DA:119,0
DA:122,0
DA:123,0
DA:124,0
DA:125,0
DA:126,0
DA:128,0
DA:129,0
DA:131,0
DA:133,0
DA:135,0
DA:136,0
DA:137,0
DA:142,0
DA:144,0
DA:145,0
DA:146,0
DA:153,0
DA:154,0
DA:155,0
DA:159,0
DA:160,0
DA:163,0
DA:164,0
DA:165,0
DA:168,0
DA:175,0
DA:178,0
DA:180,0
DA:184,0
DA:188,0
DA:191,0
DA:195,0
DA:202,0
DA:203,0
DA:208,0
DA:209,0
DA:213,9
DA:214,0
DA:215,0
DA:217,0
DA:218,0
DA:219,0
DA:220,0
DA:221,0
DA:222,0
DA:224,0
DA:226,0
DA:229,9
DA:230,0
DA:231,0
DA:233,0
DA:242,0
DA:243,0
DA:247,0
DA:248,0
DA:254,9
DA:267,0
DA:271,0
DA:279,0
DA:285,0
DA:293,0
DA:305,9
DA:308,9
DA:309,0
DA:310,0
DA:320,0
DA:321,0
DA:322,0
DA:323,0
DA:330,0
DA:332,0
DA:336,9
DA:337,0
DA:346,0
DA:348,0
DA:349,0
DA:351,0
DA:361,0
DA:362,0
DA:366,0
DA:367,0
DA:373,0
DA:382,0
DA:383,0
DA:390,9
DA:391,0
DA:400,0
DA:402,0
DA:403,0
DA:405,0
DA:410,0
DA:411,0
DA:417,9
DA:446,0
DA:452,0
DA:458,0
DA:466,0
DA:474,0
DA:481,0
DA:491,0
DA:527,0
DA:544,0
DA:558,0
DA:570,0
DA:580,0
DA:581,0
DA:582,0
LF:152
LH:24
BRDA:133,0,0,0
BRDA:133,0,1,0
BRDA:133,1,0,0
BRDA:133,1,1,0
BRDA:145,2,0,0
BRDA:145,2,1,0
BRDA:145,3,0,0
BRDA:145,3,1,0
BRDA:154,4,0,0
BRDA:154,4,1,0
BRDA:242,5,0,0
BRDA:242,5,1,0
BRDA:346,6,0,0
BRDA:346,6,1,0
BRDA:366,7,0,0
BRDA:366,7,1,0
BRDA:400,8,0,0
BRDA:400,8,1,0
BRDA:445,9,0,0
BRDA:445,9,1,9
BRDA:451,10,0,0
BRDA:451,10,1,9
BRDA:457,11,0,0
BRDA:457,11,1,9
BRDA:464,12,0,0
BRDA:464,12,1,9
BRDA:472,13,0,0
BRDA:472,13,1,9
BRF:28
BRH:5
end_of_record
TN:
SF:src\components\datagridArenaLeaderboard.js
FN:10,CustomDataGrid
FN:13,(anonymous_1)
FN:14,(anonymous_2)
FN:15,(anonymous_3)
FN:34,(anonymous_4)
FN:37,(anonymous_5)
FN:45,(anonymous_6)
FN:52,(anonymous_7)
FNF:8
FNH:0
FNDA:0,CustomDataGrid
FNDA:0,(anonymous_1)
FNDA:0,(anonymous_2)
FNDA:0,(anonymous_3)
FNDA:0,(anonymous_4)
FNDA:0,(anonymous_5)
FNDA:0,(anonymous_6)
FNDA:0,(anonymous_7)
DA:13,0
DA:14,0
DA:15,0
DA:18,0
DA:35,0
DA:36,0
DA:37,0
DA:40,0
DA:45,0
DA:52,0
DA:53,0
DA:55,0
LF:12
LH:0
BRDA:40,0,0,0
BRDA:40,0,1,0
BRDA:53,1,0,0
BRDA:53,1,1,0
BRF:4
BRH:0
end_of_record
TN:
SF:src\components\email1.js
FN:7,(anonymous_0)
FNF:1
FNH:1
FNDA:5,(anonymous_0)
DA:7,1
DA:8,5
DA:25,1
DA:30,1
LF:4
LH:4
BRF:0
BRH:0
end_of_record
TN:
SF:src\components\input-box-for-info.js
FN:10,BasicTextFields
FN:14,(anonymous_1)
FN:45,(anonymous_2)
FNF:3
FNH:1
FNDA:315,BasicTextFields
FNDA:0,(anonymous_1)
FNDA:0,(anonymous_2)
DA:11,315
DA:12,315
DA:14,315
DA:15,0
DA:18,315
DA:45,0
LF:6
LH:4
BRDA:37,0,0,0
BRDA:37,0,1,315
BRDA:37,1,0,173
BRDA:37,1,1,142
BRDA:41,2,0,315
BRDA:41,2,1,173
BRDA:48,3,0,0
BRDA:48,3,1,173
BRF:8
BRH:6
end_of_record
TN:
SF:src\components\input-textarea.js
FN:5,MultilineTextFields
FNF:1
FNH:1
FNDA:3,MultilineTextFields
DA:6,3
DA:7,3
LF:2
LH:2
BRF:0
BRH:0
end_of_record
TN:
SF:src\components\loadingIcon.js
FN:5,CircularIndeterminate
FNF:1
FNH:1
FNDA:3,CircularIndeterminate
DA:6,3
LF:1
LH:1
BRF:0
BRH:0
end_of_record
TN:
SF:src\components\navigation-links.js
FN:7,(anonymous_0)
FNF:1
FNH:1
FNDA:6,(anonymous_0)
DA:7,1
DA:8,6
DA:19,1
DA:28,1
LF:4
LH:4
BRF:0
BRH:0
end_of_record
TN:
SF:src\components\navigation-links1.js
FN:7,(anonymous_0)
FNF:1
FNH:1
FNDA:6,(anonymous_0)
DA:7,1
DA:8,6
DA:19,1
DA:28,1
LF:4
LH:4
BRF:0
BRH:0
end_of_record
TN:
SF:src\components\navigation-links2.js
FN:7,(anonymous_0)
FNF:1
FNH:1
FNDA:6,(anonymous_0)
DA:7,1
DA:8,6
DA:19,1
DA:28,1
LF:4
LH:4
BRF:0
BRH:0
end_of_record
TN:
SF:src\components\navigation-links3.js
FN:7,(anonymous_0)
FNF:1
FNH:1
FNDA:6,(anonymous_0)
DA:7,1
DA:8,6
DA:19,1
DA:28,1
LF:4
LH:4
BRF:0
BRH:0
end_of_record
TN:
SF:src\components\navigation-links4.js
FN:7,(anonymous_0)
FNF:1
FNH:1
FNDA:6,(anonymous_0)
DA:7,1
DA:8,6
DA:19,1
DA:28,1
LF:4
LH:4
BRF:0
BRH:0
end_of_record
TN:
SF:src\components\phone.js
FN:7,(anonymous_0)
FNF:1
FNH:1
FNDA:8,(anonymous_0)
DA:7,1
DA:8,8
DA:25,1
DA:30,1
LF:4
LH:4
BRF:0
BRH:0
end_of_record
TN:
SF:src\components\table.js
FN:5,(anonymous_0)
FNF:1
FNH:1
FNDA:4,(anonymous_0)
DA:5,1
DA:6,4
LF:2
LH:2
BRF:0
BRH:0
end_of_record
TN:
SF:src\components\tabs.js
FN:10,TabPanel
FN:13,(anonymous_1)
FN:42,a11yProps
FN:49,BasicTabs
FN:59,(anonymous_4)
FN:71,(anonymous_5)
FN:76,(anonymous_6)
FNF:7
FNH:7
FNDA:13,TabPanel
FNDA:1,(anonymous_1)
FNDA:12,a11yProps
FNDA:4,BasicTabs
FNDA:1,(anonymous_4)
FNDA:12,(anonymous_5)
FNDA:12,(anonymous_6)
DA:11,13
DA:13,12
DA:14,1
DA:17,12
DA:35,2
DA:43,12
DA:57,4
DA:59,4
DA:60,1
DA:63,4
DA:72,12
DA:77,12
LF:12
LH:12
BRDA:25,0,0,12
BRDA:25,0,1,4
BRF:2
BRH:2
end_of_record
TN:
SF:src\components\team-manager.js
FN:13,(anonymous_0)
FN:22,(anonymous_1)
FN:28,(anonymous_2)
FN:35,(anonymous_3)
FN:44,(anonymous_4)
FN:56,TeamManager
FN:60,(anonymous_6)
FN:62,(anonymous_7)
FN:79,(anonymous_8)
FNF:9
FNH:3
FNDA:0,(anonymous_0)
FNDA:0,(anonymous_1)
FNDA:0,(anonymous_2)
FNDA:0,(anonymous_3)
FNDA:0,(anonymous_4)
FNDA:6,TeamManager
FNDA:5,(anonymous_6)
FNDA:0,(anonymous_7)
FNDA:12,(anonymous_8)
DA:10,2
DA:11,2
DA:13,2
DA:14,0
DA:23,0
DA:24,0
DA:28,0
DA:29,0
DA:35,2
DA:36,0
DA:45,0
DA:46,0
DA:50,0
DA:57,6
DA:58,5
DA:60,5
DA:61,5
DA:63,0
DA:64,0
DA:65,0
DA:69,5
DA:80,12
LF:22
LH:10
BRDA:23,0,0,0
BRDA:23,0,1,0
BRDA:45,1,0,0
BRDA:45,1,1,0
BRDA:63,2,0,0
BRDA:63,2,1,0
BRDA:96,3,0,5
BRDA:96,3,1,0
BRDA:108,4,0,5
BRDA:108,4,1,5
BRF:10
BRH:3
end_of_record
TN:
SF:src\server\server.js
FN:27,(anonymous_0)
FN:43,(anonymous_1)
FN:48,(anonymous_2)
FN:54,(anonymous_3)
FN:65,(anonymous_4)
FN:78,(anonymous_5)
FN:126,(anonymous_6)
FN:135,(anonymous_7)
FN:144,(anonymous_8)
FN:175,(anonymous_9)
FN:176,(anonymous_10)
FN:180,(anonymous_11)
FN:216,(anonymous_12)
FN:230,(anonymous_13)
FN:245,(anonymous_14)
FN:250,(anonymous_15)
FN:251,(anonymous_16)
FN:261,(anonymous_17)
FN:271,(anonymous_18)
FN:282,(anonymous_19)
FN:318,(anonymous_20)
FN:329,(anonymous_21)
FN:336,(anonymous_22)
FN:347,(anonymous_23)
FN:348,(anonymous_24)
FN:358,(anonymous_25)
FN:364,(anonymous_26)
FN:373,(anonymous_27)
FN:378,(anonymous_28)
FN:388,(anonymous_29)
FN:406,(anonymous_30)
FN:409,(anonymous_31)
FN:416,(anonymous_32)
FN:421,(anonymous_33)
FN:431,(anonymous_34)
FN:436,(anonymous_35)
FN:446,(anonymous_36)
FN:455,(anonymous_37)
FN:468,(anonymous_38)
FN:473,(anonymous_39)
FN:484,(anonymous_40)
FN:489,(anonymous_41)
FN:500,(anonymous_42)
FN:505,(anonymous_43)
FN:516,(anonymous_44)
FN:521,(anonymous_45)
FN:531,(anonymous_46)
FN:540,(anonymous_47)
FN:551,(anonymous_48)
FN:556,(anonymous_49)
FN:566,(anonymous_50)
FN:571,(anonymous_51)
FN:581,(anonymous_52)
FN:590,(anonymous_53)
FN:601,(anonymous_54)
FN:602,(anonymous_55)
FN:611,(anonymous_56)
FN:614,(anonymous_57)
FN:625,(anonymous_58)
FN:630,(anonymous_59)
FN:640,(anonymous_60)
FN:646,(anonymous_61)
FN:656,(anonymous_62)
FN:661,(anonymous_63)
FN:671,(anonymous_64)
FN:676,(anonymous_65)
FN:686,(anonymous_66)
FN:693,(anonymous_67)
FN:703,(anonymous_68)
FN:709,(anonymous_69)
FN:719,(anonymous_70)
FN:724,(anonymous_71)
FN:733,(anonymous_72)
FN:755,(anonymous_73)
FN:765,(anonymous_74)
FN:774,(anonymous_75)
FN:784,(anonymous_76)
FN:790,(anonymous_77)
FN:800,(anonymous_78)
FN:806,(anonymous_79)
FN:816,(anonymous_80)
FN:821,(anonymous_81)
FN:831,(anonymous_82)
FN:837,(anonymous_83)
FN:847,(anonymous_84)
FN:852,(anonymous_85)
FN:862,(anonymous_86)
FN:867,(anonymous_87)
FN:877,(anonymous_88)
FN:882,(anonymous_89)
FN:892,(anonymous_90)
FN:898,(anonymous_91)
FN:908,(anonymous_92)
FN:914,(anonymous_93)
FN:925,(anonymous_94)
FN:931,(anonymous_95)
FN:942,(anonymous_96)
FN:948,(anonymous_97)
FN:959,(anonymous_98)
FN:975,(anonymous_99)
FN:986,(anonymous_100)
FN:993,(anonymous_101)
FN:1003,(anonymous_102)
FN:1009,(anonymous_103)
FN:1019,(anonymous_104)
FN:1025,(anonymous_105)
FN:1035,(anonymous_106)
FN:1041,(anonymous_107)
FN:1051,(anonymous_108)
FN:1060,(anonymous_109)
FN:1071,(anonymous_110)
FN:1078,(anonymous_111)
FN:1088,(anonymous_112)
FN:1107,(anonymous_113)
FN:1112,(anonymous_114)
FN:1126,(anonymous_115)
FN:1140,(anonymous_116)
FN:1145,(anonymous_117)
FN:1159,(anonymous_118)
FN:1165,(anonymous_119)
FN:1175,(anonymous_120)
FN:1181,(anonymous_121)
FN:1191,(anonymous_122)
FN:1198,(anonymous_123)
FN:1208,(anonymous_124)
FN:1215,(anonymous_125)
FN:1225,(anonymous_126)
FN:1232,(anonymous_127)
FN:1242,(anonymous_128)
FN:1249,(anonymous_129)
FN:1261,(anonymous_130)
FN:1268,(anonymous_131)
FN:1278,(anonymous_132)
FN:1285,(anonymous_133)
FN:1295,(anonymous_134)
FN:1312,(anonymous_135)
FN:1316,(anonymous_136)
FN:1324,(anonymous_137)
FN:1341,(anonymous_138)
FN:1345,(anonymous_139)
FN:1353,(anonymous_140)
FN:1359,(anonymous_141)
FN:1369,(anonymous_142)
FN:1376,(anonymous_143)
FN:1386,(anonymous_144)
FN:1392,(anonymous_145)
FN:1402,(anonymous_146)
FN:1408,(anonymous_147)
FN:1422,(anonymous_148)
FN:1428,(anonymous_149)
FN:1438,(anonymous_150)
FN:1445,(anonymous_151)
FN:1455,(anonymous_152)
FN:1462,(anonymous_153)
FN:1472,(anonymous_154)
FN:1478,(anonymous_155)
FN:1488,(anonymous_156)
FN:1495,(anonymous_157)
FN:1506,(anonymous_158)
FNF:159
FNH:0
FNDA:0,(anonymous_0)
FNDA:0,(anonymous_1)
FNDA:0,(anonymous_2)
FNDA:0,(anonymous_3)
FNDA:0,(anonymous_4)
FNDA:0,(anonymous_5)
FNDA:0,(anonymous_6)
FNDA:0,(anonymous_7)
FNDA:0,(anonymous_8)
FNDA:0,(anonymous_9)
FNDA:0,(anonymous_10)
FNDA:0,(anonymous_11)
FNDA:0,(anonymous_12)
FNDA:0,(anonymous_13)
FNDA:0,(anonymous_14)
FNDA:0,(anonymous_15)
FNDA:0,(anonymous_16)
FNDA:0,(anonymous_17)
FNDA:0,(anonymous_18)
FNDA:0,(anonymous_19)
FNDA:0,(anonymous_20)
FNDA:0,(anonymous_21)
FNDA:0,(anonymous_22)
FNDA:0,(anonymous_23)
FNDA:0,(anonymous_24)
FNDA:0,(anonymous_25)
FNDA:0,(anonymous_26)
FNDA:0,(anonymous_27)
FNDA:0,(anonymous_28)
FNDA:0,(anonymous_29)
FNDA:0,(anonymous_30)
FNDA:0,(anonymous_31)
FNDA:0,(anonymous_32)
FNDA:0,(anonymous_33)
FNDA:0,(anonymous_34)
FNDA:0,(anonymous_35)
FNDA:0,(anonymous_36)
FNDA:0,(anonymous_37)
FNDA:0,(anonymous_38)
FNDA:0,(anonymous_39)
FNDA:0,(anonymous_40)
FNDA:0,(anonymous_41)
FNDA:0,(anonymous_42)
FNDA:0,(anonymous_43)
FNDA:0,(anonymous_44)
FNDA:0,(anonymous_45)
FNDA:0,(anonymous_46)
FNDA:0,(anonymous_47)
FNDA:0,(anonymous_48)
FNDA:0,(anonymous_49)
FNDA:0,(anonymous_50)
FNDA:0,(anonymous_51)
FNDA:0,(anonymous_52)
FNDA:0,(anonymous_53)
FNDA:0,(anonymous_54)
FNDA:0,(anonymous_55)
FNDA:0,(anonymous_56)
FNDA:0,(anonymous_57)
FNDA:0,(anonymous_58)
FNDA:0,(anonymous_59)
FNDA:0,(anonymous_60)
FNDA:0,(anonymous_61)
FNDA:0,(anonymous_62)
FNDA:0,(anonymous_63)
FNDA:0,(anonymous_64)
FNDA:0,(anonymous_65)
FNDA:0,(anonymous_66)
FNDA:0,(anonymous_67)
FNDA:0,(anonymous_68)
FNDA:0,(anonymous_69)
FNDA:0,(anonymous_70)
FNDA:0,(anonymous_71)
FNDA:0,(anonymous_72)
FNDA:0,(anonymous_73)
FNDA:0,(anonymous_74)
FNDA:0,(anonymous_75)
FNDA:0,(anonymous_76)
FNDA:0,(anonymous_77)
FNDA:0,(anonymous_78)
FNDA:0,(anonymous_79)
FNDA:0,(anonymous_80)
FNDA:0,(anonymous_81)
FNDA:0,(anonymous_82)
FNDA:0,(anonymous_83)
FNDA:0,(anonymous_84)
FNDA:0,(anonymous_85)
FNDA:0,(anonymous_86)
FNDA:0,(anonymous_87)
FNDA:0,(anonymous_88)
FNDA:0,(anonymous_89)
FNDA:0,(anonymous_90)
FNDA:0,(anonymous_91)
FNDA:0,(anonymous_92)
FNDA:0,(anonymous_93)
FNDA:0,(anonymous_94)
FNDA:0,(anonymous_95)
FNDA:0,(anonymous_96)
FNDA:0,(anonymous_97)
FNDA:0,(anonymous_98)
FNDA:0,(anonymous_99)
FNDA:0,(anonymous_100)
FNDA:0,(anonymous_101)
FNDA:0,(anonymous_102)
FNDA:0,(anonymous_103)
FNDA:0,(anonymous_104)
FNDA:0,(anonymous_105)
FNDA:0,(anonymous_106)
FNDA:0,(anonymous_107)
FNDA:0,(anonymous_108)
FNDA:0,(anonymous_109)
FNDA:0,(anonymous_110)
FNDA:0,(anonymous_111)
FNDA:0,(anonymous_112)
FNDA:0,(anonymous_113)
FNDA:0,(anonymous_114)
FNDA:0,(anonymous_115)
FNDA:0,(anonymous_116)
FNDA:0,(anonymous_117)
FNDA:0,(anonymous_118)
FNDA:0,(anonymous_119)
FNDA:0,(anonymous_120)
FNDA:0,(anonymous_121)
FNDA:0,(anonymous_122)
FNDA:0,(anonymous_123)
FNDA:0,(anonymous_124)
FNDA:0,(anonymous_125)
FNDA:0,(anonymous_126)
FNDA:0,(anonymous_127)
FNDA:0,(anonymous_128)
FNDA:0,(anonymous_129)
FNDA:0,(anonymous_130)
FNDA:0,(anonymous_131)
FNDA:0,(anonymous_132)
FNDA:0,(anonymous_133)
FNDA:0,(anonymous_134)
FNDA:0,(anonymous_135)
FNDA:0,(anonymous_136)
FNDA:0,(anonymous_137)
FNDA:0,(anonymous_138)
FNDA:0,(anonymous_139)
FNDA:0,(anonymous_140)
FNDA:0,(anonymous_141)
FNDA:0,(anonymous_142)
FNDA:0,(anonymous_143)
FNDA:0,(anonymous_144)
FNDA:0,(anonymous_145)
FNDA:0,(anonymous_146)
FNDA:0,(anonymous_147)
FNDA:0,(anonymous_148)
FNDA:0,(anonymous_149)
FNDA:0,(anonymous_150)
FNDA:0,(anonymous_151)
FNDA:0,(anonymous_152)
FNDA:0,(anonymous_153)
FNDA:0,(anonymous_154)
FNDA:0,(anonymous_155)
FNDA:0,(anonymous_156)
FNDA:0,(anonymous_157)
FNDA:0,(anonymous_158)
DA:1,0
DA:2,0
DA:3,0
DA:4,0
DA:5,0
DA:6,0
DA:7,0
DA:8,0
DA:9,0
DA:10,0
DA:12,0
DA:13,0
DA:14,0
DA:15,0
DA:17,0
DA:19,0
DA:27,0
DA:28,0
DA:29,0
DA:32,0
DA:34,0
DA:36,0
DA:43,0
DA:46,0
DA:49,0
DA:50,0
DA:51,0
DA:53,0
DA:54,0
DA:55,0
DA:56,0
DA:57,0
DA:59,0
DA:62,0
DA:66,0
DA:67,0
DA:72,0
DA:78,0
DA:79,0
DA:80,0
DA:84,0
DA:86,0
DA:87,0
DA:88,0
DA:89,0
DA:91,0
DA:94,0
DA:95,0
DA:96,0
DA:99,0
DA:101,0
DA:103,0
DA:104,0
DA:105,0
DA:106,0
DA:108,0
DA:111,0
DA:112,0
DA:113,0
DA:116,0
DA:120,0
DA:121,0
DA:123,0
DA:125,0
DA:127,0
DA:128,0
DA:129,0
DA:130,0
DA:134,0
DA:136,0
DA:137,0
DA:138,0
DA:139,0
DA:144,0
DA:145,0
DA:146,0
DA:147,0
DA:148,0
DA:155,0
DA:157,0
DA:158,0
DA:159,0
DA:160,0
DA:162,0
DA:165,0
DA:166,0
DA:167,0
DA:173,0
DA:175,0
DA:176,0
DA:177,0
DA:181,0
DA:182,0
DA:184,0
DA:190,0
DA:191,0
DA:193,0
DA:198,0
DA:199,0
DA:200,0
DA:201,0
DA:203,0
DA:206,0
DA:210,0
DA:211,0
DA:213,0
DA:215,0
DA:217,0
DA:218,0
DA:219,0
DA:221,0
DA:223,0
DA:225,0
DA:229,0
DA:231,0
DA:232,0
DA:233,0
DA:234,0
DA:238,0
DA:239,0
DA:240,0
DA:245,0
DA:246,0
DA:250,0
DA:251,0
DA:252,0
DA:253,0
DA:254,0
DA:256,0
DA:261,0
DA:262,0
DA:263,0
DA:264,0
DA:265,0
DA:266,0
DA:268,0
DA:272,0
DA:273,0
DA:274,0
DA:276,0
DA:282,0
DA:283,0
DA:284,0
DA:285,0
DA:286,0
DA:287,0
DA:288,0
DA:289,0
DA:290,0
DA:291,0
DA:292,0
DA:293,0
DA:294,0
DA:295,0
DA:296,0
DA:297,0
DA:299,0
DA:319,0
DA:320,0
DA:321,0
DA:323,0
DA:329,0
DA:330,0
DA:331,0
DA:333,0
DA:337,0
DA:338,0
DA:339,0
DA:341,0
DA:347,0
DA:348,0
DA:349,0
DA:350,0
DA:351,0
DA:353,0
DA:358,0
DA:359,0
DA:361,0
DA:365,0
DA:366,0
DA:373,0
DA:374,0
DA:375,0
DA:379,0
DA:380,0
DA:382,0
DA:388,0
DA:389,0
DA:391,0
DA:407,0
DA:410,0
DA:411,0
DA:416,0
DA:417,0
DA:418,0
DA:422,0
DA:423,0
DA:425,0
DA:431,0
DA:432,0
DA:433,0
DA:437,0
DA:438,0
DA:440,0
DA:444,0
DA:447,0
DA:448,0
DA:449,0
DA:450,0
DA:451,0
DA:452,0
DA:456,0
DA:457,0
DA:458,0
DA:460,0
DA:468,0
DA:469,0
DA:470,0
DA:474,0
DA:475,0
DA:477,0
DA:484,0
DA:485,0
DA:486,0
DA:490,0
DA:491,0
DA:493,0
DA:500,0
DA:501,0
DA:502,0
DA:506,0
DA:507,0
DA:509,0
DA:516,0
DA:517,0
DA:518,0
DA:522,0
DA:523,0
DA:525,0
DA:531,0
DA:532,0
DA:533,0
DA:534,0
DA:535,0
DA:537,0
DA:541,0
DA:542,0
DA:543,0
DA:545,0
DA:551,0
DA:552,0
DA:553,0
DA:557,0
DA:558,0
DA:560,0
DA:566,0
DA:567,0
DA:568,0
DA:572,0
DA:573,0
DA:575,0
DA:581,0
DA:582,0
DA:583,0
DA:584,0
DA:585,0
DA:587,0
DA:591,0
DA:592,0
DA:593,0
DA:595,0
DA:601,0
DA:602,0
DA:603,0
DA:604,0
DA:605,0
DA:607,0
DA:611,0
DA:612,0
DA:615,0
DA:616,0
DA:617,0
DA:619,0
DA:625,0
DA:626,0
DA:627,0
DA:631,0
DA:632,0
DA:634,0
DA:640,0
DA:641,0
DA:642,0
DA:643,0
DA:647,0
DA:648,0
DA:650,0
DA:656,0
DA:657,0
DA:658,0
DA:662,0
DA:663,0
DA:665,0
DA:671,0
DA:672,0
DA:673,0
DA:677,0
DA:678,0
DA:680,0
DA:686,0
DA:687,0
DA:688,0
DA:690,0
DA:694,0
DA:695,0
DA:697,0
DA:703,0
DA:704,0
DA:706,0
DA:710,0
DA:711,0
DA:713,0
DA:719,0
DA:720,0
DA:721,0
DA:725,0
DA:726,0
DA:728,0
DA:733,0
DA:734,0
DA:735,0
DA:736,0
DA:737,0
DA:738,0
DA:739,0
DA:740,0
DA:741,0
DA:742,0
DA:743,0
DA:744,0
DA:745,0
DA:746,0
DA:747,0
DA:748,0
DA:749,0
DA:752,0
DA:756,0
DA:757,0
DA:759,0
DA:765,0
DA:766,0
DA:767,0
DA:768,0
DA:769,0
DA:771,0
DA:775,0
DA:776,0
DA:778,0
DA:784,0
DA:785,0
DA:787,0
DA:791,0
DA:792,0
DA:794,0
DA:800,0
DA:801,0
DA:803,0
DA:807,0
DA:808,0
DA:810,0
DA:816,0
DA:817,0
DA:818,0
DA:822,0
DA:823,0
DA:825,0
DA:831,0
DA:832,0
DA:833,0
DA:834,0
DA:838,0
DA:839,0
DA:841,0
DA:847,0
DA:848,0
DA:849,0
DA:853,0
DA:854,0
DA:856,0
DA:862,0
DA:863,0
DA:864,0
DA:868,0
DA:869,0
DA:871,0
DA:877,0
DA:878,0
DA:879,0
DA:883,0
DA:884,0
DA:886,0
DA:892,0
DA:893,0
DA:895,0
DA:899,0
DA:900,0
DA:902,0
DA:908,0
DA:909,0
DA:910,0
DA:911,0
DA:915,0
DA:916,0
DA:917,0
DA:919,0
DA:925,0
DA:926,0
DA:927,0
DA:928,0
DA:932,0
DA:933,0
DA:934,0
DA:936,0
DA:942,0
DA:943,0
DA:944,0
DA:945,0
DA:949,0
DA:950,0
DA:951,0
DA:953,0
DA:959,0
DA:960,0
DA:961,0
DA:962,0
DA:963,0
DA:964,0
DA:966,0
DA:976,0
DA:977,0
DA:978,0
DA:980,0
DA:986,0
DA:987,0
DA:988,0
DA:990,0
DA:994,0
DA:995,0
DA:997,0
DA:1003,0
DA:1004,0
DA:1005,0
DA:1010,0
DA:1011,0
DA:1013,0
DA:1019,0
DA:1020,0
DA:1022,0
DA:1026,0
DA:1027,0
DA:1029,0
DA:1035,0
DA:1036,0
DA:1038,0
DA:1042,0
DA:1043,0
DA:1045,0
DA:1051,0
DA:1052,0
DA:1053,0
DA:1054,0
DA:1055,0
DA:1057,0
DA:1061,0
DA:1062,0
DA:1063,0
DA:1065,0
DA:1071,0
DA:1072,0
DA:1073,0
DA:1075,0
DA:1079,0
DA:1080,0
DA:1082,0
DA:1088,0
DA:1089,0
DA:1090,0
DA:1092,0
DA:1107,0
DA:1108,0
DA:1109,0
DA:1110,0
DA:1112,0
DA:1113,0
DA:1119,0
DA:1126,0
DA:1127,0
DA:1128,0
DA:1130,0
DA:1140,0
DA:1141,0
DA:1142,0
DA:1143,0
DA:1145,0
DA:1146,0
DA:1153,0
DA:1159,0
DA:1160,0
DA:1162,0
DA:1166,0
DA:1167,0
DA:1169,0
DA:1175,0
DA:1176,0
DA:1178,0
DA:1182,0
DA:1183,0
DA:1185,0
DA:1191,0
DA:1192,0
DA:1193,0
DA:1195,0
DA:1199,0
DA:1200,0
DA:1202,0
DA:1208,0
DA:1209,0
DA:1210,0
DA:1212,0
DA:1216,0
DA:1217,0
DA:1219,0
DA:1225,0
DA:1226,0
DA:1227,0
DA:1229,0
DA:1233,0
DA:1234,0
DA:1236,0
DA:1242,0
DA:1243,0
DA:1244,0
DA:1246,0
DA:1250,0
DA:1251,0
DA:1253,0
DA:1261,0
DA:1262,0
DA:1263,0
DA:1265,0
DA:1269,0
DA:1270,0
DA:1272,0
DA:1278,0
DA:1279,0
DA:1280,0
DA:1282,0
DA:1286,0
DA:1287,0
DA:1289,0
DA:1295,0
DA:1296,0
DA:1297,0
DA:1300,0
DA:1310,0
DA:1313,0
DA:1314,0
DA:1317,0
DA:1318,0
DA:1324,0
DA:1325,0
DA:1326,0
DA:1329,0
DA:1339,0
DA:1342,0
DA:1343,0
DA:1346,0
DA:1347,0
DA:1353,0
DA:1354,0
DA:1356,0
DA:1360,0
DA:1361,0
DA:1363,0
DA:1369,0
DA:1370,0
DA:1371,0
DA:1373,0
DA:1377,0
DA:1378,0
DA:1380,0
DA:1386,0
DA:1387,0
DA:1389,0
DA:1393,0
DA:1394,0
DA:1396,0
DA:1402,0
DA:1403,0
DA:1405,0
DA:1409,0
DA:1410,0
DA:1414,0
DA:1422,0
DA:1423,0
DA:1425,0
DA:1429,0
DA:1430,0
DA:1432,0
DA:1438,0
DA:1439,0
DA:1440,0
DA:1442,0
DA:1446,0
DA:1447,0
DA:1449,0
DA:1455,0
DA:1456,0
DA:1457,0
DA:1459,0
DA:1463,0
DA:1464,0
DA:1466,0
DA:1472,0
DA:1473,0
DA:1475,0
DA:1479,0
DA:1480,0
DA:1482,0
DA:1488,0
DA:1489,0
DA:1490,0
DA:1492,0
DA:1496,0
DA:1497,0
DA:1499,0
DA:1506,0
DA:1507,0
LF:637
LH:0
BRDA:28,0,0,0
BRDA:28,0,1,0
BRDA:49,1,0,0
BRDA:49,1,1,0
BRDA:56,2,0,0
BRDA:56,2,1,0
BRDA:66,3,0,0
BRDA:66,3,1,0
BRDA:88,4,0,0
BRDA:88,4,1,0
BRDA:105,5,0,0
BRDA:105,5,1,0
BRDA:125,6,0,0
BRDA:125,6,1,0
BRDA:128,7,0,0
BRDA:128,7,1,0
BRDA:134,8,0,0
BRDA:134,8,1,0
BRDA:137,9,0,0
BRDA:137,9,1,0
BRDA:159,10,0,0
BRDA:159,10,1,0
BRDA:181,11,0,0
BRDA:181,11,1,0
BRDA:200,12,0,0
BRDA:200,12,1,0
BRDA:215,13,0,0
BRDA:215,13,1,0
BRDA:218,14,0,0
BRDA:218,14,1,0
BRDA:219,15,0,0
BRDA:219,15,1,0
BRDA:229,16,0,0
BRDA:229,16,1,0
BRDA:232,17,0,0
BRDA:232,17,1,0
BRDA:252,18,0,0
BRDA:252,18,1,0
BRDA:272,19,0,0
BRDA:272,19,1,0
BRDA:319,20,0,0
BRDA:319,20,1,0
BRDA:337,21,0,0
BRDA:337,21,1,0
BRDA:349,22,0,0
BRDA:349,22,1,0
BRDA:365,23,0,0
BRDA:365,23,1,0
BRDA:379,24,0,0
BRDA:379,24,1,0
BRDA:422,25,0,0
BRDA:422,25,1,0
BRDA:437,26,0,0
BRDA:437,26,1,0
BRDA:456,27,0,0
BRDA:456,27,1,0
BRDA:474,28,0,0
BRDA:474,28,1,0
BRDA:490,29,0,0
BRDA:490,29,1,0
BRDA:506,30,0,0
BRDA:506,30,1,0
BRDA:522,31,0,0
BRDA:522,31,1,0
BRDA:541,32,0,0
BRDA:541,32,1,0
BRDA:557,33,0,0
BRDA:557,33,1,0
BRDA:572,34,0,0
BRDA:572,34,1,0
BRDA:591,35,0,0
BRDA:591,35,1,0
BRDA:603,36,0,0
BRDA:603,36,1,0
BRDA:615,37,0,0
BRDA:615,37,1,0
BRDA:631,38,0,0
BRDA:631,38,1,0
BRDA:647,39,0,0
BRDA:647,39,1,0
BRDA:662,40,0,0
BRDA:662,40,1,0
BRDA:677,41,0,0
BRDA:677,41,1,0
BRDA:694,42,0,0
BRDA:694,42,1,0
BRDA:710,43,0,0
BRDA:710,43,1,0
BRDA:725,44,0,0
BRDA:725,44,1,0
BRDA:756,45,0,0
BRDA:756,45,1,0
BRDA:775,46,0,0
BRDA:775,46,1,0
BRDA:791,47,0,0
BRDA:791,47,1,0
BRDA:807,48,0,0
BRDA:807,48,1,0
BRDA:822,49,0,0
BRDA:822,49,1,0
BRDA:838,50,0,0
BRDA:838,50,1,0
BRDA:853,51,0,0
BRDA:853,51,1,0
BRDA:868,52,0,0
BRDA:868,52,1,0
BRDA:883,53,0,0
BRDA:883,53,1,0
BRDA:899,54,0,0
BRDA:899,54,1,0
BRDA:915,55,0,0
BRDA:915,55,1,0
BRDA:932,56,0,0
BRDA:932,56,1,0
BRDA:949,57,0,0
BRDA:949,57,1,0
BRDA:976,58,0,0
BRDA:976,58,1,0
BRDA:994,59,0,0
BRDA:994,59,1,0
BRDA:1010,60,0,0
BRDA:1010,60,1,0
BRDA:1026,61,0,0
BRDA:1026,61,1,0
BRDA:1042,62,0,0
BRDA:1042,62,1,0
BRDA:1061,63,0,0
BRDA:1061,63,1,0
BRDA:1079,64,0,0
BRDA:1079,64,1,0
BRDA:1108,65,0,0
BRDA:1108,65,1,0
BRDA:1116,66,0,0
BRDA:1116,66,1,0
BRDA:1141,67,0,0
BRDA:1141,67,1,0
BRDA:1150,68,0,0
BRDA:1150,68,1,0
BRDA:1166,69,0,0
BRDA:1166,69,1,0
BRDA:1182,70,0,0
BRDA:1182,70,1,0
BRDA:1199,71,0,0
BRDA:1199,71,1,0
BRDA:1216,72,0,0
BRDA:1216,72,1,0
BRDA:1233,73,0,0
BRDA:1233,73,1,0
BRDA:1250,74,0,0
BRDA:1250,74,1,0
BRDA:1269,75,0,0
BRDA:1269,75,1,0
BRDA:1286,76,0,0
BRDA:1286,76,1,0
BRDA:1360,77,0,0
BRDA:1360,77,1,0
BRDA:1377,78,0,0
BRDA:1377,78,1,0
BRDA:1393,79,0,0
BRDA:1393,79,1,0
BRDA:1409,80,0,0
BRDA:1409,80,1,0
BRDA:1429,81,0,0
BRDA:1429,81,1,0
BRDA:1446,82,0,0
BRDA:1446,82,1,0
BRDA:1463,83,0,0
BRDA:1463,83,1,0
BRDA:1479,84,0,0
BRDA:1479,84,1,0
BRDA:1496,85,0,0
BRDA:1496,85,1,0
BRF:172
BRH:0
end_of_record
TN:
SF:src\views\about.js
FN:17,(anonymous_0)
FNF:1
FNH:1
FNDA:5,(anonymous_0)
DA:6,1
DA:7,1
DA:8,1
DA:9,1
DA:10,1
DA:11,1
DA:12,1
DA:13,1
DA:14,1
DA:15,1
DA:17,1
DA:18,5
LF:12
LH:12
BRF:0
BRH:0
end_of_record
TN:
SF:src\views\admin-competitions.js
FN:20,checkIfUserExists
FN:34,getNumTestcases
FN:45,validationCompName
FN:48,(anonymous_3)
FN:63,PostCompDetails
FN:99,validateInputs
FN:150,GenGrid
FN:153,(anonymous_7)
FN:154,(anonymous_8)
FN:155,(anonymous_9)
FN:183,(anonymous_10)
FN:214,(anonymous_11)
FN:217,(anonymous_12)
FN:226,(anonymous_13)
FN:252,(anonymous_14)
FN:287,(anonymous_15)
FN:305,(anonymous_16)
FN:316,(anonymous_17)
FN:327,(anonymous_18)
FN:338,(anonymous_19)
FN:348,(anonymous_20)
FN:363,(anonymous_21)
FN:367,(anonymous_22)
FN:383,(anonymous_23)
FN:384,(anonymous_24)
FN:385,(anonymous_25)
FN:386,(anonymous_26)
FN:399,(anonymous_27)
FN:400,(anonymous_28)
FN:401,(anonymous_29)
FN:402,(anonymous_30)
FN:411,(anonymous_31)
FN:421,(anonymous_32)
FN:479,(anonymous_33)
FN:574,(anonymous_34)
FNF:35
FNH:0
FNDA:0,checkIfUserExists
FNDA:0,getNumTestcases
FNDA:0,validationCompName
FNDA:0,(anonymous_3)
FNDA:0,PostCompDetails
FNDA:0,validateInputs
FNDA:0,GenGrid
FNDA:0,(anonymous_7)
FNDA:0,(anonymous_8)
FNDA:0,(anonymous_9)
FNDA:0,(anonymous_10)
FNDA:0,(anonymous_11)
FNDA:0,(anonymous_12)
FNDA:0,(anonymous_13)
FNDA:0,(anonymous_14)
FNDA:0,(anonymous_15)
FNDA:0,(anonymous_16)
FNDA:0,(anonymous_17)
FNDA:0,(anonymous_18)
FNDA:0,(anonymous_19)
FNDA:0,(anonymous_20)
FNDA:0,(anonymous_21)
FNDA:0,(anonymous_22)
FNDA:0,(anonymous_23)
FNDA:0,(anonymous_24)
FNDA:0,(anonymous_25)
FNDA:0,(anonymous_26)
FNDA:0,(anonymous_27)
FNDA:0,(anonymous_28)
FNDA:0,(anonymous_29)
FNDA:0,(anonymous_30)
FNDA:0,(anonymous_31)
FNDA:0,(anonymous_32)
FNDA:0,(anonymous_33)
FNDA:0,(anonymous_34)
DA:18,0
DA:19,0
DA:21,0
DA:22,0
DA:24,0
DA:25,0
DA:26,0
DA:29,0
DA:30,0
DA:35,0
DA:36,0
DA:37,0
DA:38,0
DA:41,0
DA:46,0
DA:49,0
DA:51,0
DA:52,0
DA:53,0
DA:56,0
DA:57,0
DA:81,0
DA:101,0
DA:104,0
DA:105,0
DA:106,0
DA:107,0
DA:108,0
DA:109,0
DA:110,0
DA:111,0
DA:112,0
DA:113,0
DA:114,0
DA:115,0
DA:116,0
DA:117,0
DA:118,0
DA:121,0
DA:122,0
DA:123,0
DA:124,0
DA:128,0
DA:129,0
DA:130,0
DA:131,0
DA:133,0
DA:134,0
DA:135,0
DA:138,0
DA:139,0
DA:140,0
DA:143,0
DA:144,0
DA:145,0
DA:148,0
DA:151,0
DA:153,0
DA:154,0
DA:155,0
DA:174,0
DA:178,0
DA:183,0
DA:185,0
DA:186,0
DA:187,0
DA:188,0
DA:189,0
DA:190,0
DA:191,0
DA:192,0
DA:193,0
DA:194,0
DA:195,0
DA:196,0
DA:197,0
DA:198,0
DA:199,0
DA:200,0
DA:201,0
DA:202,0
DA:203,0
DA:204,0
DA:205,0
DA:206,0
DA:207,0
DA:209,0
DA:210,0
DA:211,0
DA:214,0
DA:215,0
DA:218,0
DA:219,0
DA:220,0
DA:224,0
DA:226,0
DA:230,0
DA:233,0
DA:234,0
DA:236,0
DA:237,0
DA:238,0
DA:240,0
DA:241,0
DA:242,0
DA:244,0
DA:246,0
DA:248,0
DA:252,0
DA:253,0
DA:256,0
DA:288,0
DA:305,0
DA:317,0
DA:328,0
DA:339,0
DA:349,0
DA:364,0
DA:368,0
DA:383,0
DA:384,0
DA:385,0
DA:386,0
DA:399,0
DA:400,0
DA:401,0
DA:402,0
DA:412,0
DA:424,0
DA:425,0
DA:428,0
DA:429,0
DA:430,0
DA:431,0
DA:432,0
DA:433,0
DA:450,0
DA:480,0
DA:481,0
DA:575,0
LF:140
LH:0
BRDA:24,0,0,0
BRDA:24,0,1,0
BRDA:37,1,0,0
BRDA:37,1,1,0
BRDA:51,2,0,0
BRDA:51,2,1,0
BRDA:104,3,0,0
BRDA:104,3,1,0
BRDA:105,4,0,0
BRDA:105,4,1,0
BRDA:106,5,0,0
BRDA:106,5,1,0
BRDA:107,6,0,0
BRDA:107,6,1,0
BRDA:108,7,0,0
BRDA:108,7,1,0
BRDA:109,8,0,0
BRDA:109,8,1,0
BRDA:110,9,0,0
BRDA:110,9,1,0
BRDA:111,10,0,0
BRDA:111,10,1,0
BRDA:112,11,0,0
BRDA:112,11,1,0
BRDA:113,12,0,0
BRDA:113,12,1,0
BRDA:114,13,0,0
BRDA:114,13,1,0
BRDA:115,14,0,0
BRDA:115,14,1,0
BRDA:116,15,0,0
BRDA:116,15,1,0
BRDA:118,16,0,0
BRDA:118,16,1,0
BRDA:121,17,0,0
BRDA:121,17,1,0
BRDA:133,18,0,0
BRDA:133,18,1,0
BRDA:138,19,0,0
BRDA:138,19,1,0
BRDA:143,20,0,0
BRDA:143,20,1,0
BRDA:230,21,0,0
BRDA:230,21,1,0
BRDA:230,22,0,0
BRDA:230,22,1,0
BRDA:230,22,2,0
BRDA:236,23,0,0
BRDA:236,23,1,0
BRDA:240,24,0,0
BRDA:240,24,1,0
BRDA:244,25,0,0
BRDA:244,25,1,0
BRDA:244,26,0,0
BRDA:244,26,1,0
BRDA:355,27,0,0
BRDA:355,27,1,0
BRDA:424,28,0,0
BRDA:424,28,1,0
BRDA:429,29,0,0
BRDA:429,29,1,0
BRF:61
BRH:0
end_of_record
TN:
SF:src\views\admin-profile.js
FN:11,putUserDetails
FN:21,checkIfDetailsValid
FN:51,update
FN:60,(anonymous_3)
FN:101,(anonymous_4)
FN:113,(anonymous_5)
FN:127,(anonymous_6)
FN:133,(anonymous_7)
FN:204,(anonymous_8)
FN:209,(anonymous_9)
FN:214,(anonymous_10)
FN:219,(anonymous_11)
FN:224,(anonymous_12)
FN:229,(anonymous_13)
FN:246,(anonymous_14)
FNF:15
FNH:8
FNDA:4,putUserDetails
FNDA:7,checkIfDetailsValid
FNDA:2,update
FNDA:2,(anonymous_3)
FNDA:19,(anonymous_4)
FNDA:0,(anonymous_5)
FNDA:7,(anonymous_6)
FNDA:7,(anonymous_7)
FNDA:5,(anonymous_8)
FNDA:0,(anonymous_9)
FNDA:0,(anonymous_10)
FNDA:0,(anonymous_11)
FNDA:0,(anonymous_12)
FNDA:0,(anonymous_13)
FNDA:0,(anonymous_14)
DA:12,4
DA:22,7
DA:23,7
DA:26,7
DA:27,1
DA:28,1
DA:29,6
DA:30,1
DA:31,1
DA:35,5
DA:37,5
DA:38,1
DA:39,1
DA:42,4
DA:43,2
DA:44,2
DA:47,2
DA:60,2
DA:61,2
DA:63,2
DA:69,1
DA:70,1
DA:71,1
DA:74,1
DA:80,0
DA:81,0
DA:82,0
DA:83,0
DA:84,0
DA:87,1
DA:91,0
DA:94,0
DA:95,0
DA:101,1
DA:103,19
DA:104,19
DA:105,19
DA:106,19
DA:107,19
DA:108,19
DA:109,19
DA:110,19
DA:111,19
DA:113,19
DA:114,0
DA:115,0
DA:127,19
DA:128,7
DA:129,7
DA:133,19
DA:134,7
DA:137,19
DA:204,5
DA:209,0
DA:214,0
DA:219,0
DA:224,0
DA:231,0
DA:248,0
DA:249,0
LF:60
LH:43
BRDA:26,0,0,1
BRDA:26,0,1,6
BRDA:26,1,0,7
BRDA:26,1,1,6
BRDA:29,2,0,1
BRDA:29,2,1,5
BRDA:35,3,0,5
BRDA:35,3,1,0
BRDA:35,4,0,5
BRDA:35,4,1,0
BRDA:35,4,2,0
BRDA:37,5,0,1
BRDA:37,5,1,4
BRDA:42,6,0,2
BRDA:42,6,1,2
BRDA:42,7,0,4
BRDA:42,7,1,3
BRDA:61,8,0,2
BRDA:61,8,1,0
BRDA:63,9,0,1
BRDA:63,9,1,1
BRDA:64,10,0,2
BRDA:64,10,1,2
BRDA:64,10,2,1
BRDA:64,10,3,1
BRDA:74,11,0,0
BRDA:74,11,1,1
BRDA:75,12,0,1
BRDA:75,12,1,1
BRDA:75,12,2,1
BRDA:75,12,3,1
BRDA:87,13,0,0
BRDA:87,13,1,1
BRDA:88,14,0,1
BRDA:88,14,1,0
BRDA:94,15,0,0
BRDA:94,15,1,0
BRF:37
BRH:28
end_of_record
TN:
SF:src\views\admin-teams.js
FN:7,GenGrid
FN:10,(anonymous_1)
FN:13,(anonymous_2)
FN:14,(anonymous_3)
FN:29,(anonymous_4)
FNF:5
FNH:5
FNDA:5,GenGrid
FNDA:2,(anonymous_1)
FNDA:2,(anonymous_2)
FNDA:1,(anonymous_3)
FNDA:3,(anonymous_4)
DA:8,5
DA:10,4
DA:11,2
DA:14,2
DA:22,2
DA:26,4
DA:29,1
DA:30,3
LF:8
LH:8
BRF:0
BRH:0
end_of_record
TN:
SF:src\views\arena-leaderboard.js
FN:16,getNoTests
FN:17,(anonymous_1)
FN:20,(anonymous_2)
FN:32,GenGrid
FN:36,(anonymous_4)
FN:39,(anonymous_5)
FN:40,(anonymous_6)
FN:61,(anonymous_7)
FN:74,(anonymous_8)
FN:78,(anonymous_9)
FN:79,(anonymous_10)
FN:87,(anonymous_11)
FNF:12
FNH:0
FNDA:0,getNoTests
FNDA:0,(anonymous_1)
FNDA:0,(anonymous_2)
FNDA:0,GenGrid
FNDA:0,(anonymous_4)
FNDA:0,(anonymous_5)
FNDA:0,(anonymous_6)
FNDA:0,(anonymous_7)
FNDA:0,(anonymous_8)
FNDA:0,(anonymous_9)
FNDA:0,(anonymous_10)
FNDA:0,(anonymous_11)
DA:8,0
DA:9,0
DA:10,0
DA:11,0
DA:12,0
DA:17,0
DA:18,0
DA:21,0
DA:22,0
DA:26,0
DA:33,0
DA:34,0
DA:36,0
DA:37,0
DA:40,0
DA:41,0
DA:48,0
DA:50,0
DA:52,0
DA:53,0
DA:55,0
DA:56,0
DA:58,0
DA:59,0
DA:62,0
DA:63,0
DA:67,0
DA:68,0
DA:71,0
DA:74,0
DA:76,0
DA:78,0
DA:79,0
DA:80,0
DA:83,0
DA:85,0
DA:88,0
DA:92,0
DA:94,0
LF:39
LH:0
BRDA:45,0,0,0
BRDA:45,0,1,0
BRDA:52,1,0,0
BRDA:52,1,1,0
BRDA:67,2,0,0
BRDA:67,2,1,0
BRF:6
BRH:0
end_of_record
TN:
SF:src\views\arena-main.js
FN:44,handleUploadTXTDone
FN:67,handleUploadZIPDone
FN:75,getLatestScores
FN:76,(anonymous_3)
FN:79,(anonymous_4)
FN:91,(anonymous_5)
FN:97,getNumTestCases
FN:100,(anonymous_7)
FN:106,generateRandomNumber
FN:111,getTeamID
FN:112,(anonymous_10)
FN:120,(anonymous_11)
FN:124,(anonymous_12)
FN:131,getCompTestCases
FN:132,(anonymous_14)
FN:135,(anonymous_15)
FN:139,(anonymous_16)
FN:146,getLinkForPDF
FN:147,(anonymous_18)
FN:150,(anonymous_19)
FN:154,(anonymous_20)
FN:161,getHighest
FN:162,(anonymous_22)
FN:165,(anonymous_23)
FN:181,ScoredHigher
FN:183,(anonymous_25)
FN:186,(anonymous_26)
FN:203,(anonymous_27)
FN:213,postLatestLinks
FN:216,(anonymous_29)
FN:236,(anonymous_30)
FN:239,(anonymous_31)
FN:249,postHighestScore
FN:271,uploadSubmissions
FN:276,(anonymous_34)
FN:281,(anonymous_35)
FN:294,(anonymous_36)
FN:325,getEndDate
FN:327,(anonymous_38)
FN:334,getSampleInOut
FN:335,(anonymous_40)
FN:337,(anonymous_41)
FN:345,(anonymous_42)
FN:364,(anonymous_43)
FN:365,(anonymous_44)
FN:375,(anonymous_45)
FN:382,(anonymous_46)
FN:432,(anonymous_47)
FN:437,(anonymous_48)
FN:490,(anonymous_49)
FN:504,(anonymous_50)
FN:520,(anonymous_51)
FN:529,(anonymous_52)
FN:543,(anonymous_53)
FN:554,(anonymous_54)
FN:567,(anonymous_55)
FN:571,(anonymous_56)
FN:579,(anonymous_57)
FN:600,(anonymous_58)
FN:695,(anonymous_59)
FN:702,(anonymous_60)
FN:714,(anonymous_61)
FN:721,(anonymous_62)
FN:743,(anonymous_63)
FNF:64
FNH:4
FNDA:0,handleUploadTXTDone
FNDA:0,handleUploadZIPDone
FNDA:3,getLatestScores
FNDA:3,(anonymous_3)
FNDA:2,(anonymous_4)
FNDA:1,(anonymous_5)
FNDA:0,getNumTestCases
FNDA:0,(anonymous_7)
FNDA:0,generateRandomNumber
FNDA:0,getTeamID
FNDA:0,(anonymous_10)
FNDA:0,(anonymous_11)
FNDA:0,(anonymous_12)
FNDA:0,getCompTestCases
FNDA:0,(anonymous_14)
FNDA:0,(anonymous_15)
FNDA:0,(anonymous_16)
FNDA:0,getLinkForPDF
FNDA:0,(anonymous_18)
FNDA:0,(anonymous_19)
FNDA:0,(anonymous_20)
FNDA:0,getHighest
FNDA:0,(anonymous_22)
FNDA:0,(anonymous_23)
FNDA:0,ScoredHigher
FNDA:0,(anonymous_25)
FNDA:0,(anonymous_26)
FNDA:0,(anonymous_27)
FNDA:0,postLatestLinks
FNDA:0,(anonymous_29)
FNDA:0,(anonymous_30)
FNDA:0,(anonymous_31)
FNDA:0,postHighestScore
FNDA:0,uploadSubmissions
FNDA:0,(anonymous_34)
FNDA:0,(anonymous_35)
FNDA:0,(anonymous_36)
FNDA:0,getEndDate
FNDA:0,(anonymous_38)
FNDA:0,getSampleInOut
FNDA:0,(anonymous_40)
FNDA:0,(anonymous_41)
FNDA:0,(anonymous_42)
FNDA:0,(anonymous_43)
FNDA:0,(anonymous_44)
FNDA:0,(anonymous_45)
FNDA:0,(anonymous_46)
FNDA:0,(anonymous_47)
FNDA:0,(anonymous_48)
FNDA:0,(anonymous_49)
FNDA:0,(anonymous_50)
FNDA:0,(anonymous_51)
FNDA:0,(anonymous_52)
FNDA:0,(anonymous_53)
FNDA:0,(anonymous_54)
FNDA:0,(anonymous_55)
FNDA:0,(anonymous_56)
FNDA:0,(anonymous_57)
FNDA:0,(anonymous_58)
FNDA:0,(anonymous_59)
FNDA:0,(anonymous_60)
FNDA:0,(anonymous_61)
FNDA:0,(anonymous_62)
FNDA:0,(anonymous_63)
DA:24,1
DA:25,1
DA:26,1
DA:27,1
DA:28,1
DA:29,1
DA:30,1
DA:31,1
DA:32,1
DA:33,1
DA:34,1
DA:35,1
DA:36,1
DA:37,1
DA:38,1
DA:39,1
DA:40,1
DA:41,1
DA:42,1
DA:45,0
DA:48,0
DA:49,0
DA:50,0
DA:51,0
DA:59,0
DA:61,0
DA:62,0
DA:63,0
DA:68,0
DA:71,0
DA:72,0
DA:76,3
DA:77,3
DA:80,2
DA:81,2
DA:83,2
DA:84,2
DA:85,4
DA:86,4
DA:89,2
DA:92,1
DA:98,0
DA:101,0
DA:107,0
DA:108,0
DA:112,0
DA:113,0
DA:121,0
DA:122,0
DA:125,0
DA:132,0
DA:133,0
DA:136,0
DA:137,0
DA:140,0
DA:141,0
DA:147,0
DA:148,0
DA:151,0
DA:152,0
DA:155,0
DA:156,0
DA:162,0
DA:163,0
DA:166,0
DA:167,0
DA:168,0
DA:169,0
DA:170,0
DA:171,0
DA:173,0
DA:182,0
DA:183,0
DA:184,0
DA:187,0
DA:188,0
DA:189,0
DA:190,0
DA:191,0
DA:192,0
DA:193,0
DA:195,0
DA:196,0
DA:198,0
DA:199,0
DA:202,0
DA:203,0
DA:204,0
DA:206,0
DA:207,0
DA:215,0
DA:217,0
DA:218,0
DA:220,0
DA:223,0
DA:226,0
DA:229,0
DA:232,0
DA:237,0
DA:240,0
DA:250,0
DA:251,0
DA:253,0
DA:254,0
DA:255,0
DA:262,0
DA:264,0
DA:267,0
DA:273,0
DA:274,0
DA:276,0
DA:277,0
DA:281,0
DA:282,0
DA:283,0
DA:285,0
DA:289,0
DA:290,0
DA:292,0
DA:295,0
DA:296,0
DA:297,0
DA:298,0
DA:299,0
DA:304,0
DA:305,0
DA:306,0
DA:307,0
DA:308,0
DA:316,0
DA:322,0
DA:326,0
DA:328,0
DA:329,0
DA:335,0
DA:336,0
DA:338,0
DA:339,0
DA:345,1
DA:346,0
DA:347,0
DA:348,0
DA:349,0
DA:350,0
DA:351,0
DA:353,0
DA:354,0
DA:357,0
DA:358,0
DA:363,0
DA:364,0
DA:365,0
DA:366,0
DA:367,0
DA:368,0
DA:369,0
DA:370,0
DA:371,0
DA:372,0
DA:373,0
DA:376,0
DA:377,0
DA:380,0
DA:382,0
DA:383,0
DA:384,0
DA:386,0
DA:389,0
DA:390,0
DA:391,0
DA:392,0
DA:394,0
DA:396,0
DA:400,0
DA:401,0
DA:402,0
DA:406,0
DA:407,0
DA:408,0
DA:412,0
DA:413,0
DA:414,0
DA:419,0
DA:420,0
DA:422,0
DA:427,0
DA:430,0
DA:432,0
DA:433,0
DA:434,0
DA:437,0
DA:438,0
DA:491,0
DA:492,0
DA:493,0
DA:495,0
DA:496,0
DA:499,0
DA:500,0
DA:505,0
DA:521,0
DA:522,0
DA:524,0
DA:525,0
DA:530,0
DA:544,0
DA:555,0
DA:569,0
DA:570,0
DA:571,0
DA:572,0
DA:580,0
DA:601,0
DA:696,0
DA:697,0
DA:698,0
DA:699,0
DA:700,0
DA:701,0
DA:702,0
DA:703,0
DA:715,0
DA:716,0
DA:717,0
DA:718,0
DA:719,0
DA:720,0
DA:721,0
DA:722,0
DA:744,0
DA:745,0
DA:747,0
LF:232
LH:30
BRDA:196,0,0,0
BRDA:196,0,1,0
BRDA:253,1,0,0
BRDA:253,1,1,0
BRDA:282,2,0,0
BRDA:282,2,1,0
BRDA:295,3,0,0
BRDA:295,3,1,0
BRDA:400,4,0,0
BRDA:400,4,1,0
BRDA:400,5,0,0
BRDA:400,5,1,0
BRDA:400,5,2,0
BRDA:406,6,0,0
BRDA:406,6,1,0
BRDA:406,7,0,0
BRDA:406,7,1,0
BRDA:406,7,2,0
BRDA:412,8,0,0
BRDA:412,8,1,0
BRDA:412,9,0,0
BRDA:412,9,1,0
BRDA:412,9,2,0
BRDA:419,10,0,0
BRDA:419,10,1,0
BRDA:419,11,0,0
BRDA:419,11,1,0
BRDA:419,11,2,0
BRDA:482,12,0,0
BRDA:482,12,1,0
BRDA:491,13,0,0
BRDA:491,13,1,0
BRDA:495,14,0,0
BRDA:495,14,1,0
BRDA:495,15,0,0
BRDA:495,15,1,0
BRDA:512,16,0,0
BRDA:512,16,1,0
BRDA:524,17,0,0
BRDA:524,17,1,0
BRDA:524,18,0,0
BRDA:524,18,1,0
BRDA:587,19,0,0
BRDA:587,19,1,0
BRDA:698,20,0,0
BRDA:698,20,1,0
BRDA:717,21,0,0
BRDA:717,21,1,0
BRDA:737,22,0,0
BRDA:737,22,1,0
BRF:50
BRH:0
end_of_record
TN:
SF:src\views\arena-profile.js
FN:11,putUserDetails
FN:21,checkIfDetailsValid
FN:51,update
FN:60,(anonymous_3)
FN:101,(anonymous_4)
FN:113,(anonymous_5)
FN:127,(anonymous_6)
FN:133,(anonymous_7)
FN:222,(anonymous_8)
FN:227,(anonymous_9)
FN:232,(anonymous_10)
FN:237,(anonymous_11)
FN:242,(anonymous_12)
FN:247,(anonymous_13)
FN:264,(anonymous_14)
FNF:15
FNH:8
FNDA:4,putUserDetails
FNDA:7,checkIfDetailsValid
FNDA:2,update
FNDA:2,(anonymous_3)
FNDA:19,(anonymous_4)
FNDA:0,(anonymous_5)
FNDA:7,(anonymous_6)
FNDA:7,(anonymous_7)
FNDA:5,(anonymous_8)
FNDA:0,(anonymous_9)
FNDA:0,(anonymous_10)
FNDA:0,(anonymous_11)
FNDA:0,(anonymous_12)
FNDA:0,(anonymous_13)
FNDA:0,(anonymous_14)
DA:12,4
DA:22,7
DA:23,7
DA:26,7
DA:27,1
DA:28,1
DA:29,6
DA:30,1
DA:31,1
DA:35,5
DA:37,5
DA:38,1
DA:39,1
DA:42,4
DA:43,2
DA:44,2
DA:47,2
DA:60,2
DA:61,2
DA:63,2
DA:69,1
DA:70,1
DA:71,1
DA:74,1
DA:80,0
DA:81,0
DA:82,0
DA:83,0
DA:84,0
DA:87,1
DA:91,0
DA:94,0
DA:95,0
DA:101,1
DA:103,19
DA:104,19
DA:105,19
DA:106,19
DA:107,19
DA:108,19
DA:109,19
DA:110,19
DA:111,19
DA:113,19
DA:114,0
DA:115,0
DA:127,19
DA:128,7
DA:129,7
DA:133,19
DA:134,7
DA:137,19
DA:222,5
DA:227,0
DA:232,0
DA:237,0
DA:242,0
DA:249,0
DA:266,0
DA:267,0
LF:60
LH:43
BRDA:26,0,0,1
BRDA:26,0,1,6
BRDA:26,1,0,7
BRDA:26,1,1,6
BRDA:29,2,0,1
BRDA:29,2,1,5
BRDA:35,3,0,5
BRDA:35,3,1,0
BRDA:35,4,0,5
BRDA:35,4,1,0
BRDA:35,4,2,0
BRDA:37,5,0,1
BRDA:37,5,1,4
BRDA:42,6,0,2
BRDA:42,6,1,2
BRDA:42,7,0,4
BRDA:42,7,1,3
BRDA:61,8,0,2
BRDA:61,8,1,0
BRDA:63,9,0,1
BRDA:63,9,1,1
BRDA:64,10,0,2
BRDA:64,10,1,2
BRDA:64,10,2,1
BRDA:64,10,3,1
BRDA:74,11,0,0
BRDA:74,11,1,1
BRDA:75,12,0,1
BRDA:75,12,1,1
BRDA:75,12,2,1
BRDA:75,12,3,1
BRDA:87,13,0,0
BRDA:87,13,1,1
BRDA:88,14,0,1
BRDA:88,14,1,0
BRDA:94,15,0,0
BRDA:94,15,1,0
BRF:37
BRH:28
end_of_record
TN:
SF:src\views\arena-submissions.js
FN:13,getTests
FN:14,(anonymous_1)
FN:17,(anonymous_2)
FN:24,(anonymous_3)
FN:28,(anonymous_4)
FN:30,(anonymous_5)
FN:36,(anonymous_6)
FN:41,(anonymous_7)
FN:43,(anonymous_8)
FN:58,(anonymous_9)
FNF:10
FNH:0
FNDA:0,getTests
FNDA:0,(anonymous_1)
FNDA:0,(anonymous_2)
FNDA:0,(anonymous_3)
FNDA:0,(anonymous_4)
FNDA:0,(anonymous_5)
FNDA:0,(anonymous_6)
FNDA:0,(anonymous_7)
FNDA:0,(anonymous_8)
FNDA:0,(anonymous_9)
DA:8,0
DA:9,0
DA:10,0
DA:11,0
DA:14,0
DA:15,0
DA:18,0
DA:20,0
DA:24,0
DA:25,0
DA:26,0
DA:27,0
DA:28,0
DA:30,0
DA:31,0
DA:33,0
DA:35,0
DA:37,0
DA:40,0
DA:42,0
DA:43,0
DA:44,0
DA:45,0
DA:46,0
DA:47,0
DA:49,0
DA:51,0
DA:56,0
DA:59,0
DA:64,0
DA:66,0
LF:31
LH:0
BRDA:47,0,0,0
BRDA:47,0,1,0
BRF:2
BRH:0
end_of_record
TN:
SF:src\views\arena-team.js
FN:15,(anonymous_0)
FN:24,(anonymous_1)
FN:31,(anonymous_2)
FN:32,(anonymous_3)
FN:59,(anonymous_4)
FN:160,(anonymous_5)
FN:169,(anonymous_6)
FNF:7
FNH:3
FNDA:0,(anonymous_0)
FNDA:2,(anonymous_1)
FNDA:1,(anonymous_2)
FNDA:1,(anonymous_3)
FNDA:0,(anonymous_4)
FNDA:0,(anonymous_5)
FNDA:0,(anonymous_6)
DA:10,1
DA:11,1
DA:12,1
DA:15,1
DA:16,0
DA:17,0
DA:18,0
DA:19,0
DA:20,0
DA:21,0
DA:24,1
DA:25,2
DA:26,1
DA:27,1
DA:28,1
DA:31,1
DA:32,1
DA:33,1
DA:35,1
DA:36,1
DA:39,0
DA:40,0
DA:43,0
DA:44,0
DA:47,0
DA:48,0
DA:51,0
DA:57,0
DA:59,0
DA:60,0
DA:61,0
DA:62,0
DA:64,0
DA:67,0
DA:70,0
DA:71,0
DA:72,0
DA:74,1
DA:77,1
DA:80,1
DA:161,0
DA:170,0
DA:171,0
LF:43
LH:17
BRDA:61,0,0,0
BRDA:61,0,1,0
BRDA:170,1,0,0
BRDA:170,1,1,0
BRF:4
BRH:0
end_of_record
TN:
SF:src\views\competitions.js
FN:9,(anonymous_0)
FN:15,(anonymous_1)
FN:26,GenCards
FN:32,(anonymous_3)
FN:35,(anonymous_4)
FN:37,(anonymous_5)
FN:68,(anonymous_6)
FN:72,(anonymous_7)
FN:78,(anonymous_8)
FN:87,(anonymous_9)
FN:91,(anonymous_10)
FN:97,(anonymous_11)
FN:107,(anonymous_12)
FN:108,(anonymous_13)
FN:139,(anonymous_14)
FN:149,(anonymous_15)
FN:169,getActiveCards
FN:182,(anonymous_17)
FN:185,(anonymous_18)
FN:195,getInactiveCards
FN:208,(anonymous_20)
FN:211,(anonymous_21)
FN:246,(anonymous_22)
FNF:23
FNH:16
FNDA:4,(anonymous_0)
FNDA:0,(anonymous_1)
FNDA:9,GenCards
FNDA:2,(anonymous_3)
FNDA:2,(anonymous_4)
FNDA:4,(anonymous_5)
FNDA:2,(anonymous_6)
FNDA:4,(anonymous_7)
FNDA:0,(anonymous_8)
FNDA:2,(anonymous_9)
FNDA:4,(anonymous_10)
FNDA:2,(anonymous_11)
FNDA:2,(anonymous_12)
FNDA:2,(anonymous_13)
FNDA:0,(anonymous_14)
FNDA:0,(anonymous_15)
FNDA:8,getActiveCards
FNDA:0,(anonymous_17)
FNDA:0,(anonymous_18)
FNDA:8,getInactiveCards
FNDA:4,(anonymous_20)
FNDA:0,(anonymous_21)
FNDA:3,(anonymous_22)
DA:9,1
DA:10,4
DA:15,1
DA:16,0
DA:17,0
DA:18,0
DA:19,0
DA:21,0
DA:27,9
DA:28,8
DA:29,8
DA:30,8
DA:32,8
DA:33,2
DA:37,4
DA:46,2
DA:68,8
DA:69,2
DA:70,2
DA:72,2
DA:73,4
DA:74,4
DA:78,2
DA:79,0
DA:80,0
DA:81,0
DA:84,2
DA:87,8
DA:88,2
DA:89,2
DA:91,2
DA:92,4
DA:93,4
DA:97,2
DA:98,2
DA:99,2
DA:100,2
DA:103,2
DA:107,8
DA:108,2
DA:109,2
DA:110,2
DA:111,2
DA:112,2
DA:113,2
DA:114,2
DA:115,2
DA:117,0
DA:121,2
DA:139,8
DA:140,0
DA:142,0
DA:143,0
DA:144,0
DA:149,0
DA:150,0
DA:151,0
DA:156,0
DA:158,0
DA:159,0
DA:160,0
DA:161,0
DA:162,0
DA:164,0
DA:170,8
DA:183,0
DA:186,0
DA:196,8
DA:209,4
DA:212,0
DA:221,8
DA:246,1
DA:247,3
LF:73
LH:47
BRDA:18,0,0,0
BRDA:18,0,1,0
BRDA:142,1,0,0
BRDA:142,1,1,0
BRDA:150,2,0,0
BRDA:150,2,1,0
BRF:6
BRH:0
end_of_record
TN:
SF:src\views\contact.js
FN:15,(anonymous_0)
FN:27,isValidEmail
FN:48,(anonymous_2)
FN:57,(anonymous_3)
FN:60,(anonymous_4)
FN:166,(anonymous_5)
FN:172,(anonymous_6)
FN:178,(anonymous_7)
FN:184,(anonymous_8)
FNF:9
FNH:0
FNDA:0,(anonymous_0)
FNDA:0,isValidEmail
FNDA:0,(anonymous_2)
FNDA:0,(anonymous_3)
FNDA:0,(anonymous_4)
FNDA:0,(anonymous_5)
FNDA:0,(anonymous_6)
FNDA:0,(anonymous_7)
FNDA:0,(anonymous_8)
DA:15,0
DA:16,0
DA:17,0
DA:18,0
DA:19,0
DA:20,0
DA:21,0
DA:28,0
DA:48,0
DA:49,0
DA:50,0
DA:51,0
DA:54,0
DA:56,0
DA:64,0
DA:73,0
DA:75,0
DA:77,0
DA:79,0
DA:81,0
DA:85,0
DA:166,0
DA:172,0
DA:178,0
DA:184,0
LF:25
LH:0
BRDA:50,0,0,0
BRDA:50,0,1,0
BRDA:50,1,0,0
BRDA:50,1,1,0
BRDA:50,1,2,0
BRDA:54,2,0,0
BRDA:54,2,1,0
BRDA:180,3,0,0
BRDA:180,3,1,0
BRF:9
BRH:0
end_of_record
TN:
SF:src\views\home.js
FN:7,(anonymous_0)
FNF:1
FNH:1
FNDA:2,(anonymous_0)
DA:7,1
DA:8,2
LF:2
LH:2
BRF:0
BRH:0
end_of_record
TN:
SF:src\views\leaderboard.js
FN:15,getNoTests
FN:16,(anonymous_1)
FN:19,(anonymous_2)
FN:30,GenGrid
FN:34,(anonymous_4)
FN:37,(anonymous_5)
FN:38,(anonymous_6)
FN:59,(anonymous_7)
FN:72,(anonymous_8)
FN:76,(anonymous_9)
FN:77,(anonymous_10)
FN:85,(anonymous_11)
FNF:12
FNH:0
FNDA:0,getNoTests
FNDA:0,(anonymous_1)
FNDA:0,(anonymous_2)
FNDA:0,GenGrid
FNDA:0,(anonymous_4)
FNDA:0,(anonymous_5)
FNDA:0,(anonymous_6)
FNDA:0,(anonymous_7)
FNDA:0,(anonymous_8)
FNDA:0,(anonymous_9)
FNDA:0,(anonymous_10)
FNDA:0,(anonymous_11)
DA:8,0
DA:9,0
DA:10,0
DA:11,0
DA:12,0
DA:16,0
DA:17,0
DA:20,0
DA:21,0
DA:25,0
DA:31,0
DA:32,0
DA:34,0
DA:35,0
DA:38,0
DA:39,0
DA:46,0
DA:48,0
DA:50,0
DA:51,0
DA:53,0
DA:54,0
DA:56,0
DA:57,0
DA:60,0
DA:61,0
DA:65,0
DA:66,0
DA:69,0
DA:72,0
DA:74,0
DA:76,0
DA:77,0
DA:78,0
DA:81,0
DA:83,0
DA:86,0
DA:90,0
DA:92,0
LF:39
LH:0
BRDA:43,0,0,0
BRDA:43,0,1,0
BRDA:50,1,0,0
BRDA:50,1,1,0
BRDA:65,2,0,0
BRDA:65,2,1,0
BRF:6
BRH:0
end_of_record
TN:
SF:src\views\login.js
FN:22,checkEmailExists
FN:25,(anonymous_1)
FN:43,sendEmail
FN:50,(anonymous_3)
FN:57,changePassword
FN:62,(anonymous_5)
FN:69,(anonymous_6)
FN:80,(anonymous_7)
FN:85,(anonymous_8)
FN:88,(anonymous_9)
FN:103,(anonymous_10)
FN:106,(anonymous_11)
FN:110,(anonymous_12)
FN:118,(anonymous_13)
FN:127,(anonymous_14)
FN:128,(anonymous_15)
FN:145,(anonymous_16)
FN:152,(anonymous_17)
FN:186,(anonymous_18)
FN:192,(anonymous_19)
FN:225,(anonymous_20)
FN:232,(anonymous_21)
FN:246,(anonymous_22)
FN:250,(anonymous_23)
FN:255,(anonymous_24)
FN:271,(anonymous_25)
FN:279,(anonymous_26)
FN:292,(anonymous_27)
FNF:28
FNH:0
FNDA:0,checkEmailExists
FNDA:0,(anonymous_1)
FNDA:0,sendEmail
FNDA:0,(anonymous_3)
FNDA:0,changePassword
FNDA:0,(anonymous_5)
FNDA:0,(anonymous_6)
FNDA:0,(anonymous_7)
FNDA:0,(anonymous_8)
FNDA:0,(anonymous_9)
FNDA:0,(anonymous_10)
FNDA:0,(anonymous_11)
FNDA:0,(anonymous_12)
FNDA:0,(anonymous_13)
FNDA:0,(anonymous_14)
FNDA:0,(anonymous_15)
FNDA:0,(anonymous_16)
FNDA:0,(anonymous_17)
FNDA:0,(anonymous_18)
FNDA:0,(anonymous_19)
FNDA:0,(anonymous_20)
FNDA:0,(anonymous_21)
FNDA:0,(anonymous_22)
FNDA:0,(anonymous_23)
FNDA:0,(anonymous_24)
FNDA:0,(anonymous_25)
FNDA:0,(anonymous_26)
FNDA:0,(anonymous_27)
DA:19,0
DA:23,0
DA:26,0
DA:28,0
DA:30,0
DA:31,0
DA:35,0
DA:36,0
DA:37,0
DA:44,0
DA:45,0
DA:46,0
DA:51,0
DA:58,0
DA:63,0
DA:64,0
DA:69,0
DA:70,0
DA:71,0
DA:72,0
DA:73,0
DA:74,0
DA:75,0
DA:76,0
DA:77,0
DA:80,0
DA:81,0
DA:82,0
DA:85,0
DA:86,0
DA:89,0
DA:91,0
DA:92,0
DA:95,0
DA:97,0
DA:103,0
DA:104,0
DA:108,0
DA:109,0
DA:110,0
DA:111,0
DA:117,0
DA:118,0
DA:119,0
DA:127,0
DA:128,0
DA:129,0
DA:131,0
DA:133,0
DA:134,0
DA:138,0
DA:145,0
DA:149,0
DA:150,0
DA:153,0
DA:154,0
DA:155,0
DA:157,0
DA:158,0
DA:161,0
DA:166,0
DA:186,0
DA:192,0
DA:225,0
DA:233,0
DA:234,0
DA:246,0
DA:250,0
DA:256,0
DA:257,0
DA:258,0
DA:259,0
DA:260,0
DA:261,0
DA:262,0
DA:263,0
DA:264,0
DA:272,0
DA:280,0
DA:281,0
DA:294,0
LF:81
LH:0
BRDA:28,0,0,0
BRDA:28,0,1,0
BRDA:91,1,0,0
BRDA:91,1,1,0
BRDA:108,2,0,0
BRDA:108,2,1,0
BRDA:129,3,0,0
BRDA:129,3,1,0
BRDA:157,4,0,0
BRDA:157,4,1,0
BRDA:157,5,0,0
BRDA:157,5,1,0
BRDA:259,6,0,0
BRDA:259,6,1,0
BRDA:288,7,0,0
BRDA:288,7,1,0
BRF:16
BRH:0
end_of_record
TN:
SF:src\views\player-portal-competitions.js
FN:10,(anonymous_0)
FN:16,getTeamDetails
FN:19,(anonymous_2)
FN:29,GenCards
FN:36,(anonymous_4)
FN:39,(anonymous_5)
FN:41,(anonymous_6)
FN:56,(anonymous_7)
FN:59,(anonymous_8)
FN:61,(anonymous_9)
FN:63,(anonymous_10)
FN:79,(anonymous_11)
FN:83,(anonymous_12)
FN:89,(anonymous_13)
FN:96,(anonymous_14)
FN:107,(anonymous_15)
FN:111,(anonymous_16)
FN:117,(anonymous_17)
FN:124,(anonymous_18)
FN:131,(anonymous_19)
FN:134,(anonymous_20)
FN:139,(anonymous_21)
FN:148,(anonymous_22)
FN:149,(anonymous_23)
FN:169,(anonymous_24)
FN:179,(anonymous_25)
FN:193,(anonymous_26)
FN:207,(anonymous_27)
FN:210,(anonymous_28)
FN:220,(anonymous_29)
FN:226,(anonymous_30)
FN:242,(anonymous_31)
FN:265,(anonymous_32)
FN:281,(anonymous_33)
FN:286,(anonymous_34)
FN:293,(anonymous_35)
FN:298,(anonymous_36)
FN:307,(anonymous_37)
FN:310,(anonymous_38)
FN:319,getActiveCards
FN:332,(anonymous_40)
FN:337,(anonymous_41)
FN:340,(anonymous_42)
FN:343,(anonymous_43)
FN:349,(anonymous_44)
FN:363,getInactiveCards
FN:376,(anonymous_46)
FN:379,(anonymous_47)
FN:382,(anonymous_48)
FN:385,(anonymous_49)
FN:391,(anonymous_50)
FN:403,getRegisteredCards
FN:416,(anonymous_52)
FN:419,(anonymous_53)
FN:422,(anonymous_54)
FN:425,(anonymous_55)
FN:431,(anonymous_56)
FN:472,(anonymous_57)
FNF:58
FNH:25
FNDA:4,(anonymous_0)
FNDA:0,getTeamDetails
FNDA:0,(anonymous_2)
FNDA:11,GenCards
FNDA:2,(anonymous_4)
FNDA:2,(anonymous_5)
FNDA:4,(anonymous_6)
FNDA:2,(anonymous_7)
FNDA:2,(anonymous_8)
FNDA:4,(anonymous_9)
FNDA:4,(anonymous_10)
FNDA:2,(anonymous_11)
FNDA:4,(anonymous_12)
FNDA:0,(anonymous_13)
FNDA:0,(anonymous_14)
FNDA:2,(anonymous_15)
FNDA:4,(anonymous_16)
FNDA:2,(anonymous_17)
FNDA:4,(anonymous_18)
FNDA:2,(anonymous_19)
FNDA:0,(anonymous_20)
FNDA:0,(anonymous_21)
FNDA:2,(anonymous_22)
FNDA:2,(anonymous_23)
FNDA:0,(anonymous_24)
FNDA:0,(anonymous_25)
FNDA:0,(anonymous_26)
FNDA:0,(anonymous_27)
FNDA:0,(anonymous_28)
FNDA:0,(anonymous_29)
FNDA:0,(anonymous_30)
FNDA:0,(anonymous_31)
FNDA:0,(anonymous_32)
FNDA:0,(anonymous_33)
FNDA:0,(anonymous_34)
FNDA:0,(anonymous_35)
FNDA:0,(anonymous_36)
FNDA:10,(anonymous_37)
FNDA:10,(anonymous_38)
FNDA:10,getActiveCards
FNDA:0,(anonymous_40)
FNDA:0,(anonymous_41)
FNDA:0,(anonymous_42)
FNDA:0,(anonymous_43)
FNDA:0,(anonymous_44)
FNDA:10,getInactiveCards
FNDA:8,(anonymous_46)
FNDA:0,(anonymous_47)
FNDA:0,(anonymous_48)
FNDA:0,(anonymous_49)
FNDA:0,(anonymous_50)
FNDA:10,getRegisteredCards
FNDA:0,(anonymous_52)
FNDA:0,(anonymous_53)
FNDA:0,(anonymous_54)
FNDA:0,(anonymous_55)
FNDA:0,(anonymous_56)
FNDA:3,(anonymous_57)
DA:5,1
DA:10,1
DA:11,4
DA:14,1
DA:17,0
DA:20,0
DA:21,0
DA:22,0
DA:25,0
DA:30,11
DA:31,10
DA:32,10
DA:33,10
DA:34,10
DA:36,10
DA:37,2
DA:41,4
DA:52,2
DA:56,10
DA:57,2
DA:60,2
DA:61,4
DA:63,2
DA:64,4
DA:65,4
DA:70,0
DA:75,2
DA:79,10
DA:80,2
DA:81,2
DA:83,2
DA:84,4
DA:85,4
DA:89,2
DA:90,0
DA:91,0
DA:92,0
DA:96,2
DA:97,0
DA:98,0
DA:99,0
DA:100,0
DA:104,2
DA:107,10
DA:108,2
DA:109,2
DA:111,2
DA:112,4
DA:113,4
DA:117,2
DA:118,2
DA:119,2
DA:120,2
DA:124,2
DA:125,4
DA:128,2
DA:131,10
DA:132,2
DA:134,2
DA:135,0
DA:139,2
DA:140,0
DA:141,0
DA:142,0
DA:145,2
DA:148,10
DA:149,2
DA:150,2
DA:151,2
DA:152,2
DA:153,2
DA:154,2
DA:155,2
DA:156,2
DA:157,2
DA:158,2
DA:159,2
DA:161,0
DA:165,2
DA:169,10
DA:170,0
DA:172,0
DA:173,0
DA:174,0
DA:179,0
DA:180,0
DA:181,0
DA:186,0
DA:188,0
DA:189,0
DA:190,0
DA:193,0
DA:194,0
DA:195,0
DA:198,0
DA:200,0
DA:201,0
DA:203,0
DA:207,10
DA:209,0
DA:210,0
DA:212,0
DA:213,0
DA:218,0
DA:219,0
DA:220,0
DA:221,0
DA:226,0
DA:227,0
DA:228,0
DA:233,0
DA:235,0
DA:237,0
DA:242,10
DA:243,0
DA:244,0
DA:245,0
DA:247,0
DA:248,0
DA:252,0
DA:253,0
DA:254,0
DA:255,0
DA:256,0
DA:265,0
DA:267,0
DA:271,0
DA:272,0
DA:281,0
DA:283,0
DA:286,0
DA:287,0
DA:293,10
DA:294,0
DA:295,0
DA:296,0
DA:298,0
DA:299,0
DA:304,10
DA:307,10
DA:308,10
DA:311,10
DA:312,10
DA:313,10
DA:317,10
DA:320,10
DA:333,0
DA:334,0
DA:338,0
DA:341,0
DA:344,0
DA:350,0
DA:357,0
DA:364,10
DA:377,8
DA:380,0
DA:383,0
DA:386,0
DA:392,0
DA:404,10
DA:417,0
DA:420,0
DA:423,0
DA:426,0
DA:432,0
DA:442,10
DA:472,1
DA:473,3
LF:168
LH:79
BRDA:64,0,0,4
BRDA:64,0,1,0
BRDA:99,1,0,0
BRDA:99,1,1,0
BRDA:99,2,0,0
BRDA:99,2,1,0
BRDA:172,3,0,0
BRDA:172,3,1,0
BRDA:180,4,0,0
BRDA:180,4,1,0
BRDA:227,5,0,0
BRDA:227,5,1,0
BRDA:255,6,0,0
BRDA:255,6,1,0
BRDA:271,7,0,0
BRDA:271,7,1,0
BRDA:271,8,0,0
BRDA:271,8,1,0
BRDA:333,9,0,0
BRDA:333,9,1,0
BRF:20
BRH:1
end_of_record
TN:
SF:src\views\player-portal-contact.js
FN:6,(anonymous_0)
FNF:1
FNH:0
FNDA:0,(anonymous_0)
DA:6,0
DA:7,0
LF:2
LH:0
BRF:0
BRH:0
end_of_record
TN:
SF:src\views\player-portal-profile.js
FN:11,putUserDetails
FN:21,checkIfDetailsValid
FN:51,update
FN:60,(anonymous_3)
FN:101,(anonymous_4)
FN:113,(anonymous_5)
FN:127,(anonymous_6)
FN:133,(anonymous_7)
FN:220,(anonymous_8)
FN:225,(anonymous_9)
FN:230,(anonymous_10)
FN:235,(anonymous_11)
FN:240,(anonymous_12)
FN:245,(anonymous_13)
FN:262,(anonymous_14)
FNF:15
FNH:8
FNDA:4,putUserDetails
FNDA:7,checkIfDetailsValid
FNDA:2,update
FNDA:2,(anonymous_3)
FNDA:19,(anonymous_4)
FNDA:0,(anonymous_5)
FNDA:7,(anonymous_6)
FNDA:7,(anonymous_7)
FNDA:5,(anonymous_8)
FNDA:0,(anonymous_9)
FNDA:0,(anonymous_10)
FNDA:0,(anonymous_11)
FNDA:0,(anonymous_12)
FNDA:0,(anonymous_13)
FNDA:0,(anonymous_14)
DA:12,4
DA:22,7
DA:23,7
DA:26,7
DA:27,1
DA:28,1
DA:29,6
DA:30,1
DA:31,1
DA:35,5
DA:37,5
DA:38,1
DA:39,1
DA:42,4
DA:43,2
DA:44,2
DA:47,2
DA:60,2
DA:61,2
DA:63,2
DA:69,1
DA:70,1
DA:71,1
DA:74,1
DA:80,0
DA:81,0
DA:82,0
DA:83,0
DA:84,0
DA:87,1
DA:91,0
DA:94,0
DA:95,0
DA:101,1
DA:103,19
DA:104,19
DA:105,19
DA:106,19
DA:107,19
DA:108,19
DA:109,19
DA:110,19
DA:111,19
DA:113,19
DA:114,0
DA:115,0
DA:127,19
DA:128,7
DA:129,7
DA:133,19
DA:134,7
DA:137,19
DA:220,5
DA:225,0
DA:230,0
DA:235,0
DA:240,0
DA:247,0
DA:264,0
DA:265,0
LF:60
LH:43
BRDA:26,0,0,1
BRDA:26,0,1,6
BRDA:26,1,0,7
BRDA:26,1,1,6
BRDA:29,2,0,1
BRDA:29,2,1,5
BRDA:35,3,0,5
BRDA:35,3,1,0
BRDA:35,4,0,5
BRDA:35,4,1,0
BRDA:35,4,2,0
BRDA:37,5,0,1
BRDA:37,5,1,4
BRDA:42,6,0,2
BRDA:42,6,1,2
BRDA:42,7,0,4
BRDA:42,7,1,3
BRDA:61,8,0,2
BRDA:61,8,1,0
BRDA:63,9,0,1
BRDA:63,9,1,1
BRDA:64,10,0,2
BRDA:64,10,1,2
BRDA:64,10,2,1
BRDA:64,10,3,1
BRDA:74,11,0,0
BRDA:74,11,1,1
BRDA:75,12,0,1
BRDA:75,12,1,1
BRDA:75,12,2,1
BRDA:75,12,3,1
BRDA:87,13,0,0
BRDA:87,13,1,1
BRDA:88,14,0,1
BRDA:88,14,1,0
BRDA:94,15,0,0
BRDA:94,15,1,0
BRF:37
BRH:28
end_of_record
TN:
SF:src\views\player-portal-team.js
FN:17,(anonymous_0)
FN:32,joinTeam
FN:42,checkIfFull
FN:44,(anonymous_3)
FN:59,checkIfValidTeam
FN:64,(anonymous_5)
FN:70,(anonymous_6)
FN:72,(anonymous_7)
FN:75,(anonymous_8)
FN:97,(anonymous_9)
FN:104,(anonymous_10)
FN:109,numTestCases
FN:112,(anonymous_12)
FN:118,createJsonArray
FN:138,(anonymous_14)
FN:152,(anonymous_15)
FN:185,(anonymous_16)
FN:188,(anonymous_17)
FN:195,(anonymous_18)
FN:198,(anonymous_19)
FN:217,(anonymous_20)
FN:227,(anonymous_21)
FN:230,(anonymous_22)
FN:242,(anonymous_23)
FNF:24
FNH:0
FNDA:0,(anonymous_0)
FNDA:0,joinTeam
FNDA:0,checkIfFull
FNDA:0,(anonymous_3)
FNDA:0,checkIfValidTeam
FNDA:0,(anonymous_5)
FNDA:0,(anonymous_6)
FNDA:0,(anonymous_7)
FNDA:0,(anonymous_8)
FNDA:0,(anonymous_9)
FNDA:0,(anonymous_10)
FNDA:0,numTestCases
FNDA:0,(anonymous_12)
FNDA:0,createJsonArray
FNDA:0,(anonymous_14)
FNDA:0,(anonymous_15)
FNDA:0,(anonymous_16)
FNDA:0,(anonymous_17)
FNDA:0,(anonymous_18)
FNDA:0,(anonymous_19)
FNDA:0,(anonymous_20)
FNDA:0,(anonymous_21)
FNDA:0,(anonymous_22)
FNDA:0,(anonymous_23)
DA:11,1
DA:12,1
DA:13,1
DA:14,1
DA:17,1
DA:18,0
DA:19,0
DA:20,0
DA:21,0
DA:22,0
DA:23,0
DA:33,0
DA:39,0
DA:43,0
DA:45,0
DA:47,0
DA:48,0
DA:52,0
DA:53,0
DA:60,0
DA:65,0
DA:70,1
DA:72,0
DA:74,0
DA:76,0
DA:78,0
DA:79,0
DA:82,0
DA:90,0
DA:91,0
DA:92,0
DA:93,0
DA:94,0
DA:97,0
DA:98,0
DA:99,0
DA:100,0
DA:101,0
DA:104,0
DA:105,0
DA:110,0
DA:113,0
DA:119,0
DA:121,0
DA:122,0
DA:123,0
DA:126,0
DA:127,0
DA:138,0
DA:139,0
DA:142,0
DA:143,0
DA:145,0
DA:150,0
DA:152,0
DA:153,0
DA:154,0
DA:158,0
DA:165,0
DA:171,0
DA:177,0
DA:186,0
DA:187,0
DA:188,0
DA:189,0
DA:195,0
DA:196,0
DA:199,0
DA:201,0
DA:203,0
DA:206,0
DA:217,0
DA:218,0
DA:220,0
DA:221,0
DA:223,0
DA:227,0
DA:228,0
DA:231,0
DA:233,0
DA:234,0
DA:237,0
DA:238,0
DA:239,0
DA:242,0
DA:244,0
DA:251,0
LF:87
LH:6
BRDA:47,0,0,0
BRDA:47,0,1,0
BRDA:78,1,0,0
BRDA:78,1,1,0
BRDA:142,2,0,0
BRDA:142,2,1,0
BRDA:186,3,0,0
BRDA:186,3,1,0
BRDA:201,4,0,0
BRDA:201,4,1,0
BRDA:220,5,0,0
BRDA:220,5,1,0
BRDA:233,6,0,0
BRDA:233,6,1,0
BRF:14
BRH:0
end_of_record
TN:
SF:src\views\register.js
FN:22,sendEmail
FN:30,(anonymous_1)
FN:33,(anonymous_2)
FN:38,hashPassword
FN:43,postUserDetails
FN:53,checkIfUserExists
FN:68,validateInput
FN:99,(anonymous_7)
FN:122,(anonymous_8)
FN:135,(anonymous_9)
FN:141,(anonymous_10)
FN:145,(anonymous_11)
FN:149,handleClickToSendEmail
FN:155,(anonymous_13)
FN:169,(anonymous_14)
FN:185,(anonymous_15)
FN:232,(anonymous_16)
FN:239,(anonymous_17)
FN:246,(anonymous_18)
FN:253,(anonymous_19)
FN:260,(anonymous_20)
FN:271,(anonymous_21)
FN:336,(anonymous_22)
FN:347,(anonymous_23)
FNF:24
FNH:7
FNDA:0,sendEmail
FNDA:0,(anonymous_1)
FNDA:0,(anonymous_2)
FNDA:1,hashPassword
FNDA:2,postUserDetails
FNDA:2,checkIfUserExists
FNDA:5,validateInput
FNDA:1,(anonymous_7)
FNDA:1,(anonymous_8)
FNDA:1,(anonymous_9)
FNDA:0,(anonymous_10)
FNDA:0,(anonymous_11)
FNDA:0,handleClickToSendEmail
FNDA:0,(anonymous_13)
FNDA:0,(anonymous_14)
FNDA:0,(anonymous_15)
FNDA:0,(anonymous_16)
FNDA:0,(anonymous_17)
FNDA:0,(anonymous_18)
FNDA:0,(anonymous_19)
FNDA:0,(anonymous_20)
FNDA:0,(anonymous_21)
FNDA:0,(anonymous_22)
FNDA:0,(anonymous_23)
DA:19,1
DA:23,0
DA:24,0
DA:25,0
DA:31,0
DA:34,0
DA:39,1
DA:40,1
DA:44,2
DA:54,2
DA:57,2
DA:59,2
DA:60,1
DA:61,1
DA:63,1
DA:64,1
DA:76,5
DA:77,5
DA:79,5
DA:86,1
DA:87,1
DA:88,4
DA:89,1
DA:90,1
DA:91,3
DA:92,2
DA:93,2
DA:95,1
DA:99,1
DA:108,1
DA:117,1
DA:118,0
DA:122,1
DA:123,1
DA:124,1
DA:125,1
DA:126,1
DA:127,1
DA:128,1
DA:130,1
DA:131,1
DA:132,1
DA:135,1
DA:136,1
DA:137,0
DA:141,1
DA:142,0
DA:145,1
DA:146,0
DA:150,0
DA:151,0
DA:155,1
DA:156,0
DA:157,0
DA:169,1
DA:170,0
DA:172,0
DA:174,0
DA:175,0
DA:177,0
DA:185,0
DA:187,0
DA:191,0
DA:192,0
DA:195,0
DA:196,0
DA:198,0
DA:208,1
DA:232,0
DA:239,0
DA:246,0
DA:253,0
DA:260,0
DA:273,0
DA:336,0
DA:347,0
LF:76
LH:43
BRDA:59,0,0,1
BRDA:59,0,1,1
BRDA:79,1,0,1
BRDA:79,1,1,4
BRDA:80,2,0,5
BRDA:80,2,1,4
BRDA:80,2,2,4
BRDA:80,2,3,4
BRDA:80,2,4,4
BRDA:88,3,0,1
BRDA:88,3,1,3
BRDA:91,4,0,2
BRDA:91,4,1,1
BRDA:117,5,0,0
BRDA:117,5,1,1
BRDA:136,6,0,0
BRDA:136,6,1,1
BRDA:172,7,0,0
BRDA:172,7,1,0
BRDA:354,8,0,1
BRDA:354,8,1,0
BRF:21
BRH:16
end_of_record
TN:
SF:src\views\teams.js
FN:21,(anonymous_0)
FN:30,(anonymous_1)
FN:40,(anonymous_2)
FN:42,(anonymous_3)
FN:77,(anonymous_4)
FN:101,(anonymous_5)
FN:111,(anonymous_6)
FN:262,(anonymous_7)
FN:271,(anonymous_8)
FNF:9
FNH:0
FNDA:0,(anonymous_0)
FNDA:0,(anonymous_1)
FNDA:0,(anonymous_2)
FNDA:0,(anonymous_3)
FNDA:0,(anonymous_4)
FNDA:0,(anonymous_5)
FNDA:0,(anonymous_6)
FNDA:0,(anonymous_7)
FNDA:0,(anonymous_8)
DA:10,0
DA:11,0
DA:12,0
DA:13,0
DA:14,0
DA:15,0
DA:16,0
DA:17,0
DA:18,0
DA:21,0
DA:22,0
DA:23,0
DA:24,0
DA:25,0
DA:26,0
DA:27,0
DA:30,0
DA:31,0
DA:32,0
DA:33,0
DA:34,0
DA:35,0
DA:36,0
DA:40,0
DA:42,0
DA:43,0
DA:45,0
DA:46,0
DA:47,0
DA:48,0
DA:64,0
DA:65,0
DA:66,0
DA:69,0
DA:75,0
DA:77,0
DA:78,0
DA:79,0
DA:80,0
DA:82,0
DA:85,0
DA:91,0
DA:93,0
DA:95,0
DA:98,0
DA:101,0
DA:102,0
DA:105,0
DA:106,0
DA:111,0
DA:112,0
DA:113,0
DA:115,0
DA:118,0
DA:119,0
DA:120,0
DA:121,0
DA:123,0
DA:125,0
DA:131,0
DA:132,0
DA:134,0
DA:171,0
DA:172,0
DA:173,0
DA:175,0
DA:177,0
DA:178,0
DA:180,0
DA:182,0
DA:183,0
DA:186,0
DA:263,0
DA:272,0
DA:273,0
LF:75
LH:0
BRDA:79,0,0,0
BRDA:79,0,1,0
BRDA:105,1,0,0
BRDA:105,1,1,0
BRDA:131,2,0,0
BRDA:131,2,1,0
BRDA:131,3,0,0
BRDA:131,3,1,0
BRDA:171,4,0,0
BRDA:171,4,1,0
BRDA:175,5,0,0
BRDA:175,5,1,0
BRDA:180,6,0,0
BRDA:180,6,1,0
BRDA:272,7,0,0
BRDA:272,7,1,0
BRF:16
BRH:0
end_of_record
